<?xml version="1.0" encoding="UTF-8"?>
<coverage generated="1561853141750" clover="3.2.0">
  <project timestamp="1561853141750" name="All files">
    <metrics statements="619" coveredstatements="417" conditionals="341" coveredconditionals="185" methods="192" coveredmethods="122" elements="1152" coveredelements="724" complexity="0" loc="619" ncloc="619" packages="8" files="37" classes="37"/>
    <package name="src">
      <metrics statements="65" coveredstatements="23" conditionals="42" coveredconditionals="8" methods="29" coveredmethods="11"/>
      <file name="App.js" path="/Users/sarahschneider/Documents/_Sarah/projects/code/_seiu503/member-app-2019/client/src/App.js">
        <metrics statements="25" coveredstatements="23" conditionals="10" coveredconditionals="8" methods="14" coveredmethods="11"/>
        <line num="24" count="1" type="stmt"/>
        <line num="104" count="10" type="stmt"/>
        <line num="105" count="10" type="stmt"/>
        <line num="106" count="10" type="stmt"/>
        <line num="116" count="7" type="cond" truecount="1" falsecount="1"/>
        <line num="117" count="7" type="stmt"/>
        <line num="118" count="7" type="stmt"/>
        <line num="119" count="7" type="cond" truecount="6" falsecount="0"/>
        <line num="120" count="2" type="stmt"/>
        <line num="121" count="2" type="stmt"/>
        <line num="122" count="1" type="cond" truecount="1" falsecount="1"/>
        <line num="123" count="1" type="stmt"/>
        <line num="131" count="13" type="stmt"/>
        <line num="132" count="13" type="stmt"/>
        <line num="143" count="3" type="stmt"/>
        <line num="151" count="2" type="stmt"/>
        <line num="156" count="0" type="stmt"/>
        <line num="165" count="1" type="stmt"/>
        <line num="171" count="2" type="stmt"/>
        <line num="181" count="0" type="stmt"/>
        <line num="187" count="1" type="stmt"/>
        <line num="198" count="1" type="stmt"/>
        <line num="234" count="13" type="stmt"/>
        <line num="240" count="7" type="stmt"/>
        <line num="246" count="1" type="stmt"/>
      </file>
      <file name="index.js" path="/Users/sarahschneider/Documents/_Sarah/projects/code/_seiu503/member-app-2019/client/src/index.js">
        <metrics statements="2" coveredstatements="0" conditionals="0" coveredconditionals="0" methods="0" coveredmethods="0"/>
        <line num="13" count="0" type="stmt"/>
        <line num="25" count="0" type="stmt"/>
      </file>
      <file name="serviceWorker.js" path="/Users/sarahschneider/Documents/_Sarah/projects/code/_seiu503/member-app-2019/client/src/serviceWorker.js">
        <metrics statements="38" coveredstatements="0" conditionals="32" coveredconditionals="0" methods="15" coveredmethods="0"/>
        <line num="13" count="0" type="stmt"/>
        <line num="24" count="0" type="cond" truecount="0" falsecount="4"/>
        <line num="26" count="0" type="stmt"/>
        <line num="27" count="0" type="cond" truecount="0" falsecount="2"/>
        <line num="31" count="0" type="stmt"/>
        <line num="34" count="0" type="stmt"/>
        <line num="35" count="0" type="stmt"/>
        <line num="37" count="0" type="cond" truecount="0" falsecount="2"/>
        <line num="39" count="0" type="stmt"/>
        <line num="43" count="0" type="stmt"/>
        <line num="44" count="0" type="stmt"/>
        <line num="51" count="0" type="stmt"/>
        <line num="58" count="0" type="stmt"/>
        <line num="61" count="0" type="stmt"/>
        <line num="62" count="0" type="stmt"/>
        <line num="63" count="0" type="cond" truecount="0" falsecount="2"/>
        <line num="64" count="0" type="stmt"/>
        <line num="66" count="0" type="stmt"/>
        <line num="67" count="0" type="cond" truecount="0" falsecount="2"/>
        <line num="68" count="0" type="cond" truecount="0" falsecount="2"/>
        <line num="72" count="0" type="stmt"/>
        <line num="78" count="0" type="cond" truecount="0" falsecount="4"/>
        <line num="79" count="0" type="stmt"/>
        <line num="85" count="0" type="stmt"/>
        <line num="88" count="0" type="cond" truecount="0" falsecount="4"/>
        <line num="89" count="0" type="stmt"/>
        <line num="97" count="0" type="stmt"/>
        <line num="103" count="0" type="stmt"/>
        <line num="106" count="0" type="stmt"/>
        <line num="107" count="0" type="cond" truecount="0" falsecount="2"/>
        <line num="112" count="0" type="stmt"/>
        <line num="113" count="0" type="stmt"/>
        <line num="114" count="0" type="stmt"/>
        <line num="119" count="0" type="stmt"/>
        <line num="123" count="0" type="stmt"/>
        <line num="130" count="0" type="cond" truecount="0" falsecount="2"/>
        <line num="131" count="0" type="stmt"/>
        <line num="132" count="0" type="stmt"/>
      </file>
    </package>
    <package name="src.components">
      <metrics statements="108" coveredstatements="105" conditionals="49" coveredconditionals="38" methods="35" coveredmethods="33"/>
      <file name="AlertDialog.jsx" path="/Users/sarahschneider/Documents/_Sarah/projects/code/_seiu503/member-app-2019/client/src/components/AlertDialog.jsx">
        <metrics statements="4" coveredstatements="4" conditionals="6" coveredconditionals="6" methods="2" coveredmethods="2"/>
        <line num="11" count="3" type="stmt"/>
        <line num="28" count="3" type="stmt"/>
        <line num="29" count="11" type="stmt"/>
        <line num="78" count="3" type="stmt"/>
      </file>
      <file name="ButtonWithSpinner.jsx" path="/Users/sarahschneider/Documents/_Sarah/projects/code/_seiu503/member-app-2019/client/src/components/ButtonWithSpinner.jsx">
        <metrics statements="4" coveredstatements="4" conditionals="2" coveredconditionals="2" methods="1" coveredmethods="1"/>
        <line num="12" count="5" type="stmt"/>
        <line num="13" count="9" type="stmt"/>
        <line num="14" count="9" type="stmt"/>
        <line num="22" count="5" type="stmt"/>
      </file>
      <file name="ContentTile.jsx" path="/Users/sarahschneider/Documents/_Sarah/projects/code/_seiu503/member-app-2019/client/src/components/ContentTile.jsx">
        <metrics statements="7" coveredstatements="7" conditionals="4" coveredconditionals="4" methods="2" coveredmethods="2"/>
        <line num="7" count="3" type="stmt"/>
        <line num="95" count="3" type="stmt"/>
        <line num="96" count="6" type="stmt"/>
        <line num="97" count="6" type="stmt"/>
        <line num="98" count="6" type="stmt"/>
        <line num="100" count="6" type="stmt"/>
        <line num="123" count="3" type="stmt"/>
      </file>
      <file name="CustomSnackbarContent.jsx" path="/Users/sarahschneider/Documents/_Sarah/projects/code/_seiu503/member-app-2019/client/src/components/CustomSnackbarContent.jsx">
        <metrics statements="8" coveredstatements="8" conditionals="0" coveredconditionals="0" methods="2" coveredmethods="2"/>
        <line num="16" count="8" type="stmt"/>
        <line num="23" count="8" type="stmt"/>
        <line num="52" count="8" type="stmt"/>
        <line num="61" count="19" type="stmt"/>
        <line num="62" count="19" type="stmt"/>
        <line num="67" count="19" type="stmt"/>
        <line num="103" count="8" type="stmt"/>
        <line num="110" count="8" type="stmt"/>
      </file>
      <file name="Footer.jsx" path="/Users/sarahschneider/Documents/_Sarah/projects/code/_seiu503/member-app-2019/client/src/components/Footer.jsx">
        <metrics statements="3" coveredstatements="3" conditionals="0" coveredconditionals="0" methods="1" coveredmethods="1"/>
        <line num="4" count="2" type="stmt"/>
        <line num="5" count="10" type="stmt"/>
        <line num="10" count="2" type="stmt"/>
      </file>
      <file name="NotFound.jsx" path="/Users/sarahschneider/Documents/_Sarah/projects/code/_seiu503/member-app-2019/client/src/components/NotFound.jsx">
        <metrics statements="3" coveredstatements="3" conditionals="0" coveredconditionals="0" methods="1" coveredmethods="1"/>
        <line num="4" count="2" type="stmt"/>
        <line num="5" count="2" type="stmt"/>
        <line num="12" count="2" type="stmt"/>
      </file>
      <file name="ScrollToTop.jsx" path="/Users/sarahschneider/Documents/_Sarah/projects/code/_seiu503/member-app-2019/client/src/components/ScrollToTop.jsx">
        <metrics statements="3" coveredstatements="3" conditionals="4" coveredconditionals="4" methods="2" coveredmethods="2"/>
        <line num="6" count="2" type="cond" truecount="2" falsecount="0"/>
        <line num="10" count="1" type="stmt"/>
        <line num="15" count="5" type="stmt"/>
      </file>
      <file name="Spinner.jsx" path="/Users/sarahschneider/Documents/_Sarah/projects/code/_seiu503/member-app-2019/client/src/components/Spinner.jsx">
        <metrics statements="4" coveredstatements="4" conditionals="0" coveredconditionals="0" methods="1" coveredmethods="1"/>
        <line num="4" count="3" type="stmt"/>
        <line num="15" count="3" type="stmt"/>
        <line num="20" count="3" type="stmt"/>
        <line num="21" count="2" type="stmt"/>
      </file>
      <file name="SpinnerAdornment.jsx" path="/Users/sarahschneider/Documents/_Sarah/projects/code/_seiu503/member-app-2019/client/src/components/SpinnerAdornment.jsx">
        <metrics statements="10" coveredstatements="10" conditionals="4" coveredconditionals="4" methods="7" coveredmethods="6"/>
        <line num="7" count="6" type="stmt"/>
        <line num="8" count="1" type="stmt"/>
        <line num="9" count="1" type="stmt"/>
        <line num="12" count="6" type="stmt"/>
        <line num="14" count="2" type="cond" truecount="4" falsecount="0"/>
        <line num="17" count="2" type="stmt"/>
        <line num="18" count="2" type="stmt"/>
        <line num="26" count="6" type="stmt"/>
        <line num="27" count="1" type="stmt"/>
        <line num="34" count="6" type="stmt"/>
      </file>
      <file name="SubmissionFormComponent.jsx" path="/Users/sarahschneider/Documents/_Sarah/projects/code/_seiu503/member-app-2019/client/src/components/SubmissionFormComponent.jsx">
        <metrics statements="23" coveredstatements="22" conditionals="6" coveredconditionals="6" methods="5" coveredmethods="4"/>
        <line num="18" count="3" type="stmt"/>
        <line num="19" count="3" type="stmt"/>
        <line num="20" count="3" type="stmt"/>
        <line num="21" count="3" type="stmt"/>
        <line num="22" count="3" type="stmt"/>
        <line num="25" count="10" type="stmt"/>
        <line num="27" count="10" type="stmt"/>
        <line num="28" count="10" type="stmt"/>
        <line num="32" count="10" type="stmt"/>
        <line num="33" count="10" type="stmt"/>
        <line num="34" count="10" type="stmt"/>
        <line num="36" count="10" type="stmt"/>
        <line num="54" count="2" type="stmt"/>
        <line num="55" count="2" type="stmt"/>
        <line num="57" count="2" type="stmt"/>
        <line num="85" count="2" type="stmt"/>
        <line num="88" count="2" type="cond" truecount="2" falsecount="0"/>
        <line num="92" count="1" type="stmt"/>
        <line num="98" count="1" type="stmt"/>
        <line num="99" count="1" type="stmt"/>
        <line num="102" count="0" type="stmt"/>
        <line num="105" count="13" type="stmt"/>
        <line num="340" count="3" type="stmt"/>
      </file>
      <file name="SubmissionFormElements.jsx" path="/Users/sarahschneider/Documents/_Sarah/projects/code/_seiu503/member-app-2019/client/src/components/SubmissionFormElements.jsx">
        <metrics statements="33" coveredstatements="31" conditionals="23" coveredconditionals="12" methods="8" coveredmethods="8"/>
        <line num="14" count="3" type="stmt"/>
        <line num="66" count="3" type="stmt"/>
        <line num="81" count="3" type="stmt"/>
        <line num="84" count="3" type="stmt"/>
        <line num="85" count="13" type="cond" truecount="1" falsecount="5"/>
        <line num="87" count="0" type="stmt"/>
        <line num="92" count="0" type="stmt"/>
        <line num="94" count="13" type="stmt"/>
        <line num="98" count="3" type="stmt"/>
        <line num="99" count="13" type="stmt"/>
        <line num="100" count="13" type="stmt"/>
        <line num="101" count="13" type="stmt"/>
        <line num="102" count="13" type="stmt"/>
        <line num="103" count="403" type="cond" truecount="2" falsecount="0"/>
        <line num="104" count="117" type="stmt"/>
        <line num="106" count="286" type="stmt"/>
        <line num="109" count="13" type="stmt"/>
        <line num="110" count="13" type="stmt"/>
        <line num="113" count="3" type="stmt"/>
        <line num="114" count="13" type="stmt"/>
        <line num="115" count="13" type="stmt"/>
        <line num="116" count="13" type="stmt"/>
        <line num="120" count="1443" type="stmt"/>
        <line num="122" count="13" type="stmt"/>
        <line num="123" count="13" type="stmt"/>
        <line num="127" count="3" type="stmt"/>
        <line num="192" count="3" type="stmt"/>
        <line num="200" count="27" type="stmt"/>
        <line num="212" count="3" type="stmt"/>
        <line num="222" count="21" type="stmt"/>
        <line num="236" count="789" type="stmt"/>
        <line num="245" count="3" type="stmt"/>
        <line num="253" count="6" type="cond" truecount="1" falsecount="1"/>
      </file>
      <file name="WelcomeInfo.jsx" path="/Users/sarahschneider/Documents/_Sarah/projects/code/_seiu503/member-app-2019/client/src/components/WelcomeInfo.jsx">
        <metrics statements="6" coveredstatements="6" conditionals="0" coveredconditionals="0" methods="3" coveredmethods="3"/>
        <line num="11" count="3" type="stmt"/>
        <line num="32" count="3" type="stmt"/>
        <line num="34" count="3" type="stmt"/>
        <line num="35" count="3" type="stmt"/>
        <line num="39" count="6" type="stmt"/>
        <line num="87" count="3" type="stmt"/>
      </file>
    </package>
    <package name="src.containers">
      <metrics statements="195" coveredstatements="183" conditionals="120" coveredconditionals="103" methods="70" coveredmethods="61"/>
      <file name="ContentLibrary.jsx" path="/Users/sarahschneider/Documents/_Sarah/projects/code/_seiu503/member-app-2019/client/src/containers/ContentLibrary.jsx">
        <metrics statements="33" coveredstatements="31" conditionals="25" coveredconditionals="21" methods="14" coveredmethods="10"/>
        <line num="20" count="2" type="stmt"/>
        <line num="100" count="1" type="stmt"/>
        <line num="102" count="1" type="stmt"/>
        <line num="108" count="2" type="cond" truecount="1" falsecount="1"/>
        <line num="113" count="2" type="stmt"/>
        <line num="121" count="14" type="stmt"/>
        <line num="122" count="1" type="cond" truecount="3" falsecount="1"/>
        <line num="123" count="1" type="stmt"/>
        <line num="128" count="4" type="stmt"/>
        <line num="129" count="4" type="stmt"/>
        <line num="133" count="4" type="cond" truecount="2" falsecount="0"/>
        <line num="137" count="1" type="stmt"/>
        <line num="138" count="3" type="cond" truecount="2" falsecount="0"/>
        <line num="142" count="2" type="stmt"/>
        <line num="143" count="2" type="stmt"/>
        <line num="144" count="2" type="stmt"/>
        <line num="148" count="2" type="cond" truecount="2" falsecount="0"/>
        <line num="149" count="1" type="stmt"/>
        <line num="150" count="1" type="stmt"/>
        <line num="152" count="1" type="cond" truecount="1" falsecount="1"/>
        <line num="153" count="1" type="stmt"/>
        <line num="154" count="1" type="stmt"/>
        <line num="159" count="27" type="stmt"/>
        <line num="161" count="27" type="stmt"/>
        <line num="162" count="27" type="stmt"/>
        <line num="173" count="0" type="stmt"/>
        <line num="174" count="0" type="stmt"/>
        <line num="193" count="54" type="stmt"/>
        <line num="198" count="1" type="stmt"/>
        <line num="208" count="1" type="stmt"/>
        <line num="228" count="2" type="stmt"/>
        <line num="267" count="2" type="stmt"/>
        <line num="273" count="2" type="stmt"/>
      </file>
      <file name="Dashboard.jsx" path="/Users/sarahschneider/Documents/_Sarah/projects/code/_seiu503/member-app-2019/client/src/containers/Dashboard.jsx">
        <metrics statements="32" coveredstatements="27" conditionals="15" coveredconditionals="13" methods="7" coveredmethods="6"/>
        <line num="21" count="2" type="stmt"/>
        <line num="62" count="11" type="cond" truecount="4" falsecount="0"/>
        <line num="63" count="9" type="stmt"/>
        <line num="64" count="9" type="stmt"/>
        <line num="67" count="9" type="stmt"/>
        <line num="68" count="9" type="stmt"/>
        <line num="69" count="9" type="stmt"/>
        <line num="70" count="9" type="stmt"/>
        <line num="72" count="9" type="stmt"/>
        <line num="80" count="2" type="stmt"/>
        <line num="83" count="2" type="cond" truecount="2" falsecount="0"/>
        <line num="84" count="1" type="stmt"/>
        <line num="86" count="1" type="stmt"/>
        <line num="90" count="11" type="stmt"/>
        <line num="93" count="6" type="cond" truecount="1" falsecount="1"/>
        <line num="94" count="6" type="stmt"/>
        <line num="96" count="6" type="stmt"/>
        <line num="97" count="6" type="cond" truecount="1" falsecount="1"/>
        <line num="100" count="0" type="stmt"/>
        <line num="101" count="0" type="stmt"/>
        <line num="104" count="0" type="stmt"/>
        <line num="105" count="0" type="stmt"/>
        <line num="109" count="0" type="stmt"/>
        <line num="114" count="15" type="stmt"/>
        <line num="115" count="15" type="stmt"/>
        <line num="116" count="15" type="stmt"/>
        <line num="117" count="15" type="stmt"/>
        <line num="118" count="15" type="stmt"/>
        <line num="145" count="2" type="stmt"/>
        <line num="177" count="11" type="stmt"/>
        <line num="182" count="5" type="stmt"/>
        <line num="187" count="2" type="stmt"/>
      </file>
      <file name="Logout.jsx" path="/Users/sarahschneider/Documents/_Sarah/projects/code/_seiu503/member-app-2019/client/src/containers/Logout.jsx">
        <metrics statements="7" coveredstatements="7" conditionals="0" coveredconditionals="0" methods="4" coveredmethods="4"/>
        <line num="11" count="3" type="stmt"/>
        <line num="12" count="3" type="stmt"/>
        <line num="13" count="3" type="stmt"/>
        <line num="14" count="2" type="stmt"/>
        <line num="19" count="9" type="stmt"/>
        <line num="36" count="2" type="stmt"/>
        <line num="43" count="2" type="stmt"/>
      </file>
      <file name="NavBar.jsx" path="/Users/sarahschneider/Documents/_Sarah/projects/code/_seiu503/member-app-2019/client/src/containers/NavBar.jsx">
        <metrics statements="31" coveredstatements="31" conditionals="4" coveredconditionals="4" methods="14" coveredmethods="14"/>
        <line num="21" count="2" type="stmt"/>
        <line num="133" count="24" type="stmt"/>
        <line num="135" count="24" type="stmt"/>
        <line num="139" count="24" type="stmt"/>
        <line num="140" count="24" type="stmt"/>
        <line num="144" count="1" type="stmt"/>
        <line num="145" count="1" type="stmt"/>
        <line num="149" count="2" type="stmt"/>
        <line num="150" count="2" type="stmt"/>
        <line num="154" count="33" type="stmt"/>
        <line num="155" count="33" type="stmt"/>
        <line num="156" count="33" type="stmt"/>
        <line num="157" count="33" type="stmt"/>
        <line num="158" count="33" type="stmt"/>
        <line num="159" count="33" type="stmt"/>
        <line num="160" count="4" type="stmt"/>
        <line num="161" count="4" type="stmt"/>
        <line num="167" count="2" type="stmt"/>
        <line num="168" count="2" type="stmt"/>
        <line num="183" count="33" type="stmt"/>
        <line num="185" count="33" type="stmt"/>
        <line num="199" count="33" type="stmt"/>
        <line num="201" count="99" type="stmt"/>
        <line num="210" count="33" type="stmt"/>
        <line num="212" count="33" type="stmt"/>
        <line num="217" count="1" type="stmt"/>
        <line num="227" count="33" type="stmt"/>
        <line num="235" count="1" type="stmt"/>
        <line num="264" count="1" type="stmt"/>
        <line num="301" count="2" type="stmt"/>
        <line num="320" count="13" type="stmt"/>
      </file>
      <file name="Notifier.jsx" path="/Users/sarahschneider/Documents/_Sarah/projects/code/_seiu503/member-app-2019/client/src/containers/Notifier.jsx">
        <metrics statements="14" coveredstatements="14" conditionals="10" coveredconditionals="10" methods="6" coveredmethods="5"/>
        <line num="10" count="15" type="stmt"/>
        <line num="18" count="16" type="stmt"/>
        <line num="21" count="15" type="stmt"/>
        <line num="22" count="2" type="stmt"/>
        <line num="30" count="15" type="stmt"/>
        <line num="31" count="1" type="stmt"/>
        <line num="41" count="23" type="stmt"/>
        <line num="48" count="23" type="stmt"/>
        <line num="80" count="7" type="stmt"/>
        <line num="88" count="7" type="cond" truecount="2" falsecount="0"/>
        <line num="92" count="1" type="stmt"/>
        <line num="93" count="6" type="cond" truecount="2" falsecount="0"/>
        <line num="99" count="2" type="stmt"/>
        <line num="102" count="4" type="stmt"/>
      </file>
      <file name="SubmissionForm.jsx" path="/Users/sarahschneider/Documents/_Sarah/projects/code/_seiu503/member-app-2019/client/src/containers/SubmissionForm.jsx">
        <metrics statements="3" coveredstatements="3" conditionals="2" coveredconditionals="2" methods="2" coveredmethods="2"/>
        <line num="12" count="2" type="stmt"/>
        <line num="18" count="10" type="stmt"/>
        <line num="30" count="3" type="stmt"/>
      </file>
      <file name="TextInputForm.jsx" path="/Users/sarahschneider/Documents/_Sarah/projects/code/_seiu503/member-app-2019/client/src/containers/TextInputForm.jsx">
        <metrics statements="75" coveredstatements="70" conditionals="64" coveredconditionals="53" methods="23" coveredmethods="20"/>
        <line num="22" count="2" type="stmt"/>
        <line num="63" count="21" type="stmt"/>
        <line num="64" count="21" type="stmt"/>
        <line num="68" count="21" type="stmt"/>
        <line num="72" count="6" type="cond" truecount="4" falsecount="0"/>
        <line num="73" count="4" type="stmt"/>
        <line num="76" count="1" type="cond" truecount="1" falsecount="1"/>
        <line num="80" count="1" type="stmt"/>
        <line num="89" count="0" type="stmt"/>
        <line num="93" count="21" type="stmt"/>
        <line num="94" count="1" type="stmt"/>
        <line num="95" count="1" type="stmt"/>
        <line num="96" count="1" type="stmt"/>
        <line num="97" count="1" type="stmt"/>
        <line num="98" count="1" type="stmt"/>
        <line num="102" count="21" type="stmt"/>
        <line num="104" count="1" type="stmt"/>
        <line num="105" count="1" type="stmt"/>
        <line num="106" count="1" type="stmt"/>
        <line num="107" count="1" type="stmt"/>
        <line num="108" count="1" type="stmt"/>
        <line num="112" count="21" type="stmt"/>
        <line num="113" count="1" type="stmt"/>
        <line num="114" count="1" type="stmt"/>
        <line num="115" count="1" type="stmt"/>
        <line num="118" count="21" type="stmt"/>
        <line num="119" count="1" type="stmt"/>
        <line num="120" count="1" type="cond" truecount="1" falsecount="1"/>
        <line num="121" count="1" type="stmt"/>
        <line num="123" count="1" type="cond" truecount="1" falsecount="1"/>
        <line num="129" count="1" type="stmt"/>
        <line num="134" count="1" type="cond" truecount="1" falsecount="1"/>
        <line num="135" count="1" type="stmt"/>
        <line num="139" count="21" type="stmt"/>
        <line num="140" count="2" type="stmt"/>
        <line num="141" count="2" type="cond" truecount="1" falsecount="1"/>
        <line num="142" count="2" type="stmt"/>
        <line num="143" count="2" type="cond" truecount="1" falsecount="1"/>
        <line num="144" count="2" type="stmt"/>
        <line num="147" count="2" type="cond" truecount="2" falsecount="0"/>
        <line num="151" count="1" type="stmt"/>
        <line num="157" count="1" type="stmt"/>
        <line num="158" count="1" type="stmt"/>
        <line num="159" count="1" type="stmt"/>
        <line num="160" count="1" type="stmt"/>
        <line num="163" count="0" type="stmt"/>
        <line num="167" count="7" type="stmt"/>
        <line num="168" count="7" type="stmt"/>
        <line num="169" count="7" type="stmt"/>
        <line num="174" count="7" type="cond" truecount="2" falsecount="0"/>
        <line num="175" count="6" type="stmt"/>
        <line num="177" count="7" type="cond" truecount="2" falsecount="0"/>
        <line num="178" count="3" type="stmt"/>
        <line num="181" count="2" type="cond" truecount="2" falsecount="0"/>
        <line num="185" count="1" type="stmt"/>
        <line num="191" count="1" type="stmt"/>
        <line num="192" count="1" type="stmt"/>
        <line num="193" count="0" type="stmt"/>
        <line num="196" count="1" type="stmt"/>
        <line num="197" count="4" type="cond" truecount="2" falsecount="0"/>
        <line num="198" count="3" type="stmt"/>
        <line num="201" count="2" type="cond" truecount="2" falsecount="0"/>
        <line num="205" count="1" type="stmt"/>
        <line num="211" count="1" type="stmt"/>
        <line num="215" count="1" type="stmt"/>
        <line num="216" count="0" type="stmt"/>
        <line num="219" count="1" type="stmt"/>
        <line num="221" count="1" type="stmt"/>
        <line num="230" count="28" type="stmt"/>
        <line num="231" count="28" type="stmt"/>
        <line num="244" count="0" type="stmt"/>
        <line num="352" count="2" type="stmt"/>
        <line num="373" count="10" type="stmt"/>
        <line num="378" count="7" type="stmt"/>
        <line num="382" count="2" type="stmt"/>
      </file>
    </package>
    <package name="src.store">
      <metrics statements="5" coveredstatements="5" conditionals="2" coveredconditionals="1" methods="1" coveredmethods="1"/>
      <file name="store.js" path="/Users/sarahschneider/Documents/_Sarah/projects/code/_seiu503/member-app-2019/client/src/store/store.js">
        <metrics statements="5" coveredstatements="5" conditionals="2" coveredconditionals="1" methods="1" coveredmethods="1"/>
        <line num="5" count="15" type="stmt"/>
        <line num="8" count="15" type="stmt"/>
        <line num="9" count="15" type="stmt"/>
        <line num="13" count="15" type="stmt"/>
        <line num="19" count="15" type="stmt"/>
      </file>
    </package>
    <package name="src.store.actions">
      <metrics statements="154" coveredstatements="56" conditionals="52" coveredconditionals="2" methods="44" coveredmethods="7"/>
      <file name="apiConfig.js" path="/Users/sarahschneider/Documents/_Sarah/projects/code/_seiu503/member-app-2019/client/src/store/actions/apiConfig.js">
        <metrics statements="5" coveredstatements="5" conditionals="4" coveredconditionals="2" methods="0" coveredmethods="0"/>
        <line num="7" count="16" type="stmt"/>
        <line num="8" count="16" type="stmt"/>
        <line num="9" count="16" type="stmt"/>
        <line num="16" count="16" type="cond" truecount="1" falsecount="1"/>
        <line num="19" count="16" type="cond" truecount="1" falsecount="1"/>
      </file>
      <file name="apiContentActions.js" path="/Users/sarahschneider/Documents/_Sarah/projects/code/_seiu503/member-app-2019/client/src/store/actions/apiContentActions.js">
        <metrics statements="93" coveredstatements="30" conditionals="30" coveredconditionals="0" methods="27" coveredmethods="3"/>
        <line num="4" count="15" type="stmt"/>
        <line num="5" count="15" type="stmt"/>
        <line num="6" count="15" type="stmt"/>
        <line num="7" count="15" type="stmt"/>
        <line num="8" count="15" type="stmt"/>
        <line num="9" count="15" type="stmt"/>
        <line num="10" count="15" type="stmt"/>
        <line num="11" count="15" type="stmt"/>
        <line num="12" count="15" type="stmt"/>
        <line num="13" count="15" type="stmt"/>
        <line num="14" count="15" type="stmt"/>
        <line num="15" count="15" type="stmt"/>
        <line num="16" count="15" type="stmt"/>
        <line num="17" count="15" type="stmt"/>
        <line num="18" count="15" type="stmt"/>
        <line num="19" count="15" type="stmt"/>
        <line num="20" count="15" type="stmt"/>
        <line num="21" count="15" type="stmt"/>
        <line num="22" count="15" type="stmt"/>
        <line num="23" count="15" type="stmt"/>
        <line num="24" count="15" type="stmt"/>
        <line num="25" count="15" type="stmt"/>
        <line num="26" count="15" type="stmt"/>
        <line num="27" count="15" type="stmt"/>
        <line num="28" count="15" type="stmt"/>
        <line num="29" count="15" type="stmt"/>
        <line num="30" count="15" type="stmt"/>
        <line num="33" count="0" type="stmt"/>
        <line num="40" count="0" type="stmt"/>
        <line num="47" count="0" type="stmt"/>
        <line num="54" count="0" type="stmt"/>
        <line num="60" count="0" type="stmt"/>
        <line num="66" count="0" type="stmt"/>
        <line num="84" count="4" type="stmt"/>
        <line num="94" count="0" type="stmt"/>
        <line num="95" count="0" type="stmt"/>
        <line num="96" count="0" type="cond" truecount="0" falsecount="2"/>
        <line num="97" count="0" type="cond" truecount="0" falsecount="2"/>
        <line num="98" count="0" type="stmt"/>
        <line num="100" count="0" type="stmt"/>
        <line num="102" count="0" type="stmt"/>
        <line num="124" count="0" type="stmt"/>
        <line num="134" count="0" type="stmt"/>
        <line num="135" count="0" type="stmt"/>
        <line num="136" count="0" type="cond" truecount="0" falsecount="2"/>
        <line num="137" count="0" type="cond" truecount="0" falsecount="2"/>
        <line num="138" count="0" type="stmt"/>
        <line num="140" count="0" type="stmt"/>
        <line num="142" count="0" type="stmt"/>
        <line num="170" count="2" type="stmt"/>
        <line num="180" count="0" type="stmt"/>
        <line num="181" count="0" type="stmt"/>
        <line num="182" count="0" type="cond" truecount="0" falsecount="2"/>
        <line num="183" count="0" type="cond" truecount="0" falsecount="2"/>
        <line num="184" count="0" type="stmt"/>
        <line num="186" count="0" type="stmt"/>
        <line num="188" count="0" type="stmt"/>
        <line num="216" count="0" type="stmt"/>
        <line num="217" count="0" type="stmt"/>
        <line num="218" count="0" type="cond" truecount="0" falsecount="2"/>
        <line num="219" count="0" type="stmt"/>
        <line num="221" count="0" type="stmt"/>
        <line num="231" count="0" type="stmt"/>
        <line num="232" count="0" type="stmt"/>
        <line num="233" count="0" type="cond" truecount="0" falsecount="2"/>
        <line num="234" count="0" type="cond" truecount="0" falsecount="2"/>
        <line num="235" count="0" type="stmt"/>
        <line num="237" count="0" type="stmt"/>
        <line num="239" count="0" type="stmt"/>
        <line num="267" count="2" type="stmt"/>
        <line num="277" count="0" type="stmt"/>
        <line num="278" count="0" type="stmt"/>
        <line num="279" count="0" type="cond" truecount="0" falsecount="2"/>
        <line num="280" count="0" type="cond" truecount="0" falsecount="2"/>
        <line num="281" count="0" type="stmt"/>
        <line num="283" count="0" type="stmt"/>
        <line num="285" count="0" type="stmt"/>
        <line num="312" count="0" type="stmt"/>
        <line num="322" count="0" type="stmt"/>
        <line num="323" count="0" type="stmt"/>
        <line num="324" count="0" type="cond" truecount="0" falsecount="2"/>
        <line num="325" count="0" type="cond" truecount="0" falsecount="2"/>
        <line num="326" count="0" type="stmt"/>
        <line num="328" count="0" type="stmt"/>
        <line num="330" count="0" type="stmt"/>
        <line num="353" count="0" type="stmt"/>
        <line num="363" count="0" type="stmt"/>
        <line num="364" count="0" type="stmt"/>
        <line num="365" count="0" type="cond" truecount="0" falsecount="2"/>
        <line num="366" count="0" type="cond" truecount="0" falsecount="2"/>
        <line num="367" count="0" type="stmt"/>
        <line num="369" count="0" type="stmt"/>
        <line num="371" count="0" type="stmt"/>
      </file>
      <file name="apiProfileActions.js" path="/Users/sarahschneider/Documents/_Sarah/projects/code/_seiu503/member-app-2019/client/src/store/actions/apiProfileActions.js">
        <metrics statements="35" coveredstatements="11" conditionals="14" coveredconditionals="0" methods="9" coveredmethods="2"/>
        <line num="4" count="15" type="stmt"/>
        <line num="5" count="15" type="stmt"/>
        <line num="6" count="15" type="stmt"/>
        <line num="7" count="15" type="stmt"/>
        <line num="8" count="15" type="stmt"/>
        <line num="9" count="15" type="stmt"/>
        <line num="10" count="15" type="stmt"/>
        <line num="11" count="15" type="stmt"/>
        <line num="12" count="15" type="stmt"/>
        <line num="30" count="1" type="stmt"/>
        <line num="43" count="0" type="stmt"/>
        <line num="44" count="0" type="stmt"/>
        <line num="45" count="0" type="cond" truecount="0" falsecount="2"/>
        <line num="46" count="0" type="cond" truecount="0" falsecount="2"/>
        <line num="47" count="0" type="stmt"/>
        <line num="49" count="0" type="stmt"/>
        <line num="51" count="0" type="stmt"/>
        <line num="63" count="6" type="stmt"/>
        <line num="73" count="0" type="stmt"/>
        <line num="74" count="0" type="stmt"/>
        <line num="75" count="0" type="cond" truecount="0" falsecount="2"/>
        <line num="76" count="0" type="cond" truecount="0" falsecount="2"/>
        <line num="77" count="0" type="stmt"/>
        <line num="79" count="0" type="stmt"/>
        <line num="81" count="0" type="stmt"/>
        <line num="93" count="0" type="stmt"/>
        <line num="103" count="0" type="stmt"/>
        <line num="104" count="0" type="stmt"/>
        <line num="105" count="0" type="cond" truecount="0" falsecount="2"/>
        <line num="106" count="0" type="cond" truecount="0" falsecount="2"/>
        <line num="107" count="0" type="stmt"/>
        <line num="109" count="0" type="cond" truecount="0" falsecount="2"/>
        <line num="110" count="0" type="stmt"/>
        <line num="112" count="0" type="stmt"/>
        <line num="114" count="0" type="stmt"/>
      </file>
      <file name="apiSubmissionActions.js" path="/Users/sarahschneider/Documents/_Sarah/projects/code/_seiu503/member-app-2019/client/src/store/actions/apiSubmissionActions.js">
        <metrics statements="13" coveredstatements="4" conditionals="4" coveredconditionals="0" methods="4" coveredmethods="0"/>
        <line num="4" count="16" type="stmt"/>
        <line num="5" count="16" type="stmt"/>
        <line num="6" count="16" type="stmt"/>
        <line num="7" count="16" type="stmt"/>
        <line num="10" count="0" type="stmt"/>
        <line num="20" count="0" type="stmt"/>
        <line num="21" count="0" type="stmt"/>
        <line num="22" count="0" type="cond" truecount="0" falsecount="2"/>
        <line num="23" count="0" type="cond" truecount="0" falsecount="2"/>
        <line num="24" count="0" type="stmt"/>
        <line num="26" count="0" type="stmt"/>
        <line num="28" count="0" type="stmt"/>
        <line num="43" count="0" type="stmt"/>
      </file>
      <file name="index.js" path="/Users/sarahschneider/Documents/_Sarah/projects/code/_seiu503/member-app-2019/client/src/store/actions/index.js">
        <metrics statements="8" coveredstatements="6" conditionals="0" coveredconditionals="0" methods="4" coveredmethods="2"/>
        <line num="1" count="15" type="stmt"/>
        <line num="2" count="15" type="stmt"/>
        <line num="3" count="15" type="stmt"/>
        <line num="4" count="15" type="stmt"/>
        <line num="7" count="0" type="stmt"/>
        <line num="13" count="3" type="stmt"/>
        <line num="19" count="0" type="stmt"/>
        <line num="26" count="3" type="stmt"/>
      </file>
    </package>
    <package name="src.store.reducers">
      <metrics statements="55" coveredstatements="17" conditionals="62" coveredconditionals="19" methods="4" coveredmethods="4"/>
      <file name="appState.js" path="/Users/sarahschneider/Documents/_Sarah/projects/code/_seiu503/member-app-2019/client/src/store/reducers/appState.js">
        <metrics statements="10" coveredstatements="5" conditionals="9" coveredconditionals="4" methods="1" coveredmethods="1"/>
        <line num="15" count="15" type="stmt"/>
        <line num="25" count="116" type="cond" truecount="3" falsecount="5"/>
        <line num="27" count="0" type="stmt"/>
        <line num="30" count="3" type="stmt"/>
        <line num="35" count="0" type="stmt"/>
        <line num="41" count="0" type="stmt"/>
        <line num="46" count="0" type="stmt"/>
        <line num="49" count="0" type="stmt"/>
        <line num="52" count="3" type="stmt"/>
        <line num="55" count="110" type="stmt"/>
      </file>
      <file name="content.js" path="/Users/sarahschneider/Documents/_Sarah/projects/code/_seiu503/member-app-2019/client/src/store/reducers/content.js">
        <metrics statements="20" coveredstatements="4" conditionals="34" coveredconditionals="9" methods="1" coveredmethods="1"/>
        <line num="34" count="15" type="stmt"/>
        <line num="56" count="116" type="cond" truecount="8" falsecount="21"/>
        <line num="58" count="0" type="stmt"/>
        <line num="62" count="0" type="cond" truecount="0" falsecount="2"/>
        <line num="63" count="0" type="stmt"/>
        <line num="69" count="0" type="stmt"/>
        <line num="77" count="0" type="stmt"/>
        <line num="84" count="0" type="stmt"/>
        <line num="98" count="0" type="stmt"/>
        <line num="107" count="0" type="stmt"/>
        <line num="124" count="5" type="stmt"/>
        <line num="133" count="0" type="stmt"/>
        <line num="146" count="0" type="stmt"/>
        <line num="152" count="0" type="stmt"/>
        <line num="165" count="0" type="cond" truecount="0" falsecount="2"/>
        <line num="166" count="0" type="stmt"/>
        <line num="168" count="0" type="stmt"/>
        <line num="170" count="0" type="stmt"/>
        <line num="171" count="0" type="stmt"/>
        <line num="177" count="111" type="stmt"/>
      </file>
      <file name="index.js" path="/Users/sarahschneider/Documents/_Sarah/projects/code/_seiu503/member-app-2019/client/src/store/reducers/index.js">
        <metrics statements="1" coveredstatements="1" conditionals="0" coveredconditionals="0" methods="0" coveredmethods="0"/>
        <line num="8" count="15" type="stmt"/>
      </file>
      <file name="profile.js" path="/Users/sarahschneider/Documents/_Sarah/projects/code/_seiu503/member-app-2019/client/src/store/reducers/profile.js">
        <metrics statements="13" coveredstatements="4" conditionals="11" coveredconditionals="4" methods="1" coveredmethods="1"/>
        <line num="13" count="15" type="stmt"/>
        <line num="27" count="116" type="cond" truecount="3" falsecount="5"/>
        <line num="29" count="0" type="stmt"/>
        <line num="33" count="6" type="stmt"/>
        <line num="40" count="0" type="stmt"/>
        <line num="53" count="0" type="stmt"/>
        <line num="54" count="0" type="stmt"/>
        <line num="55" count="0" type="cond" truecount="0" falsecount="2"/>
        <line num="56" count="0" type="stmt"/>
        <line num="58" count="0" type="stmt"/>
        <line num="60" count="0" type="stmt"/>
        <line num="61" count="0" type="stmt"/>
        <line num="67" count="110" type="stmt"/>
      </file>
      <file name="submission.js" path="/Users/sarahschneider/Documents/_Sarah/projects/code/_seiu503/member-app-2019/client/src/store/reducers/submission.js">
        <metrics statements="11" coveredstatements="3" conditionals="8" coveredconditionals="2" methods="1" coveredmethods="1"/>
        <line num="14" count="16" type="stmt"/>
        <line num="22" count="139" type="cond" truecount="1" falsecount="4"/>
        <line num="38" count="0" type="stmt"/>
        <line num="44" count="0" type="stmt"/>
        <line num="69" count="0" type="cond" truecount="0" falsecount="2"/>
        <line num="70" count="0" type="stmt"/>
        <line num="72" count="0" type="stmt"/>
        <line num="74" count="0" type="stmt"/>
        <line num="75" count="0" type="stmt"/>
        <line num="81" count="0" type="stmt"/>
        <line num="106" count="139" type="stmt"/>
      </file>
    </package>
    <package name="src.styles">
      <metrics statements="1" coveredstatements="1" conditionals="0" coveredconditionals="0" methods="0" coveredmethods="0"/>
      <file name="theme.js" path="/Users/sarahschneider/Documents/_Sarah/projects/code/_seiu503/member-app-2019/client/src/styles/theme.js">
        <metrics statements="1" coveredstatements="1" conditionals="0" coveredconditionals="0" methods="0" coveredmethods="0"/>
        <line num="4" count="1" type="stmt"/>
      </file>
    </package>
    <package name="src.utils">
      <metrics statements="36" coveredstatements="27" conditionals="14" coveredconditionals="14" methods="9" coveredmethods="5"/>
      <file name="index.js" path="/Users/sarahschneider/Documents/_Sarah/projects/code/_seiu503/member-app-2019/client/src/utils/index.js">
        <metrics statements="15" coveredstatements="8" conditionals="0" coveredconditionals="0" methods="4" coveredmethods="1"/>
        <line num="1" count="6" type="stmt"/>
        <line num="3" count="6" type="stmt"/>
        <line num="4" count="0" type="stmt"/>
        <line num="8" count="6" type="stmt"/>
        <line num="9" count="0" type="stmt"/>
        <line num="10" count="0" type="stmt"/>
        <line num="12" count="0" type="stmt"/>
        <line num="15" count="0" type="stmt"/>
        <line num="16" count="0" type="stmt"/>
        <line num="20" count="0" type="stmt"/>
        <line num="23" count="6" type="stmt"/>
        <line num="30" count="6" type="stmt"/>
        <line num="31" count="2" type="stmt"/>
        <line num="32" count="2" type="stmt"/>
        <line num="33" count="2" type="stmt"/>
      </file>
      <file name="testUtils.js" path="/Users/sarahschneider/Documents/_Sarah/projects/code/_seiu503/member-app-2019/client/src/utils/testUtils.js">
        <metrics statements="8" coveredstatements="6" conditionals="0" coveredconditionals="0" methods="3" coveredmethods="2"/>
        <line num="14" count="15" type="stmt"/>
        <line num="15" count="14" type="stmt"/>
        <line num="18" count="14" type="stmt"/>
        <line num="27" count="15" type="stmt"/>
        <line num="28" count="60" type="stmt"/>
        <line num="31" count="15" type="stmt"/>
        <line num="32" count="0" type="stmt"/>
        <line num="38" count="0" type="stmt"/>
      </file>
      <file name="validators.js" path="/Users/sarahschneider/Documents/_Sarah/projects/code/_seiu503/member-app-2019/client/src/utils/validators.js">
        <metrics statements="13" coveredstatements="13" conditionals="14" coveredconditionals="14" methods="2" coveredmethods="2"/>
        <line num="1" count="3" type="stmt"/>
        <line num="2" count="14" type="stmt"/>
        <line num="3" count="14" type="stmt"/>
        <line num="21" count="14" type="stmt"/>
        <line num="22" count="224" type="cond" truecount="2" falsecount="0"/>
        <line num="23" count="144" type="stmt"/>
        <line num="26" count="14" type="cond" truecount="2" falsecount="0"/>
        <line num="30" count="1" type="stmt"/>
        <line num="32" count="14" type="cond" truecount="2" falsecount="0"/>
        <line num="38" count="1" type="stmt"/>
        <line num="40" count="14" type="cond" truecount="4" falsecount="0"/>
        <line num="41" count="1" type="stmt"/>
        <line num="43" count="14" type="stmt"/>
      </file>
    </package>
  </project>
</coverage>
