<?xml version="1.0" ?>
<!DOCTYPE coverage SYSTEM "http://cobertura.sourceforge.net/xml/coverage-04.dtd">
<coverage lines-valid="527" lines-covered="198" line-rate="0.3757" branches-valid="282" branches-covered="52" branch-rate="0.1844" timestamp="1560661204960" complexity="0" version="0.1">
  <sources>
    <source>/Users/sarahschneider/Documents/_Sarah/projects/code/_seiu503/member-app-2019/client</source>
  </sources>
  <packages>
    <package name="src" line-rate="0.12" branch-rate="0">
      <classes>
        <class name="App.js" filename="src/App.js" line-rate="0.2571" branch-rate="0">
          <methods>
            <method name="(anonymous_0)" hits="0" signature="()V">
              <lines>
                <line number="23" hits="0"/>
              </lines>
            </method>
            <method name="(anonymous_1)" hits="4" signature="()V">
              <lines>
                <line number="102" hits="4"/>
              </lines>
            </method>
            <method name="(anonymous_2)" hits="0" signature="()V">
              <lines>
                <line number="112" hits="0"/>
              </lines>
            </method>
            <method name="(anonymous_3)" hits="0" signature="()V">
              <lines>
                <line number="124" hits="0"/>
              </lines>
            </method>
            <method name="(anonymous_4)" hits="4" signature="()V">
              <lines>
                <line number="144" hits="4"/>
              </lines>
            </method>
            <method name="(anonymous_5)" hits="0" signature="()V">
              <lines>
                <line number="156" hits="0"/>
              </lines>
            </method>
            <method name="(anonymous_6)" hits="0" signature="()V">
              <lines>
                <line number="165" hits="0"/>
              </lines>
            </method>
            <method name="(anonymous_7)" hits="0" signature="()V">
              <lines>
                <line number="169" hits="0"/>
              </lines>
            </method>
            <method name="(anonymous_8)" hits="0" signature="()V">
              <lines>
                <line number="178" hits="0"/>
              </lines>
            </method>
            <method name="(anonymous_9)" hits="0" signature="()V">
              <lines>
                <line number="184" hits="0"/>
              </lines>
            </method>
            <method name="(anonymous_10)" hits="0" signature="()V">
              <lines>
                <line number="194" hits="0"/>
              </lines>
            </method>
            <method name="(anonymous_11)" hits="0" signature="()V">
              <lines>
                <line number="200" hits="0"/>
              </lines>
            </method>
            <method name="(anonymous_12)" hits="0" signature="()V">
              <lines>
                <line number="248" hits="0"/>
              </lines>
            </method>
            <method name="(anonymous_13)" hits="0" signature="()V">
              <lines>
                <line number="254" hits="0"/>
              </lines>
            </method>
          </methods>
          <lines>
            <line number="23" hits="1" branch="false"/>
            <line number="103" hits="4" branch="false"/>
            <line number="104" hits="4" branch="false"/>
            <line number="105" hits="4" branch="false"/>
            <line number="115" hits="0" branch="true" condition-coverage="0% (0/2)"/>
            <line number="116" hits="0" branch="false"/>
            <line number="117" hits="0" branch="false"/>
            <line number="118" hits="0" branch="true" condition-coverage="0% (0/4)"/>
            <line number="119" hits="0" branch="false"/>
            <line number="120" hits="0" branch="false"/>
            <line number="121" hits="0" branch="false"/>
            <line number="122" hits="0" branch="true" condition-coverage="0% (0/4)"/>
            <line number="123" hits="0" branch="false"/>
            <line number="124" hits="0" branch="false"/>
            <line number="125" hits="0" branch="true" condition-coverage="0% (0/2)"/>
            <line number="126" hits="0" branch="false"/>
            <line number="127" hits="0" branch="false"/>
            <line number="128" hits="0" branch="true" condition-coverage="0% (0/2)"/>
            <line number="129" hits="0" branch="false"/>
            <line number="130" hits="0" branch="false"/>
            <line number="134" hits="0" branch="false"/>
            <line number="137" hits="0" branch="false"/>
            <line number="140" hits="0" branch="false"/>
            <line number="145" hits="4" branch="false"/>
            <line number="146" hits="4" branch="false"/>
            <line number="157" hits="0" branch="false"/>
            <line number="165" hits="0" branch="false"/>
            <line number="170" hits="0" branch="false"/>
            <line number="179" hits="0" branch="false"/>
            <line number="185" hits="0" branch="false"/>
            <line number="195" hits="0" branch="false"/>
            <line number="201" hits="0" branch="false"/>
            <line number="212" hits="1" branch="false"/>
            <line number="248" hits="1" branch="false"/>
            <line number="254" hits="1" branch="false"/>
          </lines>
        </class>
        <class name="index.js" filename="src/index.js" line-rate="0" branch-rate="1">
          <methods>
          </methods>
          <lines>
            <line number="13" hits="0" branch="false"/>
            <line number="25" hits="0" branch="false"/>
          </lines>
        </class>
        <class name="serviceWorker.js" filename="src/serviceWorker.js" line-rate="0" branch-rate="0">
          <methods>
            <method name="register" hits="0" signature="()V">
              <lines>
                <line number="23" hits="0"/>
              </lines>
            </method>
            <method name="(anonymous_1)" hits="0" signature="()V">
              <lines>
                <line number="34" hits="0"/>
              </lines>
            </method>
            <method name="(anonymous_2)" hits="0" signature="()V">
              <lines>
                <line number="43" hits="0"/>
              </lines>
            </method>
            <method name="registerValidSW" hits="0" signature="()V">
              <lines>
                <line number="57" hits="0"/>
              </lines>
            </method>
            <method name="(anonymous_4)" hits="0" signature="()V">
              <lines>
                <line number="60" hits="0"/>
              </lines>
            </method>
            <method name="(anonymous_5)" hits="0" signature="()V">
              <lines>
                <line number="61" hits="0"/>
              </lines>
            </method>
            <method name="(anonymous_6)" hits="0" signature="()V">
              <lines>
                <line number="66" hits="0"/>
              </lines>
            </method>
            <method name="(anonymous_7)" hits="0" signature="()V">
              <lines>
                <line number="96" hits="0"/>
              </lines>
            </method>
            <method name="checkValidServiceWorker" hits="0" signature="()V">
              <lines>
                <line number="101" hits="0"/>
              </lines>
            </method>
            <method name="(anonymous_9)" hits="0" signature="()V">
              <lines>
                <line number="104" hits="0"/>
              </lines>
            </method>
            <method name="(anonymous_10)" hits="0" signature="()V">
              <lines>
                <line number="112" hits="0"/>
              </lines>
            </method>
            <method name="(anonymous_11)" hits="0" signature="()V">
              <lines>
                <line number="113" hits="0"/>
              </lines>
            </method>
            <method name="(anonymous_12)" hits="0" signature="()V">
              <lines>
                <line number="122" hits="0"/>
              </lines>
            </method>
            <method name="unregister" hits="0" signature="()V">
              <lines>
                <line number="129" hits="0"/>
              </lines>
            </method>
            <method name="(anonymous_14)" hits="0" signature="()V">
              <lines>
                <line number="131" hits="0"/>
              </lines>
            </method>
          </methods>
          <lines>
            <line number="13" hits="0" branch="false"/>
            <line number="24" hits="0" branch="true" condition-coverage="0% (0/4)"/>
            <line number="26" hits="0" branch="false"/>
            <line number="27" hits="0" branch="true" condition-coverage="0% (0/2)"/>
            <line number="31" hits="0" branch="false"/>
            <line number="34" hits="0" branch="false"/>
            <line number="35" hits="0" branch="false"/>
            <line number="37" hits="0" branch="true" condition-coverage="0% (0/2)"/>
            <line number="39" hits="0" branch="false"/>
            <line number="43" hits="0" branch="false"/>
            <line number="44" hits="0" branch="false"/>
            <line number="51" hits="0" branch="false"/>
            <line number="58" hits="0" branch="false"/>
            <line number="61" hits="0" branch="false"/>
            <line number="62" hits="0" branch="false"/>
            <line number="63" hits="0" branch="true" condition-coverage="0% (0/2)"/>
            <line number="64" hits="0" branch="false"/>
            <line number="66" hits="0" branch="false"/>
            <line number="67" hits="0" branch="true" condition-coverage="0% (0/2)"/>
            <line number="68" hits="0" branch="true" condition-coverage="0% (0/2)"/>
            <line number="72" hits="0" branch="false"/>
            <line number="78" hits="0" branch="true" condition-coverage="0% (0/4)"/>
            <line number="79" hits="0" branch="false"/>
            <line number="85" hits="0" branch="false"/>
            <line number="88" hits="0" branch="true" condition-coverage="0% (0/4)"/>
            <line number="89" hits="0" branch="false"/>
            <line number="97" hits="0" branch="false"/>
            <line number="103" hits="0" branch="false"/>
            <line number="106" hits="0" branch="false"/>
            <line number="107" hits="0" branch="true" condition-coverage="0% (0/2)"/>
            <line number="112" hits="0" branch="false"/>
            <line number="113" hits="0" branch="false"/>
            <line number="114" hits="0" branch="false"/>
            <line number="119" hits="0" branch="false"/>
            <line number="123" hits="0" branch="false"/>
            <line number="130" hits="0" branch="true" condition-coverage="0% (0/2)"/>
            <line number="131" hits="0" branch="false"/>
            <line number="132" hits="0" branch="false"/>
          </lines>
        </class>
      </classes>
    </package>
    <package name="src.components" line-rate="1" branch-rate="1">
      <classes>
        <class name="AlertDialog.jsx" filename="src/components/AlertDialog.jsx" line-rate="1" branch-rate="1">
          <methods>
            <method name="(anonymous_0)" hits="1" signature="()V">
              <lines>
                <line number="11" hits="1"/>
              </lines>
            </method>
            <method name="(anonymous_1)" hits="11" signature="()V">
              <lines>
                <line number="28" hits="11"/>
              </lines>
            </method>
          </methods>
          <lines>
            <line number="11" hits="3" branch="false"/>
            <line number="28" hits="3" branch="false"/>
            <line number="29" hits="11" branch="false"/>
            <line number="78" hits="3" branch="false"/>
          </lines>
        </class>
        <class name="ButtonWithSpinner.jsx" filename="src/components/ButtonWithSpinner.jsx" line-rate="1" branch-rate="1">
          <methods>
            <method name="(anonymous_0)" hits="3" signature="()V">
              <lines>
                <line number="12" hits="3"/>
              </lines>
            </method>
          </methods>
          <lines>
            <line number="12" hits="2" branch="false"/>
            <line number="13" hits="3" branch="false"/>
            <line number="14" hits="3" branch="false"/>
            <line number="22" hits="2" branch="false"/>
          </lines>
        </class>
        <class name="ContentTile.jsx" filename="src/components/ContentTile.jsx" line-rate="1" branch-rate="1">
          <methods>
            <method name="(anonymous_0)" hits="1" signature="()V">
              <lines>
                <line number="7" hits="1"/>
              </lines>
            </method>
            <method name="(anonymous_1)" hits="6" signature="()V">
              <lines>
                <line number="95" hits="6"/>
              </lines>
            </method>
          </methods>
          <lines>
            <line number="7" hits="3" branch="false"/>
            <line number="95" hits="3" branch="false"/>
            <line number="96" hits="6" branch="false"/>
            <line number="97" hits="6" branch="false"/>
            <line number="98" hits="6" branch="false"/>
            <line number="100" hits="6" branch="false"/>
            <line number="123" hits="3" branch="false"/>
          </lines>
        </class>
        <class name="CustomSnackbarContent.jsx" filename="src/components/CustomSnackbarContent.jsx" line-rate="1" branch-rate="1">
          <methods>
            <method name="(anonymous_0)" hits="1" signature="()V">
              <lines>
                <line number="23" hits="1"/>
              </lines>
            </method>
            <method name="(anonymous_1)" hits="19" signature="()V">
              <lines>
                <line number="52" hits="19"/>
              </lines>
            </method>
          </methods>
          <lines>
            <line number="16" hits="4" branch="false"/>
            <line number="23" hits="4" branch="false"/>
            <line number="52" hits="4" branch="false"/>
            <line number="61" hits="19" branch="false"/>
            <line number="62" hits="19" branch="false"/>
            <line number="67" hits="19" branch="false"/>
            <line number="103" hits="4" branch="false"/>
            <line number="110" hits="4" branch="false"/>
          </lines>
        </class>
        <class name="Footer.jsx" filename="src/components/Footer.jsx" line-rate="1" branch-rate="1">
          <methods>
            <method name="(anonymous_0)" hits="1" signature="()V">
              <lines>
                <line number="4" hits="1"/>
              </lines>
            </method>
          </methods>
          <lines>
            <line number="4" hits="2" branch="false"/>
            <line number="5" hits="1" branch="false"/>
            <line number="10" hits="2" branch="false"/>
          </lines>
        </class>
        <class name="NotFound.jsx" filename="src/components/NotFound.jsx" line-rate="1" branch-rate="1">
          <methods>
            <method name="(anonymous_0)" hits="1" signature="()V">
              <lines>
                <line number="4" hits="1"/>
              </lines>
            </method>
          </methods>
          <lines>
            <line number="4" hits="2" branch="false"/>
            <line number="5" hits="1" branch="false"/>
            <line number="12" hits="2" branch="false"/>
          </lines>
        </class>
        <class name="ScrollToTop.jsx" filename="src/components/ScrollToTop.jsx" line-rate="1" branch-rate="1">
          <methods>
            <method name="(anonymous_0)" hits="2" signature="()V">
              <lines>
                <line number="5" hits="2"/>
              </lines>
            </method>
            <method name="(anonymous_1)" hits="5" signature="()V">
              <lines>
                <line number="14" hits="5"/>
              </lines>
            </method>
          </methods>
          <lines>
            <line number="6" hits="2" branch="true" condition-coverage="100% (2/2)"/>
            <line number="10" hits="1" branch="false"/>
            <line number="15" hits="5" branch="false"/>
          </lines>
        </class>
        <class name="Spinner.jsx" filename="src/components/Spinner.jsx" line-rate="1" branch-rate="1">
          <methods>
            <method name="(anonymous_0)" hits="2" signature="()V">
              <lines>
                <line number="20" hits="2"/>
              </lines>
            </method>
          </methods>
          <lines>
            <line number="4" hits="3" branch="false"/>
            <line number="15" hits="3" branch="false"/>
            <line number="20" hits="3" branch="false"/>
            <line number="21" hits="2" branch="false"/>
          </lines>
        </class>
        <class name="SpinnerAdornment.jsx" filename="src/components/SpinnerAdornment.jsx" line-rate="1" branch-rate="1">
          <methods>
            <method name="(anonymous_0)" hits="3" signature="()V">
              <lines>
                <line number="7" hits="3"/>
              </lines>
            </method>
            <method name="(anonymous_1)" hits="3" signature="()V">
              <lines>
                <line number="7" hits="3"/>
              </lines>
            </method>
            <method name="(anonymous_2)" hits="1" signature="()V">
              <lines>
                <line number="7" hits="1"/>
              </lines>
            </method>
            <method name="(anonymous_3)" hits="3" signature="()V">
              <lines>
                <line number="12" hits="3"/>
              </lines>
            </method>
            <method name="(anonymous_4)" hits="2" signature="()V">
              <lines>
                <line number="12" hits="2"/>
              </lines>
            </method>
            <method name="(anonymous_5)" hits="1" signature="()V">
              <lines>
                <line number="26" hits="1"/>
              </lines>
            </method>
            <method name="(anonymous_6)" hits="0" signature="()V">
              <lines>
                <line number="34" hits="0"/>
              </lines>
            </method>
          </methods>
          <lines>
            <line number="7" hits="3" branch="false"/>
            <line number="8" hits="1" branch="false"/>
            <line number="9" hits="1" branch="false"/>
            <line number="12" hits="3" branch="false"/>
            <line number="14" hits="2" branch="true" condition-coverage="100% (4/4)"/>
            <line number="17" hits="2" branch="false"/>
            <line number="18" hits="2" branch="false"/>
            <line number="26" hits="3" branch="false"/>
            <line number="27" hits="1" branch="false"/>
            <line number="34" hits="3" branch="false"/>
          </lines>
        </class>
      </classes>
    </package>
    <package name="src.containers" line-rate="0.3807" branch-rate="0.2054">
      <classes>
        <class name="ContentLibrary.jsx" filename="src/containers/ContentLibrary.jsx" line-rate="0.4324" branch-rate="0.5263">
          <methods>
            <method name="(anonymous_0)" hits="0" signature="()V">
              <lines>
                <line number="20" hits="0"/>
              </lines>
            </method>
            <method name="(anonymous_1)" hits="1" signature="()V">
              <lines>
                <line number="99" hits="1"/>
              </lines>
            </method>
            <method name="(anonymous_2)" hits="1" signature="()V">
              <lines>
                <line number="102" hits="1"/>
              </lines>
            </method>
            <method name="(anonymous_3)" hits="2" signature="()V">
              <lines>
                <line number="107" hits="2"/>
              </lines>
            </method>
            <method name="(anonymous_4)" hits="2" signature="()V">
              <lines>
                <line number="115" hits="2"/>
              </lines>
            </method>
            <method name="(anonymous_5)" hits="1" signature="()V">
              <lines>
                <line number="121" hits="1"/>
              </lines>
            </method>
            <method name="(anonymous_6)" hits="0" signature="()V">
              <lines>
                <line number="127" hits="0"/>
              </lines>
            </method>
            <method name="(anonymous_7)" hits="0" signature="()V">
              <lines>
                <line number="131" hits="0"/>
              </lines>
            </method>
            <method name="(anonymous_8)" hits="0" signature="()V">
              <lines>
                <line number="141" hits="0"/>
              </lines>
            </method>
            <method name="(anonymous_9)" hits="0" signature="()V">
              <lines>
                <line number="150" hits="0"/>
              </lines>
            </method>
            <method name="(anonymous_10)" hits="0" signature="()V">
              <lines>
                <line number="162" hits="0"/>
              </lines>
            </method>
            <method name="(anonymous_11)" hits="8" signature="()V">
              <lines>
                <line number="168" hits="8"/>
              </lines>
            </method>
            <method name="(anonymous_12)" hits="0" signature="()V">
              <lines>
                <line number="182" hits="0"/>
              </lines>
            </method>
            <method name="(anonymous_13)" hits="16" signature="()V">
              <lines>
                <line number="202" hits="16"/>
              </lines>
            </method>
            <method name="(anonymous_14)" hits="0" signature="()V">
              <lines>
                <line number="208" hits="0"/>
              </lines>
            </method>
            <method name="(anonymous_15)" hits="0" signature="()V">
              <lines>
                <line number="217" hits="0"/>
              </lines>
            </method>
            <method name="(anonymous_16)" hits="0" signature="()V">
              <lines>
                <line number="275" hits="0"/>
              </lines>
            </method>
            <method name="(anonymous_17)" hits="0" signature="()V">
              <lines>
                <line number="281" hits="0"/>
              </lines>
            </method>
          </methods>
          <lines>
            <line number="20" hits="2" branch="false"/>
            <line number="100" hits="1" branch="false"/>
            <line number="102" hits="1" branch="false"/>
            <line number="108" hits="2" branch="true" condition-coverage="50% (1/2)"/>
            <line number="113" hits="2" branch="false"/>
            <line number="121" hits="8" branch="false"/>
            <line number="122" hits="1" branch="true" condition-coverage="75% (3/4)"/>
            <line number="123" hits="1" branch="false"/>
            <line number="127" hits="8" branch="false"/>
            <line number="128" hits="0" branch="false"/>
            <line number="129" hits="0" branch="false"/>
            <line number="132" hits="0" branch="true" condition-coverage="0% (0/2)"/>
            <line number="136" hits="0" branch="true" condition-coverage="0% (0/2)"/>
            <line number="137" hits="0" branch="false"/>
            <line number="138" hits="0" branch="false"/>
            <line number="139" hits="0" branch="false"/>
            <line number="142" hits="0" branch="true" condition-coverage="0% (0/2)"/>
            <line number="143" hits="0" branch="false"/>
            <line number="147" hits="0" branch="false"/>
            <line number="151" hits="0" branch="false"/>
            <line number="152" hits="0" branch="false"/>
            <line number="155" hits="0" branch="false"/>
            <line number="156" hits="0" branch="false"/>
            <line number="159" hits="0" branch="false"/>
            <line number="163" hits="0" branch="false"/>
            <line number="164" hits="0" branch="false"/>
            <line number="169" hits="8" branch="false"/>
            <line number="171" hits="8" branch="false"/>
            <line number="172" hits="8" branch="false"/>
            <line number="183" hits="0" branch="false"/>
            <line number="184" hits="0" branch="false"/>
            <line number="203" hits="16" branch="false"/>
            <line number="208" hits="0" branch="false"/>
            <line number="218" hits="0" branch="false"/>
            <line number="238" hits="2" branch="false"/>
            <line number="275" hits="2" branch="false"/>
            <line number="281" hits="2" branch="false"/>
          </lines>
        </class>
        <class name="Dashboard.jsx" filename="src/containers/Dashboard.jsx" line-rate="0.12119999999999999" branch-rate="0">
          <methods>
            <method name="(anonymous_0)" hits="0" signature="()V">
              <lines>
                <line number="21" hits="0"/>
              </lines>
            </method>
            <method name="(anonymous_1)" hits="0" signature="()V">
              <lines>
                <line number="59" hits="0"/>
              </lines>
            </method>
            <method name="(anonymous_2)" hits="0" signature="()V">
              <lines>
                <line number="93" hits="0"/>
              </lines>
            </method>
            <method name="(anonymous_3)" hits="0" signature="()V">
              <lines>
                <line number="110" hits="0"/>
              </lines>
            </method>
            <method name="(anonymous_4)" hits="0" signature="()V">
              <lines>
                <line number="115" hits="0"/>
              </lines>
            </method>
            <method name="(anonymous_5)" hits="0" signature="()V">
              <lines>
                <line number="179" hits="0"/>
              </lines>
            </method>
            <method name="(anonymous_6)" hits="0" signature="()V">
              <lines>
                <line number="184" hits="0"/>
              </lines>
            </method>
          </methods>
          <lines>
            <line number="21" hits="1" branch="false"/>
            <line number="60" hits="0" branch="false"/>
            <line number="63" hits="0" branch="true" condition-coverage="0% (0/4)"/>
            <line number="64" hits="0" branch="false"/>
            <line number="65" hits="0" branch="false"/>
            <line number="68" hits="0" branch="false"/>
            <line number="69" hits="0" branch="false"/>
            <line number="70" hits="0" branch="false"/>
            <line number="71" hits="0" branch="false"/>
            <line number="73" hits="0" branch="false"/>
            <line number="81" hits="0" branch="false"/>
            <line number="84" hits="0" branch="true" condition-coverage="0% (0/2)"/>
            <line number="85" hits="0" branch="false"/>
            <line number="87" hits="0" branch="false"/>
            <line number="91" hits="0" branch="false"/>
            <line number="94" hits="0" branch="true" condition-coverage="0% (0/2)"/>
            <line number="95" hits="0" branch="false"/>
            <line number="96" hits="0" branch="false"/>
            <line number="98" hits="0" branch="false"/>
            <line number="99" hits="0" branch="true" condition-coverage="0% (0/2)"/>
            <line number="102" hits="0" branch="false"/>
            <line number="103" hits="0" branch="false"/>
            <line number="106" hits="0" branch="false"/>
            <line number="107" hits="0" branch="false"/>
            <line number="111" hits="0" branch="false"/>
            <line number="116" hits="0" branch="false"/>
            <line number="117" hits="0" branch="false"/>
            <line number="118" hits="0" branch="false"/>
            <line number="119" hits="0" branch="false"/>
            <line number="120" hits="0" branch="false"/>
            <line number="147" hits="1" branch="false"/>
            <line number="179" hits="1" branch="false"/>
            <line number="184" hits="1" branch="false"/>
          </lines>
        </class>
        <class name="Logout.jsx" filename="src/containers/Logout.jsx" line-rate="1" branch-rate="1">
          <methods>
            <method name="(anonymous_0)" hits="3" signature="()V">
              <lines>
                <line number="10" hits="3"/>
              </lines>
            </method>
            <method name="(anonymous_1)" hits="2" signature="()V">
              <lines>
                <line number="13" hits="2"/>
              </lines>
            </method>
            <method name="(anonymous_2)" hits="9" signature="()V">
              <lines>
                <line number="18" hits="9"/>
              </lines>
            </method>
            <method name="(anonymous_3)" hits="1" signature="()V">
              <lines>
                <line number="43" hits="1"/>
              </lines>
            </method>
          </methods>
          <lines>
            <line number="11" hits="3" branch="false"/>
            <line number="12" hits="3" branch="false"/>
            <line number="13" hits="3" branch="false"/>
            <line number="14" hits="2" branch="false"/>
            <line number="19" hits="9" branch="false"/>
            <line number="36" hits="2" branch="false"/>
            <line number="43" hits="2" branch="false"/>
          </lines>
        </class>
        <class name="NavBar.jsx" filename="src/containers/NavBar.jsx" line-rate="1" branch-rate="1">
          <methods>
            <method name="(anonymous_0)" hits="0" signature="()V">
              <lines>
                <line number="21" hits="0"/>
              </lines>
            </method>
            <method name="(anonymous_1)" hits="18" signature="()V">
              <lines>
                <line number="132" hits="18"/>
              </lines>
            </method>
            <method name="(anonymous_2)" hits="1" signature="()V">
              <lines>
                <line number="143" hits="1"/>
              </lines>
            </method>
            <method name="(anonymous_3)" hits="2" signature="()V">
              <lines>
                <line number="148" hits="2"/>
              </lines>
            </method>
            <method name="(anonymous_4)" hits="25" signature="()V">
              <lines>
                <line number="153" hits="25"/>
              </lines>
            </method>
            <method name="(anonymous_5)" hits="4" signature="()V">
              <lines>
                <line number="159" hits="4"/>
              </lines>
            </method>
            <method name="(anonymous_6)" hits="2" signature="()V">
              <lines>
                <line number="166" hits="2"/>
              </lines>
            </method>
            <method name="(anonymous_7)" hits="25" signature="()V">
              <lines>
                <line number="184" hits="25"/>
              </lines>
            </method>
            <method name="(anonymous_8)" hits="75" signature="()V">
              <lines>
                <line number="200" hits="75"/>
              </lines>
            </method>
            <method name="(anonymous_9)" hits="25" signature="()V">
              <lines>
                <line number="211" hits="25"/>
              </lines>
            </method>
            <method name="(anonymous_10)" hits="1" signature="()V">
              <lines>
                <line number="216" hits="1"/>
              </lines>
            </method>
            <method name="(anonymous_11)" hits="1" signature="()V">
              <lines>
                <line number="235" hits="1"/>
              </lines>
            </method>
            <method name="(anonymous_12)" hits="1" signature="()V">
              <lines>
                <line number="264" hits="1"/>
              </lines>
            </method>
            <method name="(anonymous_13)" hits="0" signature="()V">
              <lines>
                <line number="320" hits="0"/>
              </lines>
            </method>
          </methods>
          <lines>
            <line number="21" hits="2" branch="false"/>
            <line number="133" hits="18" branch="false"/>
            <line number="135" hits="18" branch="false"/>
            <line number="139" hits="18" branch="false"/>
            <line number="140" hits="18" branch="false"/>
            <line number="144" hits="1" branch="false"/>
            <line number="145" hits="1" branch="false"/>
            <line number="149" hits="2" branch="false"/>
            <line number="150" hits="2" branch="false"/>
            <line number="154" hits="25" branch="false"/>
            <line number="155" hits="25" branch="false"/>
            <line number="156" hits="25" branch="false"/>
            <line number="157" hits="25" branch="false"/>
            <line number="158" hits="25" branch="false"/>
            <line number="159" hits="25" branch="false"/>
            <line number="160" hits="4" branch="false"/>
            <line number="161" hits="4" branch="false"/>
            <line number="167" hits="2" branch="false"/>
            <line number="168" hits="2" branch="false"/>
            <line number="183" hits="25" branch="false"/>
            <line number="185" hits="25" branch="false"/>
            <line number="199" hits="25" branch="false"/>
            <line number="201" hits="75" branch="false"/>
            <line number="210" hits="25" branch="false"/>
            <line number="212" hits="25" branch="false"/>
            <line number="217" hits="1" branch="false"/>
            <line number="227" hits="25" branch="false"/>
            <line number="235" hits="1" branch="false"/>
            <line number="264" hits="1" branch="false"/>
            <line number="301" hits="2" branch="false"/>
            <line number="320" hits="2" branch="false"/>
          </lines>
        </class>
        <class name="Notifier.jsx" filename="src/containers/Notifier.jsx" line-rate="0.8667" branch-rate="0.9">
          <methods>
            <method name="(anonymous_0)" hits="10" signature="()V">
              <lines>
                <line number="17" hits="10"/>
              </lines>
            </method>
            <method name="(anonymous_1)" hits="2" signature="()V">
              <lines>
                <line number="21" hits="2"/>
              </lines>
            </method>
            <method name="(anonymous_2)" hits="1" signature="()V">
              <lines>
                <line number="30" hits="1"/>
              </lines>
            </method>
            <method name="(anonymous_3)" hits="14" signature="()V">
              <lines>
                <line number="39" hits="14"/>
              </lines>
            </method>
            <method name="(anonymous_4)" hits="3" signature="()V">
              <lines>
                <line number="80" hits="3"/>
              </lines>
            </method>
            <method name="(anonymous_5)" hits="0" signature="()V">
              <lines>
                <line number="102" hits="0"/>
              </lines>
            </method>
          </methods>
          <lines>
            <line number="10" hits="9" branch="false"/>
            <line number="18" hits="10" branch="false"/>
            <line number="21" hits="9" branch="false"/>
            <line number="22" hits="2" branch="false"/>
            <line number="30" hits="9" branch="false"/>
            <line number="31" hits="1" branch="false"/>
            <line number="41" hits="14" branch="false"/>
            <line number="48" hits="14" branch="false"/>
            <line number="80" hits="3" branch="false"/>
            <line number="88" hits="3" branch="true" condition-coverage="100% (2/2)"/>
            <line number="92" hits="1" branch="false"/>
            <line number="93" hits="2" branch="true" condition-coverage="50% (1/2)"/>
            <line number="99" hits="2" branch="false"/>
            <line number="101" hits="0" branch="false"/>
            <line number="102" hits="0" branch="false"/>
          </lines>
        </class>
        <class name="TextInputForm.jsx" filename="src/containers/TextInputForm.jsx" line-rate="0.0541" branch-rate="0">
          <methods>
            <method name="(anonymous_0)" hits="0" signature="()V">
              <lines>
                <line number="22" hits="0"/>
              </lines>
            </method>
            <method name="(anonymous_1)" hits="0" signature="()V">
              <lines>
                <line number="62" hits="0"/>
              </lines>
            </method>
            <method name="(anonymous_2)" hits="0" signature="()V">
              <lines>
                <line number="70" hits="0"/>
              </lines>
            </method>
            <method name="(anonymous_3)" hits="0" signature="()V">
              <lines>
                <line number="74" hits="0"/>
              </lines>
            </method>
            <method name="(anonymous_4)" hits="0" signature="()V">
              <lines>
                <line number="89" hits="0"/>
              </lines>
            </method>
            <method name="(anonymous_5)" hits="0" signature="()V">
              <lines>
                <line number="93" hits="0"/>
              </lines>
            </method>
            <method name="(anonymous_6)" hits="0" signature="()V">
              <lines>
                <line number="96" hits="0"/>
              </lines>
            </method>
            <method name="(anonymous_7)" hits="0" signature="()V">
              <lines>
                <line number="102" hits="0"/>
              </lines>
            </method>
            <method name="(anonymous_8)" hits="0" signature="()V">
              <lines>
                <line number="107" hits="0"/>
              </lines>
            </method>
            <method name="(anonymous_9)" hits="0" signature="()V">
              <lines>
                <line number="112" hits="0"/>
              </lines>
            </method>
            <method name="(anonymous_10)" hits="0" signature="()V">
              <lines>
                <line number="118" hits="0"/>
              </lines>
            </method>
            <method name="(anonymous_11)" hits="0" signature="()V">
              <lines>
                <line number="139" hits="0"/>
              </lines>
            </method>
            <method name="(anonymous_12)" hits="0" signature="()V">
              <lines>
                <line number="146" hits="0"/>
              </lines>
            </method>
            <method name="(anonymous_13)" hits="0" signature="()V">
              <lines>
                <line number="163" hits="0"/>
              </lines>
            </method>
            <method name="(anonymous_14)" hits="0" signature="()V">
              <lines>
                <line number="166" hits="0"/>
              </lines>
            </method>
            <method name="(anonymous_15)" hits="0" signature="()V">
              <lines>
                <line number="181" hits="0"/>
              </lines>
            </method>
            <method name="(anonymous_16)" hits="0" signature="()V">
              <lines>
                <line number="197" hits="0"/>
              </lines>
            </method>
            <method name="(anonymous_17)" hits="0" signature="()V">
              <lines>
                <line number="201" hits="0"/>
              </lines>
            </method>
            <method name="(anonymous_18)" hits="0" signature="()V">
              <lines>
                <line number="220" hits="0"/>
              </lines>
            </method>
            <method name="(anonymous_19)" hits="0" signature="()V">
              <lines>
                <line number="230" hits="0"/>
              </lines>
            </method>
            <method name="(anonymous_20)" hits="0" signature="()V">
              <lines>
                <line number="245" hits="0"/>
              </lines>
            </method>
            <method name="(anonymous_21)" hits="0" signature="()V">
              <lines>
                <line number="374" hits="0"/>
              </lines>
            </method>
            <method name="(anonymous_22)" hits="0" signature="()V">
              <lines>
                <line number="379" hits="0"/>
              </lines>
            </method>
          </methods>
          <lines>
            <line number="22" hits="1" branch="false"/>
            <line number="63" hits="0" branch="false"/>
            <line number="64" hits="0" branch="false"/>
            <line number="71" hits="0" branch="true" condition-coverage="0% (0/4)"/>
            <line number="72" hits="0" branch="false"/>
            <line number="76" hits="0" branch="true" condition-coverage="0% (0/2)"/>
            <line number="80" hits="0" branch="false"/>
            <line number="89" hits="0" branch="false"/>
            <line number="93" hits="0" branch="false"/>
            <line number="94" hits="0" branch="false"/>
            <line number="95" hits="0" branch="false"/>
            <line number="96" hits="0" branch="false"/>
            <line number="97" hits="0" branch="false"/>
            <line number="98" hits="0" branch="false"/>
            <line number="102" hits="0" branch="false"/>
            <line number="104" hits="0" branch="false"/>
            <line number="105" hits="0" branch="false"/>
            <line number="106" hits="0" branch="false"/>
            <line number="107" hits="0" branch="false"/>
            <line number="108" hits="0" branch="false"/>
            <line number="112" hits="0" branch="false"/>
            <line number="113" hits="0" branch="false"/>
            <line number="114" hits="0" branch="false"/>
            <line number="115" hits="0" branch="false"/>
            <line number="118" hits="0" branch="false"/>
            <line number="119" hits="0" branch="false"/>
            <line number="120" hits="0" branch="true" condition-coverage="0% (0/2)"/>
            <line number="121" hits="0" branch="false"/>
            <line number="123" hits="0" branch="true" condition-coverage="0% (0/2)"/>
            <line number="129" hits="0" branch="false"/>
            <line number="134" hits="0" branch="true" condition-coverage="0% (0/2)"/>
            <line number="135" hits="0" branch="false"/>
            <line number="139" hits="0" branch="false"/>
            <line number="140" hits="0" branch="false"/>
            <line number="141" hits="0" branch="true" condition-coverage="0% (0/2)"/>
            <line number="142" hits="0" branch="false"/>
            <line number="143" hits="0" branch="true" condition-coverage="0% (0/2)"/>
            <line number="144" hits="0" branch="false"/>
            <line number="147" hits="0" branch="true" condition-coverage="0% (0/2)"/>
            <line number="151" hits="0" branch="false"/>
            <line number="157" hits="0" branch="false"/>
            <line number="158" hits="0" branch="false"/>
            <line number="159" hits="0" branch="false"/>
            <line number="160" hits="0" branch="false"/>
            <line number="163" hits="0" branch="false"/>
            <line number="166" hits="0" branch="false"/>
            <line number="168" hits="0" branch="false"/>
            <line number="169" hits="0" branch="false"/>
            <line number="170" hits="0" branch="false"/>
            <line number="175" hits="0" branch="true" condition-coverage="0% (0/2)"/>
            <line number="176" hits="0" branch="false"/>
            <line number="178" hits="0" branch="true" condition-coverage="0% (0/2)"/>
            <line number="179" hits="0" branch="false"/>
            <line number="182" hits="0" branch="true" condition-coverage="0% (0/2)"/>
            <line number="186" hits="0" branch="false"/>
            <line number="192" hits="0" branch="false"/>
            <line number="193" hits="0" branch="false"/>
            <line number="194" hits="0" branch="false"/>
            <line number="197" hits="0" branch="false"/>
            <line number="198" hits="0" branch="true" condition-coverage="0% (0/2)"/>
            <line number="199" hits="0" branch="false"/>
            <line number="202" hits="0" branch="true" condition-coverage="0% (0/2)"/>
            <line number="206" hits="0" branch="false"/>
            <line number="212" hits="0" branch="false"/>
            <line number="216" hits="0" branch="false"/>
            <line number="217" hits="0" branch="false"/>
            <line number="220" hits="0" branch="false"/>
            <line number="222" hits="0" branch="false"/>
            <line number="231" hits="0" branch="false"/>
            <line number="232" hits="0" branch="false"/>
            <line number="245" hits="0" branch="false"/>
            <line number="353" hits="1" branch="false"/>
            <line number="374" hits="1" branch="false"/>
            <line number="379" hits="1" branch="false"/>
          </lines>
        </class>
      </classes>
    </package>
    <package name="src.store" line-rate="1" branch-rate="0.5">
      <classes>
        <class name="store.js" filename="src/store/store.js" line-rate="1" branch-rate="0.5">
          <methods>
            <method name="(anonymous_0)" hits="11" signature="()V">
              <lines>
                <line number="19" hits="11"/>
              </lines>
            </method>
          </methods>
          <lines>
            <line number="5" hits="11" branch="false"/>
            <line number="8" hits="11" branch="false"/>
            <line number="9" hits="11" branch="false"/>
            <line number="13" hits="11" branch="false"/>
            <line number="19" hits="11" branch="false"/>
          </lines>
        </class>
      </classes>
    </package>
    <package name="src.store.actions" line-rate="0.3191" branch-rate="0.0417">
      <classes>
        <class name="apiConfig.js" filename="src/store/actions/apiConfig.js" line-rate="1" branch-rate="0.5">
          <methods>
          </methods>
          <lines>
            <line number="7" hits="12" branch="false"/>
            <line number="8" hits="12" branch="false"/>
            <line number="9" hits="12" branch="false"/>
            <line number="16" hits="12" branch="true" condition-coverage="50% (1/2)"/>
            <line number="19" hits="12" branch="true" condition-coverage="50% (1/2)"/>
          </lines>
        </class>
        <class name="apiContentActions.js" filename="src/store/actions/apiContentActions.js" line-rate="0.2903" branch-rate="0">
          <methods>
            <method name="handleInput" hits="0" signature="()V">
              <lines>
                <line number="32" hits="0"/>
              </lines>
            </method>
            <method name="handleSwitch" hits="0" signature="()V">
              <lines>
                <line number="39" hits="0"/>
              </lines>
            </method>
            <method name="handleDeleteOpen" hits="0" signature="()V">
              <lines>
                <line number="46" hits="0"/>
              </lines>
            </method>
            <method name="handleDeleteClose" hits="0" signature="()V">
              <lines>
                <line number="53" hits="0"/>
              </lines>
            </method>
            <method name="clearForm" hits="0" signature="()V">
              <lines>
                <line number="59" hits="0"/>
              </lines>
            </method>
            <method name="setEditContent" hits="0" signature="()V">
              <lines>
                <line number="65" hits="0"/>
              </lines>
            </method>
            <method name="getContentById" hits="0" signature="()V">
              <lines>
                <line number="83" hits="0"/>
              </lines>
            </method>
            <method name="(anonymous_7)" hits="0" signature="()V">
              <lines>
                <line number="93" hits="0"/>
              </lines>
            </method>
            <method name="(anonymous_8)" hits="0" signature="()V">
              <lines>
                <line number="94" hits="0"/>
              </lines>
            </method>
            <method name="getAllContent" hits="0" signature="()V">
              <lines>
                <line number="123" hits="0"/>
              </lines>
            </method>
            <method name="(anonymous_10)" hits="0" signature="()V">
              <lines>
                <line number="133" hits="0"/>
              </lines>
            </method>
            <method name="(anonymous_11)" hits="0" signature="()V">
              <lines>
                <line number="134" hits="0"/>
              </lines>
            </method>
            <method name="addContent" hits="0" signature="()V">
              <lines>
                <line number="169" hits="0"/>
              </lines>
            </method>
            <method name="(anonymous_13)" hits="0" signature="()V">
              <lines>
                <line number="179" hits="0"/>
              </lines>
            </method>
            <method name="(anonymous_14)" hits="0" signature="()V">
              <lines>
                <line number="180" hits="0"/>
              </lines>
            </method>
            <method name="uploadImage" hits="0" signature="()V">
              <lines>
                <line number="215" hits="0"/>
              </lines>
            </method>
            <method name="(anonymous_16)" hits="0" signature="()V">
              <lines>
                <line number="230" hits="0"/>
              </lines>
            </method>
            <method name="(anonymous_17)" hits="0" signature="()V">
              <lines>
                <line number="231" hits="0"/>
              </lines>
            </method>
            <method name="updateContent" hits="0" signature="()V">
              <lines>
                <line number="266" hits="0"/>
              </lines>
            </method>
            <method name="(anonymous_19)" hits="0" signature="()V">
              <lines>
                <line number="276" hits="0"/>
              </lines>
            </method>
            <method name="(anonymous_20)" hits="0" signature="()V">
              <lines>
                <line number="277" hits="0"/>
              </lines>
            </method>
            <method name="deleteContent" hits="0" signature="()V">
              <lines>
                <line number="311" hits="0"/>
              </lines>
            </method>
            <method name="(anonymous_22)" hits="0" signature="()V">
              <lines>
                <line number="321" hits="0"/>
              </lines>
            </method>
            <method name="(anonymous_23)" hits="0" signature="()V">
              <lines>
                <line number="322" hits="0"/>
              </lines>
            </method>
            <method name="deleteImage" hits="0" signature="()V">
              <lines>
                <line number="352" hits="0"/>
              </lines>
            </method>
            <method name="(anonymous_25)" hits="0" signature="()V">
              <lines>
                <line number="362" hits="0"/>
              </lines>
            </method>
            <method name="(anonymous_26)" hits="0" signature="()V">
              <lines>
                <line number="363" hits="0"/>
              </lines>
            </method>
          </methods>
          <lines>
            <line number="4" hits="12" branch="false"/>
            <line number="5" hits="12" branch="false"/>
            <line number="6" hits="12" branch="false"/>
            <line number="7" hits="12" branch="false"/>
            <line number="8" hits="12" branch="false"/>
            <line number="9" hits="12" branch="false"/>
            <line number="10" hits="12" branch="false"/>
            <line number="11" hits="12" branch="false"/>
            <line number="12" hits="12" branch="false"/>
            <line number="13" hits="12" branch="false"/>
            <line number="14" hits="12" branch="false"/>
            <line number="15" hits="12" branch="false"/>
            <line number="16" hits="12" branch="false"/>
            <line number="17" hits="12" branch="false"/>
            <line number="18" hits="12" branch="false"/>
            <line number="19" hits="12" branch="false"/>
            <line number="20" hits="12" branch="false"/>
            <line number="21" hits="12" branch="false"/>
            <line number="22" hits="12" branch="false"/>
            <line number="23" hits="12" branch="false"/>
            <line number="24" hits="12" branch="false"/>
            <line number="25" hits="12" branch="false"/>
            <line number="26" hits="12" branch="false"/>
            <line number="27" hits="12" branch="false"/>
            <line number="28" hits="12" branch="false"/>
            <line number="29" hits="12" branch="false"/>
            <line number="30" hits="12" branch="false"/>
            <line number="33" hits="0" branch="false"/>
            <line number="40" hits="0" branch="false"/>
            <line number="47" hits="0" branch="false"/>
            <line number="54" hits="0" branch="false"/>
            <line number="60" hits="0" branch="false"/>
            <line number="66" hits="0" branch="false"/>
            <line number="84" hits="0" branch="false"/>
            <line number="94" hits="0" branch="false"/>
            <line number="95" hits="0" branch="false"/>
            <line number="96" hits="0" branch="true" condition-coverage="0% (0/2)"/>
            <line number="97" hits="0" branch="true" condition-coverage="0% (0/2)"/>
            <line number="98" hits="0" branch="false"/>
            <line number="100" hits="0" branch="false"/>
            <line number="102" hits="0" branch="false"/>
            <line number="124" hits="0" branch="false"/>
            <line number="134" hits="0" branch="false"/>
            <line number="135" hits="0" branch="false"/>
            <line number="136" hits="0" branch="true" condition-coverage="0% (0/2)"/>
            <line number="137" hits="0" branch="true" condition-coverage="0% (0/2)"/>
            <line number="138" hits="0" branch="false"/>
            <line number="140" hits="0" branch="false"/>
            <line number="142" hits="0" branch="false"/>
            <line number="170" hits="0" branch="false"/>
            <line number="180" hits="0" branch="false"/>
            <line number="181" hits="0" branch="false"/>
            <line number="182" hits="0" branch="true" condition-coverage="0% (0/2)"/>
            <line number="183" hits="0" branch="true" condition-coverage="0% (0/2)"/>
            <line number="184" hits="0" branch="false"/>
            <line number="186" hits="0" branch="false"/>
            <line number="188" hits="0" branch="false"/>
            <line number="216" hits="0" branch="false"/>
            <line number="217" hits="0" branch="false"/>
            <line number="218" hits="0" branch="true" condition-coverage="0% (0/2)"/>
            <line number="219" hits="0" branch="false"/>
            <line number="221" hits="0" branch="false"/>
            <line number="231" hits="0" branch="false"/>
            <line number="232" hits="0" branch="false"/>
            <line number="233" hits="0" branch="true" condition-coverage="0% (0/2)"/>
            <line number="234" hits="0" branch="true" condition-coverage="0% (0/2)"/>
            <line number="235" hits="0" branch="false"/>
            <line number="237" hits="0" branch="false"/>
            <line number="239" hits="0" branch="false"/>
            <line number="267" hits="0" branch="false"/>
            <line number="277" hits="0" branch="false"/>
            <line number="278" hits="0" branch="false"/>
            <line number="279" hits="0" branch="true" condition-coverage="0% (0/2)"/>
            <line number="280" hits="0" branch="true" condition-coverage="0% (0/2)"/>
            <line number="281" hits="0" branch="false"/>
            <line number="283" hits="0" branch="false"/>
            <line number="285" hits="0" branch="false"/>
            <line number="312" hits="0" branch="false"/>
            <line number="322" hits="0" branch="false"/>
            <line number="323" hits="0" branch="false"/>
            <line number="324" hits="0" branch="true" condition-coverage="0% (0/2)"/>
            <line number="325" hits="0" branch="true" condition-coverage="0% (0/2)"/>
            <line number="326" hits="0" branch="false"/>
            <line number="328" hits="0" branch="false"/>
            <line number="330" hits="0" branch="false"/>
            <line number="353" hits="0" branch="false"/>
            <line number="363" hits="0" branch="false"/>
            <line number="364" hits="0" branch="false"/>
            <line number="365" hits="0" branch="true" condition-coverage="0% (0/2)"/>
            <line number="366" hits="0" branch="true" condition-coverage="0% (0/2)"/>
            <line number="367" hits="0" branch="false"/>
            <line number="369" hits="0" branch="false"/>
            <line number="371" hits="0" branch="false"/>
          </lines>
        </class>
        <class name="apiProfileActions.js" filename="src/store/actions/apiProfileActions.js" line-rate="0.2571" branch-rate="0">
          <methods>
            <method name="validateToken" hits="0" signature="()V">
              <lines>
                <line number="29" hits="0"/>
              </lines>
            </method>
            <method name="(anonymous_1)" hits="0" signature="()V">
              <lines>
                <line number="42" hits="0"/>
              </lines>
            </method>
            <method name="(anonymous_2)" hits="0" signature="()V">
              <lines>
                <line number="43" hits="0"/>
              </lines>
            </method>
            <method name="getProfile" hits="0" signature="()V">
              <lines>
                <line number="62" hits="0"/>
              </lines>
            </method>
            <method name="(anonymous_4)" hits="0" signature="()V">
              <lines>
                <line number="72" hits="0"/>
              </lines>
            </method>
            <method name="(anonymous_5)" hits="0" signature="()V">
              <lines>
                <line number="73" hits="0"/>
              </lines>
            </method>
            <method name="modifyProfile" hits="0" signature="()V">
              <lines>
                <line number="92" hits="0"/>
              </lines>
            </method>
            <method name="(anonymous_7)" hits="0" signature="()V">
              <lines>
                <line number="102" hits="0"/>
              </lines>
            </method>
            <method name="(anonymous_8)" hits="0" signature="()V">
              <lines>
                <line number="103" hits="0"/>
              </lines>
            </method>
          </methods>
          <lines>
            <line number="4" hits="12" branch="false"/>
            <line number="5" hits="12" branch="false"/>
            <line number="6" hits="12" branch="false"/>
            <line number="7" hits="12" branch="false"/>
            <line number="8" hits="12" branch="false"/>
            <line number="9" hits="12" branch="false"/>
            <line number="10" hits="12" branch="false"/>
            <line number="11" hits="12" branch="false"/>
            <line number="12" hits="12" branch="false"/>
            <line number="30" hits="0" branch="false"/>
            <line number="43" hits="0" branch="false"/>
            <line number="44" hits="0" branch="false"/>
            <line number="45" hits="0" branch="true" condition-coverage="0% (0/2)"/>
            <line number="46" hits="0" branch="true" condition-coverage="0% (0/2)"/>
            <line number="47" hits="0" branch="false"/>
            <line number="49" hits="0" branch="false"/>
            <line number="51" hits="0" branch="false"/>
            <line number="63" hits="0" branch="false"/>
            <line number="73" hits="0" branch="false"/>
            <line number="74" hits="0" branch="false"/>
            <line number="75" hits="0" branch="true" condition-coverage="0% (0/2)"/>
            <line number="76" hits="0" branch="true" condition-coverage="0% (0/2)"/>
            <line number="77" hits="0" branch="false"/>
            <line number="79" hits="0" branch="false"/>
            <line number="81" hits="0" branch="false"/>
            <line number="93" hits="0" branch="false"/>
            <line number="103" hits="0" branch="false"/>
            <line number="104" hits="0" branch="false"/>
            <line number="105" hits="0" branch="true" condition-coverage="0% (0/2)"/>
            <line number="106" hits="0" branch="true" condition-coverage="0% (0/2)"/>
            <line number="107" hits="0" branch="false"/>
            <line number="109" hits="0" branch="true" condition-coverage="0% (0/2)"/>
            <line number="110" hits="0" branch="false"/>
            <line number="112" hits="0" branch="false"/>
            <line number="114" hits="0" branch="false"/>
          </lines>
        </class>
        <class name="index.js" filename="src/store/actions/index.js" line-rate="0.5" branch-rate="1">
          <methods>
            <method name="logout" hits="0" signature="()V">
              <lines>
                <line number="6" hits="0"/>
              </lines>
            </method>
            <method name="setLoggedIn" hits="0" signature="()V">
              <lines>
                <line number="12" hits="0"/>
              </lines>
            </method>
            <method name="setRedirectUrl" hits="0" signature="()V">
              <lines>
                <line number="18" hits="0"/>
              </lines>
            </method>
            <method name="setSpinner" hits="0" signature="()V">
              <lines>
                <line number="25" hits="0"/>
              </lines>
            </method>
          </methods>
          <lines>
            <line number="1" hits="12" branch="false"/>
            <line number="2" hits="12" branch="false"/>
            <line number="3" hits="12" branch="false"/>
            <line number="4" hits="12" branch="false"/>
            <line number="7" hits="0" branch="false"/>
            <line number="13" hits="0" branch="false"/>
            <line number="19" hits="0" branch="false"/>
            <line number="26" hits="0" branch="false"/>
          </lines>
        </class>
      </classes>
    </package>
    <package name="src.store.reducers" line-rate="0.2273" branch-rate="0.11109999999999999">
      <classes>
        <class name="appState.js" filename="src/store/reducers/appState.js" line-rate="0.3" branch-rate="0.22219999999999998">
          <methods>
            <method name="appState" hits="33" signature="()V">
              <lines>
                <line number="23" hits="33"/>
              </lines>
            </method>
          </methods>
          <lines>
            <line number="15" hits="11" branch="false"/>
            <line number="25" hits="33" branch="true" condition-coverage="12.5% (1/8)"/>
            <line number="27" hits="0" branch="false"/>
            <line number="30" hits="0" branch="false"/>
            <line number="35" hits="0" branch="false"/>
            <line number="41" hits="0" branch="false"/>
            <line number="46" hits="0" branch="false"/>
            <line number="49" hits="0" branch="false"/>
            <line number="52" hits="0" branch="false"/>
            <line number="55" hits="33" branch="false"/>
          </lines>
        </class>
        <class name="content.js" filename="src/store/reducers/content.js" line-rate="0.15" branch-rate="0.0588">
          <methods>
            <method name="Content" hits="33" signature="()V">
              <lines>
                <line number="53" hits="33"/>
              </lines>
            </method>
          </methods>
          <lines>
            <line number="34" hits="11" branch="false"/>
            <line number="56" hits="33" branch="true" condition-coverage="3.4482758620689653% (1/29)"/>
            <line number="58" hits="0" branch="false"/>
            <line number="62" hits="0" branch="true" condition-coverage="0% (0/2)"/>
            <line number="63" hits="0" branch="false"/>
            <line number="69" hits="0" branch="false"/>
            <line number="77" hits="0" branch="false"/>
            <line number="84" hits="0" branch="false"/>
            <line number="98" hits="0" branch="false"/>
            <line number="107" hits="0" branch="false"/>
            <line number="124" hits="0" branch="false"/>
            <line number="133" hits="0" branch="false"/>
            <line number="146" hits="0" branch="false"/>
            <line number="152" hits="0" branch="false"/>
            <line number="165" hits="0" branch="true" condition-coverage="0% (0/2)"/>
            <line number="166" hits="0" branch="false"/>
            <line number="168" hits="0" branch="false"/>
            <line number="170" hits="0" branch="false"/>
            <line number="171" hits="0" branch="false"/>
            <line number="177" hits="33" branch="false"/>
          </lines>
        </class>
        <class name="index.js" filename="src/store/reducers/index.js" line-rate="1" branch-rate="1">
          <methods>
          </methods>
          <lines>
            <line number="6" hits="11" branch="false"/>
          </lines>
        </class>
        <class name="profile.js" filename="src/store/reducers/profile.js" line-rate="0.23079999999999998" branch-rate="0.1818">
          <methods>
            <method name="profile" hits="33" signature="()V">
              <lines>
                <line number="24" hits="33"/>
              </lines>
            </method>
          </methods>
          <lines>
            <line number="13" hits="11" branch="false"/>
            <line number="27" hits="33" branch="true" condition-coverage="12.5% (1/8)"/>
            <line number="29" hits="0" branch="false"/>
            <line number="33" hits="0" branch="false"/>
            <line number="40" hits="0" branch="false"/>
            <line number="53" hits="0" branch="false"/>
            <line number="54" hits="0" branch="false"/>
            <line number="55" hits="0" branch="true" condition-coverage="0% (0/2)"/>
            <line number="56" hits="0" branch="false"/>
            <line number="58" hits="0" branch="false"/>
            <line number="60" hits="0" branch="false"/>
            <line number="61" hits="0" branch="false"/>
            <line number="67" hits="33" branch="false"/>
          </lines>
        </class>
      </classes>
    </package>
    <package name="src.styles" line-rate="1" branch-rate="1">
      <classes>
        <class name="theme.js" filename="src/styles/theme.js" line-rate="1" branch-rate="1">
          <methods>
          </methods>
          <lines>
          </lines>
        </class>
      </classes>
    </package>
    <package name="src.utils" line-rate="0.4211" branch-rate="1">
      <classes>
        <class name="index.js" filename="src/utils/index.js" line-rate="0.3636" branch-rate="1">
          <methods>
            <method name="(anonymous_0)" hits="0" signature="()V">
              <lines>
                <line number="3" hits="0"/>
              </lines>
            </method>
            <method name="(anonymous_1)" hits="0" signature="()V">
              <lines>
                <line number="8" hits="0"/>
              </lines>
            </method>
            <method name="(anonymous_2)" hits="0" signature="()V">
              <lines>
                <line number="9" hits="0"/>
              </lines>
            </method>
          </methods>
          <lines>
            <line number="1" hits="3" branch="false"/>
            <line number="3" hits="3" branch="false"/>
            <line number="4" hits="0" branch="false"/>
            <line number="8" hits="3" branch="false"/>
            <line number="9" hits="0" branch="false"/>
            <line number="10" hits="0" branch="false"/>
            <line number="12" hits="0" branch="false"/>
            <line number="15" hits="0" branch="false"/>
            <line number="16" hits="0" branch="false"/>
            <line number="20" hits="0" branch="false"/>
            <line number="23" hits="3" branch="false"/>
          </lines>
        </class>
        <class name="testUtils.js" filename="src/utils/testUtils.js" line-rate="0.5" branch-rate="1">
          <methods>
            <method name="(anonymous_0)" hits="0" signature="()V">
              <lines>
                <line number="14" hits="0"/>
              </lines>
            </method>
            <method name="(anonymous_1)" hits="53" signature="()V">
              <lines>
                <line number="27" hits="53"/>
              </lines>
            </method>
            <method name="(anonymous_2)" hits="0" signature="()V">
              <lines>
                <line number="31" hits="0"/>
              </lines>
            </method>
          </methods>
          <lines>
            <line number="14" hits="11" branch="false"/>
            <line number="15" hits="0" branch="false"/>
            <line number="18" hits="0" branch="false"/>
            <line number="27" hits="11" branch="false"/>
            <line number="28" hits="53" branch="false"/>
            <line number="31" hits="11" branch="false"/>
            <line number="32" hits="0" branch="false"/>
            <line number="38" hits="0" branch="false"/>
          </lines>
        </class>
      </classes>
    </package>
  </packages>
</coverage>
