{"/Users/sarahschneider/Documents/_Sarah/projects/code/_seiu503/member-app-2019/client/src/App.js": {"path":"/Users/sarahschneider/Documents/_Sarah/projects/code/_seiu503/member-app-2019/client/src/App.js","statementMap":{"0":{"start":{"line":24,"column":15},"end":{"line":100,"column":2}},"1":{"start":{"line":24,"column":25},"end":{"line":100,"column":1}},"2":{"start":{"line":104,"column":4},"end":{"line":104,"column":17}},"3":{"start":{"line":105,"column":4},"end":{"line":105,"column":38}},"4":{"start":{"line":106,"column":4},"end":{"line":110,"column":6}},"5":{"start":{"line":116,"column":4},"end":{"line":132,"column":5}},"6":{"start":{"line":117,"column":24},"end":{"line":117,"column":64}},"7":{"start":{"line":118,"column":21},"end":{"line":118,"column":70}},"8":{"start":{"line":119,"column":6},"end":{"line":131,"column":7}},"9":{"start":{"line":125,"column":22},"end":{"line":125,"column":43}},"10":{"start":{"line":126,"column":8},"end":{"line":130,"column":11}},"11":{"start":{"line":127,"column":10},"end":{"line":129,"column":11}},"12":{"start":{"line":128,"column":12},"end":{"line":128,"column":40}},"13":{"start":{"line":136,"column":24},"end":{"line":136,"column":34}},"14":{"start":{"line":137,"column":4},"end":{"line":199,"column":6}},"15":{"start":{"line":148,"column":16},"end":{"line":151,"column":18}},"16":{"start":{"line":156,"column":36},"end":{"line":156,"column":65}},"17":{"start":{"line":161,"column":16},"end":{"line":164,"column":18}},"18":{"start":{"line":170,"column":16},"end":{"line":170,"column":80}},"19":{"start":{"line":176,"column":16},"end":{"line":180,"column":18}},"20":{"start":{"line":186,"column":16},"end":{"line":186,"column":71}},"21":{"start":{"line":192,"column":16},"end":{"line":192,"column":73}},"22":{"start":{"line":203,"column":0},"end":{"line":237,"column":2}},"23":{"start":{"line":239,"column":24},"end":{"line":243,"column":2}},"24":{"start":{"line":239,"column":34},"end":{"line":243,"column":1}},"25":{"start":{"line":245,"column":27},"end":{"line":249,"column":2}},"26":{"start":{"line":245,"column":40},"end":{"line":249,"column":1}},"27":{"start":{"line":251,"column":28},"end":{"line":254,"column":17}}},"fnMap":{"0":{"name":"(anonymous_0)","decl":{"start":{"line":24,"column":15},"end":{"line":24,"column":16}},"loc":{"start":{"line":24,"column":25},"end":{"line":100,"column":1}},"line":24},"1":{"name":"(anonymous_1)","decl":{"start":{"line":103,"column":2},"end":{"line":103,"column":3}},"loc":{"start":{"line":103,"column":21},"end":{"line":111,"column":3}},"line":103},"2":{"name":"(anonymous_2)","decl":{"start":{"line":113,"column":2},"end":{"line":113,"column":3}},"loc":{"start":{"line":113,"column":22},"end":{"line":133,"column":3}},"line":113},"3":{"name":"(anonymous_3)","decl":{"start":{"line":126,"column":64},"end":{"line":126,"column":65}},"loc":{"start":{"line":126,"column":74},"end":{"line":130,"column":9}},"line":126},"4":{"name":"(anonymous_4)","decl":{"start":{"line":135,"column":2},"end":{"line":135,"column":3}},"loc":{"start":{"line":135,"column":11},"end":{"line":200,"column":3}},"line":135},"5":{"name":"(anonymous_5)","decl":{"start":{"line":147,"column":22},"end":{"line":147,"column":23}},"loc":{"start":{"line":148,"column":16},"end":{"line":151,"column":18}},"line":148},"6":{"name":"(anonymous_6)","decl":{"start":{"line":156,"column":22},"end":{"line":156,"column":23}},"loc":{"start":{"line":156,"column":36},"end":{"line":156,"column":65}},"line":156},"7":{"name":"(anonymous_7)","decl":{"start":{"line":160,"column":22},"end":{"line":160,"column":23}},"loc":{"start":{"line":161,"column":16},"end":{"line":164,"column":18}},"line":161},"8":{"name":"(anonymous_8)","decl":{"start":{"line":169,"column":22},"end":{"line":169,"column":23}},"loc":{"start":{"line":170,"column":16},"end":{"line":170,"column":80}},"line":170},"9":{"name":"(anonymous_9)","decl":{"start":{"line":175,"column":22},"end":{"line":175,"column":23}},"loc":{"start":{"line":176,"column":16},"end":{"line":180,"column":18}},"line":176},"10":{"name":"(anonymous_10)","decl":{"start":{"line":185,"column":22},"end":{"line":185,"column":23}},"loc":{"start":{"line":186,"column":16},"end":{"line":186,"column":71}},"line":186},"11":{"name":"(anonymous_11)","decl":{"start":{"line":191,"column":22},"end":{"line":191,"column":23}},"loc":{"start":{"line":192,"column":16},"end":{"line":192,"column":73}},"line":192},"12":{"name":"(anonymous_12)","decl":{"start":{"line":239,"column":24},"end":{"line":239,"column":25}},"loc":{"start":{"line":239,"column":34},"end":{"line":243,"column":1}},"line":239},"13":{"name":"(anonymous_13)","decl":{"start":{"line":245,"column":27},"end":{"line":245,"column":28}},"loc":{"start":{"line":245,"column":40},"end":{"line":249,"column":1}},"line":245}},"branchMap":{"0":{"loc":{"start":{"line":116,"column":4},"end":{"line":132,"column":5}},"type":"if","locations":[{"start":{"line":116,"column":4},"end":{"line":132,"column":5}},{"start":{"line":116,"column":4},"end":{"line":132,"column":5}}],"line":116},"1":{"loc":{"start":{"line":119,"column":6},"end":{"line":131,"column":7}},"type":"if","locations":[{"start":{"line":119,"column":6},"end":{"line":131,"column":7}},{"start":{"line":119,"column":6},"end":{"line":131,"column":7}}],"line":119},"2":{"loc":{"start":{"line":120,"column":8},"end":{"line":123,"column":30}},"type":"binary-expr","locations":[{"start":{"line":120,"column":8},"end":{"line":120,"column":17}},{"start":{"line":121,"column":8},"end":{"line":121,"column":33}},{"start":{"line":122,"column":8},"end":{"line":122,"column":14}},{"start":{"line":123,"column":8},"end":{"line":123,"column":30}}],"line":120},"3":{"loc":{"start":{"line":127,"column":10},"end":{"line":129,"column":11}},"type":"if","locations":[{"start":{"line":127,"column":10},"end":{"line":129,"column":11}},{"start":{"line":127,"column":10},"end":{"line":129,"column":11}}],"line":127}},"s":{"0":1,"1":0,"2":10,"3":10,"4":10,"5":7,"6":7,"7":7,"8":7,"9":2,"10":2,"11":1,"12":1,"13":13,"14":13,"15":3,"16":2,"17":0,"18":1,"19":2,"20":0,"21":1,"22":1,"23":1,"24":13,"25":1,"26":7,"27":1},"f":{"0":0,"1":10,"2":7,"3":1,"4":13,"5":3,"6":2,"7":0,"8":1,"9":2,"10":0,"11":1,"12":13,"13":7},"b":{"0":[7,0],"1":[2,5],"2":[7,2,2,2],"3":[1,0]},"_coverageSchema":"43e27e138ebf9cfc5966b082cf9a028302ed4184","hash":"96ab8eaa62980f37a920f54d6a7e68c6aa2bec42"}
,"/Users/sarahschneider/Documents/_Sarah/projects/code/_seiu503/member-app-2019/client/src/components/AlertDialog.jsx": {"path":"/Users/sarahschneider/Documents/_Sarah/projects/code/_seiu503/member-app-2019/client/src/components/AlertDialog.jsx","statementMap":{"0":{"start":{"line":11,"column":22},"end":{"line":26,"column":2}},"1":{"start":{"line":11,"column":32},"end":{"line":26,"column":1}},"2":{"start":{"line":28,"column":36},"end":{"line":76,"column":1}},"3":{"start":{"line":29,"column":2},"end":{"line":75,"column":8}},"4":{"start":{"line":78,"column":0},"end":{"line":86,"column":2}}},"fnMap":{"0":{"name":"(anonymous_0)","decl":{"start":{"line":11,"column":22},"end":{"line":11,"column":23}},"loc":{"start":{"line":11,"column":32},"end":{"line":26,"column":1}},"line":11},"1":{"name":"(anonymous_1)","decl":{"start":{"line":28,"column":36},"end":{"line":28,"column":37}},"loc":{"start":{"line":29,"column":2},"end":{"line":75,"column":8}},"line":29}},"branchMap":{"0":{"loc":{"start":{"line":35,"column":8},"end":{"line":35,"column":71}},"type":"cond-expr","locations":[{"start":{"line":35,"column":22},"end":{"line":35,"column":42}},{"start":{"line":35,"column":45},"end":{"line":35,"column":71}}],"line":35},"1":{"loc":{"start":{"line":40,"column":7},"end":{"line":44,"column":7}},"type":"binary-expr","locations":[{"start":{"line":40,"column":7},"end":{"line":40,"column":18}},{"start":{"line":41,"column":8},"end":{"line":43,"column":22}}],"line":40},"2":{"loc":{"start":{"line":65,"column":12},"end":{"line":65,"column":71}},"type":"cond-expr","locations":[{"start":{"line":65,"column":27},"end":{"line":65,"column":47}},{"start":{"line":65,"column":50},"end":{"line":65,"column":71}}],"line":65}},"s":{"0":3,"1":1,"2":3,"3":11,"4":3},"f":{"0":1,"1":11},"b":{"0":[8,3],"1":[11,8],"2":[1,10]},"_coverageSchema":"43e27e138ebf9cfc5966b082cf9a028302ed4184","hash":"32d1d3dc54e73f62f90e149f9cb05b396a4cabdf"}
,"/Users/sarahschneider/Documents/_Sarah/projects/code/_seiu503/member-app-2019/client/src/components/ButtonWithSpinner.jsx": {"path":"/Users/sarahschneider/Documents/_Sarah/projects/code/_seiu503/member-app-2019/client/src/components/ButtonWithSpinner.jsx","statementMap":{"0":{"start":{"line":12,"column":26},"end":{"line":20,"column":1}},"1":{"start":{"line":13,"column":41},"end":{"line":13,"column":46}},"2":{"start":{"line":14,"column":2},"end":{"line":19,"column":4}},"3":{"start":{"line":22,"column":0},"end":{"line":24,"column":2}}},"fnMap":{"0":{"name":"(anonymous_0)","decl":{"start":{"line":12,"column":26},"end":{"line":12,"column":27}},"loc":{"start":{"line":12,"column":44},"end":{"line":20,"column":1}},"line":12}},"branchMap":{"0":{"loc":{"start":{"line":17,"column":7},"end":{"line":17,"column":78}},"type":"binary-expr","locations":[{"start":{"line":17,"column":7},"end":{"line":17,"column":14}},{"start":{"line":17,"column":18},"end":{"line":17,"column":78}}],"line":17}},"s":{"0":5,"1":9,"2":9,"3":5},"f":{"0":9},"b":{"0":[9,1]},"_coverageSchema":"43e27e138ebf9cfc5966b082cf9a028302ed4184","hash":"49159c2c2b04d0e92d49f57c9127ab46fcbc1658"}
,"/Users/sarahschneider/Documents/_Sarah/projects/code/_seiu503/member-app-2019/client/src/components/ContentTile.jsx": {"path":"/Users/sarahschneider/Documents/_Sarah/projects/code/_seiu503/member-app-2019/client/src/components/ContentTile.jsx","statementMap":{"0":{"start":{"line":7,"column":22},"end":{"line":93,"column":2}},"1":{"start":{"line":7,"column":32},"end":{"line":93,"column":1}},"2":{"start":{"line":95,"column":20},"end":{"line":121,"column":1}},"3":{"start":{"line":96,"column":35},"end":{"line":96,"column":40}},"4":{"start":{"line":97,"column":36},"end":{"line":97,"column":47}},"5":{"start":{"line":98,"column":21},"end":{"line":98,"column":59}},"6":{"start":{"line":100,"column":2},"end":{"line":120,"column":4}},"7":{"start":{"line":123,"column":0},"end":{"line":125,"column":2}}},"fnMap":{"0":{"name":"(anonymous_0)","decl":{"start":{"line":7,"column":22},"end":{"line":7,"column":23}},"loc":{"start":{"line":7,"column":32},"end":{"line":93,"column":1}},"line":7},"1":{"name":"(anonymous_1)","decl":{"start":{"line":95,"column":20},"end":{"line":95,"column":21}},"loc":{"start":{"line":95,"column":29},"end":{"line":121,"column":1}},"line":95}},"branchMap":{"0":{"loc":{"start":{"line":102,"column":7},"end":{"line":108,"column":7}},"type":"binary-expr","locations":[{"start":{"line":102,"column":7},"end":{"line":102,"column":31}},{"start":{"line":103,"column":8},"end":{"line":107,"column":10}}],"line":102},"1":{"loc":{"start":{"line":113,"column":9},"end":{"line":117,"column":9}},"type":"binary-expr","locations":[{"start":{"line":113,"column":9},"end":{"line":113,"column":33}},{"start":{"line":114,"column":10},"end":{"line":116,"column":23}}],"line":113}},"s":{"0":3,"1":1,"2":3,"3":6,"4":6,"5":6,"6":6,"7":3},"f":{"0":1,"1":6},"b":{"0":[6,2],"1":[6,4]},"_coverageSchema":"43e27e138ebf9cfc5966b082cf9a028302ed4184","hash":"081dce89218179ed4791ee01b09468c75a2f8910"}
,"/Users/sarahschneider/Documents/_Sarah/projects/code/_seiu503/member-app-2019/client/src/components/CustomSnackbarContent.jsx": {"path":"/Users/sarahschneider/Documents/_Sarah/projects/code/_seiu503/member-app-2019/client/src/components/CustomSnackbarContent.jsx","statementMap":{"0":{"start":{"line":16,"column":20},"end":{"line":21,"column":1}},"1":{"start":{"line":23,"column":16},"end":{"line":50,"column":2}},"2":{"start":{"line":23,"column":26},"end":{"line":50,"column":1}},"3":{"start":{"line":52,"column":37},"end":{"line":101,"column":1}},"4":{"start":{"line":61,"column":6},"end":{"line":61,"column":11}},"5":{"start":{"line":62,"column":15},"end":{"line":62,"column":35}},"6":{"start":{"line":67,"column":2},"end":{"line":100,"column":4}},"7":{"start":{"line":103,"column":0},"end":{"line":109,"column":2}},"8":{"start":{"line":110,"column":37},"end":{"line":110,"column":79}}},"fnMap":{"0":{"name":"(anonymous_0)","decl":{"start":{"line":23,"column":16},"end":{"line":23,"column":17}},"loc":{"start":{"line":23,"column":26},"end":{"line":50,"column":1}},"line":23},"1":{"name":"(anonymous_1)","decl":{"start":{"line":52,"column":37},"end":{"line":52,"column":38}},"loc":{"start":{"line":52,"column":46},"end":{"line":101,"column":1}},"line":52}},"branchMap":{},"s":{"0":8,"1":8,"2":1,"3":8,"4":19,"5":19,"6":19,"7":8,"8":8},"f":{"0":1,"1":19},"b":{},"_coverageSchema":"43e27e138ebf9cfc5966b082cf9a028302ed4184","hash":"5ee7f5b7ebc6e01cfee2a74ed622156eb0b6540f"}
,"/Users/sarahschneider/Documents/_Sarah/projects/code/_seiu503/member-app-2019/client/src/components/Footer.jsx": {"path":"/Users/sarahschneider/Documents/_Sarah/projects/code/_seiu503/member-app-2019/client/src/components/Footer.jsx","statementMap":{"0":{"start":{"line":4,"column":15},"end":{"line":8,"column":1}},"1":{"start":{"line":5,"column":2},"end":{"line":7,"column":8}},"2":{"start":{"line":10,"column":0},"end":{"line":12,"column":2}}},"fnMap":{"0":{"name":"(anonymous_0)","decl":{"start":{"line":4,"column":15},"end":{"line":4,"column":16}},"loc":{"start":{"line":5,"column":2},"end":{"line":7,"column":8}},"line":5}},"branchMap":{},"s":{"0":2,"1":10,"2":2},"f":{"0":10},"b":{},"_coverageSchema":"43e27e138ebf9cfc5966b082cf9a028302ed4184","hash":"3c7ef470099d1805bb7a657c27e009e167a5abd8"}
,"/Users/sarahschneider/Documents/_Sarah/projects/code/_seiu503/member-app-2019/client/src/components/NotFound.jsx": {"path":"/Users/sarahschneider/Documents/_Sarah/projects/code/_seiu503/member-app-2019/client/src/components/NotFound.jsx","statementMap":{"0":{"start":{"line":4,"column":17},"end":{"line":10,"column":1}},"1":{"start":{"line":5,"column":2},"end":{"line":9,"column":4}},"2":{"start":{"line":12,"column":0},"end":{"line":14,"column":2}}},"fnMap":{"0":{"name":"(anonymous_0)","decl":{"start":{"line":4,"column":17},"end":{"line":4,"column":18}},"loc":{"start":{"line":4,"column":26},"end":{"line":10,"column":1}},"line":4}},"branchMap":{},"s":{"0":2,"1":2,"2":2},"f":{"0":2},"b":{},"_coverageSchema":"43e27e138ebf9cfc5966b082cf9a028302ed4184","hash":"cb98764a664870dbd04b5b2a371ee11d0007c291"}
,"/Users/sarahschneider/Documents/_Sarah/projects/code/_seiu503/member-app-2019/client/src/components/ScrollToTop.jsx": {"path":"/Users/sarahschneider/Documents/_Sarah/projects/code/_seiu503/member-app-2019/client/src/components/ScrollToTop.jsx","statementMap":{"0":{"start":{"line":6,"column":4},"end":{"line":11,"column":5}},"1":{"start":{"line":10,"column":6},"end":{"line":10,"column":54}},"2":{"start":{"line":15,"column":4},"end":{"line":15,"column":31}}},"fnMap":{"0":{"name":"(anonymous_0)","decl":{"start":{"line":5,"column":2},"end":{"line":5,"column":3}},"loc":{"start":{"line":5,"column":32},"end":{"line":12,"column":3}},"line":5},"1":{"name":"(anonymous_1)","decl":{"start":{"line":14,"column":2},"end":{"line":14,"column":3}},"loc":{"start":{"line":14,"column":11},"end":{"line":16,"column":3}},"line":14}},"branchMap":{"0":{"loc":{"start":{"line":6,"column":4},"end":{"line":11,"column":5}},"type":"if","locations":[{"start":{"line":6,"column":4},"end":{"line":11,"column":5}},{"start":{"line":6,"column":4},"end":{"line":11,"column":5}}],"line":6},"1":{"loc":{"start":{"line":7,"column":6},"end":{"line":8,"column":31}},"type":"binary-expr","locations":[{"start":{"line":7,"column":6},"end":{"line":7,"column":48}},{"start":{"line":8,"column":6},"end":{"line":8,"column":31}}],"line":7}},"s":{"0":2,"1":1,"2":5},"f":{"0":2,"1":5},"b":{"0":[1,1],"1":[2,2]},"_coverageSchema":"43e27e138ebf9cfc5966b082cf9a028302ed4184","hash":"b5ed5af0154a5058e8f668124469210c944520a4"}
,"/Users/sarahschneider/Documents/_Sarah/projects/code/_seiu503/member-app-2019/client/src/components/Spinner.jsx": {"path":"/Users/sarahschneider/Documents/_Sarah/projects/code/_seiu503/member-app-2019/client/src/components/Spinner.jsx","statementMap":{"0":{"start":{"line":4,"column":13},"end":{"line":13,"column":1}},"1":{"start":{"line":15,"column":13},"end":{"line":18,"column":1}},"2":{"start":{"line":20,"column":16},"end":{"line":29,"column":1}},"3":{"start":{"line":21,"column":2},"end":{"line":28,"column":8}}},"fnMap":{"0":{"name":"(anonymous_0)","decl":{"start":{"line":20,"column":16},"end":{"line":20,"column":17}},"loc":{"start":{"line":21,"column":2},"end":{"line":28,"column":8}},"line":21}},"branchMap":{},"s":{"0":3,"1":3,"2":3,"3":2},"f":{"0":2},"b":{},"_coverageSchema":"43e27e138ebf9cfc5966b082cf9a028302ed4184","hash":"49966936fcbca49b4acdfeafe7010f0ea740b521"}
,"/Users/sarahschneider/Documents/_Sarah/projects/code/_seiu503/member-app-2019/client/src/components/SpinnerAdornment.jsx": {"path":"/Users/sarahschneider/Documents/_Sarah/projects/code/_seiu503/member-app-2019/client/src/components/SpinnerAdornment.jsx","statementMap":{"0":{"start":{"line":7,"column":31},"end":{"line":10,"column":1}},"1":{"start":{"line":7,"column":41},"end":{"line":10,"column":1}},"2":{"start":{"line":7,"column":54},"end":{"line":10,"column":1}},"3":{"start":{"line":8,"column":15},"end":{"line":8,"column":51}},"4":{"start":{"line":9,"column":2},"end":{"line":9,"column":29}},"5":{"start":{"line":12,"column":22},"end":{"line":24,"column":1}},"6":{"start":{"line":12,"column":31},"end":{"line":24,"column":1}},"7":{"start":{"line":14,"column":4},"end":{"line":16,"column":17}},"8":{"start":{"line":17,"column":22},"end":{"line":17,"column":58}},"9":{"start":{"line":18,"column":2},"end":{"line":23,"column":4}},"10":{"start":{"line":26,"column":36},"end":{"line":32,"column":1}},"11":{"start":{"line":27,"column":2},"end":{"line":31,"column":4}},"12":{"start":{"line":34,"column":25},"end":{"line":34,"column":79}},"13":{"start":{"line":34,"column":58},"end":{"line":34,"column":78}}},"fnMap":{"0":{"name":"(anonymous_0)","decl":{"start":{"line":7,"column":31},"end":{"line":7,"column":32}},"loc":{"start":{"line":7,"column":41},"end":{"line":10,"column":1}},"line":7},"1":{"name":"(anonymous_1)","decl":{"start":{"line":7,"column":41},"end":{"line":7,"column":42}},"loc":{"start":{"line":7,"column":54},"end":{"line":10,"column":1}},"line":7},"2":{"name":"(anonymous_2)","decl":{"start":{"line":7,"column":54},"end":{"line":7,"column":55}},"loc":{"start":{"line":7,"column":63},"end":{"line":10,"column":1}},"line":7},"3":{"name":"(anonymous_3)","decl":{"start":{"line":12,"column":22},"end":{"line":12,"column":23}},"loc":{"start":{"line":12,"column":31},"end":{"line":24,"column":1}},"line":12},"4":{"name":"(anonymous_4)","decl":{"start":{"line":12,"column":31},"end":{"line":12,"column":32}},"loc":{"start":{"line":12,"column":40},"end":{"line":24,"column":1}},"line":12},"5":{"name":"(anonymous_5)","decl":{"start":{"line":26,"column":36},"end":{"line":26,"column":37}},"loc":{"start":{"line":27,"column":2},"end":{"line":31,"column":4}},"line":27},"6":{"name":"(anonymous_6)","decl":{"start":{"line":34,"column":49},"end":{"line":34,"column":50}},"loc":{"start":{"line":34,"column":58},"end":{"line":34,"column":78}},"line":34}},"branchMap":{"0":{"loc":{"start":{"line":14,"column":4},"end":{"line":16,"column":17}},"type":"cond-expr","locations":[{"start":{"line":15,"column":8},"end":{"line":15,"column":39}},{"start":{"line":16,"column":8},"end":{"line":16,"column":17}}],"line":14},"1":{"loc":{"start":{"line":14,"column":4},"end":{"line":14,"column":47}},"type":"binary-expr","locations":[{"start":{"line":14,"column":4},"end":{"line":14,"column":17}},{"start":{"line":14,"column":21},"end":{"line":14,"column":47}}],"line":14}},"s":{"0":6,"1":6,"2":6,"3":1,"4":1,"5":6,"6":3,"7":2,"8":2,"9":2,"10":6,"11":1,"12":6,"13":0},"f":{"0":6,"1":6,"2":1,"3":3,"4":2,"5":1,"6":0},"b":{"0":[1,1],"1":[2,1]},"_coverageSchema":"43e27e138ebf9cfc5966b082cf9a028302ed4184","hash":"8eb16684fda89c26390e07d172129995ff93d66c"}
,"/Users/sarahschneider/Documents/_Sarah/projects/code/_seiu503/member-app-2019/client/src/components/SubmissionFormComponent.jsx": {"path":"/Users/sarahschneider/Documents/_Sarah/projects/code/_seiu503/member-app-2019/client/src/components/SubmissionFormComponent.jsx","statementMap":{"0":{"start":{"line":18,"column":18},"end":{"line":18,"column":40}},"1":{"start":{"line":19,"column":18},"end":{"line":19,"column":40}},"2":{"start":{"line":20,"column":24},"end":{"line":20,"column":52}},"3":{"start":{"line":21,"column":20},"end":{"line":21,"column":44}},"4":{"start":{"line":22,"column":20},"end":{"line":22,"column":44}},"5":{"start":{"line":25,"column":12},"end":{"line":25,"column":30}},"6":{"start":{"line":27,"column":4},"end":{"line":27,"column":17}},"7":{"start":{"line":28,"column":4},"end":{"line":28,"column":20}},"8":{"start":{"line":32,"column":20},"end":{"line":32,"column":48}},"9":{"start":{"line":33,"column":17},"end":{"line":33,"column":42}},"10":{"start":{"line":34,"column":19},"end":{"line":34,"column":46}},"11":{"start":{"line":36,"column":17},"end":{"line":103,"column":3}},"12":{"start":{"line":54,"column":8},"end":{"line":54,"column":14}},"13":{"start":{"line":55,"column":22},"end":{"line":55,"column":48}},"14":{"start":{"line":57,"column":17},"end":{"line":83,"column":5}},"15":{"start":{"line":85,"column":4},"end":{"line":102,"column":48}},"16":{"start":{"line":88,"column":8},"end":{"line":100,"column":9}},"17":{"start":{"line":92,"column":10},"end":{"line":96,"column":12}},"18":{"start":{"line":98,"column":10},"end":{"line":98,"column":69}},"19":{"start":{"line":99,"column":10},"end":{"line":99,"column":47}},"20":{"start":{"line":102,"column":20},"end":{"line":102,"column":46}},"21":{"start":{"line":105,"column":4},"end":{"line":336,"column":6}},"22":{"start":{"line":340,"column":0},"end":{"line":369,"column":2}}},"fnMap":{"0":{"name":"(anonymous_0)","decl":{"start":{"line":26,"column":2},"end":{"line":26,"column":3}},"loc":{"start":{"line":26,"column":21},"end":{"line":29,"column":3}},"line":26},"1":{"name":"(anonymous_1)","decl":{"start":{"line":36,"column":17},"end":{"line":36,"column":18}},"loc":{"start":{"line":36,"column":27},"end":{"line":103,"column":3}},"line":36},"2":{"name":"(anonymous_2)","decl":{"start":{"line":87,"column":12},"end":{"line":87,"column":13}},"loc":{"start":{"line":87,"column":22},"end":{"line":101,"column":7}},"line":87},"3":{"name":"(anonymous_3)","decl":{"start":{"line":102,"column":13},"end":{"line":102,"column":14}},"loc":{"start":{"line":102,"column":20},"end":{"line":102,"column":46}},"line":102},"4":{"name":"(anonymous_4)","decl":{"start":{"line":104,"column":2},"end":{"line":104,"column":3}},"loc":{"start":{"line":104,"column":11},"end":{"line":337,"column":3}},"line":104}},"branchMap":{"0":{"loc":{"start":{"line":88,"column":8},"end":{"line":100,"column":9}},"type":"if","locations":[{"start":{"line":88,"column":8},"end":{"line":100,"column":9}},{"start":{"line":88,"column":8},"end":{"line":100,"column":9}}],"line":88},"1":{"loc":{"start":{"line":89,"column":10},"end":{"line":90,"column":37}},"type":"binary-expr","locations":[{"start":{"line":89,"column":10},"end":{"line":89,"column":50}},{"start":{"line":90,"column":10},"end":{"line":90,"column":37}}],"line":89},"2":{"loc":{"start":{"line":94,"column":12},"end":{"line":95,"column":74}},"type":"binary-expr","locations":[{"start":{"line":94,"column":12},"end":{"line":94,"column":39}},{"start":{"line":95,"column":14},"end":{"line":95,"column":74}}],"line":94}},"s":{"0":3,"1":3,"2":3,"3":3,"4":3,"5":10,"6":10,"7":10,"8":10,"9":10,"10":10,"11":10,"12":2,"13":2,"14":2,"15":2,"16":2,"17":1,"18":1,"19":1,"20":0,"21":13,"22":3},"f":{"0":10,"1":2,"2":2,"3":0,"4":13},"b":{"0":[1,1],"1":[2,1],"2":[1,1]},"_coverageSchema":"43e27e138ebf9cfc5966b082cf9a028302ed4184","hash":"13b84269d4bb6f6aad215c3f1e8e98143fa16178"}
,"/Users/sarahschneider/Documents/_Sarah/projects/code/_seiu503/member-app-2019/client/src/components/SubmissionFormElements.jsx": {"path":"/Users/sarahschneider/Documents/_Sarah/projects/code/_seiu503/member-app-2019/client/src/components/SubmissionFormElements.jsx","statementMap":{"0":{"start":{"line":14,"column":25},"end":{"line":65,"column":1}},"1":{"start":{"line":66,"column":25},"end":{"line":80,"column":1}},"2":{"start":{"line":81,"column":31},"end":{"line":81,"column":64}},"3":{"start":{"line":84,"column":25},"end":{"line":96,"column":1}},"4":{"start":{"line":85,"column":2},"end":{"line":95,"column":3}},"5":{"start":{"line":87,"column":6},"end":{"line":87,"column":16}},"6":{"start":{"line":92,"column":6},"end":{"line":92,"column":16}},"7":{"start":{"line":94,"column":6},"end":{"line":94,"column":16}},"8":{"start":{"line":98,"column":27},"end":{"line":111,"column":1}},"9":{"start":{"line":99,"column":13},"end":{"line":99,"column":32}},"10":{"start":{"line":100,"column":14},"end":{"line":100,"column":27}},"11":{"start":{"line":101,"column":14},"end":{"line":101,"column":16}},"12":{"start":{"line":102,"column":2},"end":{"line":108,"column":3}},"13":{"start":{"line":102,"column":15},"end":{"line":102,"column":16}},"14":{"start":{"line":103,"column":4},"end":{"line":107,"column":5}},"15":{"start":{"line":104,"column":6},"end":{"line":104,"column":26}},"16":{"start":{"line":106,"column":6},"end":{"line":106,"column":31}},"17":{"start":{"line":109,"column":2},"end":{"line":109,"column":20}},"18":{"start":{"line":110,"column":2},"end":{"line":110,"column":15}},"19":{"start":{"line":113,"column":27},"end":{"line":124,"column":1}},"20":{"start":{"line":114,"column":14},"end":{"line":114,"column":16}},"21":{"start":{"line":115,"column":2},"end":{"line":121,"column":3}},"22":{"start":{"line":116,"column":12},"end":{"line":116,"column":42}},"23":{"start":{"line":120,"column":4},"end":{"line":120,"column":32}},"24":{"start":{"line":122,"column":2},"end":{"line":122,"column":20}},"25":{"start":{"line":123,"column":2},"end":{"line":123,"column":15}},"26":{"start":{"line":127,"column":22},"end":{"line":189,"column":2}},"27":{"start":{"line":127,"column":32},"end":{"line":189,"column":1}},"28":{"start":{"line":192,"column":31},"end":{"line":209,"column":1}},"29":{"start":{"line":200,"column":2},"end":{"line":208,"column":4}},"30":{"start":{"line":212,"column":28},"end":{"line":242,"column":1}},"31":{"start":{"line":222,"column":2},"end":{"line":241,"column":16}},"32":{"start":{"line":236,"column":8},"end":{"line":238,"column":17}},"33":{"start":{"line":245,"column":30},"end":{"line":272,"column":1}},"34":{"start":{"line":253,"column":2},"end":{"line":271,"column":16}}},"fnMap":{"0":{"name":"(anonymous_0)","decl":{"start":{"line":84,"column":25},"end":{"line":84,"column":26}},"loc":{"start":{"line":84,"column":34},"end":{"line":96,"column":1}},"line":84},"1":{"name":"(anonymous_1)","decl":{"start":{"line":98,"column":27},"end":{"line":98,"column":28}},"loc":{"start":{"line":98,"column":36},"end":{"line":111,"column":1}},"line":98},"2":{"name":"(anonymous_2)","decl":{"start":{"line":113,"column":27},"end":{"line":113,"column":28}},"loc":{"start":{"line":113,"column":33},"end":{"line":124,"column":1}},"line":113},"3":{"name":"(anonymous_3)","decl":{"start":{"line":127,"column":22},"end":{"line":127,"column":23}},"loc":{"start":{"line":127,"column":32},"end":{"line":189,"column":1}},"line":127},"4":{"name":"(anonymous_4)","decl":{"start":{"line":192,"column":31},"end":{"line":192,"column":32}},"loc":{"start":{"line":200,"column":2},"end":{"line":208,"column":4}},"line":200},"5":{"name":"(anonymous_5)","decl":{"start":{"line":212,"column":28},"end":{"line":212,"column":29}},"loc":{"start":{"line":222,"column":2},"end":{"line":241,"column":16}},"line":222},"6":{"name":"(anonymous_6)","decl":{"start":{"line":235,"column":19},"end":{"line":235,"column":20}},"loc":{"start":{"line":236,"column":8},"end":{"line":238,"column":17}},"line":236},"7":{"name":"(anonymous_7)","decl":{"start":{"line":245,"column":30},"end":{"line":245,"column":31}},"loc":{"start":{"line":253,"column":2},"end":{"line":271,"column":16}},"line":253}},"branchMap":{"0":{"loc":{"start":{"line":85,"column":2},"end":{"line":95,"column":3}},"type":"switch","locations":[{"start":{"line":86,"column":4},"end":{"line":87,"column":16}},{"start":{"line":88,"column":4},"end":{"line":88,"column":14}},{"start":{"line":89,"column":4},"end":{"line":89,"column":14}},{"start":{"line":90,"column":4},"end":{"line":90,"column":14}},{"start":{"line":91,"column":4},"end":{"line":92,"column":16}},{"start":{"line":93,"column":4},"end":{"line":94,"column":16}}],"line":85},"1":{"loc":{"start":{"line":103,"column":4},"end":{"line":107,"column":5}},"type":"if","locations":[{"start":{"line":103,"column":4},"end":{"line":107,"column":5}},{"start":{"line":103,"column":4},"end":{"line":107,"column":5}}],"line":103},"2":{"loc":{"start":{"line":202,"column":11},"end":{"line":202,"column":27}},"type":"binary-expr","locations":[{"start":{"line":202,"column":11},"end":{"line":202,"column":18}},{"start":{"line":202,"column":22},"end":{"line":202,"column":27}}],"line":202},"3":{"loc":{"start":{"line":205,"column":16},"end":{"line":205,"column":32}},"type":"binary-expr","locations":[{"start":{"line":205,"column":16},"end":{"line":205,"column":23}},{"start":{"line":205,"column":27},"end":{"line":205,"column":32}}],"line":205},"4":{"loc":{"start":{"line":224,"column":15},"end":{"line":224,"column":62}},"type":"binary-expr","locations":[{"start":{"line":224,"column":15},"end":{"line":224,"column":39}},{"start":{"line":224,"column":43},"end":{"line":224,"column":62}}],"line":224},"5":{"loc":{"start":{"line":225,"column":11},"end":{"line":225,"column":27}},"type":"binary-expr","locations":[{"start":{"line":225,"column":11},"end":{"line":225,"column":16}},{"start":{"line":225,"column":20},"end":{"line":225,"column":27}}],"line":225},"6":{"loc":{"start":{"line":253,"column":22},"end":{"line":253,"column":38}},"type":"binary-expr","locations":[{"start":{"line":253,"column":22},"end":{"line":253,"column":29}},{"start":{"line":253,"column":33},"end":{"line":253,"column":38}}],"line":253},"7":{"loc":{"start":{"line":259,"column":19},"end":{"line":259,"column":45}},"type":"cond-expr","locations":[{"start":{"line":259,"column":33},"end":{"line":259,"column":37}},{"start":{"line":259,"column":40},"end":{"line":259,"column":45}}],"line":259},"8":{"loc":{"start":{"line":266,"column":5},"end":{"line":270,"column":5}},"type":"binary-expr","locations":[{"start":{"line":266,"column":5},"end":{"line":266,"column":12}},{"start":{"line":266,"column":16},"end":{"line":266,"column":21}},{"start":{"line":267,"column":6},"end":{"line":269,"column":23}}],"line":266}},"s":{"0":3,"1":3,"2":3,"3":3,"4":13,"5":0,"6":0,"7":13,"8":3,"9":13,"10":13,"11":13,"12":13,"13":13,"14":403,"15":117,"16":286,"17":13,"18":13,"19":3,"20":13,"21":13,"22":13,"23":1443,"24":13,"25":13,"26":3,"27":1,"28":3,"29":27,"30":3,"31":21,"32":789,"33":3,"34":6},"f":{"0":13,"1":13,"2":13,"3":1,"4":27,"5":21,"6":789,"7":6},"b":{"0":[0,0,0,0,0,13],"1":[117,286],"2":[27,0],"3":[27,0],"4":[21,15],"5":[21,15],"6":[6,0],"7":[0,6],"8":[6,0,0]},"_coverageSchema":"43e27e138ebf9cfc5966b082cf9a028302ed4184","hash":"ecf90f03449bd97212ec1e8b5074439a0198e3b6"}
,"/Users/sarahschneider/Documents/_Sarah/projects/code/_seiu503/member-app-2019/client/src/components/WelcomeInfo.jsx": {"path":"/Users/sarahschneider/Documents/_Sarah/projects/code/_seiu503/member-app-2019/client/src/components/WelcomeInfo.jsx","statementMap":{"0":{"start":{"line":11,"column":15},"end":{"line":29,"column":2}},"1":{"start":{"line":11,"column":25},"end":{"line":29,"column":1}},"2":{"start":{"line":32,"column":12},"end":{"line":32,"column":30}},"3":{"start":{"line":34,"column":4},"end":{"line":34,"column":17}},"4":{"start":{"line":35,"column":4},"end":{"line":35,"column":20}},"5":{"start":{"line":39,"column":4},"end":{"line":83,"column":6}},"6":{"start":{"line":87,"column":0},"end":{"line":89,"column":2}}},"fnMap":{"0":{"name":"(anonymous_0)","decl":{"start":{"line":11,"column":15},"end":{"line":11,"column":16}},"loc":{"start":{"line":11,"column":25},"end":{"line":29,"column":1}},"line":11},"1":{"name":"(anonymous_1)","decl":{"start":{"line":33,"column":2},"end":{"line":33,"column":3}},"loc":{"start":{"line":33,"column":21},"end":{"line":36,"column":3}},"line":33},"2":{"name":"(anonymous_2)","decl":{"start":{"line":38,"column":2},"end":{"line":38,"column":3}},"loc":{"start":{"line":38,"column":11},"end":{"line":84,"column":3}},"line":38}},"branchMap":{},"s":{"0":3,"1":2,"2":3,"3":3,"4":3,"5":6,"6":3},"f":{"0":2,"1":3,"2":6},"b":{},"_coverageSchema":"43e27e138ebf9cfc5966b082cf9a028302ed4184","hash":"5856d5b0a69870d2668a8c127a8066a60741711d"}
,"/Users/sarahschneider/Documents/_Sarah/projects/code/_seiu503/member-app-2019/client/src/containers/ContentLibrary.jsx": {"path":"/Users/sarahschneider/Documents/_Sarah/projects/code/_seiu503/member-app-2019/client/src/containers/ContentLibrary.jsx","statementMap":{"0":{"start":{"line":20,"column":15},"end":{"line":96,"column":2}},"1":{"start":{"line":20,"column":25},"end":{"line":96,"column":1}},"2":{"start":{"line":100,"column":26},"end":{"line":100,"column":45}},"3":{"start":{"line":102,"column":4},"end":{"line":104,"column":7}},"4":{"start":{"line":108,"column":4},"end":{"line":118,"column":5}},"5":{"start":{"line":113,"column":6},"end":{"line":117,"column":11}},"6":{"start":{"line":121,"column":27},"end":{"line":125,"column":3}},"7":{"start":{"line":122,"column":4},"end":{"line":124,"column":5}},"8":{"start":{"line":123,"column":6},"end":{"line":123,"column":51}},"9":{"start":{"line":128,"column":18},"end":{"line":128,"column":47}},"10":{"start":{"line":129,"column":32},"end":{"line":132,"column":5}},"11":{"start":{"line":133,"column":4},"end":{"line":155,"column":5}},"12":{"start":{"line":137,"column":6},"end":{"line":137,"column":54}},"13":{"start":{"line":138,"column":11},"end":{"line":155,"column":5}},"14":{"start":{"line":142,"column":23},"end":{"line":142,"column":53}},"15":{"start":{"line":143,"column":18},"end":{"line":143,"column":47}},"16":{"start":{"line":144,"column":32},"end":{"line":147,"column":7}},"17":{"start":{"line":148,"column":6},"end":{"line":151,"column":7}},"18":{"start":{"line":149,"column":8},"end":{"line":149,"column":72}},"19":{"start":{"line":150,"column":8},"end":{"line":150,"column":51}},"20":{"start":{"line":152,"column":11},"end":{"line":155,"column":5}},"21":{"start":{"line":153,"column":6},"end":{"line":153,"column":70}},"22":{"start":{"line":154,"column":6},"end":{"line":154,"column":49}},"23":{"start":{"line":159,"column":24},"end":{"line":159,"column":34}},"24":{"start":{"line":161,"column":6},"end":{"line":161,"column":69}},"25":{"start":{"line":162,"column":4},"end":{"line":224,"column":6}},"26":{"start":{"line":173,"column":14},"end":{"line":173,"column":68}},"27":{"start":{"line":174,"column":14},"end":{"line":174,"column":56}},"28":{"start":{"line":193,"column":14},"end":{"line":219,"column":16}},"29":{"start":{"line":198,"column":37},"end":{"line":198,"column":70}},"30":{"start":{"line":208,"column":24},"end":{"line":208,"column":67}},"31":{"start":{"line":228,"column":0},"end":{"line":265,"column":2}},"32":{"start":{"line":267,"column":24},"end":{"line":271,"column":2}},"33":{"start":{"line":267,"column":34},"end":{"line":271,"column":1}},"34":{"start":{"line":273,"column":27},"end":{"line":275,"column":2}},"35":{"start":{"line":273,"column":40},"end":{"line":275,"column":1}}},"fnMap":{"0":{"name":"(anonymous_0)","decl":{"start":{"line":20,"column":15},"end":{"line":20,"column":16}},"loc":{"start":{"line":20,"column":25},"end":{"line":96,"column":1}},"line":20},"1":{"name":"(anonymous_1)","decl":{"start":{"line":99,"column":2},"end":{"line":99,"column":3}},"loc":{"start":{"line":99,"column":22},"end":{"line":105,"column":3}},"line":99},"2":{"name":"(anonymous_2)","decl":{"start":{"line":102,"column":56},"end":{"line":102,"column":57}},"loc":{"start":{"line":102,"column":66},"end":{"line":104,"column":5}},"line":102},"3":{"name":"(anonymous_3)","decl":{"start":{"line":107,"column":2},"end":{"line":107,"column":3}},"loc":{"start":{"line":107,"column":53},"end":{"line":119,"column":3}},"line":107},"4":{"name":"(anonymous_4)","decl":{"start":{"line":115,"column":14},"end":{"line":115,"column":15}},"loc":{"start":{"line":115,"column":24},"end":{"line":117,"column":9}},"line":115},"5":{"name":"(anonymous_5)","decl":{"start":{"line":121,"column":27},"end":{"line":121,"column":28}},"loc":{"start":{"line":121,"column":35},"end":{"line":125,"column":3}},"line":121},"6":{"name":"(anonymous_6)","decl":{"start":{"line":127,"column":2},"end":{"line":127,"column":3}},"loc":{"start":{"line":127,"column":35},"end":{"line":156,"column":3}},"line":127},"7":{"name":"(anonymous_7)","decl":{"start":{"line":158,"column":2},"end":{"line":158,"column":3}},"loc":{"start":{"line":158,"column":11},"end":{"line":225,"column":3}},"line":158},"8":{"name":"(anonymous_8)","decl":{"start":{"line":172,"column":20},"end":{"line":172,"column":21}},"loc":{"start":{"line":172,"column":26},"end":{"line":175,"column":13}},"line":172},"9":{"name":"(anonymous_9)","decl":{"start":{"line":192,"column":47},"end":{"line":192,"column":48}},"loc":{"start":{"line":192,"column":55},"end":{"line":220,"column":13}},"line":192},"10":{"name":"(anonymous_10)","decl":{"start":{"line":198,"column":31},"end":{"line":198,"column":32}},"loc":{"start":{"line":198,"column":37},"end":{"line":198,"column":70}},"line":198},"11":{"name":"(anonymous_11)","decl":{"start":{"line":207,"column":31},"end":{"line":207,"column":32}},"loc":{"start":{"line":208,"column":24},"end":{"line":208,"column":67}},"line":208},"12":{"name":"(anonymous_12)","decl":{"start":{"line":267,"column":24},"end":{"line":267,"column":25}},"loc":{"start":{"line":267,"column":34},"end":{"line":271,"column":1}},"line":267},"13":{"name":"(anonymous_13)","decl":{"start":{"line":273,"column":27},"end":{"line":273,"column":28}},"loc":{"start":{"line":273,"column":40},"end":{"line":275,"column":1}},"line":273}},"branchMap":{"0":{"loc":{"start":{"line":108,"column":4},"end":{"line":118,"column":5}},"type":"if","locations":[{"start":{"line":108,"column":4},"end":{"line":118,"column":5}},{"start":{"line":108,"column":4},"end":{"line":118,"column":5}}],"line":108},"1":{"loc":{"start":{"line":109,"column":6},"end":{"line":111,"column":44}},"type":"binary-expr","locations":[{"start":{"line":109,"column":7},"end":{"line":109,"column":36}},{"start":{"line":109,"column":40},"end":{"line":109,"column":69}},{"start":{"line":110,"column":6},"end":{"line":111,"column":44}}],"line":109},"2":{"loc":{"start":{"line":122,"column":4},"end":{"line":124,"column":5}},"type":"if","locations":[{"start":{"line":122,"column":4},"end":{"line":124,"column":5}},{"start":{"line":122,"column":4},"end":{"line":124,"column":5}}],"line":122},"3":{"loc":{"start":{"line":122,"column":8},"end":{"line":122,"column":44}},"type":"binary-expr","locations":[{"start":{"line":122,"column":8},"end":{"line":122,"column":12}},{"start":{"line":122,"column":16},"end":{"line":122,"column":44}}],"line":122},"4":{"loc":{"start":{"line":133,"column":4},"end":{"line":155,"column":5}},"type":"if","locations":[{"start":{"line":133,"column":4},"end":{"line":155,"column":5}},{"start":{"line":133,"column":4},"end":{"line":155,"column":5}}],"line":133},"5":{"loc":{"start":{"line":134,"column":6},"end":{"line":135,"column":59}},"type":"binary-expr","locations":[{"start":{"line":134,"column":6},"end":{"line":134,"column":31}},{"start":{"line":135,"column":6},"end":{"line":135,"column":59}}],"line":134},"6":{"loc":{"start":{"line":138,"column":11},"end":{"line":155,"column":5}},"type":"if","locations":[{"start":{"line":138,"column":11},"end":{"line":155,"column":5}},{"start":{"line":138,"column":11},"end":{"line":155,"column":5}}],"line":138},"7":{"loc":{"start":{"line":139,"column":6},"end":{"line":140,"column":42}},"type":"binary-expr","locations":[{"start":{"line":139,"column":6},"end":{"line":139,"column":59}},{"start":{"line":140,"column":6},"end":{"line":140,"column":42}}],"line":139},"8":{"loc":{"start":{"line":148,"column":6},"end":{"line":151,"column":7}},"type":"if","locations":[{"start":{"line":148,"column":6},"end":{"line":151,"column":7}},{"start":{"line":148,"column":6},"end":{"line":151,"column":7}}],"line":148},"9":{"loc":{"start":{"line":152,"column":11},"end":{"line":155,"column":5}},"type":"if","locations":[{"start":{"line":152,"column":11},"end":{"line":155,"column":5}},{"start":{"line":152,"column":11},"end":{"line":155,"column":5}}],"line":152},"10":{"loc":{"start":{"line":164,"column":9},"end":{"line":164,"column":50}},"type":"binary-expr","locations":[{"start":{"line":164,"column":9},"end":{"line":164,"column":35}},{"start":{"line":164,"column":39},"end":{"line":164,"column":50}}],"line":164},"11":{"loc":{"start":{"line":165,"column":9},"end":{"line":179,"column":9}},"type":"binary-expr","locations":[{"start":{"line":165,"column":9},"end":{"line":165,"column":44}},{"start":{"line":166,"column":10},"end":{"line":178,"column":12}}],"line":165}},"s":{"0":2,"1":0,"2":1,"3":1,"4":2,"5":2,"6":14,"7":1,"8":1,"9":4,"10":4,"11":4,"12":1,"13":3,"14":2,"15":2,"16":2,"17":2,"18":1,"19":1,"20":1,"21":1,"22":1,"23":27,"24":27,"25":27,"26":0,"27":0,"28":54,"29":1,"30":1,"31":2,"32":2,"33":0,"34":2,"35":0},"f":{"0":0,"1":1,"2":1,"3":2,"4":2,"5":1,"6":4,"7":27,"8":0,"9":54,"10":1,"11":1,"12":0,"13":0},"b":{"0":[2,0],"1":[2,1,1],"2":[1,0],"3":[1,1],"4":[1,3],"5":[4,4],"6":[2,1],"7":[3,3],"8":[1,1],"9":[1,0],"10":[27,0],"11":[27,1]},"_coverageSchema":"43e27e138ebf9cfc5966b082cf9a028302ed4184","hash":"37f70d1e1af7040774129733ff94483d88d5114a"}
,"/Users/sarahschneider/Documents/_Sarah/projects/code/_seiu503/member-app-2019/client/src/containers/Dashboard.jsx": {"path":"/Users/sarahschneider/Documents/_Sarah/projects/code/_seiu503/member-app-2019/client/src/containers/Dashboard.jsx","statementMap":{"0":{"start":{"line":21,"column":15},"end":{"line":56,"column":2}},"1":{"start":{"line":21,"column":25},"end":{"line":56,"column":1}},"2":{"start":{"line":62,"column":4},"end":{"line":88,"column":5}},"3":{"start":{"line":63,"column":6},"end":{"line":63,"column":42}},"4":{"start":{"line":64,"column":6},"end":{"line":64,"column":44}},"5":{"start":{"line":67,"column":6},"end":{"line":67,"column":68}},"6":{"start":{"line":68,"column":6},"end":{"line":68,"column":70}},"7":{"start":{"line":69,"column":6},"end":{"line":69,"column":39}},"8":{"start":{"line":70,"column":6},"end":{"line":70,"column":44}},"9":{"start":{"line":72,"column":6},"end":{"line":76,"column":8}},"10":{"start":{"line":80,"column":6},"end":{"line":82,"column":58}},"11":{"start":{"line":83,"column":6},"end":{"line":87,"column":7}},"12":{"start":{"line":84,"column":8},"end":{"line":84,"column":69}},"13":{"start":{"line":86,"column":8},"end":{"line":86,"column":46}},"14":{"start":{"line":90,"column":4},"end":{"line":110,"column":9}},"15":{"start":{"line":93,"column":8},"end":{"line":106,"column":9}},"16":{"start":{"line":94,"column":10},"end":{"line":94,"column":43}},"17":{"start":{"line":96,"column":27},"end":{"line":96,"column":66}},"18":{"start":{"line":97,"column":10},"end":{"line":102,"column":11}},"19":{"start":{"line":100,"column":12},"end":{"line":100,"column":46}},"20":{"start":{"line":101,"column":12},"end":{"line":101,"column":55}},"21":{"start":{"line":104,"column":10},"end":{"line":104,"column":39}},"22":{"start":{"line":105,"column":10},"end":{"line":105,"column":70}},"23":{"start":{"line":109,"column":8},"end":{"line":109,"column":35}},"24":{"start":{"line":114,"column":24},"end":{"line":114,"column":34}},"25":{"start":{"line":115,"column":25},"end":{"line":115,"column":44}},"26":{"start":{"line":116,"column":21},"end":{"line":116,"column":60}},"27":{"start":{"line":117,"column":33},"end":{"line":117,"column":59}},"28":{"start":{"line":118,"column":4},"end":{"line":141,"column":6}},"29":{"start":{"line":145,"column":0},"end":{"line":175,"column":2}},"30":{"start":{"line":177,"column":24},"end":{"line":180,"column":2}},"31":{"start":{"line":177,"column":34},"end":{"line":180,"column":1}},"32":{"start":{"line":182,"column":27},"end":{"line":185,"column":2}},"33":{"start":{"line":182,"column":40},"end":{"line":185,"column":1}},"34":{"start":{"line":187,"column":34},"end":{"line":190,"column":23}}},"fnMap":{"0":{"name":"(anonymous_0)","decl":{"start":{"line":21,"column":15},"end":{"line":21,"column":16}},"loc":{"start":{"line":21,"column":25},"end":{"line":56,"column":1}},"line":21},"1":{"name":"(anonymous_1)","decl":{"start":{"line":59,"column":2},"end":{"line":59,"column":3}},"loc":{"start":{"line":59,"column":23},"end":{"line":111,"column":3}},"line":59},"2":{"name":"(anonymous_2)","decl":{"start":{"line":92,"column":12},"end":{"line":92,"column":13}},"loc":{"start":{"line":92,"column":22},"end":{"line":107,"column":7}},"line":92},"3":{"name":"(anonymous_3)","decl":{"start":{"line":108,"column":13},"end":{"line":108,"column":14}},"loc":{"start":{"line":108,"column":20},"end":{"line":110,"column":7}},"line":108},"4":{"name":"(anonymous_4)","decl":{"start":{"line":113,"column":2},"end":{"line":113,"column":3}},"loc":{"start":{"line":113,"column":11},"end":{"line":142,"column":3}},"line":113},"5":{"name":"(anonymous_5)","decl":{"start":{"line":177,"column":24},"end":{"line":177,"column":25}},"loc":{"start":{"line":177,"column":34},"end":{"line":180,"column":1}},"line":177},"6":{"name":"(anonymous_6)","decl":{"start":{"line":182,"column":27},"end":{"line":182,"column":28}},"loc":{"start":{"line":182,"column":40},"end":{"line":185,"column":1}},"line":182}},"branchMap":{"0":{"loc":{"start":{"line":62,"column":4},"end":{"line":88,"column":5}},"type":"if","locations":[{"start":{"line":62,"column":4},"end":{"line":88,"column":5}},{"start":{"line":62,"column":4},"end":{"line":88,"column":5}}],"line":62},"1":{"loc":{"start":{"line":62,"column":8},"end":{"line":62,"column":54}},"type":"binary-expr","locations":[{"start":{"line":62,"column":8},"end":{"line":62,"column":24}},{"start":{"line":62,"column":28},"end":{"line":62,"column":54}}],"line":62},"2":{"loc":{"start":{"line":81,"column":8},"end":{"line":82,"column":57}},"type":"binary-expr","locations":[{"start":{"line":81,"column":8},"end":{"line":81,"column":38}},{"start":{"line":82,"column":8},"end":{"line":82,"column":57}}],"line":81},"3":{"loc":{"start":{"line":83,"column":6},"end":{"line":87,"column":7}},"type":"if","locations":[{"start":{"line":83,"column":6},"end":{"line":87,"column":7}},{"start":{"line":83,"column":6},"end":{"line":87,"column":7}}],"line":83},"4":{"loc":{"start":{"line":93,"column":8},"end":{"line":106,"column":9}},"type":"if","locations":[{"start":{"line":93,"column":8},"end":{"line":106,"column":9}},{"start":{"line":93,"column":8},"end":{"line":106,"column":9}}],"line":93},"5":{"loc":{"start":{"line":97,"column":10},"end":{"line":102,"column":11}},"type":"if","locations":[{"start":{"line":97,"column":10},"end":{"line":102,"column":11}},{"start":{"line":97,"column":10},"end":{"line":102,"column":11}}],"line":97},"6":{"loc":{"start":{"line":120,"column":9},"end":{"line":139,"column":9}},"type":"binary-expr","locations":[{"start":{"line":120,"column":9},"end":{"line":120,"column":17}},{"start":{"line":120,"column":21},"end":{"line":120,"column":30}},{"start":{"line":121,"column":10},"end":{"line":138,"column":17}}],"line":120}},"s":{"0":2,"1":1,"2":11,"3":9,"4":9,"5":9,"6":9,"7":9,"8":9,"9":9,"10":2,"11":2,"12":1,"13":1,"14":11,"15":6,"16":6,"17":6,"18":6,"19":0,"20":0,"21":0,"22":0,"23":0,"24":15,"25":15,"26":15,"27":15,"28":15,"29":2,"30":2,"31":11,"32":2,"33":5,"34":2},"f":{"0":1,"1":11,"2":6,"3":0,"4":15,"5":11,"6":5},"b":{"0":[9,2],"1":[11,11],"2":[2,2],"3":[1,1],"4":[6,0],"5":[0,6],"6":[15,9,8]},"_coverageSchema":"43e27e138ebf9cfc5966b082cf9a028302ed4184","hash":"9c2d5bd3e7b5f460d5bc509b8fa3f5ae7371cd23"}
,"/Users/sarahschneider/Documents/_Sarah/projects/code/_seiu503/member-app-2019/client/src/containers/Logout.jsx": {"path":"/Users/sarahschneider/Documents/_Sarah/projects/code/_seiu503/member-app-2019/client/src/containers/Logout.jsx","statementMap":{"0":{"start":{"line":11,"column":4},"end":{"line":11,"column":32}},"1":{"start":{"line":12,"column":4},"end":{"line":12,"column":32}},"2":{"start":{"line":13,"column":4},"end":{"line":15,"column":13}},"3":{"start":{"line":14,"column":6},"end":{"line":14,"column":34}},"4":{"start":{"line":19,"column":4},"end":{"line":32,"column":6}},"5":{"start":{"line":36,"column":0},"end":{"line":41,"column":2}},"6":{"start":{"line":43,"column":34},"end":{"line":45,"column":2}},"7":{"start":{"line":43,"column":47},"end":{"line":45,"column":1}}},"fnMap":{"0":{"name":"(anonymous_0)","decl":{"start":{"line":10,"column":2},"end":{"line":10,"column":3}},"loc":{"start":{"line":10,"column":22},"end":{"line":16,"column":3}},"line":10},"1":{"name":"(anonymous_1)","decl":{"start":{"line":13,"column":15},"end":{"line":13,"column":16}},"loc":{"start":{"line":13,"column":21},"end":{"line":15,"column":5}},"line":13},"2":{"name":"(anonymous_2)","decl":{"start":{"line":18,"column":2},"end":{"line":18,"column":3}},"loc":{"start":{"line":18,"column":11},"end":{"line":33,"column":3}},"line":18},"3":{"name":"(anonymous_3)","decl":{"start":{"line":43,"column":34},"end":{"line":43,"column":35}},"loc":{"start":{"line":43,"column":47},"end":{"line":45,"column":1}},"line":43}},"branchMap":{},"s":{"0":3,"1":3,"2":3,"3":2,"4":9,"5":2,"6":2,"7":1},"f":{"0":3,"1":2,"2":9,"3":1},"b":{},"_coverageSchema":"43e27e138ebf9cfc5966b082cf9a028302ed4184","hash":"73dfdd61f919869ea2d1002cfaf8bb5480e273a3"}
,"/Users/sarahschneider/Documents/_Sarah/projects/code/_seiu503/member-app-2019/client/src/containers/NavBar.jsx": {"path":"/Users/sarahschneider/Documents/_Sarah/projects/code/_seiu503/member-app-2019/client/src/containers/NavBar.jsx","statementMap":{"0":{"start":{"line":21,"column":15},"end":{"line":129,"column":2}},"1":{"start":{"line":21,"column":25},"end":{"line":129,"column":1}},"2":{"start":{"line":133,"column":4},"end":{"line":133,"column":17}},"3":{"start":{"line":135,"column":4},"end":{"line":137,"column":6}},"4":{"start":{"line":139,"column":4},"end":{"line":139,"column":51}},"5":{"start":{"line":140,"column":4},"end":{"line":140,"column":51}},"6":{"start":{"line":144,"column":4},"end":{"line":144,"column":49}},"7":{"start":{"line":145,"column":4},"end":{"line":145,"column":60}},"8":{"start":{"line":149,"column":4},"end":{"line":149,"column":38}},"9":{"start":{"line":150,"column":4},"end":{"line":150,"column":63}},"10":{"start":{"line":154,"column":24},"end":{"line":154,"column":34}},"11":{"start":{"line":155,"column":25},"end":{"line":155,"column":35}},"12":{"start":{"line":156,"column":25},"end":{"line":156,"column":44}},"13":{"start":{"line":157,"column":18},"end":{"line":157,"column":34}},"14":{"start":{"line":158,"column":23},"end":{"line":158,"column":51}},"15":{"start":{"line":159,"column":25},"end":{"line":181,"column":5}},"16":{"start":{"line":160,"column":45},"end":{"line":160,"column":50}},"17":{"start":{"line":161,"column":6},"end":{"line":180,"column":8}},"18":{"start":{"line":167,"column":12},"end":{"line":167,"column":48}},"19":{"start":{"line":168,"column":12},"end":{"line":168,"column":26}},"20":{"start":{"line":183,"column":6},"end":{"line":196,"column":12}},"21":{"start":{"line":185,"column":10},"end":{"line":194,"column":12}},"22":{"start":{"line":199,"column":6},"end":{"line":207,"column":12}},"23":{"start":{"line":201,"column":10},"end":{"line":205,"column":12}},"24":{"start":{"line":210,"column":6},"end":{"line":225,"column":12}},"25":{"start":{"line":212,"column":10},"end":{"line":223,"column":12}},"26":{"start":{"line":217,"column":16},"end":{"line":217,"column":52}},"27":{"start":{"line":227,"column":4},"end":{"line":297,"column":6}},"28":{"start":{"line":235,"column":29},"end":{"line":235,"column":41}},"29":{"start":{"line":264,"column":28},"end":{"line":264,"column":47}},"30":{"start":{"line":301,"column":0},"end":{"line":318,"column":2}},"31":{"start":{"line":320,"column":24},"end":{"line":323,"column":2}},"32":{"start":{"line":320,"column":34},"end":{"line":323,"column":1}}},"fnMap":{"0":{"name":"(anonymous_0)","decl":{"start":{"line":21,"column":15},"end":{"line":21,"column":16}},"loc":{"start":{"line":21,"column":25},"end":{"line":129,"column":1}},"line":21},"1":{"name":"(anonymous_1)","decl":{"start":{"line":132,"column":2},"end":{"line":132,"column":3}},"loc":{"start":{"line":132,"column":21},"end":{"line":141,"column":3}},"line":132},"2":{"name":"(anonymous_2)","decl":{"start":{"line":143,"column":2},"end":{"line":143,"column":3}},"loc":{"start":{"line":143,"column":17},"end":{"line":146,"column":3}},"line":143},"3":{"name":"(anonymous_3)","decl":{"start":{"line":148,"column":2},"end":{"line":148,"column":3}},"loc":{"start":{"line":148,"column":16},"end":{"line":151,"column":3}},"line":148},"4":{"name":"(anonymous_4)","decl":{"start":{"line":153,"column":2},"end":{"line":153,"column":3}},"loc":{"start":{"line":153,"column":11},"end":{"line":298,"column":3}},"line":153},"5":{"name":"(anonymous_5)","decl":{"start":{"line":159,"column":25},"end":{"line":159,"column":26}},"loc":{"start":{"line":159,"column":34},"end":{"line":181,"column":5}},"line":159},"6":{"name":"(anonymous_6)","decl":{"start":{"line":166,"column":19},"end":{"line":166,"column":20}},"loc":{"start":{"line":166,"column":25},"end":{"line":169,"column":11}},"line":166},"7":{"name":"(anonymous_7)","decl":{"start":{"line":184,"column":19},"end":{"line":184,"column":20}},"loc":{"start":{"line":184,"column":36},"end":{"line":195,"column":9}},"line":184},"8":{"name":"(anonymous_8)","decl":{"start":{"line":200,"column":24},"end":{"line":200,"column":25}},"loc":{"start":{"line":200,"column":41},"end":{"line":206,"column":9}},"line":200},"9":{"name":"(anonymous_9)","decl":{"start":{"line":211,"column":19},"end":{"line":211,"column":20}},"loc":{"start":{"line":211,"column":36},"end":{"line":224,"column":9}},"line":211},"10":{"name":"(anonymous_10)","decl":{"start":{"line":216,"column":23},"end":{"line":216,"column":24}},"loc":{"start":{"line":216,"column":29},"end":{"line":218,"column":15}},"line":216},"11":{"name":"(anonymous_11)","decl":{"start":{"line":235,"column":23},"end":{"line":235,"column":24}},"loc":{"start":{"line":235,"column":29},"end":{"line":235,"column":41}},"line":235},"12":{"name":"(anonymous_12)","decl":{"start":{"line":264,"column":23},"end":{"line":264,"column":24}},"loc":{"start":{"line":264,"column":28},"end":{"line":264,"column":47}},"line":264},"13":{"name":"(anonymous_13)","decl":{"start":{"line":320,"column":24},"end":{"line":320,"column":25}},"loc":{"start":{"line":320,"column":34},"end":{"line":323,"column":1}},"line":320}},"branchMap":{"0":{"loc":{"start":{"line":262,"column":25},"end":{"line":262,"column":53}},"type":"cond-expr","locations":[{"start":{"line":262,"column":36},"end":{"line":262,"column":46}},{"start":{"line":262,"column":49},"end":{"line":262,"column":53}}],"line":262},"1":{"loc":{"start":{"line":286,"column":13},"end":{"line":293,"column":13}},"type":"cond-expr","locations":[{"start":{"line":287,"column":14},"end":{"line":290,"column":20}},{"start":{"line":292,"column":14},"end":{"line":292,"column":65}}],"line":286}},"s":{"0":2,"1":1,"2":24,"3":24,"4":24,"5":24,"6":1,"7":1,"8":2,"9":2,"10":33,"11":33,"12":33,"13":33,"14":33,"15":33,"16":4,"17":4,"18":2,"19":2,"20":33,"21":33,"22":33,"23":99,"24":33,"25":33,"26":1,"27":33,"28":1,"29":1,"30":2,"31":2,"32":13},"f":{"0":1,"1":24,"2":1,"3":2,"4":33,"5":4,"6":2,"7":33,"8":99,"9":33,"10":1,"11":1,"12":1,"13":13},"b":{"0":[2,31],"1":[1,32]},"_coverageSchema":"43e27e138ebf9cfc5966b082cf9a028302ed4184","hash":"5267c59fb0d5972d12d1c3a95eade048ad36e820"}
,"/Users/sarahschneider/Documents/_Sarah/projects/code/_seiu503/member-app-2019/client/src/containers/Notifier.jsx": {"path":"/Users/sarahschneider/Documents/_Sarah/projects/code/_seiu503/member-app-2019/client/src/containers/Notifier.jsx","statementMap":{"0":{"start":{"line":10,"column":10},"end":{"line":15,"column":3}},"1":{"start":{"line":18,"column":4},"end":{"line":18,"column":39}},"2":{"start":{"line":21,"column":17},"end":{"line":28,"column":3}},"3":{"start":{"line":22,"column":4},"end":{"line":27,"column":7}},"4":{"start":{"line":30,"column":24},"end":{"line":37,"column":3}},"5":{"start":{"line":31,"column":4},"end":{"line":36,"column":7}},"6":{"start":{"line":41,"column":6},"end":{"line":45,"column":8}},"7":{"start":{"line":48,"column":4},"end":{"line":68,"column":6}},"8":{"start":{"line":80,"column":28},"end":{"line":104,"column":1}},"9":{"start":{"line":88,"column":2},"end":{"line":103,"column":3}},"10":{"start":{"line":92,"column":4},"end":{"line":92,"column":44}},"11":{"start":{"line":93,"column":9},"end":{"line":103,"column":3}},"12":{"start":{"line":99,"column":4},"end":{"line":99,"column":44}},"13":{"start":{"line":102,"column":4},"end":{"line":102,"column":59}},"14":{"start":{"line":102,"column":21},"end":{"line":102,"column":53}}},"fnMap":{"0":{"name":"(anonymous_0)","decl":{"start":{"line":17,"column":2},"end":{"line":17,"column":3}},"loc":{"start":{"line":17,"column":22},"end":{"line":19,"column":3}},"line":17},"1":{"name":"(anonymous_1)","decl":{"start":{"line":21,"column":17},"end":{"line":21,"column":18}},"loc":{"start":{"line":21,"column":47},"end":{"line":28,"column":3}},"line":21},"2":{"name":"(anonymous_2)","decl":{"start":{"line":30,"column":24},"end":{"line":30,"column":25}},"loc":{"start":{"line":30,"column":30},"end":{"line":37,"column":3}},"line":30},"3":{"name":"(anonymous_3)","decl":{"start":{"line":39,"column":2},"end":{"line":39,"column":3}},"loc":{"start":{"line":39,"column":11},"end":{"line":69,"column":3}},"line":39},"4":{"name":"(anonymous_4)","decl":{"start":{"line":80,"column":28},"end":{"line":80,"column":29}},"loc":{"start":{"line":85,"column":5},"end":{"line":104,"column":1}},"line":85},"5":{"name":"(anonymous_5)","decl":{"start":{"line":102,"column":15},"end":{"line":102,"column":16}},"loc":{"start":{"line":102,"column":21},"end":{"line":102,"column":53}},"line":102}},"branchMap":{"0":{"loc":{"start":{"line":88,"column":2},"end":{"line":103,"column":3}},"type":"if","locations":[{"start":{"line":88,"column":2},"end":{"line":103,"column":3}},{"start":{"line":88,"column":2},"end":{"line":103,"column":3}}],"line":88},"1":{"loc":{"start":{"line":89,"column":4},"end":{"line":90,"column":17}},"type":"binary-expr","locations":[{"start":{"line":89,"column":5},"end":{"line":89,"column":41}},{"start":{"line":89,"column":45},"end":{"line":89,"column":76}},{"start":{"line":90,"column":4},"end":{"line":90,"column":17}}],"line":89},"2":{"loc":{"start":{"line":93,"column":9},"end":{"line":103,"column":3}},"type":"if","locations":[{"start":{"line":93,"column":9},"end":{"line":103,"column":3}},{"start":{"line":93,"column":9},"end":{"line":103,"column":3}}],"line":93},"3":{"loc":{"start":{"line":94,"column":4},"end":{"line":96,"column":19}},"type":"binary-expr","locations":[{"start":{"line":94,"column":4},"end":{"line":94,"column":40}},{"start":{"line":95,"column":4},"end":{"line":95,"column":35}},{"start":{"line":96,"column":4},"end":{"line":96,"column":19}}],"line":94}},"s":{"0":15,"1":16,"2":15,"3":2,"4":15,"5":1,"6":23,"7":23,"8":7,"9":7,"10":1,"11":6,"12":2,"13":4,"14":0},"f":{"0":16,"1":2,"2":1,"3":23,"4":7,"5":0},"b":{"0":[1,6],"1":[7,3,7],"2":[2,4],"3":[6,2,2]},"_coverageSchema":"43e27e138ebf9cfc5966b082cf9a028302ed4184","hash":"9c528ddaa520eb352adad0c9710184c04145f295"}
,"/Users/sarahschneider/Documents/_Sarah/projects/code/_seiu503/member-app-2019/client/src/containers/SubmissionForm.jsx": {"path":"/Users/sarahschneider/Documents/_Sarah/projects/code/_seiu503/member-app-2019/client/src/containers/SubmissionForm.jsx","statementMap":{"0":{"start":{"line":12,"column":30},"end":{"line":16,"column":27}},"1":{"start":{"line":18,"column":24},"end":{"line":28,"column":2}},"2":{"start":{"line":18,"column":34},"end":{"line":28,"column":1}},"3":{"start":{"line":30,"column":27},"end":{"line":32,"column":2}},"4":{"start":{"line":30,"column":40},"end":{"line":32,"column":1}}},"fnMap":{"0":{"name":"(anonymous_0)","decl":{"start":{"line":18,"column":24},"end":{"line":18,"column":25}},"loc":{"start":{"line":18,"column":34},"end":{"line":28,"column":1}},"line":18},"1":{"name":"(anonymous_1)","decl":{"start":{"line":30,"column":27},"end":{"line":30,"column":28}},"loc":{"start":{"line":30,"column":40},"end":{"line":32,"column":1}},"line":30}},"branchMap":{"0":{"loc":{"start":{"line":27,"column":14},"end":{"line":27,"column":54}},"type":"binary-expr","locations":[{"start":{"line":27,"column":14},"end":{"line":27,"column":48}},{"start":{"line":27,"column":52},"end":{"line":27,"column":54}}],"line":27}},"s":{"0":2,"1":2,"2":10,"3":2,"4":3},"f":{"0":10,"1":3},"b":{"0":[10,3]},"_coverageSchema":"43e27e138ebf9cfc5966b082cf9a028302ed4184","hash":"82d347a9a1e8511b2c039beff1ea4a01c07c4cf0"}
,"/Users/sarahschneider/Documents/_Sarah/projects/code/_seiu503/member-app-2019/client/src/containers/TextInputForm.jsx": {"path":"/Users/sarahschneider/Documents/_Sarah/projects/code/_seiu503/member-app-2019/client/src/containers/TextInputForm.jsx","statementMap":{"0":{"start":{"line":22,"column":15},"end":{"line":59,"column":2}},"1":{"start":{"line":22,"column":25},"end":{"line":59,"column":1}},"2":{"start":{"line":63,"column":4},"end":{"line":63,"column":17}},"3":{"start":{"line":64,"column":4},"end":{"line":67,"column":6}},"4":{"start":{"line":68,"column":4},"end":{"line":68,"column":41}},"5":{"start":{"line":72,"column":4},"end":{"line":90,"column":5}},"6":{"start":{"line":73,"column":6},"end":{"line":89,"column":50}},"7":{"start":{"line":76,"column":10},"end":{"line":87,"column":11}},"8":{"start":{"line":80,"column":12},"end":{"line":84,"column":14}},"9":{"start":{"line":89,"column":22},"end":{"line":89,"column":48}},"10":{"start":{"line":93,"column":16},"end":{"line":100,"column":3}},"11":{"start":{"line":94,"column":21},"end":{"line":94,"column":38}},"12":{"start":{"line":95,"column":4},"end":{"line":95,"column":26}},"13":{"start":{"line":96,"column":4},"end":{"line":99,"column":7}},"14":{"start":{"line":97,"column":6},"end":{"line":97,"column":40}},"15":{"start":{"line":98,"column":6},"end":{"line":98,"column":42}},"16":{"start":{"line":102,"column":15},"end":{"line":110,"column":3}},"17":{"start":{"line":104,"column":21},"end":{"line":104,"column":38}},"18":{"start":{"line":105,"column":4},"end":{"line":105,"column":26}},"19":{"start":{"line":106,"column":4},"end":{"line":106,"column":27}},"20":{"start":{"line":107,"column":4},"end":{"line":109,"column":7}},"21":{"start":{"line":108,"column":6},"end":{"line":108,"column":45}},"22":{"start":{"line":112,"column":15},"end":{"line":116,"column":3}},"23":{"start":{"line":113,"column":21},"end":{"line":113,"column":38}},"24":{"start":{"line":114,"column":4},"end":{"line":114,"column":25}},"25":{"start":{"line":115,"column":4},"end":{"line":115,"column":35}},"26":{"start":{"line":118,"column":19},"end":{"line":137,"column":3}},"27":{"start":{"line":119,"column":17},"end":{"line":119,"column":19}},"28":{"start":{"line":120,"column":4},"end":{"line":122,"column":5}},"29":{"start":{"line":121,"column":6},"end":{"line":121,"column":58}},"30":{"start":{"line":123,"column":4},"end":{"line":132,"column":5}},"31":{"start":{"line":129,"column":6},"end":{"line":131,"column":8}},"32":{"start":{"line":134,"column":4},"end":{"line":136,"column":5}},"33":{"start":{"line":135,"column":6},"end":{"line":135,"column":46}},"34":{"start":{"line":139,"column":17},"end":{"line":164,"column":3}},"35":{"start":{"line":140,"column":26},"end":{"line":140,"column":45}},"36":{"start":{"line":141,"column":21},"end":{"line":141,"column":56}},"37":{"start":{"line":142,"column":17},"end":{"line":142,"column":32}},"38":{"start":{"line":143,"column":15},"end":{"line":143,"column":71}},"39":{"start":{"line":144,"column":4},"end":{"line":163,"column":48}},"40":{"start":{"line":147,"column":8},"end":{"line":161,"column":9}},"41":{"start":{"line":151,"column":10},"end":{"line":155,"column":12}},"42":{"start":{"line":157,"column":10},"end":{"line":157,"column":56}},"43":{"start":{"line":158,"column":10},"end":{"line":158,"column":44}},"44":{"start":{"line":159,"column":10},"end":{"line":159,"column":57}},"45":{"start":{"line":160,"column":10},"end":{"line":160,"column":46}},"46":{"start":{"line":163,"column":20},"end":{"line":163,"column":46}},"47":{"start":{"line":167,"column":38},"end":{"line":167,"column":61}},"48":{"start":{"line":168,"column":26},"end":{"line":168,"column":45}},"49":{"start":{"line":169,"column":17},"end":{"line":172,"column":5}},"50":{"start":{"line":174,"column":4},"end":{"line":176,"column":5}},"51":{"start":{"line":175,"column":6},"end":{"line":175,"column":38}},"52":{"start":{"line":177,"column":4},"end":{"line":226,"column":5}},"53":{"start":{"line":178,"column":6},"end":{"line":196,"column":50}},"54":{"start":{"line":181,"column":10},"end":{"line":194,"column":11}},"55":{"start":{"line":185,"column":12},"end":{"line":189,"column":14}},"56":{"start":{"line":191,"column":12},"end":{"line":191,"column":79}},"57":{"start":{"line":192,"column":12},"end":{"line":192,"column":46}},"58":{"start":{"line":193,"column":12},"end":{"line":193,"column":48}},"59":{"start":{"line":196,"column":22},"end":{"line":196,"column":48}},"60":{"start":{"line":197,"column":11},"end":{"line":226,"column":5}},"61":{"start":{"line":198,"column":6},"end":{"line":219,"column":50}},"62":{"start":{"line":201,"column":10},"end":{"line":217,"column":11}},"63":{"start":{"line":205,"column":12},"end":{"line":209,"column":14}},"64":{"start":{"line":211,"column":12},"end":{"line":214,"column":14}},"65":{"start":{"line":215,"column":12},"end":{"line":215,"column":46}},"66":{"start":{"line":216,"column":12},"end":{"line":216,"column":48}},"67":{"start":{"line":219,"column":22},"end":{"line":219,"column":48}},"68":{"start":{"line":221,"column":6},"end":{"line":225,"column":8}},"69":{"start":{"line":230,"column":24},"end":{"line":230,"column":34}},"70":{"start":{"line":231,"column":4},"end":{"line":348,"column":6}},"71":{"start":{"line":244,"column":29},"end":{"line":244,"column":48}},"72":{"start":{"line":352,"column":0},"end":{"line":371,"column":2}},"73":{"start":{"line":373,"column":24},"end":{"line":376,"column":2}},"74":{"start":{"line":373,"column":34},"end":{"line":376,"column":1}},"75":{"start":{"line":378,"column":27},"end":{"line":380,"column":2}},"76":{"start":{"line":378,"column":40},"end":{"line":380,"column":1}},"77":{"start":{"line":382,"column":38},"end":{"line":385,"column":27}}},"fnMap":{"0":{"name":"(anonymous_0)","decl":{"start":{"line":22,"column":15},"end":{"line":22,"column":16}},"loc":{"start":{"line":22,"column":25},"end":{"line":59,"column":1}},"line":22},"1":{"name":"(anonymous_1)","decl":{"start":{"line":62,"column":2},"end":{"line":62,"column":3}},"loc":{"start":{"line":62,"column":21},"end":{"line":69,"column":3}},"line":62},"2":{"name":"(anonymous_2)","decl":{"start":{"line":71,"column":2},"end":{"line":71,"column":3}},"loc":{"start":{"line":71,"column":22},"end":{"line":91,"column":3}},"line":71},"3":{"name":"(anonymous_3)","decl":{"start":{"line":75,"column":14},"end":{"line":75,"column":15}},"loc":{"start":{"line":75,"column":24},"end":{"line":88,"column":9}},"line":75},"4":{"name":"(anonymous_4)","decl":{"start":{"line":89,"column":15},"end":{"line":89,"column":16}},"loc":{"start":{"line":89,"column":22},"end":{"line":89,"column":48}},"line":89},"5":{"name":"(anonymous_5)","decl":{"start":{"line":93,"column":16},"end":{"line":93,"column":17}},"loc":{"start":{"line":93,"column":22},"end":{"line":100,"column":3}},"line":93},"6":{"name":"(anonymous_6)","decl":{"start":{"line":96,"column":35},"end":{"line":96,"column":36}},"loc":{"start":{"line":96,"column":41},"end":{"line":99,"column":5}},"line":96},"7":{"name":"(anonymous_7)","decl":{"start":{"line":102,"column":15},"end":{"line":102,"column":16}},"loc":{"start":{"line":102,"column":24},"end":{"line":110,"column":3}},"line":102},"8":{"name":"(anonymous_8)","decl":{"start":{"line":107,"column":35},"end":{"line":107,"column":36}},"loc":{"start":{"line":107,"column":41},"end":{"line":109,"column":5}},"line":107},"9":{"name":"(anonymous_9)","decl":{"start":{"line":112,"column":15},"end":{"line":112,"column":16}},"loc":{"start":{"line":112,"column":21},"end":{"line":116,"column":3}},"line":112},"10":{"name":"(anonymous_10)","decl":{"start":{"line":118,"column":19},"end":{"line":118,"column":20}},"loc":{"start":{"line":118,"column":31},"end":{"line":137,"column":3}},"line":118},"11":{"name":"(anonymous_11)","decl":{"start":{"line":139,"column":17},"end":{"line":139,"column":18}},"loc":{"start":{"line":139,"column":25},"end":{"line":164,"column":3}},"line":139},"12":{"name":"(anonymous_12)","decl":{"start":{"line":146,"column":12},"end":{"line":146,"column":13}},"loc":{"start":{"line":146,"column":22},"end":{"line":162,"column":7}},"line":146},"13":{"name":"(anonymous_13)","decl":{"start":{"line":163,"column":13},"end":{"line":163,"column":14}},"loc":{"start":{"line":163,"column":20},"end":{"line":163,"column":46}},"line":163},"14":{"name":"(anonymous_14)","decl":{"start":{"line":166,"column":2},"end":{"line":166,"column":3}},"loc":{"start":{"line":166,"column":11},"end":{"line":227,"column":3}},"line":166},"15":{"name":"(anonymous_15)","decl":{"start":{"line":180,"column":14},"end":{"line":180,"column":15}},"loc":{"start":{"line":180,"column":24},"end":{"line":195,"column":9}},"line":180},"16":{"name":"(anonymous_16)","decl":{"start":{"line":196,"column":15},"end":{"line":196,"column":16}},"loc":{"start":{"line":196,"column":22},"end":{"line":196,"column":48}},"line":196},"17":{"name":"(anonymous_17)","decl":{"start":{"line":200,"column":14},"end":{"line":200,"column":15}},"loc":{"start":{"line":200,"column":24},"end":{"line":218,"column":9}},"line":200},"18":{"name":"(anonymous_18)","decl":{"start":{"line":219,"column":15},"end":{"line":219,"column":16}},"loc":{"start":{"line":219,"column":22},"end":{"line":219,"column":48}},"line":219},"19":{"name":"(anonymous_19)","decl":{"start":{"line":229,"column":2},"end":{"line":229,"column":3}},"loc":{"start":{"line":229,"column":11},"end":{"line":349,"column":3}},"line":229},"20":{"name":"(anonymous_20)","decl":{"start":{"line":244,"column":19},"end":{"line":244,"column":20}},"loc":{"start":{"line":244,"column":29},"end":{"line":244,"column":48}},"line":244},"21":{"name":"(anonymous_21)","decl":{"start":{"line":373,"column":24},"end":{"line":373,"column":25}},"loc":{"start":{"line":373,"column":34},"end":{"line":376,"column":1}},"line":373},"22":{"name":"(anonymous_22)","decl":{"start":{"line":378,"column":27},"end":{"line":378,"column":28}},"loc":{"start":{"line":378,"column":40},"end":{"line":380,"column":1}},"line":378}},"branchMap":{"0":{"loc":{"start":{"line":72,"column":4},"end":{"line":90,"column":5}},"type":"if","locations":[{"start":{"line":72,"column":4},"end":{"line":90,"column":5}},{"start":{"line":72,"column":4},"end":{"line":90,"column":5}}],"line":72},"1":{"loc":{"start":{"line":72,"column":8},"end":{"line":72,"column":53}},"type":"binary-expr","locations":[{"start":{"line":72,"column":8},"end":{"line":72,"column":23}},{"start":{"line":72,"column":27},"end":{"line":72,"column":53}}],"line":72},"2":{"loc":{"start":{"line":76,"column":10},"end":{"line":87,"column":11}},"type":"if","locations":[{"start":{"line":76,"column":10},"end":{"line":87,"column":11}},{"start":{"line":76,"column":10},"end":{"line":87,"column":11}}],"line":76},"3":{"loc":{"start":{"line":77,"column":12},"end":{"line":78,"column":36}},"type":"binary-expr","locations":[{"start":{"line":77,"column":12},"end":{"line":77,"column":55}},{"start":{"line":78,"column":12},"end":{"line":78,"column":36}}],"line":77},"4":{"loc":{"start":{"line":82,"column":14},"end":{"line":83,"column":70}},"type":"binary-expr","locations":[{"start":{"line":82,"column":14},"end":{"line":82,"column":38}},{"start":{"line":83,"column":16},"end":{"line":83,"column":70}}],"line":82},"5":{"loc":{"start":{"line":120,"column":4},"end":{"line":122,"column":5}},"type":"if","locations":[{"start":{"line":120,"column":4},"end":{"line":122,"column":5}},{"start":{"line":120,"column":4},"end":{"line":122,"column":5}}],"line":120},"6":{"loc":{"start":{"line":123,"column":4},"end":{"line":132,"column":5}},"type":"if","locations":[{"start":{"line":123,"column":4},"end":{"line":132,"column":5}},{"start":{"line":123,"column":4},"end":{"line":132,"column":5}}],"line":123},"7":{"loc":{"start":{"line":124,"column":6},"end":{"line":127,"column":38}},"type":"binary-expr","locations":[{"start":{"line":124,"column":6},"end":{"line":124,"column":39}},{"start":{"line":125,"column":6},"end":{"line":125,"column":38}},{"start":{"line":126,"column":6},"end":{"line":126,"column":38}},{"start":{"line":127,"column":6},"end":{"line":127,"column":38}}],"line":124},"8":{"loc":{"start":{"line":134,"column":4},"end":{"line":136,"column":5}},"type":"if","locations":[{"start":{"line":134,"column":4},"end":{"line":136,"column":5}},{"start":{"line":134,"column":4},"end":{"line":136,"column":5}}],"line":134},"9":{"loc":{"start":{"line":141,"column":21},"end":{"line":141,"column":56}},"type":"cond-expr","locations":[{"start":{"line":141,"column":28},"end":{"line":141,"column":51}},{"start":{"line":141,"column":54},"end":{"line":141,"column":56}}],"line":141},"10":{"loc":{"start":{"line":143,"column":15},"end":{"line":143,"column":71}},"type":"cond-expr","locations":[{"start":{"line":143,"column":33},"end":{"line":143,"column":59}},{"start":{"line":143,"column":62},"end":{"line":143,"column":71}}],"line":143},"11":{"loc":{"start":{"line":147,"column":8},"end":{"line":161,"column":9}},"type":"if","locations":[{"start":{"line":147,"column":8},"end":{"line":161,"column":9}},{"start":{"line":147,"column":8},"end":{"line":161,"column":9}}],"line":147},"12":{"loc":{"start":{"line":148,"column":10},"end":{"line":149,"column":34}},"type":"binary-expr","locations":[{"start":{"line":148,"column":10},"end":{"line":148,"column":48}},{"start":{"line":149,"column":10},"end":{"line":149,"column":34}}],"line":148},"13":{"loc":{"start":{"line":153,"column":12},"end":{"line":154,"column":67}},"type":"binary-expr","locations":[{"start":{"line":153,"column":12},"end":{"line":153,"column":36}},{"start":{"line":154,"column":14},"end":{"line":154,"column":67}}],"line":153},"14":{"loc":{"start":{"line":174,"column":4},"end":{"line":176,"column":5}},"type":"if","locations":[{"start":{"line":174,"column":4},"end":{"line":176,"column":5}},{"start":{"line":174,"column":4},"end":{"line":176,"column":5}}],"line":174},"15":{"loc":{"start":{"line":177,"column":4},"end":{"line":226,"column":5}},"type":"if","locations":[{"start":{"line":177,"column":4},"end":{"line":226,"column":5}},{"start":{"line":177,"column":4},"end":{"line":226,"column":5}}],"line":177},"16":{"loc":{"start":{"line":181,"column":10},"end":{"line":194,"column":11}},"type":"if","locations":[{"start":{"line":181,"column":10},"end":{"line":194,"column":11}},{"start":{"line":181,"column":10},"end":{"line":194,"column":11}}],"line":181},"17":{"loc":{"start":{"line":182,"column":12},"end":{"line":183,"column":36}},"type":"binary-expr","locations":[{"start":{"line":182,"column":12},"end":{"line":182,"column":49}},{"start":{"line":183,"column":12},"end":{"line":183,"column":36}}],"line":182},"18":{"loc":{"start":{"line":187,"column":14},"end":{"line":188,"column":69}},"type":"binary-expr","locations":[{"start":{"line":187,"column":14},"end":{"line":187,"column":38}},{"start":{"line":188,"column":16},"end":{"line":188,"column":69}}],"line":187},"19":{"loc":{"start":{"line":197,"column":11},"end":{"line":226,"column":5}},"type":"if","locations":[{"start":{"line":197,"column":11},"end":{"line":226,"column":5}},{"start":{"line":197,"column":11},"end":{"line":226,"column":5}}],"line":197},"20":{"loc":{"start":{"line":201,"column":10},"end":{"line":217,"column":11}},"type":"if","locations":[{"start":{"line":201,"column":10},"end":{"line":217,"column":11}},{"start":{"line":201,"column":10},"end":{"line":217,"column":11}}],"line":201},"21":{"loc":{"start":{"line":202,"column":12},"end":{"line":203,"column":36}},"type":"binary-expr","locations":[{"start":{"line":202,"column":12},"end":{"line":202,"column":52}},{"start":{"line":203,"column":12},"end":{"line":203,"column":36}}],"line":202},"22":{"loc":{"start":{"line":207,"column":14},"end":{"line":208,"column":71}},"type":"binary-expr","locations":[{"start":{"line":207,"column":14},"end":{"line":207,"column":38}},{"start":{"line":208,"column":16},"end":{"line":208,"column":71}}],"line":207},"23":{"loc":{"start":{"line":223,"column":8},"end":{"line":224,"column":63}},"type":"binary-expr","locations":[{"start":{"line":223,"column":8},"end":{"line":223,"column":32}},{"start":{"line":224,"column":10},"end":{"line":224,"column":63}}],"line":223},"24":{"loc":{"start":{"line":280,"column":11},"end":{"line":345,"column":11}},"type":"cond-expr","locations":[{"start":{"line":282,"column":12},"end":{"line":313,"column":29}},{"start":{"line":314,"column":14},"end":{"line":345,"column":11}}],"line":280},"25":{"loc":{"start":{"line":280,"column":11},"end":{"line":281,"column":58}},"type":"binary-expr","locations":[{"start":{"line":280,"column":11},"end":{"line":280,"column":47}},{"start":{"line":281,"column":10},"end":{"line":281,"column":58}}],"line":280},"26":{"loc":{"start":{"line":288,"column":18},"end":{"line":291,"column":28}},"type":"cond-expr","locations":[{"start":{"line":290,"column":22},"end":{"line":290,"column":27}},{"start":{"line":291,"column":22},"end":{"line":291,"column":28}}],"line":288},"27":{"loc":{"start":{"line":288,"column":18},"end":{"line":289,"column":70}},"type":"binary-expr","locations":[{"start":{"line":288,"column":18},"end":{"line":288,"column":54}},{"start":{"line":289,"column":18},"end":{"line":289,"column":70}}],"line":288},"28":{"loc":{"start":{"line":295,"column":18},"end":{"line":295,"column":77}},"type":"cond-expr","locations":[{"start":{"line":295,"column":72},"end":{"line":295,"column":73}},{"start":{"line":295,"column":76},"end":{"line":295,"column":77}}],"line":295},"29":{"loc":{"start":{"line":314,"column":14},"end":{"line":345,"column":11}},"type":"cond-expr","locations":[{"start":{"line":316,"column":12},"end":{"line":342,"column":29}},{"start":{"line":344,"column":12},"end":{"line":344,"column":14}}],"line":314},"30":{"loc":{"start":{"line":314,"column":14},"end":{"line":315,"column":60}},"type":"binary-expr","locations":[{"start":{"line":314,"column":14},"end":{"line":314,"column":50}},{"start":{"line":315,"column":12},"end":{"line":315,"column":60}}],"line":314}},"s":{"0":2,"1":1,"2":21,"3":21,"4":21,"5":6,"6":4,"7":1,"8":1,"9":0,"10":21,"11":1,"12":1,"13":1,"14":1,"15":1,"16":21,"17":1,"18":1,"19":1,"20":1,"21":1,"22":21,"23":1,"24":1,"25":1,"26":21,"27":1,"28":1,"29":1,"30":1,"31":1,"32":1,"33":1,"34":21,"35":2,"36":2,"37":2,"38":2,"39":2,"40":2,"41":1,"42":1,"43":1,"44":1,"45":1,"46":0,"47":7,"48":7,"49":7,"50":7,"51":6,"52":7,"53":3,"54":2,"55":1,"56":1,"57":1,"58":0,"59":1,"60":4,"61":3,"62":2,"63":1,"64":1,"65":1,"66":0,"67":1,"68":1,"69":28,"70":28,"71":0,"72":2,"73":2,"74":10,"75":2,"76":7,"77":2},"f":{"0":1,"1":21,"2":6,"3":1,"4":0,"5":1,"6":1,"7":1,"8":1,"9":1,"10":1,"11":2,"12":2,"13":0,"14":7,"15":2,"16":1,"17":2,"18":1,"19":28,"20":0,"21":10,"22":7},"b":{"0":[4,2],"1":[6,5],"2":[1,0],"3":[1,0],"4":[1,1],"5":[1,0],"6":[1,0],"7":[1,1,1,1],"8":[1,0],"9":[2,0],"10":[2,0],"11":[1,1],"12":[2,1],"13":[1,1],"14":[6,1],"15":[3,4],"16":[1,1],"17":[2,1],"18":[1,1],"19":[3,1],"20":[1,1],"21":[2,1],"22":[1,1],"23":[1,1],"24":[5,23],"25":[28,5],"26":[0,5],"27":[5,5],"28":[0,5],"29":[0,23],"30":[23,0]},"_coverageSchema":"43e27e138ebf9cfc5966b082cf9a028302ed4184","hash":"793
[...]
,"/Users/sarahschneider/Documents/_Sarah/projects/code/_seiu503/member-app-2019/client/src/store/reducers/appState.js": {"path":"/Users/sarahschneider/Documents/_Sarah/projects/code/_seiu503/member-app-2019/client/src/store/reducers/appState.js","statementMap":{"0":{"start":{"line":15,"column":22},"end":{"line":21,"column":1}},"1":{"start":{"line":25,"column":2},"end":{"line":56,"column":3}},"2":{"start":{"line":27,"column":6},"end":{"line":27,"column":27}},"3":{"start":{"line":30,"column":6},"end":{"line":32,"column":9}},"4":{"start":{"line":35,"column":6},"end":{"line":38,"column":9}},"5":{"start":{"line":41,"column":6},"end":{"line":43,"column":9}},"6":{"start":{"line":46,"column":6},"end":{"line":46,"column":58}},"7":{"start":{"line":49,"column":6},"end":{"line":49,"column":67}},"8":{"start":{"line":52,"column":6},"end":{"line":52,"column":57}},"9":{"start":{"line":55,"column":6},"end":{"line":55,"column":19}}},"fnMap":{"0":{"name":"appState","decl":{"start":{"line":23,"column":9},"end":{"line":23,"column":17}},"loc":{"start":{"line":23,"column":49},"end":{"line":57,"column":1}},"line":23}},"branchMap":{"0":{"loc":{"start":{"line":23,"column":18},"end":{"line":23,"column":39}},"type":"default-arg","locations":[{"start":{"line":23,"column":26},"end":{"line":23,"column":39}}],"line":23},"1":{"loc":{"start":{"line":25,"column":2},"end":{"line":56,"column":3}},"type":"switch","locations":[{"start":{"line":26,"column":4},"end":{"line":27,"column":27}},{"start":{"line":29,"column":4},"end":{"line":32,"column":9}},{"start":{"line":34,"column":4},"end":{"line":38,"column":9}},{"start":{"line":40,"column":4},"end":{"line":43,"column":9}},{"start":{"line":45,"column":4},"end":{"line":46,"column":58}},{"start":{"line":48,"column":4},"end":{"line":49,"column":67}},{"start":{"line":51,"column":4},"end":{"line":52,"column":57}},{"start":{"line":54,"column":4},"end":{"line":55,"column":19}}],"line":25}},"s":{"0":15,"1":116,"2":0,"3":3,"4":0,"5":0,"6":0,"7":0,"8":3,"9":110},"f":{"0":116},"b":{"0":[45],"1":[0,3,0,0,0,0,3,110]},"_coverageSchema":"43e27e138ebf9cfc5966b082cf9a028302ed4184","hash":"a33a603f642de3802df3b0347703a23803f92157"}
,"/Users/sarahschneider/Documents/_Sarah/projects/code/_seiu503/member-app-2019/client/src/store/reducers/content.js": {"path":"/Users/sarahschneider/Documents/_Sarah/projects/code/_seiu503/member-app-2019/client/src/store/reducers/content.js","statementMap":{"0":{"start":{"line":32,"column":22},"end":{"line":49,"column":1}},"1":{"start":{"line":54,"column":2},"end":{"line":166,"column":3}},"2":{"start":{"line":56,"column":6},"end":{"line":56,"column":27}},"3":{"start":{"line":59,"column":6},"end":{"line":71,"column":7}},"4":{"start":{"line":60,"column":8},"end":{"line":64,"column":11}},"5":{"start":{"line":66,"column":8},"end":{"line":70,"column":11}},"6":{"start":{"line":74,"column":6},"end":{"line":77,"column":9}},"7":{"start":{"line":81,"column":6},"end":{"line":92,"column":9}},"8":{"start":{"line":95,"column":6},"end":{"line":103,"column":9}},"9":{"start":{"line":112,"column":6},"end":{"line":115,"column":9}},"10":{"start":{"line":121,"column":6},"end":{"line":131,"column":9}},"11":{"start":{"line":134,"column":6},"end":{"line":137,"column":9}},"12":{"start":{"line":140,"column":6},"end":{"line":144,"column":9}},"13":{"start":{"line":153,"column":6},"end":{"line":157,"column":7}},"14":{"start":{"line":154,"column":8},"end":{"line":154,"column":39}},"15":{"start":{"line":156,"column":8},"end":{"line":156,"column":68}},"16":{"start":{"line":158,"column":6},"end":{"line":158,"column":25}},"17":{"start":{"line":159,"column":6},"end":{"line":162,"column":9}},"18":{"start":{"line":165,"column":6},"end":{"line":165,"column":19}}},"fnMap":{"0":{"name":"Content","decl":{"start":{"line":51,"column":9},"end":{"line":51,"column":16}},"loc":{"start":{"line":51,"column":48},"end":{"line":167,"column":1}},"line":51}},"branchMap":{"0":{"loc":{"start":{"line":51,"column":17},"end":{"line":51,"column":38}},"type":"default-arg","locations":[{"start":{"line":51,"column":25},"end":{"line":51,"column":38}}],"line":51},"1":{"loc":{"start":{"line":54,"column":2},"end":{"line":166,"column":3}},"type":"switch","locations":[{"start":{"line":55,"column":4},"end":{"line":56,"column":27}},{"start":{"line":58,"column":4},"end":{"line":71,"column":7}},{"start":{"line":73,"column":4},"end":{"line":77,"column":9}},{"start":{"line":79,"column":4},"end":{"line":79,"column":29}},{"start":{"line":80,"column":4},"end":{"line":92,"column":9}},{"start":{"line":94,"column":4},"end":{"line":103,"column":9}},{"start":{"line":105,"column":4},"end":{"line":105,"column":35}},{"start":{"line":106,"column":4},"end":{"line":106,"column":29}},{"start":{"line":107,"column":4},"end":{"line":107,"column":32}},{"start":{"line":108,"column":4},"end":{"line":108,"column":32}},{"start":{"line":109,"column":4},"end":{"line":109,"column":30}},{"start":{"line":110,"column":4},"end":{"line":110,"column":33}},{"start":{"line":111,"column":4},"end":{"line":115,"column":9}},{"start":{"line":117,"column":4},"end":{"line":117,"column":35}},{"start":{"line":118,"column":4},"end":{"line":118,"column":29}},{"start":{"line":119,"column":4},"end":{"line":119,"column":32}},{"start":{"line":120,"column":4},"end":{"line":131,"column":9}},{"start":{"line":133,"column":4},"end":{"line":137,"column":9}},{"start":{"line":139,"column":4},"end":{"line":144,"column":9}},{"start":{"line":146,"column":4},"end":{"line":146,"column":35}},{"start":{"line":147,"column":4},"end":{"line":147,"column":29}},{"start":{"line":148,"column":4},"end":{"line":148,"column":32}},{"start":{"line":149,"column":4},"end":{"line":149,"column":32}},{"start":{"line":150,"column":4},"end":{"line":150,"column":30}},{"start":{"line":151,"column":4},"end":{"line":151,"column":33}},{"start":{"line":152,"column":4},"end":{"line":162,"column":9}},{"start":{"line":164,"column":4},"end":{"line":165,"column":19}}],"line":54},"2":{"loc":{"start":{"line":59,"column":6},"end":{"line":71,"column":7}},"type":"if","locations":[{"start":{"line":59,"column":6},"end":{"line":71,"column":7}},{"start":{"line":59,"column":6},"end":{"line":71,"column":7}}],"line":59},"3":{"loc":{"start":{"line":153,"column":6},"end":{"line":157,"column":7}},"type":"if","locations":[{"start":{"line":153,"column":6},"end":{"line":157,"column":7}},{"start":{"line":153,"column":6},"end":{"line":157,"column":7}}],"line":153}},"s":{"0":16,"1":116,"2":0,"3":0,"4":0,"5":0,"6":0,"7":0,"8":0,"9":5,"10":0,"11":0,"12":0,"13":0,"14":0,"15":0,"16":0,"17":0,"18":111},"f":{"0":116},"b":{"0":[47],"1":[0,0,0,0,0,0,3,4,5,5,5,5,5,0,0,0,0,0,0,0,0,0,0,0,0,0,111],"2":[0,0],"3":[0,0]},"_coverageSchema":"43e27e138ebf9cfc5966b082cf9a028302ed4184","hash":"5c14309beb5a631a389740b562f20bb7f19aba73"}
,"/Users/sarahschneider/Documents/_Sarah/projects/code/_seiu503/member-app-2019/client/src/store/reducers/index.js": {"path":"/Users/sarahschneider/Documents/_Sarah/projects/code/_seiu503/member-app-2019/client/src/store/reducers/index.js","statementMap":{"0":{"start":{"line":8,"column":20},"end":{"line":14,"column":2}}},"fnMap":{},"branchMap":{},"s":{"0":15},"f":{},"b":{},"_coverageSchema":"43e27e138ebf9cfc5966b082cf9a028302ed4184","hash":"05e5c70c0be2f3094426a34690bdb706e0c9ad64"}
,"/Users/sarahschneider/Documents/_Sarah/projects/code/_seiu503/member-app-2019/client/src/store/reducers/profile.js": {"path":"/Users/sarahschneider/Documents/_Sarah/projects/code/_seiu503/member-app-2019/client/src/store/reducers/profile.js","statementMap":{"0":{"start":{"line":13,"column":22},"end":{"line":22,"column":1}},"1":{"start":{"line":27,"column":2},"end":{"line":68,"column":3}},"2":{"start":{"line":29,"column":6},"end":{"line":29,"column":27}},"3":{"start":{"line":33,"column":6},"end":{"line":36,"column":9}},"4":{"start":{"line":40,"column":6},"end":{"line":49,"column":9}},"5":{"start":{"line":53,"column":6},"end":{"line":53,"column":31}},"6":{"start":{"line":54,"column":6},"end":{"line":54,"column":34}},"7":{"start":{"line":55,"column":6},"end":{"line":59,"column":7}},"8":{"start":{"line":56,"column":8},"end":{"line":56,"column":39}},"9":{"start":{"line":58,"column":8},"end":{"line":58,"column":68}},"10":{"start":{"line":60,"column":6},"end":{"line":60,"column":25}},"11":{"start":{"line":61,"column":6},"end":{"line":64,"column":9}},"12":{"start":{"line":67,"column":6},"end":{"line":67,"column":19}}},"fnMap":{"0":{"name":"profile","decl":{"start":{"line":24,"column":9},"end":{"line":24,"column":16}},"loc":{"start":{"line":24,"column":48},"end":{"line":69,"column":1}},"line":24}},"branchMap":{"0":{"loc":{"start":{"line":24,"column":17},"end":{"line":24,"column":38}},"type":"default-arg","locations":[{"start":{"line":24,"column":25},"end":{"line":24,"column":38}}],"line":24},"1":{"loc":{"start":{"line":27,"column":2},"end":{"line":68,"column":3}},"type":"switch","locations":[{"start":{"line":28,"column":4},"end":{"line":29,"column":27}},{"start":{"line":31,"column":4},"end":{"line":31,"column":32}},{"start":{"line":32,"column":4},"end":{"line":36,"column":9}},{"start":{"line":38,"column":4},"end":{"line":38,"column":32}},{"start":{"line":39,"column":4},"end":{"line":49,"column":9}},{"start":{"line":51,"column":4},"end":{"line":51,"column":32}},{"start":{"line":52,"column":4},"end":{"line":64,"column":9}},{"start":{"line":66,"column":4},"end":{"line":67,"column":19}}],"line":27},"2":{"loc":{"start":{"line":55,"column":6},"end":{"line":59,"column":7}},"type":"if","locations":[{"start":{"line":55,"column":6},"end":{"line":59,"column":7}},{"start":{"line":55,"column":6},"end":{"line":59,"column":7}}],"line":55}},"s":{"0":15,"1":116,"2":0,"3":6,"4":0,"5":0,"6":0,"7":0,"8":0,"9":0,"10":0,"11":0,"12":110},"f":{"0":116},"b":{"0":[57],"1":[0,1,6,0,0,0,0,110],"2":[0,0]},"_coverageSchema":"43e27e138ebf9cfc5966b082cf9a028302ed4184","hash":"58e92646f456a58b58f13147977e4bbeb2ec1ae7"}
,"/Users/sarahschneider/Documents/_Sarah/projects/code/_seiu503/member-app-2019/client/src/store/reducers/submission.js": {"path":"/Users/sarahschneider/Documents/_Sarah/projects/code/_seiu503/member-app-2019/client/src/store/reducers/submission.js","statementMap":{"0":{"start":{"line":14,"column":22},"end":{"line":17,"column":1}},"1":{"start":{"line":22,"column":2},"end":{"line":107,"column":3}},"2":{"start":{"line":38,"column":6},"end":{"line":41,"column":9}},"3":{"start":{"line":44,"column":6},"end":{"line":66,"column":9}},"4":{"start":{"line":69,"column":6},"end":{"line":73,"column":7}},"5":{"start":{"line":70,"column":8},"end":{"line":70,"column":39}},"6":{"start":{"line":72,"column":8},"end":{"line":72,"column":68}},"7":{"start":{"line":74,"column":6},"end":{"line":74,"column":25}},"8":{"start":{"line":75,"column":6},"end":{"line":78,"column":9}},"9":{"start":{"line":81,"column":6},"end":{"line":103,"column":9}},"10":{"start":{"line":106,"column":6},"end":{"line":106,"column":19}}},"fnMap":{"0":{"name":"Submission","decl":{"start":{"line":19,"column":9},"end":{"line":19,"column":19}},"loc":{"start":{"line":19,"column":51},"end":{"line":108,"column":1}},"line":19}},"branchMap":{"0":{"loc":{"start":{"line":19,"column":20},"end":{"line":19,"column":41}},"type":"default-arg","locations":[{"start":{"line":19,"column":28},"end":{"line":19,"column":41}}],"line":19},"1":{"loc":{"start":{"line":22,"column":2},"end":{"line":107,"column":3}},"type":"switch","locations":[{"start":{"line":37,"column":4},"end":{"line":41,"column":9}},{"start":{"line":43,"column":4},"end":{"line":66,"column":9}},{"start":{"line":68,"column":4},"end":{"line":78,"column":9}},{"start":{"line":80,"column":4},"end":{"line":103,"column":9}},{"start":{"line":105,"column":4},"end":{"line":106,"column":19}}],"line":22},"2":{"loc":{"start":{"line":69,"column":6},"end":{"line":73,"column":7}},"type":"if","locations":[{"start":{"line":69,"column":6},"end":{"line":73,"column":7}},{"start":{"line":69,"column":6},"end":{"line":73,"column":7}}],"line":69}},"s":{"0":16,"1":139,"2":0,"3":0,"4":0,"5":0,"6":0,"7":0,"8":0,"9":0,"10":139},"f":{"0":139},"b":{"0":[62],"1":[0,0,0,0,139],"2":[0,0]},"_coverageSchema":"43e27e138ebf9cfc5966b082cf9a028302ed4184","hash":"36f6b14dae72b47985a2ef3224dc70999ff029bc"}
,"/Users/sarahschneider/Documents/_Sarah/projects/code/_seiu503/member-app-2019/client/src/styles/theme.js": {"path":"/Users/sarahschneider/Documents/_Sarah/projects/code/_seiu503/member-app-2019/client/src/styles/theme.js","statementMap":{"0":{"start":{"line":4,"column":21},"end":{"line":93,"column":1}}},"fnMap":{},"branchMap":{},"s":{"0":1},"f":{},"b":{},"_coverageSchema":"43e27e138ebf9cfc5966b082cf9a028302ed4184","hash":"6b627fd635135103073404392cb26648044b126d"}
,"/Users/sarahschneider/Documents/_Sarah/projects/code/_seiu503/member-app-2019/client/src/utils/index.js": {"path":"/Users/sarahschneider/Documents/_Sarah/projects/code/_seiu503/member-app-2019/client/src/utils/index.js","statementMap":{"0":{"start":{"line":1,"column":16},"end":{"line":1,"column":67}},"1":{"start":{"line":3,"column":26},"end":{"line":4,"column":53}},"2":{"start":{"line":4,"column":2},"end":{"line":4,"column":53}},"3":{"start":{"line":8,"column":20},"end":{"line":21,"column":1}},"4":{"start":{"line":9,"column":25},"end":{"line":11,"column":3}},"5":{"start":{"line":10,"column":4},"end":{"line":10,"column":41}},"6":{"start":{"line":12,"column":17},"end":{"line":12,"column":50}},"7":{"start":{"line":15,"column":2},"end":{"line":15,"column":23}},"8":{"start":{"line":16,"column":2},"end":{"line":16,"column":17}},"9":{"start":{"line":20,"column":2},"end":{"line":20,"column":50}},"10":{"start":{"line":23,"column":25},"end":{"line":28,"column":1}},"11":{"start":{"line":30,"column":25},"end":{"line":34,"column":1}},"12":{"start":{"line":31,"column":14},"end":{"line":31,"column":17}},"13":{"start":{"line":32,"column":14},"end":{"line":32,"column":17}},"14":{"start":{"line":33,"column":2},"end":{"line":33,"column":58}}},"fnMap":{"0":{"name":"(anonymous_0)","decl":{"start":{"line":3,"column":26},"end":{"line":3,"column":27}},"loc":{"start":{"line":4,"column":2},"end":{"line":4,"column":53}},"line":4},"1":{"name":"(anonymous_1)","decl":{"start":{"line":8,"column":20},"end":{"line":8,"column":21}},"loc":{"start":{"line":8,"column":32},"end":{"line":21,"column":1}},"line":8},"2":{"name":"(anonymous_2)","decl":{"start":{"line":9,"column":25},"end":{"line":9,"column":26}},"loc":{"start":{"line":9,"column":30},"end":{"line":11,"column":3}},"line":9},"3":{"name":"(anonymous_3)","decl":{"start":{"line":30,"column":25},"end":{"line":30,"column":26}},"loc":{"start":{"line":30,"column":31},"end":{"line":34,"column":1}},"line":30}},"branchMap":{},"s":{"0":6,"1":6,"2":0,"3":6,"4":0,"5":0,"6":0,"7":0,"8":0,"9":0,"10":6,"11":6,"12":2,"13":2,"14":2},"f":{"0":0,"1":0,"2":0,"3":2},"b":{},"_coverageSchema":"43e27e138ebf9cfc5966b082cf9a028302ed4184","hash":"2a36a3f2ced52e659a7ad17d76103af580c92251"}
,"/Users/sarahschneider/Documents/_Sarah/projects/code/_seiu503/member-app-2019/client/src/utils/testUtils.js": {"path":"/Users/sarahschneider/Documents/_Sarah/projects/code/_seiu503/member-app-2019/client/src/utils/testUtils.js","statementMap":{"0":{"start":{"line":14,"column":28},"end":{"line":19,"column":1}},"1":{"start":{"line":15,"column":36},"end":{"line":17,"column":3}},"2":{"start":{"line":18,"column":2},"end":{"line":18,"column":62}},"3":{"start":{"line":27,"column":30},"end":{"line":29,"column":1}},"4":{"start":{"line":28,"column":2},"end":{"line":28,"column":46}},"5":{"start":{"line":31,"column":26},"end":{"line":39,"column":1}},"6":{"start":{"line":32,"column":20},"end":{"line":37,"column":3}},"7":{"start":{"line":38,"column":2},"end":{"line":38,"column":36}}},"fnMap":{"0":{"name":"(anonymous_0)","decl":{"start":{"line":14,"column":28},"end":{"line":14,"column":29}},"loc":{"start":{"line":14,"column":44},"end":{"line":19,"column":1}},"line":14},"1":{"name":"(anonymous_1)","decl":{"start":{"line":27,"column":30},"end":{"line":27,"column":31}},"loc":{"start":{"line":27,"column":48},"end":{"line":29,"column":1}},"line":27},"2":{"name":"(anonymous_2)","decl":{"start":{"line":31,"column":26},"end":{"line":31,"column":27}},"loc":{"start":{"line":31,"column":58},"end":{"line":39,"column":1}},"line":31}},"branchMap":{},"s":{"0":15,"1":14,"2":14,"3":15,"4":60,"5":15,"6":0,"7":0},"f":{"0":14,"1":60,"2":0},"b":{},"_coverageSchema":"43e27e138ebf9cfc5966b082cf9a028302ed4184","hash":"96beb0c04b8d1122f65a1f761680d1097f176c8a"}
,"/Users/sarahschneider/Documents/_Sarah/projects/code/_seiu503/member-app-2019/client/src/utils/validators.js": {"path":"/Users/sarahschneider/Documents/_Sarah/projects/code/_seiu503/member-app-2019/client/src/utils/validators.js","statementMap":{"0":{"start":{"line":1,"column":17},"end":{"line":44,"column":1}},"1":{"start":{"line":2,"column":17},"end":{"line":2,"column":19}},"2":{"start":{"line":3,"column":25},"end":{"line":20,"column":3}},"3":{"start":{"line":21,"column":2},"end":{"line":25,"column":5}},"4":{"start":{"line":22,"column":4},"end":{"line":24,"column":5}},"5":{"start":{"line":23,"column":6},"end":{"line":23,"column":33}},"6":{"start":{"line":26,"column":2},"end":{"line":31,"column":3}},"7":{"start":{"line":30,"column":4},"end":{"line":30,"column":71}},"8":{"start":{"line":32,"column":2},"end":{"line":39,"column":3}},"9":{"start":{"line":38,"column":4},"end":{"line":38,"column":67}},"10":{"start":{"line":40,"column":2},"end":{"line":42,"column":3}},"11":{"start":{"line":41,"column":4},"end":{"line":41,"column":67}},"12":{"start":{"line":43,"column":2},"end":{"line":43,"column":16}}},"fnMap":{"0":{"name":"(anonymous_0)","decl":{"start":{"line":1,"column":17},"end":{"line":1,"column":18}},"loc":{"start":{"line":1,"column":27},"end":{"line":44,"column":1}},"line":1},"1":{"name":"(anonymous_1)","decl":{"start":{"line":21,"column":25},"end":{"line":21,"column":26}},"loc":{"start":{"line":21,"column":34},"end":{"line":25,"column":3}},"line":21}},"branchMap":{"0":{"loc":{"start":{"line":22,"column":4},"end":{"line":24,"column":5}},"type":"if","locations":[{"start":{"line":22,"column":4},"end":{"line":24,"column":5}},{"start":{"line":22,"column":4},"end":{"line":24,"column":5}}],"line":22},"1":{"loc":{"start":{"line":26,"column":2},"end":{"line":31,"column":3}},"type":"if","locations":[{"start":{"line":26,"column":2},"end":{"line":31,"column":3}},{"start":{"line":26,"column":2},"end":{"line":31,"column":3}}],"line":26},"2":{"loc":{"start":{"line":27,"column":4},"end":{"line":28,"column":71}},"type":"binary-expr","locations":[{"start":{"line":27,"column":4},"end":{"line":27,"column":20}},{"start":{"line":28,"column":4},"end":{"line":28,"column":71}}],"line":27},"3":{"loc":{"start":{"line":32,"column":2},"end":{"line":39,"column":3}},"type":"if","locations":[{"start":{"line":32,"column":2},"end":{"line":39,"column":3}},{"start":{"line":32,"column":2},"end":{"line":39,"column":3}}],"line":32},"4":{"loc":{"start":{"line":33,"column":4},"end":{"line":36,"column":5}},"type":"binary-expr","locations":[{"start":{"line":33,"column":4},"end":{"line":33,"column":22}},{"start":{"line":34,"column":4},"end":{"line":36,"column":5}}],"line":33},"5":{"loc":{"start":{"line":40,"column":2},"end":{"line":42,"column":3}},"type":"if","locations":[{"start":{"line":40,"column":2},"end":{"line":42,"column":3}},{"start":{"line":40,"column":2},"end":{"line":42,"column":3}}],"line":40},"6":{"loc":{"start":{"line":40,"column":6},"end":{"line":40,"column":65}},"type":"binary-expr","locations":[{"start":{"line":40,"column":6},"end":{"line":40,"column":27}},{"start":{"line":40,"column":31},"end":{"line":40,"column":65}}],"line":40}},"s":{"0":3,"1":14,"2":14,"3":14,"4":224,"5":144,"6":14,"7":1,"8":14,"9":1,"10":14,"11":1,"12":14},"f":{"0":14,"1":224},"b":{"0":[144,80],"1":[1,13],"2":[14,5],"3":[1,13],"4":[14,5],"5":[1,13],"6":[14,5]},"_coverageSchema":"43e27e138ebf9cfc5966b082cf9a028302ed4184","hash":"8020e5baf783bafccdfa1bcd62d97e8def1012a7"}
}
