{"/Users/sarahschneider/Documents/_Sarah/projects/code/_seiu503/member-app-2019/client/src/App.js": {"path":"/Users/sarahschneider/Documents/_Sarah/projects/code/_seiu503/member-app-2019/client/src/App.js","statementMap":{"0":{"start":{"line":23,"column":15},"end":{"line":99,"column":2}},"1":{"start":{"line":23,"column":25},"end":{"line":99,"column":1}},"2":{"start":{"line":103,"column":4},"end":{"line":103,"column":17}},"3":{"start":{"line":104,"column":4},"end":{"line":104,"column":38}},"4":{"start":{"line":105,"column":4},"end":{"line":109,"column":6}},"5":{"start":{"line":115,"column":4},"end":{"line":141,"column":5}},"6":{"start":{"line":116,"column":6},"end":{"line":116,"column":35}},"7":{"start":{"line":117,"column":18},"end":{"line":117,"column":58}},"8":{"start":{"line":118,"column":6},"end":{"line":138,"column":7}},"9":{"start":{"line":119,"column":8},"end":{"line":119,"column":34}},"10":{"start":{"line":120,"column":8},"end":{"line":120,"column":52}},"11":{"start":{"line":121,"column":23},"end":{"line":121,"column":72}},"12":{"start":{"line":122,"column":8},"end":{"line":135,"column":9}},"13":{"start":{"line":123,"column":10},"end":{"line":123,"column":51}},"14":{"start":{"line":124,"column":10},"end":{"line":132,"column":13}},"15":{"start":{"line":125,"column":12},"end":{"line":131,"column":13}},"16":{"start":{"line":126,"column":14},"end":{"line":126,"column":42}},"17":{"start":{"line":127,"column":14},"end":{"line":127,"column":54}},"18":{"start":{"line":128,"column":19},"end":{"line":131,"column":13}},"19":{"start":{"line":129,"column":14},"end":{"line":129,"column":45}},"20":{"start":{"line":130,"column":14},"end":{"line":130,"column":54}},"21":{"start":{"line":134,"column":10},"end":{"line":134,"column":48}},"22":{"start":{"line":137,"column":8},"end":{"line":137,"column":55}},"23":{"start":{"line":140,"column":6},"end":{"line":140,"column":31}},"24":{"start":{"line":145,"column":24},"end":{"line":145,"column":34}},"25":{"start":{"line":146,"column":4},"end":{"line":208,"column":6}},"26":{"start":{"line":157,"column":16},"end":{"line":160,"column":33}},"27":{"start":{"line":165,"column":36},"end":{"line":165,"column":65}},"28":{"start":{"line":170,"column":16},"end":{"line":173,"column":18}},"29":{"start":{"line":179,"column":16},"end":{"line":179,"column":80}},"30":{"start":{"line":185,"column":16},"end":{"line":189,"column":18}},"31":{"start":{"line":195,"column":16},"end":{"line":195,"column":71}},"32":{"start":{"line":201,"column":16},"end":{"line":201,"column":73}},"33":{"start":{"line":212,"column":0},"end":{"line":246,"column":2}},"34":{"start":{"line":248,"column":24},"end":{"line":252,"column":2}},"35":{"start":{"line":248,"column":34},"end":{"line":252,"column":1}},"36":{"start":{"line":254,"column":27},"end":{"line":258,"column":2}},"37":{"start":{"line":254,"column":40},"end":{"line":258,"column":1}}},"fnMap":{"0":{"name":"(anonymous_0)","decl":{"start":{"line":23,"column":15},"end":{"line":23,"column":16}},"loc":{"start":{"line":23,"column":25},"end":{"line":99,"column":1}},"line":23},"1":{"name":"(anonymous_1)","decl":{"start":{"line":102,"column":2},"end":{"line":102,"column":3}},"loc":{"start":{"line":102,"column":21},"end":{"line":110,"column":3}},"line":102},"2":{"name":"(anonymous_2)","decl":{"start":{"line":112,"column":2},"end":{"line":112,"column":3}},"loc":{"start":{"line":112,"column":22},"end":{"line":142,"column":3}},"line":112},"3":{"name":"(anonymous_3)","decl":{"start":{"line":124,"column":66},"end":{"line":124,"column":67}},"loc":{"start":{"line":124,"column":76},"end":{"line":132,"column":11}},"line":124},"4":{"name":"(anonymous_4)","decl":{"start":{"line":144,"column":2},"end":{"line":144,"column":3}},"loc":{"start":{"line":144,"column":11},"end":{"line":209,"column":3}},"line":144},"5":{"name":"(anonymous_5)","decl":{"start":{"line":156,"column":22},"end":{"line":156,"column":23}},"loc":{"start":{"line":157,"column":16},"end":{"line":160,"column":33}},"line":157},"6":{"name":"(anonymous_6)","decl":{"start":{"line":165,"column":22},"end":{"line":165,"column":23}},"loc":{"start":{"line":165,"column":36},"end":{"line":165,"column":65}},"line":165},"7":{"name":"(anonymous_7)","decl":{"start":{"line":169,"column":22},"end":{"line":169,"column":23}},"loc":{"start":{"line":170,"column":16},"end":{"line":173,"column":18}},"line":170},"8":{"name":"(anonymous_8)","decl":{"start":{"line":178,"column":22},"end":{"line":178,"column":23}},"loc":{"start":{"line":179,"column":16},"end":{"line":179,"column":80}},"line":179},"9":{"name":"(anonymous_9)","decl":{"start":{"line":184,"column":22},"end":{"line":184,"column":23}},"loc":{"start":{"line":185,"column":16},"end":{"line":189,"column":18}},"line":185},"10":{"name":"(anonymous_10)","decl":{"start":{"line":194,"column":22},"end":{"line":194,"column":23}},"loc":{"start":{"line":195,"column":16},"end":{"line":195,"column":71}},"line":195},"11":{"name":"(anonymous_11)","decl":{"start":{"line":200,"column":22},"end":{"line":200,"column":23}},"loc":{"start":{"line":201,"column":16},"end":{"line":201,"column":73}},"line":201},"12":{"name":"(anonymous_12)","decl":{"start":{"line":248,"column":24},"end":{"line":248,"column":25}},"loc":{"start":{"line":248,"column":34},"end":{"line":252,"column":1}},"line":248},"13":{"name":"(anonymous_13)","decl":{"start":{"line":254,"column":27},"end":{"line":254,"column":28}},"loc":{"start":{"line":254,"column":40},"end":{"line":258,"column":1}},"line":254}},"branchMap":{"0":{"loc":{"start":{"line":115,"column":4},"end":{"line":141,"column":5}},"type":"if","locations":[{"start":{"line":115,"column":4},"end":{"line":141,"column":5}},{"start":{"line":115,"column":4},"end":{"line":141,"column":5}}],"line":115},"1":{"loc":{"start":{"line":118,"column":6},"end":{"line":138,"column":7}},"type":"if","locations":[{"start":{"line":118,"column":6},"end":{"line":138,"column":7}},{"start":{"line":118,"column":6},"end":{"line":138,"column":7}}],"line":118},"2":{"loc":{"start":{"line":118,"column":10},"end":{"line":118,"column":40}},"type":"binary-expr","locations":[{"start":{"line":118,"column":10},"end":{"line":118,"column":15}},{"start":{"line":118,"column":19},"end":{"line":118,"column":40}}],"line":118},"3":{"loc":{"start":{"line":122,"column":8},"end":{"line":135,"column":9}},"type":"if","locations":[{"start":{"line":122,"column":8},"end":{"line":135,"column":9}},{"start":{"line":122,"column":8},"end":{"line":135,"column":9}}],"line":122},"4":{"loc":{"start":{"line":122,"column":12},"end":{"line":122,"column":44}},"type":"binary-expr","locations":[{"start":{"line":122,"column":12},"end":{"line":122,"column":18}},{"start":{"line":122,"column":22},"end":{"line":122,"column":44}}],"line":122},"5":{"loc":{"start":{"line":125,"column":12},"end":{"line":131,"column":13}},"type":"if","locations":[{"start":{"line":125,"column":12},"end":{"line":131,"column":13}},{"start":{"line":125,"column":12},"end":{"line":131,"column":13}}],"line":125},"6":{"loc":{"start":{"line":128,"column":19},"end":{"line":131,"column":13}},"type":"if","locations":[{"start":{"line":128,"column":19},"end":{"line":131,"column":13}},{"start":{"line":128,"column":19},"end":{"line":131,"column":13}}],"line":128}},"s":{"0":1,"1":0,"2":4,"3":4,"4":4,"5":0,"6":0,"7":0,"8":0,"9":0,"10":0,"11":0,"12":0,"13":0,"14":0,"15":0,"16":0,"17":0,"18":0,"19":0,"20":0,"21":0,"22":0,"23":0,"24":4,"25":4,"26":0,"27":0,"28":0,"29":0,"30":0,"31":0,"32":0,"33":1,"34":1,"35":0,"36":1,"37":0},"f":{"0":0,"1":4,"2":0,"3":0,"4":4,"5":0,"6":0,"7":0,"8":0,"9":0,"10":0,"11":0,"12":0,"13":0},"b":{"0":[0,0],"1":[0,0],"2":[0,0],"3":[0,0],"4":[0,0],"5":[0,0],"6":[0,0]},"_coverageSchema":"43e27e138ebf9cfc5966b082cf9a028302ed4184","hash":"ec511c43ab50f551daa8bc13f924637439230ace"}
,"/Users/sarahschneider/Documents/_Sarah/projects/code/_seiu503/member-app-2019/client/src/index.js": {"path":"/Users/sarahschneider/Documents/_Sarah/projects/code/_seiu503/member-app-2019/client/src/index.js","statementMap":{"0":{"start":{"line":13,"column":0},"end":{"line":24,"column":2}},"1":{"start":{"line":25,"column":0},"end":{"line":25,"column":13}}},"fnMap":{},"branchMap":{},"s":{"0":0,"1":0},"f":{},"b":{},"hash":"6d32a8be334f987ac2fb4ace61f7a6b8c73cded6"}
,"/Users/sarahschneider/Documents/_Sarah/projects/code/_seiu503/member-app-2019/client/src/serviceWorker.js": {"path":"/Users/sarahschneider/Documents/_Sarah/projects/code/_seiu503/member-app-2019/client/src/serviceWorker.js","statementMap":{"0":{"start":{"line":13,"column":20},"end":{"line":21,"column":1}},"1":{"start":{"line":24,"column":2},"end":{"line":54,"column":3}},"2":{"start":{"line":26,"column":22},"end":{"line":26,"column":75}},"3":{"start":{"line":27,"column":4},"end":{"line":32,"column":5}},"4":{"start":{"line":31,"column":6},"end":{"line":31,"column":13}},"5":{"start":{"line":34,"column":4},"end":{"line":53,"column":7}},"6":{"start":{"line":35,"column":20},"end":{"line":35,"column":65}},"7":{"start":{"line":37,"column":6},"end":{"line":52,"column":7}},"8":{"start":{"line":39,"column":8},"end":{"line":39,"column":47}},"9":{"start":{"line":43,"column":8},"end":{"line":48,"column":11}},"10":{"start":{"line":44,"column":10},"end":{"line":47,"column":12}},"11":{"start":{"line":51,"column":8},"end":{"line":51,"column":39}},"12":{"start":{"line":58,"column":2},"end":{"line":98,"column":7}},"13":{"start":{"line":61,"column":6},"end":{"line":94,"column":8}},"14":{"start":{"line":62,"column":33},"end":{"line":62,"column":56}},"15":{"start":{"line":63,"column":8},"end":{"line":65,"column":9}},"16":{"start":{"line":64,"column":10},"end":{"line":64,"column":17}},"17":{"start":{"line":66,"column":8},"end":{"line":93,"column":10}},"18":{"start":{"line":67,"column":10},"end":{"line":92,"column":11}},"19":{"start":{"line":68,"column":12},"end":{"line":91,"column":13}},"20":{"start":{"line":72,"column":14},"end":{"line":75,"column":16}},"21":{"start":{"line":78,"column":14},"end":{"line":80,"column":15}},"22":{"start":{"line":79,"column":16},"end":{"line":79,"column":46}},"23":{"start":{"line":85,"column":14},"end":{"line":85,"column":64}},"24":{"start":{"line":88,"column":14},"end":{"line":90,"column":15}},"25":{"start":{"line":89,"column":16},"end":{"line":89,"column":47}},"26":{"start":{"line":97,"column":6},"end":{"line":97,"column":72}},"27":{"start":{"line":103,"column":2},"end":{"line":126,"column":7}},"28":{"start":{"line":106,"column":26},"end":{"line":106,"column":62}},"29":{"start":{"line":107,"column":6},"end":{"line":120,"column":7}},"30":{"start":{"line":112,"column":8},"end":{"line":116,"column":11}},"31":{"start":{"line":113,"column":10},"end":{"line":115,"column":13}},"32":{"start":{"line":114,"column":12},"end":{"line":114,"column":37}},"33":{"start":{"line":119,"column":8},"end":{"line":119,"column":39}},"34":{"start":{"line":123,"column":6},"end":{"line":125,"column":8}},"35":{"start":{"line":130,"column":2},"end":{"line":134,"column":3}},"36":{"start":{"line":131,"column":4},"end":{"line":133,"column":7}},"37":{"start":{"line":132,"column":6},"end":{"line":132,"column":32}}},"fnMap":{"0":{"name":"register","decl":{"start":{"line":23,"column":16},"end":{"line":23,"column":24}},"loc":{"start":{"line":23,"column":33},"end":{"line":55,"column":1}},"line":23},"1":{"name":"(anonymous_1)","decl":{"start":{"line":34,"column":36},"end":{"line":34,"column":37}},"loc":{"start":{"line":34,"column":42},"end":{"line":53,"column":5}},"line":34},"2":{"name":"(anonymous_2)","decl":{"start":{"line":43,"column":43},"end":{"line":43,"column":44}},"loc":{"start":{"line":43,"column":49},"end":{"line":48,"column":9}},"line":43},"3":{"name":"registerValidSW","decl":{"start":{"line":57,"column":9},"end":{"line":57,"column":24}},"loc":{"start":{"line":57,"column":40},"end":{"line":99,"column":1}},"line":57},"4":{"name":"(anonymous_4)","decl":{"start":{"line":60,"column":10},"end":{"line":60,"column":11}},"loc":{"start":{"line":60,"column":26},"end":{"line":95,"column":5}},"line":60},"5":{"name":"(anonymous_5)","decl":{"start":{"line":61,"column":35},"end":{"line":61,"column":36}},"loc":{"start":{"line":61,"column":41},"end":{"line":94,"column":7}},"line":61},"6":{"name":"(anonymous_6)","decl":{"start":{"line":66,"column":41},"end":{"line":66,"column":42}},"loc":{"start":{"line":66,"column":47},"end":{"line":93,"column":9}},"line":66},"7":{"name":"(anonymous_7)","decl":{"start":{"line":96,"column":11},"end":{"line":96,"column":12}},"loc":{"start":{"line":96,"column":20},"end":{"line":98,"column":5}},"line":96},"8":{"name":"checkValidServiceWorker","decl":{"start":{"line":101,"column":9},"end":{"line":101,"column":32}},"loc":{"start":{"line":101,"column":48},"end":{"line":127,"column":1}},"line":101},"9":{"name":"(anonymous_9)","decl":{"start":{"line":104,"column":10},"end":{"line":104,"column":11}},"loc":{"start":{"line":104,"column":22},"end":{"line":121,"column":5}},"line":104},"10":{"name":"(anonymous_10)","decl":{"start":{"line":112,"column":43},"end":{"line":112,"column":44}},"loc":{"start":{"line":112,"column":59},"end":{"line":116,"column":9}},"line":112},"11":{"name":"(anonymous_11)","decl":{"start":{"line":113,"column":41},"end":{"line":113,"column":42}},"loc":{"start":{"line":113,"column":47},"end":{"line":115,"column":11}},"line":113},"12":{"name":"(anonymous_12)","decl":{"start":{"line":122,"column":11},"end":{"line":122,"column":12}},"loc":{"start":{"line":122,"column":17},"end":{"line":126,"column":5}},"line":122},"13":{"name":"unregister","decl":{"start":{"line":129,"column":16},"end":{"line":129,"column":26}},"loc":{"start":{"line":129,"column":29},"end":{"line":135,"column":1}},"line":129},"14":{"name":"(anonymous_14)","decl":{"start":{"line":131,"column":39},"end":{"line":131,"column":40}},"loc":{"start":{"line":131,"column":55},"end":{"line":133,"column":5}},"line":131}},"branchMap":{"0":{"loc":{"start":{"line":14,"column":2},"end":{"line":20,"column":5}},"type":"binary-expr","locations":[{"start":{"line":14,"column":2},"end":{"line":14,"column":42}},{"start":{"line":16,"column":4},"end":{"line":16,"column":40}},{"start":{"line":18,"column":4},"end":{"line":20,"column":5}}],"line":14},"1":{"loc":{"start":{"line":24,"column":2},"end":{"line":54,"column":3}},"type":"if","locations":[{"start":{"line":24,"column":2},"end":{"line":54,"column":3}},{"start":{"line":24,"column":2},"end":{"line":54,"column":3}}],"line":24},"2":{"loc":{"start":{"line":24,"column":6},"end":{"line":24,"column":75}},"type":"binary-expr","locations":[{"start":{"line":24,"column":6},"end":{"line":24,"column":43}},{"start":{"line":24,"column":47},"end":{"line":24,"column":75}}],"line":24},"3":{"loc":{"start":{"line":27,"column":4},"end":{"line":32,"column":5}},"type":"if","locations":[{"start":{"line":27,"column":4},"end":{"line":32,"column":5}},{"start":{"line":27,"column":4},"end":{"line":32,"column":5}}],"line":27},"4":{"loc":{"start":{"line":37,"column":6},"end":{"line":52,"column":7}},"type":"if","locations":[{"start":{"line":37,"column":6},"end":{"line":52,"column":7}},{"start":{"line":37,"column":6},"end":{"line":52,"column":7}}],"line":37},"5":{"loc":{"start":{"line":63,"column":8},"end":{"line":65,"column":9}},"type":"if","locations":[{"start":{"line":63,"column":8},"end":{"line":65,"column":9}},{"start":{"line":63,"column":8},"end":{"line":65,"column":9}}],"line":63},"6":{"loc":{"start":{"line":67,"column":10},"end":{"line":92,"column":11}},"type":"if","locations":[{"start":{"line":67,"column":10},"end":{"line":92,"column":11}},{"start":{"line":67,"column":10},"end":{"line":92,"column":11}}],"line":67},"7":{"loc":{"start":{"line":68,"column":12},"end":{"line":91,"column":13}},"type":"if","locations":[{"start":{"line":68,"column":12},"end":{"line":91,"column":13}},{"start":{"line":68,"column":12},"end":{"line":91,"column":13}}],"line":68},"8":{"loc":{"start":{"line":78,"column":14},"end":{"line":80,"column":15}},"type":"if","locations":[{"start":{"line":78,"column":14},"end":{"line":80,"column":15}},{"start":{"line":78,"column":14},"end":{"line":80,"column":15}}],"line":78},"9":{"loc":{"start":{"line":78,"column":18},"end":{"line":78,"column":43}},"type":"binary-expr","locations":[{"start":{"line":78,"column":18},"end":{"line":78,"column":24}},{"start":{"line":78,"column":28},"end":{"line":78,"column":43}}],"line":78},"10":{"loc":{"start":{"line":88,"column":14},"end":{"line":90,"column":15}},"type":"if","locations":[{"start":{"line":88,"column":14},"end":{"line":90,"column":15}},{"start":{"line":88,"column":14},"end":{"line":90,"column":15}}],"line":88},"11":{"loc":{"start":{"line":88,"column":18},"end":{"line":88,"column":44}},"type":"binary-expr","locations":[{"start":{"line":88,"column":18},"end":{"line":88,"column":24}},{"start":{"line":88,"column":28},"end":{"line":88,"column":44}}],"line":88},"12":{"loc":{"start":{"line":107,"column":6},"end":{"line":120,"column":7}},"type":"if","locations":[{"start":{"line":107,"column":6},"end":{"line":120,"column":7}},{"start":{"line":107,"column":6},"end":{"line":120,"column":7}}],"line":107},"13":{"loc":{"start":{"line":108,"column":8},"end":{"line":109,"column":73}},"type":"binary-expr","locations":[{"start":{"line":108,"column":8},"end":{"line":108,"column":31}},{"start":{"line":109,"column":9},"end":{"line":109,"column":28}},{"start":{"line":109,"column":32},"end":{"line":109,"column":72}}],"line":108},"14":{"loc":{"start":{"line":130,"column":2},"end":{"line":134,"column":3}},"type":"if","locations":[{"start":{"line":130,"column":2},"end":{"line":134,"column":3}},{"start":{"line":130,"column":2},"end":{"line":134,"column":3}}],"line":130}},"s":{"0":0,"1":0,"2":0,"3":0,"4":0,"5":0,"6":0,"7":0,"8":0,"9":0,"10":0,"11":0,"12":0,"13":0,"14":0,"15":0,"16":0,"17":0,"18":0,"19":0,"20":0,"21":0,"22":0,"23":0,"24":0,"25":0,"26":0,"27":0,"28":0,"29":0,"30":0,"31":0,"32":0,"33":0,"34":0,"35":0,"36":0,"37":0},"f":{"0":0,"1":0,"2":0,"3":0,"4":0,"5":0,"6":0,"7":0,"8":0,"9":0,"10":0,"11":0,"12":0,"13":0,"14":0},"b":{"0":[0,0,0],"1":[0,0],"2":[0,0],"3":[0,0],"4":[0,0],"5":[0,0],"6":[0,0],"7":[0,0],"8":[0,0],"9":[0,0],"10":[0,0],"11":[0,0],"12":[0,0],"13":[0,0,0],"14":[0,0]},"hash":"170aaa4d4f768729f2a12df300d77dfab58c6af7"}
,"/Users/sarahschneider/Documents/_Sarah/projects/code/_seiu503/member-app-2019/client/src/components/AlertDialog.jsx": {"path":"/Users/sarahschneider/Documents/_Sarah/projects/code/_seiu503/member-app-2019/client/src/components/AlertDialog.jsx","statementMap":{"0":{"start":{"line":11,"column":22},"end":{"line":26,"column":2}},"1":{"start":{"line":11,"column":32},"end":{"line":26,"column":1}},"2":{"start":{"line":28,"column":36},"end":{"line":76,"column":1}},"3":{"start":{"line":29,"column":2},"end":{"line":75,"column":8}},"4":{"start":{"line":78,"column":0},"end":{"line":86,"column":2}}},"fnMap":{"0":{"name":"(anonymous_0)","decl":{"start":{"line":11,"column":22},"end":{"line":11,"column":23}},"loc":{"start":{"line":11,"column":32},"end":{"line":26,"column":1}},"line":11},"1":{"name":"(anonymous_1)","decl":{"start":{"line":28,"column":36},"end":{"line":28,"column":37}},"loc":{"start":{"line":29,"column":2},"end":{"line":75,"column":8}},"line":29}},"branchMap":{"0":{"loc":{"start":{"line":35,"column":8},"end":{"line":35,"column":71}},"type":"cond-expr","locations":[{"start":{"line":35,"column":22},"end":{"line":35,"column":42}},{"start":{"line":35,"column":45},"end":{"line":35,"column":71}}],"line":35},"1":{"loc":{"start":{"line":40,"column":7},"end":{"line":44,"column":7}},"type":"binary-expr","locations":[{"start":{"line":40,"column":7},"end":{"line":40,"column":18}},{"start":{"line":41,"column":8},"end":{"line":43,"column":22}}],"line":40},"2":{"loc":{"start":{"line":65,"column":12},"end":{"line":65,"column":71}},"type":"cond-expr","locations":[{"start":{"line":65,"column":27},"end":{"line":65,"column":47}},{"start":{"line":65,"column":50},"end":{"line":65,"column":71}}],"line":65}},"s":{"0":3,"1":1,"2":3,"3":11,"4":3},"f":{"0":1,"1":11},"b":{"0":[8,3],"1":[11,8],"2":[1,10]},"_coverageSchema":"43e27e138ebf9cfc5966b082cf9a028302ed4184","hash":"32d1d3dc54e73f62f90e149f9cb05b396a4cabdf"}
,"/Users/sarahschneider/Documents/_Sarah/projects/code/_seiu503/member-app-2019/client/src/components/ButtonWithSpinner.jsx": {"path":"/Users/sarahschneider/Documents/_Sarah/projects/code/_seiu503/member-app-2019/client/src/components/ButtonWithSpinner.jsx","statementMap":{"0":{"start":{"line":12,"column":26},"end":{"line":20,"column":1}},"1":{"start":{"line":13,"column":41},"end":{"line":13,"column":46}},"2":{"start":{"line":14,"column":2},"end":{"line":19,"column":4}},"3":{"start":{"line":22,"column":0},"end":{"line":24,"column":2}}},"fnMap":{"0":{"name":"(anonymous_0)","decl":{"start":{"line":12,"column":26},"end":{"line":12,"column":27}},"loc":{"start":{"line":12,"column":44},"end":{"line":20,"column":1}},"line":12}},"branchMap":{"0":{"loc":{"start":{"line":17,"column":7},"end":{"line":17,"column":78}},"type":"binary-expr","locations":[{"start":{"line":17,"column":7},"end":{"line":17,"column":14}},{"start":{"line":17,"column":18},"end":{"line":17,"column":78}}],"line":17}},"s":{"0":2,"1":3,"2":3,"3":2},"f":{"0":3},"b":{"0":[3,1]},"_coverageSchema":"43e27e138ebf9cfc5966b082cf9a028302ed4184","hash":"49159c2c2b04d0e92d49f57c9127ab46fcbc1658"}
,"/Users/sarahschneider/Documents/_Sarah/projects/code/_seiu503/member-app-2019/client/src/components/ContentTile.jsx": {"path":"/Users/sarahschneider/Documents/_Sarah/projects/code/_seiu503/member-app-2019/client/src/components/ContentTile.jsx","statementMap":{"0":{"start":{"line":7,"column":22},"end":{"line":93,"column":2}},"1":{"start":{"line":7,"column":32},"end":{"line":93,"column":1}},"2":{"start":{"line":95,"column":20},"end":{"line":121,"column":1}},"3":{"start":{"line":96,"column":35},"end":{"line":96,"column":40}},"4":{"start":{"line":97,"column":36},"end":{"line":97,"column":47}},"5":{"start":{"line":98,"column":21},"end":{"line":98,"column":59}},"6":{"start":{"line":100,"column":2},"end":{"line":120,"column":4}},"7":{"start":{"line":123,"column":0},"end":{"line":125,"column":2}}},"fnMap":{"0":{"name":"(anonymous_0)","decl":{"start":{"line":7,"column":22},"end":{"line":7,"column":23}},"loc":{"start":{"line":7,"column":32},"end":{"line":93,"column":1}},"line":7},"1":{"name":"(anonymous_1)","decl":{"start":{"line":95,"column":20},"end":{"line":95,"column":21}},"loc":{"start":{"line":95,"column":29},"end":{"line":121,"column":1}},"line":95}},"branchMap":{"0":{"loc":{"start":{"line":102,"column":7},"end":{"line":108,"column":7}},"type":"binary-expr","locations":[{"start":{"line":102,"column":7},"end":{"line":102,"column":31}},{"start":{"line":103,"column":8},"end":{"line":107,"column":10}}],"line":102},"1":{"loc":{"start":{"line":113,"column":9},"end":{"line":117,"column":9}},"type":"binary-expr","locations":[{"start":{"line":113,"column":9},"end":{"line":113,"column":33}},{"start":{"line":114,"column":10},"end":{"line":116,"column":23}}],"line":113}},"s":{"0":3,"1":1,"2":3,"3":6,"4":6,"5":6,"6":6,"7":3},"f":{"0":1,"1":6},"b":{"0":[6,2],"1":[6,4]},"_coverageSchema":"43e27e138ebf9cfc5966b082cf9a028302ed4184","hash":"081dce89218179ed4791ee01b09468c75a2f8910"}
,"/Users/sarahschneider/Documents/_Sarah/projects/code/_seiu503/member-app-2019/client/src/components/CustomSnackbarContent.jsx": {"path":"/Users/sarahschneider/Documents/_Sarah/projects/code/_seiu503/member-app-2019/client/src/components/CustomSnackbarContent.jsx","statementMap":{"0":{"start":{"line":16,"column":20},"end":{"line":21,"column":1}},"1":{"start":{"line":23,"column":16},"end":{"line":50,"column":2}},"2":{"start":{"line":23,"column":26},"end":{"line":50,"column":1}},"3":{"start":{"line":52,"column":37},"end":{"line":101,"column":1}},"4":{"start":{"line":61,"column":6},"end":{"line":61,"column":11}},"5":{"start":{"line":62,"column":15},"end":{"line":62,"column":35}},"6":{"start":{"line":67,"column":2},"end":{"line":100,"column":4}},"7":{"start":{"line":103,"column":0},"end":{"line":109,"column":2}},"8":{"start":{"line":110,"column":37},"end":{"line":110,"column":79}}},"fnMap":{"0":{"name":"(anonymous_0)","decl":{"start":{"line":23,"column":16},"end":{"line":23,"column":17}},"loc":{"start":{"line":23,"column":26},"end":{"line":50,"column":1}},"line":23},"1":{"name":"(anonymous_1)","decl":{"start":{"line":52,"column":37},"end":{"line":52,"column":38}},"loc":{"start":{"line":52,"column":46},"end":{"line":101,"column":1}},"line":52}},"branchMap":{},"s":{"0":5,"1":5,"2":1,"3":5,"4":19,"5":19,"6":19,"7":5,"8":5},"f":{"0":1,"1":19},"b":{},"_coverageSchema":"43e27e138ebf9cfc5966b082cf9a028302ed4184","hash":"5ee7f5b7ebc6e01cfee2a74ed622156eb0b6540f"}
,"/Users/sarahschneider/Documents/_Sarah/projects/code/_seiu503/member-app-2019/client/src/components/Footer.jsx": {"path":"/Users/sarahschneider/Documents/_Sarah/projects/code/_seiu503/member-app-2019/client/src/components/Footer.jsx","statementMap":{"0":{"start":{"line":4,"column":15},"end":{"line":8,"column":1}},"1":{"start":{"line":5,"column":2},"end":{"line":7,"column":8}},"2":{"start":{"line":10,"column":0},"end":{"line":12,"column":2}}},"fnMap":{"0":{"name":"(anonymous_0)","decl":{"start":{"line":4,"column":15},"end":{"line":4,"column":16}},"loc":{"start":{"line":5,"column":2},"end":{"line":7,"column":8}},"line":5}},"branchMap":{},"s":{"0":2,"1":1,"2":2},"f":{"0":1},"b":{},"_coverageSchema":"43e27e138ebf9cfc5966b082cf9a028302ed4184","hash":"3c7ef470099d1805bb7a657c27e009e167a5abd8"}
,"/Users/sarahschneider/Documents/_Sarah/projects/code/_seiu503/member-app-2019/client/src/components/NotFound.jsx": {"path":"/Users/sarahschneider/Documents/_Sarah/projects/code/_seiu503/member-app-2019/client/src/components/NotFound.jsx","statementMap":{"0":{"start":{"line":4,"column":17},"end":{"line":10,"column":1}},"1":{"start":{"line":5,"column":2},"end":{"line":9,"column":4}},"2":{"start":{"line":12,"column":0},"end":{"line":14,"column":2}}},"fnMap":{"0":{"name":"(anonymous_0)","decl":{"start":{"line":4,"column":17},"end":{"line":4,"column":18}},"loc":{"start":{"line":4,"column":26},"end":{"line":10,"column":1}},"line":4}},"branchMap":{},"s":{"0":2,"1":1,"2":2},"f":{"0":1},"b":{},"_coverageSchema":"43e27e138ebf9cfc5966b082cf9a028302ed4184","hash":"cb98764a664870dbd04b5b2a371ee11d0007c291"}
,"/Users/sarahschneider/Documents/_Sarah/projects/code/_seiu503/member-app-2019/client/src/components/ScrollToTop.jsx": {"path":"/Users/sarahschneider/Documents/_Sarah/projects/code/_seiu503/member-app-2019/client/src/components/ScrollToTop.jsx","statementMap":{"0":{"start":{"line":6,"column":4},"end":{"line":11,"column":5}},"1":{"start":{"line":10,"column":6},"end":{"line":10,"column":54}},"2":{"start":{"line":15,"column":4},"end":{"line":15,"column":31}}},"fnMap":{"0":{"name":"(anonymous_0)","decl":{"start":{"line":5,"column":2},"end":{"line":5,"column":3}},"loc":{"start":{"line":5,"column":32},"end":{"line":12,"column":3}},"line":5},"1":{"name":"(anonymous_1)","decl":{"start":{"line":14,"column":2},"end":{"line":14,"column":3}},"loc":{"start":{"line":14,"column":11},"end":{"line":16,"column":3}},"line":14}},"branchMap":{"0":{"loc":{"start":{"line":6,"column":4},"end":{"line":11,"column":5}},"type":"if","locations":[{"start":{"line":6,"column":4},"end":{"line":11,"column":5}},{"start":{"line":6,"column":4},"end":{"line":11,"column":5}}],"line":6},"1":{"loc":{"start":{"line":7,"column":6},"end":{"line":8,"column":31}},"type":"binary-expr","locations":[{"start":{"line":7,"column":6},"end":{"line":7,"column":48}},{"start":{"line":8,"column":6},"end":{"line":8,"column":31}}],"line":7}},"s":{"0":2,"1":1,"2":5},"f":{"0":2,"1":5},"b":{"0":[1,1],"1":[2,2]},"_coverageSchema":"43e27e138ebf9cfc5966b082cf9a028302ed4184","hash":"b5ed5af0154a5058e8f668124469210c944520a4"}
,"/Users/sarahschneider/Documents/_Sarah/projects/code/_seiu503/member-app-2019/client/src/components/Spinner.jsx": {"path":"/Users/sarahschneider/Documents/_Sarah/projects/code/_seiu503/member-app-2019/client/src/components/Spinner.jsx","statementMap":{"0":{"start":{"line":4,"column":13},"end":{"line":13,"column":1}},"1":{"start":{"line":15,"column":13},"end":{"line":18,"column":1}},"2":{"start":{"line":20,"column":16},"end":{"line":29,"column":1}},"3":{"start":{"line":21,"column":2},"end":{"line":28,"column":8}}},"fnMap":{"0":{"name":"(anonymous_0)","decl":{"start":{"line":20,"column":16},"end":{"line":20,"column":17}},"loc":{"start":{"line":21,"column":2},"end":{"line":28,"column":8}},"line":21}},"branchMap":{},"s":{"0":3,"1":3,"2":3,"3":2},"f":{"0":2},"b":{},"_coverageSchema":"43e27e138ebf9cfc5966b082cf9a028302ed4184","hash":"49966936fcbca49b4acdfeafe7010f0ea740b521"}
,"/Users/sarahschneider/Documents/_Sarah/projects/code/_seiu503/member-app-2019/client/src/components/SpinnerAdornment.jsx": {"path":"/Users/sarahschneider/Documents/_Sarah/projects/code/_seiu503/member-app-2019/client/src/components/SpinnerAdornment.jsx","statementMap":{"0":{"start":{"line":7,"column":31},"end":{"line":10,"column":1}},"1":{"start":{"line":7,"column":41},"end":{"line":10,"column":1}},"2":{"start":{"line":7,"column":54},"end":{"line":10,"column":1}},"3":{"start":{"line":8,"column":15},"end":{"line":8,"column":51}},"4":{"start":{"line":9,"column":2},"end":{"line":9,"column":29}},"5":{"start":{"line":12,"column":22},"end":{"line":24,"column":1}},"6":{"start":{"line":12,"column":31},"end":{"line":24,"column":1}},"7":{"start":{"line":14,"column":4},"end":{"line":16,"column":17}},"8":{"start":{"line":17,"column":22},"end":{"line":17,"column":58}},"9":{"start":{"line":18,"column":2},"end":{"line":23,"column":4}},"10":{"start":{"line":26,"column":36},"end":{"line":32,"column":1}},"11":{"start":{"line":27,"column":2},"end":{"line":31,"column":4}},"12":{"start":{"line":34,"column":25},"end":{"line":34,"column":79}},"13":{"start":{"line":34,"column":58},"end":{"line":34,"column":78}}},"fnMap":{"0":{"name":"(anonymous_0)","decl":{"start":{"line":7,"column":31},"end":{"line":7,"column":32}},"loc":{"start":{"line":7,"column":41},"end":{"line":10,"column":1}},"line":7},"1":{"name":"(anonymous_1)","decl":{"start":{"line":7,"column":41},"end":{"line":7,"column":42}},"loc":{"start":{"line":7,"column":54},"end":{"line":10,"column":1}},"line":7},"2":{"name":"(anonymous_2)","decl":{"start":{"line":7,"column":54},"end":{"line":7,"column":55}},"loc":{"start":{"line":7,"column":63},"end":{"line":10,"column":1}},"line":7},"3":{"name":"(anonymous_3)","decl":{"start":{"line":12,"column":22},"end":{"line":12,"column":23}},"loc":{"start":{"line":12,"column":31},"end":{"line":24,"column":1}},"line":12},"4":{"name":"(anonymous_4)","decl":{"start":{"line":12,"column":31},"end":{"line":12,"column":32}},"loc":{"start":{"line":12,"column":40},"end":{"line":24,"column":1}},"line":12},"5":{"name":"(anonymous_5)","decl":{"start":{"line":26,"column":36},"end":{"line":26,"column":37}},"loc":{"start":{"line":27,"column":2},"end":{"line":31,"column":4}},"line":27},"6":{"name":"(anonymous_6)","decl":{"start":{"line":34,"column":49},"end":{"line":34,"column":50}},"loc":{"start":{"line":34,"column":58},"end":{"line":34,"column":78}},"line":34}},"branchMap":{"0":{"loc":{"start":{"line":14,"column":4},"end":{"line":16,"column":17}},"type":"cond-expr","locations":[{"start":{"line":15,"column":8},"end":{"line":15,"column":39}},{"start":{"line":16,"column":8},"end":{"line":16,"column":17}}],"line":14},"1":{"loc":{"start":{"line":14,"column":4},"end":{"line":14,"column":47}},"type":"binary-expr","locations":[{"start":{"line":14,"column":4},"end":{"line":14,"column":17}},{"start":{"line":14,"column":21},"end":{"line":14,"column":47}}],"line":14}},"s":{"0":3,"1":3,"2":3,"3":1,"4":1,"5":3,"6":3,"7":2,"8":2,"9":2,"10":3,"11":1,"12":3,"13":0},"f":{"0":3,"1":3,"2":1,"3":3,"4":2,"5":1,"6":0},"b":{"0":[1,1],"1":[2,1]},"_coverageSchema":"43e27e138ebf9cfc5966b082cf9a028302ed4184","hash":"8eb16684fda89c26390e07d172129995ff93d66c"}
,"/Users/sarahschneider/Documents/_Sarah/projects/code/_seiu503/member-app-2019/client/src/containers/ContentLibrary.jsx": {"path":"/Users/sarahschneider/Documents/_Sarah/projects/code/_seiu503/member-app-2019/client/src/containers/ContentLibrary.jsx","statementMap":{"0":{"start":{"line":20,"column":15},"end":{"line":96,"column":2}},"1":{"start":{"line":20,"column":25},"end":{"line":96,"column":1}},"2":{"start":{"line":100,"column":26},"end":{"line":100,"column":45}},"3":{"start":{"line":102,"column":4},"end":{"line":104,"column":7}},"4":{"start":{"line":108,"column":4},"end":{"line":118,"column":5}},"5":{"start":{"line":113,"column":6},"end":{"line":117,"column":11}},"6":{"start":{"line":121,"column":27},"end":{"line":125,"column":3}},"7":{"start":{"line":122,"column":4},"end":{"line":124,"column":5}},"8":{"start":{"line":123,"column":6},"end":{"line":123,"column":51}},"9":{"start":{"line":128,"column":18},"end":{"line":128,"column":47}},"10":{"start":{"line":129,"column":32},"end":{"line":132,"column":5}},"11":{"start":{"line":133,"column":4},"end":{"line":155,"column":5}},"12":{"start":{"line":137,"column":6},"end":{"line":137,"column":54}},"13":{"start":{"line":138,"column":11},"end":{"line":155,"column":5}},"14":{"start":{"line":142,"column":23},"end":{"line":142,"column":53}},"15":{"start":{"line":143,"column":18},"end":{"line":143,"column":47}},"16":{"start":{"line":144,"column":32},"end":{"line":147,"column":7}},"17":{"start":{"line":148,"column":6},"end":{"line":151,"column":7}},"18":{"start":{"line":149,"column":8},"end":{"line":149,"column":72}},"19":{"start":{"line":150,"column":8},"end":{"line":150,"column":51}},"20":{"start":{"line":152,"column":11},"end":{"line":155,"column":5}},"21":{"start":{"line":153,"column":6},"end":{"line":153,"column":70}},"22":{"start":{"line":154,"column":6},"end":{"line":154,"column":49}},"23":{"start":{"line":159,"column":24},"end":{"line":159,"column":34}},"24":{"start":{"line":161,"column":6},"end":{"line":161,"column":69}},"25":{"start":{"line":162,"column":4},"end":{"line":224,"column":6}},"26":{"start":{"line":173,"column":14},"end":{"line":173,"column":68}},"27":{"start":{"line":174,"column":14},"end":{"line":174,"column":56}},"28":{"start":{"line":193,"column":14},"end":{"line":219,"column":16}},"29":{"start":{"line":198,"column":37},"end":{"line":198,"column":70}},"30":{"start":{"line":208,"column":24},"end":{"line":208,"column":67}},"31":{"start":{"line":228,"column":0},"end":{"line":265,"column":2}},"32":{"start":{"line":267,"column":24},"end":{"line":271,"column":2}},"33":{"start":{"line":267,"column":34},"end":{"line":271,"column":1}},"34":{"start":{"line":273,"column":27},"end":{"line":275,"column":2}},"35":{"start":{"line":273,"column":40},"end":{"line":275,"column":1}}},"fnMap":{"0":{"name":"(anonymous_0)","decl":{"start":{"line":20,"column":15},"end":{"line":20,"column":16}},"loc":{"start":{"line":20,"column":25},"end":{"line":96,"column":1}},"line":20},"1":{"name":"(anonymous_1)","decl":{"start":{"line":99,"column":2},"end":{"line":99,"column":3}},"loc":{"start":{"line":99,"column":22},"end":{"line":105,"column":3}},"line":99},"2":{"name":"(anonymous_2)","decl":{"start":{"line":102,"column":56},"end":{"line":102,"column":57}},"loc":{"start":{"line":102,"column":66},"end":{"line":104,"column":5}},"line":102},"3":{"name":"(anonymous_3)","decl":{"start":{"line":107,"column":2},"end":{"line":107,"column":3}},"loc":{"start":{"line":107,"column":53},"end":{"line":119,"column":3}},"line":107},"4":{"name":"(anonymous_4)","decl":{"start":{"line":115,"column":14},"end":{"line":115,"column":15}},"loc":{"start":{"line":115,"column":24},"end":{"line":117,"column":9}},"line":115},"5":{"name":"(anonymous_5)","decl":{"start":{"line":121,"column":27},"end":{"line":121,"column":28}},"loc":{"start":{"line":121,"column":35},"end":{"line":125,"column":3}},"line":121},"6":{"name":"(anonymous_6)","decl":{"start":{"line":127,"column":2},"end":{"line":127,"column":3}},"loc":{"start":{"line":127,"column":35},"end":{"line":156,"column":3}},"line":127},"7":{"name":"(anonymous_7)","decl":{"start":{"line":158,"column":2},"end":{"line":158,"column":3}},"loc":{"start":{"line":158,"column":11},"end":{"line":225,"column":3}},"line":158},"8":{"name":"(anonymous_8)","decl":{"start":{"line":172,"column":20},"end":{"line":172,"column":21}},"loc":{"start":{"line":172,"column":26},"end":{"line":175,"column":13}},"line":172},"9":{"name":"(anonymous_9)","decl":{"start":{"line":192,"column":47},"end":{"line":192,"column":48}},"loc":{"start":{"line":192,"column":55},"end":{"line":220,"column":13}},"line":192},"10":{"name":"(anonymous_10)","decl":{"start":{"line":198,"column":31},"end":{"line":198,"column":32}},"loc":{"start":{"line":198,"column":37},"end":{"line":198,"column":70}},"line":198},"11":{"name":"(anonymous_11)","decl":{"start":{"line":207,"column":31},"end":{"line":207,"column":32}},"loc":{"start":{"line":208,"column":24},"end":{"line":208,"column":67}},"line":208},"12":{"name":"(anonymous_12)","decl":{"start":{"line":267,"column":24},"end":{"line":267,"column":25}},"loc":{"start":{"line":267,"column":34},"end":{"line":271,"column":1}},"line":267},"13":{"name":"(anonymous_13)","decl":{"start":{"line":273,"column":27},"end":{"line":273,"column":28}},"loc":{"start":{"line":273,"column":40},"end":{"line":275,"column":1}},"line":273}},"branchMap":{"0":{"loc":{"start":{"line":108,"column":4},"end":{"line":118,"column":5}},"type":"if","locations":[{"start":{"line":108,"column":4},"end":{"line":118,"column":5}},{"start":{"line":108,"column":4},"end":{"line":118,"column":5}}],"line":108},"1":{"loc":{"start":{"line":109,"column":6},"end":{"line":111,"column":44}},"type":"binary-expr","locations":[{"start":{"line":109,"column":7},"end":{"line":109,"column":36}},{"start":{"line":109,"column":40},"end":{"line":109,"column":69}},{"start":{"line":110,"column":6},"end":{"line":111,"column":44}}],"line":109},"2":{"loc":{"start":{"line":122,"column":4},"end":{"line":124,"column":5}},"type":"if","locations":[{"start":{"line":122,"column":4},"end":{"line":124,"column":5}},{"start":{"line":122,"column":4},"end":{"line":124,"column":5}}],"line":122},"3":{"loc":{"start":{"line":122,"column":8},"end":{"line":122,"column":44}},"type":"binary-expr","locations":[{"start":{"line":122,"column":8},"end":{"line":122,"column":12}},{"start":{"line":122,"column":16},"end":{"line":122,"column":44}}],"line":122},"4":{"loc":{"start":{"line":133,"column":4},"end":{"line":155,"column":5}},"type":"if","locations":[{"start":{"line":133,"column":4},"end":{"line":155,"column":5}},{"start":{"line":133,"column":4},"end":{"line":155,"column":5}}],"line":133},"5":{"loc":{"start":{"line":134,"column":6},"end":{"line":135,"column":59}},"type":"binary-expr","locations":[{"start":{"line":134,"column":6},"end":{"line":134,"column":31}},{"start":{"line":135,"column":6},"end":{"line":135,"column":59}}],"line":134},"6":{"loc":{"start":{"line":138,"column":11},"end":{"line":155,"column":5}},"type":"if","locations":[{"start":{"line":138,"column":11},"end":{"line":155,"column":5}},{"start":{"line":138,"column":11},"end":{"line":155,"column":5}}],"line":138},"7":{"loc":{"start":{"line":139,"column":6},"end":{"line":140,"column":42}},"type":"binary-expr","locations":[{"start":{"line":139,"column":6},"end":{"line":139,"column":59}},{"start":{"line":140,"column":6},"end":{"line":140,"column":42}}],"line":139},"8":{"loc":{"start":{"line":148,"column":6},"end":{"line":151,"column":7}},"type":"if","locations":[{"start":{"line":148,"column":6},"end":{"line":151,"column":7}},{"start":{"line":148,"column":6},"end":{"line":151,"column":7}}],"line":148},"9":{"loc":{"start":{"line":152,"column":11},"end":{"line":155,"column":5}},"type":"if","locations":[{"start":{"line":152,"column":11},"end":{"line":155,"column":5}},{"start":{"line":152,"column":11},"end":{"line":155,"column":5}}],"line":152},"10":{"loc":{"start":{"line":164,"column":9},"end":{"line":164,"column":50}},"type":"binary-expr","locations":[{"start":{"line":164,"column":9},"end":{"line":164,"column":35}},{"start":{"line":164,"column":39},"end":{"line":164,"column":50}}],"line":164},"11":{"loc":{"start":{"line":165,"column":9},"end":{"line":179,"column":9}},"type":"binary-expr","locations":[{"start":{"line":165,"column":9},"end":{"line":165,"column":44}},{"start":{"line":166,"column":10},"end":{"line":178,"column":12}}],"line":165}},"s":{"0":2,"1":0,"2":1,"3":1,"4":2,"5":2,"6":14,"7":1,"8":1,"9":4,"10":4,"11":4,"12":1,"13":3,"14":2,"15":2,"16":2,"17":2,"18":1,"19":1,"20":1,"21":1,"22":1,"23":27,"24":27,"25":27,"26":0,"27":0,"28":54,"29":1,"30":1,"31":2,"32":2,"33":0,"34":2,"35":0},"f":{"0":0,"1":1,"2":1,"3":2,"4":2,"5":1,"6":4,"7":27,"8":0,"9":54,"10":1,"11":1,"12":0,"13":0},"b":{"0":[2,0],"1":[2,1,1],"2":[1,0],"3":[1,1],"4":[1,3],"5":[4,4],"6":[2,1],"7":[3,3],"8":[1,1],"9":[1,0],"10":[27,0],"11":[27,1]},"_coverageSchema":"43e27e138ebf9cfc5966b082cf9a028302ed4184","hash":"37f70d1e1af7040774129733ff94483d88d5114a"}
,"/Users/sarahschneider/Documents/_Sarah/projects/code/_seiu503/member-app-2019/client/src/containers/Dashboard.jsx": {"path":"/Users/sarahschneider/Documents/_Sarah/projects/code/_seiu503/member-app-2019/client/src/containers/Dashboard.jsx","statementMap":{"0":{"start":{"line":21,"column":15},"end":{"line":56,"column":2}},"1":{"start":{"line":21,"column":25},"end":{"line":56,"column":1}},"2":{"start":{"line":62,"column":4},"end":{"line":88,"column":5}},"3":{"start":{"line":63,"column":6},"end":{"line":63,"column":42}},"4":{"start":{"line":64,"column":6},"end":{"line":64,"column":44}},"5":{"start":{"line":67,"column":6},"end":{"line":67,"column":68}},"6":{"start":{"line":68,"column":6},"end":{"line":68,"column":70}},"7":{"start":{"line":69,"column":6},"end":{"line":69,"column":39}},"8":{"start":{"line":70,"column":6},"end":{"line":70,"column":44}},"9":{"start":{"line":72,"column":6},"end":{"line":76,"column":8}},"10":{"start":{"line":80,"column":6},"end":{"line":82,"column":58}},"11":{"start":{"line":83,"column":6},"end":{"line":87,"column":7}},"12":{"start":{"line":84,"column":8},"end":{"line":84,"column":69}},"13":{"start":{"line":86,"column":8},"end":{"line":86,"column":46}},"14":{"start":{"line":90,"column":4},"end":{"line":110,"column":9}},"15":{"start":{"line":93,"column":8},"end":{"line":106,"column":9}},"16":{"start":{"line":94,"column":10},"end":{"line":94,"column":43}},"17":{"start":{"line":96,"column":27},"end":{"line":96,"column":66}},"18":{"start":{"line":97,"column":10},"end":{"line":102,"column":11}},"19":{"start":{"line":100,"column":12},"end":{"line":100,"column":46}},"20":{"start":{"line":101,"column":12},"end":{"line":101,"column":55}},"21":{"start":{"line":104,"column":10},"end":{"line":104,"column":39}},"22":{"start":{"line":105,"column":10},"end":{"line":105,"column":70}},"23":{"start":{"line":109,"column":8},"end":{"line":109,"column":35}},"24":{"start":{"line":114,"column":24},"end":{"line":114,"column":34}},"25":{"start":{"line":115,"column":25},"end":{"line":115,"column":44}},"26":{"start":{"line":116,"column":21},"end":{"line":116,"column":60}},"27":{"start":{"line":117,"column":33},"end":{"line":117,"column":59}},"28":{"start":{"line":118,"column":4},"end":{"line":141,"column":6}},"29":{"start":{"line":145,"column":0},"end":{"line":175,"column":2}},"30":{"start":{"line":177,"column":24},"end":{"line":180,"column":2}},"31":{"start":{"line":177,"column":34},"end":{"line":180,"column":1}},"32":{"start":{"line":182,"column":27},"end":{"line":185,"column":2}},"33":{"start":{"line":182,"column":40},"end":{"line":185,"column":1}},"34":{"start":{"line":187,"column":34},"end":{"line":190,"column":27}}},"fnMap":{"0":{"name":"(anonymous_0)","decl":{"start":{"line":21,"column":15},"end":{"line":21,"column":16}},"loc":{"start":{"line":21,"column":25},"end":{"line":56,"column":1}},"line":21},"1":{"name":"(anonymous_1)","decl":{"start":{"line":59,"column":2},"end":{"line":59,"column":3}},"loc":{"start":{"line":59,"column":23},"end":{"line":111,"column":3}},"line":59},"2":{"name":"(anonymous_2)","decl":{"start":{"line":92,"column":12},"end":{"line":92,"column":13}},"loc":{"start":{"line":92,"column":22},"end":{"line":107,"column":7}},"line":92},"3":{"name":"(anonymous_3)","decl":{"start":{"line":108,"column":13},"end":{"line":108,"column":14}},"loc":{"start":{"line":108,"column":20},"end":{"line":110,"column":7}},"line":108},"4":{"name":"(anonymous_4)","decl":{"start":{"line":113,"column":2},"end":{"line":113,"column":3}},"loc":{"start":{"line":113,"column":11},"end":{"line":142,"column":3}},"line":113},"5":{"name":"(anonymous_5)","decl":{"start":{"line":177,"column":24},"end":{"line":177,"column":25}},"loc":{"start":{"line":177,"column":34},"end":{"line":180,"column":1}},"line":177},"6":{"name":"(anonymous_6)","decl":{"start":{"line":182,"column":27},"end":{"line":182,"column":28}},"loc":{"start":{"line":182,"column":40},"end":{"line":185,"column":1}},"line":182}},"branchMap":{"0":{"loc":{"start":{"line":62,"column":4},"end":{"line":88,"column":5}},"type":"if","locations":[{"start":{"line":62,"column":4},"end":{"line":88,"column":5}},{"start":{"line":62,"column":4},"end":{"line":88,"column":5}}],"line":62},"1":{"loc":{"start":{"line":62,"column":8},"end":{"line":62,"column":54}},"type":"binary-expr","locations":[{"start":{"line":62,"column":8},"end":{"line":62,"column":24}},{"start":{"line":62,"column":28},"end":{"line":62,"column":54}}],"line":62},"2":{"loc":{"start":{"line":81,"column":8},"end":{"line":82,"column":57}},"type":"binary-expr","locations":[{"start":{"line":81,"column":8},"end":{"line":81,"column":38}},{"start":{"line":82,"column":8},"end":{"line":82,"column":57}}],"line":81},"3":{"loc":{"start":{"line":83,"column":6},"end":{"line":87,"column":7}},"type":"if","locations":[{"start":{"line":83,"column":6},"end":{"line":87,"column":7}},{"start":{"line":83,"column":6},"end":{"line":87,"column":7}}],"line":83},"4":{"loc":{"start":{"line":93,"column":8},"end":{"line":106,"column":9}},"type":"if","locations":[{"start":{"line":93,"column":8},"end":{"line":106,"column":9}},{"start":{"line":93,"column":8},"end":{"line":106,"column":9}}],"line":93},"5":{"loc":{"start":{"line":97,"column":10},"end":{"line":102,"column":11}},"type":"if","locations":[{"start":{"line":97,"column":10},"end":{"line":102,"column":11}},{"start":{"line":97,"column":10},"end":{"line":102,"column":11}}],"line":97},"6":{"loc":{"start":{"line":120,"column":9},"end":{"line":139,"column":9}},"type":"binary-expr","locations":[{"start":{"line":120,"column":9},"end":{"line":120,"column":17}},{"start":{"line":120,"column":21},"end":{"line":120,"column":30}},{"start":{"line":121,"column":10},"end":{"line":138,"column":17}}],"line":120}},"s":{"0":2,"1":0,"2":10,"3":9,"4":9,"5":9,"6":9,"7":9,"8":9,"9":9,"10":1,"11":1,"12":1,"13":0,"14":10,"15":6,"16":6,"17":6,"18":6,"19":0,"20":0,"21":0,"22":0,"23":0,"24":13,"25":13,"26":13,"27":13,"28":13,"29":2,"30":2,"31":9,"32":2,"33":4,"34":2},"f":{"0":0,"1":10,"2":6,"3":0,"4":13,"5":9,"6":4},"b":{"0":[9,1],"1":[10,10],"2":[1,1],"3":[1,0],"4":[6,0],"5":[0,6],"6":[13,9,8]},"_coverageSchema":"43e27e138ebf9cfc5966b082cf9a028302ed4184","hash":"6c68006d44c8ba1cdfd7b9b2193d64377d43f219"}
,"/Users/sarahschneider/Documents/_Sarah/projects/code/_seiu503/member-app-2019/client/src/containers/Logout.jsx": {"path":"/Users/sarahschneider/Documents/_Sarah/projects/code/_seiu503/member-app-2019/client/src/containers/Logout.jsx","statementMap":{"0":{"start":{"line":11,"column":4},"end":{"line":11,"column":32}},"1":{"start":{"line":12,"column":4},"end":{"line":12,"column":32}},"2":{"start":{"line":13,"column":4},"end":{"line":15,"column":13}},"3":{"start":{"line":14,"column":6},"end":{"line":14,"column":34}},"4":{"start":{"line":19,"column":4},"end":{"line":32,"column":6}},"5":{"start":{"line":36,"column":0},"end":{"line":41,"column":2}},"6":{"start":{"line":43,"column":34},"end":{"line":45,"column":2}},"7":{"start":{"line":43,"column":47},"end":{"line":45,"column":1}}},"fnMap":{"0":{"name":"(anonymous_0)","decl":{"start":{"line":10,"column":2},"end":{"line":10,"column":3}},"loc":{"start":{"line":10,"column":22},"end":{"line":16,"column":3}},"line":10},"1":{"name":"(anonymous_1)","decl":{"start":{"line":13,"column":15},"end":{"line":13,"column":16}},"loc":{"start":{"line":13,"column":21},"end":{"line":15,"column":5}},"line":13},"2":{"name":"(anonymous_2)","decl":{"start":{"line":18,"column":2},"end":{"line":18,"column":3}},"loc":{"start":{"line":18,"column":11},"end":{"line":33,"column":3}},"line":18},"3":{"name":"(anonymous_3)","decl":{"start":{"line":43,"column":34},"end":{"line":43,"column":35}},"loc":{"start":{"line":43,"column":47},"end":{"line":45,"column":1}},"line":43}},"branchMap":{},"s":{"0":3,"1":3,"2":3,"3":2,"4":9,"5":2,"6":2,"7":1},"f":{"0":3,"1":2,"2":9,"3":1},"b":{},"_coverageSchema":"43e27e138ebf9cfc5966b082cf9a028302ed4184","hash":"73dfdd61f919869ea2d1002cfaf8bb5480e273a3"}
,"/Users/sarahschneider/Documents/_Sarah/projects/code/_seiu503/member-app-2019/client/src/containers/NavBar.jsx": {"path":"/Users/sarahschneider/Documents/_Sarah/projects/code/_seiu503/member-app-2019/client/src/containers/NavBar.jsx","statementMap":{"0":{"start":{"line":21,"column":15},"end":{"line":129,"column":2}},"1":{"start":{"line":21,"column":25},"end":{"line":129,"column":1}},"2":{"start":{"line":133,"column":4},"end":{"line":133,"column":17}},"3":{"start":{"line":135,"column":4},"end":{"line":137,"column":6}},"4":{"start":{"line":139,"column":4},"end":{"line":139,"column":51}},"5":{"start":{"line":140,"column":4},"end":{"line":140,"column":51}},"6":{"start":{"line":144,"column":4},"end":{"line":144,"column":49}},"7":{"start":{"line":145,"column":4},"end":{"line":145,"column":60}},"8":{"start":{"line":149,"column":4},"end":{"line":149,"column":38}},"9":{"start":{"line":150,"column":4},"end":{"line":150,"column":63}},"10":{"start":{"line":154,"column":24},"end":{"line":154,"column":34}},"11":{"start":{"line":155,"column":25},"end":{"line":155,"column":35}},"12":{"start":{"line":156,"column":25},"end":{"line":156,"column":44}},"13":{"start":{"line":157,"column":18},"end":{"line":157,"column":34}},"14":{"start":{"line":158,"column":23},"end":{"line":158,"column":51}},"15":{"start":{"line":159,"column":25},"end":{"line":181,"column":5}},"16":{"start":{"line":160,"column":45},"end":{"line":160,"column":50}},"17":{"start":{"line":161,"column":6},"end":{"line":180,"column":8}},"18":{"start":{"line":167,"column":12},"end":{"line":167,"column":48}},"19":{"start":{"line":168,"column":12},"end":{"line":168,"column":26}},"20":{"start":{"line":183,"column":6},"end":{"line":196,"column":12}},"21":{"start":{"line":185,"column":10},"end":{"line":194,"column":12}},"22":{"start":{"line":199,"column":6},"end":{"line":207,"column":12}},"23":{"start":{"line":201,"column":10},"end":{"line":205,"column":12}},"24":{"start":{"line":210,"column":6},"end":{"line":225,"column":12}},"25":{"start":{"line":212,"column":10},"end":{"line":223,"column":12}},"26":{"start":{"line":217,"column":16},"end":{"line":217,"column":52}},"27":{"start":{"line":227,"column":4},"end":{"line":297,"column":6}},"28":{"start":{"line":235,"column":29},"end":{"line":235,"column":41}},"29":{"start":{"line":264,"column":28},"end":{"line":264,"column":47}},"30":{"start":{"line":301,"column":0},"end":{"line":318,"column":2}},"31":{"start":{"line":320,"column":24},"end":{"line":323,"column":2}},"32":{"start":{"line":320,"column":34},"end":{"line":323,"column":1}}},"fnMap":{"0":{"name":"(anonymous_0)","decl":{"start":{"line":21,"column":15},"end":{"line":21,"column":16}},"loc":{"start":{"line":21,"column":25},"end":{"line":129,"column":1}},"line":21},"1":{"name":"(anonymous_1)","decl":{"start":{"line":132,"column":2},"end":{"line":132,"column":3}},"loc":{"start":{"line":132,"column":21},"end":{"line":141,"column":3}},"line":132},"2":{"name":"(anonymous_2)","decl":{"start":{"line":143,"column":2},"end":{"line":143,"column":3}},"loc":{"start":{"line":143,"column":17},"end":{"line":146,"column":3}},"line":143},"3":{"name":"(anonymous_3)","decl":{"start":{"line":148,"column":2},"end":{"line":148,"column":3}},"loc":{"start":{"line":148,"column":16},"end":{"line":151,"column":3}},"line":148},"4":{"name":"(anonymous_4)","decl":{"start":{"line":153,"column":2},"end":{"line":153,"column":3}},"loc":{"start":{"line":153,"column":11},"end":{"line":298,"column":3}},"line":153},"5":{"name":"(anonymous_5)","decl":{"start":{"line":159,"column":25},"end":{"line":159,"column":26}},"loc":{"start":{"line":159,"column":34},"end":{"line":181,"column":5}},"line":159},"6":{"name":"(anonymous_6)","decl":{"start":{"line":166,"column":19},"end":{"line":166,"column":20}},"loc":{"start":{"line":166,"column":25},"end":{"line":169,"column":11}},"line":166},"7":{"name":"(anonymous_7)","decl":{"start":{"line":184,"column":19},"end":{"line":184,"column":20}},"loc":{"start":{"line":184,"column":36},"end":{"line":195,"column":9}},"line":184},"8":{"name":"(anonymous_8)","decl":{"start":{"line":200,"column":24},"end":{"line":200,"column":25}},"loc":{"start":{"line":200,"column":41},"end":{"line":206,"column":9}},"line":200},"9":{"name":"(anonymous_9)","decl":{"start":{"line":211,"column":19},"end":{"line":211,"column":20}},"loc":{"start":{"line":211,"column":36},"end":{"line":224,"column":9}},"line":211},"10":{"name":"(anonymous_10)","decl":{"start":{"line":216,"column":23},"end":{"line":216,"column":24}},"loc":{"start":{"line":216,"column":29},"end":{"line":218,"column":15}},"line":216},"11":{"name":"(anonymous_11)","decl":{"start":{"line":235,"column":23},"end":{"line":235,"column":24}},"loc":{"start":{"line":235,"column":29},"end":{"line":235,"column":41}},"line":235},"12":{"name":"(anonymous_12)","decl":{"start":{"line":264,"column":23},"end":{"line":264,"column":24}},"loc":{"start":{"line":264,"column":28},"end":{"line":264,"column":47}},"line":264},"13":{"name":"(anonymous_13)","decl":{"start":{"line":320,"column":24},"end":{"line":320,"column":25}},"loc":{"start":{"line":320,"column":34},"end":{"line":323,"column":1}},"line":320}},"branchMap":{"0":{"loc":{"start":{"line":262,"column":25},"end":{"line":262,"column":53}},"type":"cond-expr","locations":[{"start":{"line":262,"column":36},"end":{"line":262,"column":46}},{"start":{"line":262,"column":49},"end":{"line":262,"column":53}}],"line":262},"1":{"loc":{"start":{"line":286,"column":13},"end":{"line":293,"column":13}},"type":"cond-expr","locations":[{"start":{"line":287,"column":14},"end":{"line":290,"column":20}},{"start":{"line":292,"column":14},"end":{"line":292,"column":65}}],"line":286}},"s":{"0":2,"1":0,"2":18,"3":18,"4":18,"5":18,"6":1,"7":1,"8":2,"9":2,"10":25,"11":25,"12":25,"13":25,"14":25,"15":25,"16":4,"17":4,"18":2,"19":2,"20":25,"21":25,"22":25,"23":75,"24":25,"25":25,"26":1,"27":25,"28":1,"29":1,"30":2,"31":2,"32":0},"f":{"0":0,"1":18,"2":1,"3":2,"4":25,"5":4,"6":2,"7":25,"8":75,"9":25,"10":1,"11":1,"12":1,"13":0},"b":{"0":[2,23],"1":[1,24]},"_coverageSchema":"43e27e138ebf9cfc5966b082cf9a028302ed4184","hash":"5267c59fb0d5972d12d1c3a95eade048ad36e820"}
,"/Users/sarahschneider/Documents/_Sarah/projects/code/_seiu503/member-app-2019/client/src/containers/Notifier.jsx": {"path":"/Users/sarahschneider/Documents/_Sarah/projects/code/_seiu503/member-app-2019/client/src/containers/Notifier.jsx","statementMap":{"0":{"start":{"line":10,"column":10},"end":{"line":15,"column":3}},"1":{"start":{"line":18,"column":4},"end":{"line":18,"column":39}},"2":{"start":{"line":21,"column":17},"end":{"line":28,"column":3}},"3":{"start":{"line":22,"column":4},"end":{"line":27,"column":7}},"4":{"start":{"line":30,"column":24},"end":{"line":37,"column":3}},"5":{"start":{"line":31,"column":4},"end":{"line":36,"column":7}},"6":{"start":{"line":41,"column":6},"end":{"line":45,"column":8}},"7":{"start":{"line":48,"column":4},"end":{"line":68,"column":6}},"8":{"start":{"line":80,"column":28},"end":{"line":104,"column":1}},"9":{"start":{"line":88,"column":2},"end":{"line":103,"column":3}},"10":{"start":{"line":92,"column":4},"end":{"line":92,"column":37}},"11":{"start":{"line":93,"column":9},"end":{"line":103,"column":3}},"12":{"start":{"line":99,"column":4},"end":{"line":99,"column":37}},"13":{"start":{"line":102,"column":4},"end":{"line":102,"column":59}},"14":{"start":{"line":102,"column":21},"end":{"line":102,"column":53}}},"fnMap":{"0":{"name":"(anonymous_0)","decl":{"start":{"line":17,"column":2},"end":{"line":17,"column":3}},"loc":{"start":{"line":17,"column":22},"end":{"line":19,"column":3}},"line":17},"1":{"name":"(anonymous_1)","decl":{"start":{"line":21,"column":17},"end":{"line":21,"column":18}},"loc":{"start":{"line":21,"column":47},"end":{"line":28,"column":3}},"line":21},"2":{"name":"(anonymous_2)","decl":{"start":{"line":30,"column":24},"end":{"line":30,"column":25}},"loc":{"start":{"line":30,"column":30},"end":{"line":37,"column":3}},"line":30},"3":{"name":"(anonymous_3)","decl":{"start":{"line":39,"column":2},"end":{"line":39,"column":3}},"loc":{"start":{"line":39,"column":11},"end":{"line":69,"column":3}},"line":39},"4":{"name":"(anonymous_4)","decl":{"start":{"line":80,"column":28},"end":{"line":80,"column":29}},"loc":{"start":{"line":85,"column":5},"end":{"line":104,"column":1}},"line":85},"5":{"name":"(anonymous_5)","decl":{"start":{"line":102,"column":15},"end":{"line":102,"column":16}},"loc":{"start":{"line":102,"column":21},"end":{"line":102,"column":53}},"line":102}},"branchMap":{"0":{"loc":{"start":{"line":88,"column":2},"end":{"line":103,"column":3}},"type":"if","locations":[{"start":{"line":88,"column":2},"end":{"line":103,"column":3}},{"start":{"line":88,"column":2},"end":{"line":103,"column":3}}],"line":88},"1":{"loc":{"start":{"line":89,"column":4},"end":{"line":90,"column":17}},"type":"binary-expr","locations":[{"start":{"line":89,"column":5},"end":{"line":89,"column":41}},{"start":{"line":89,"column":45},"end":{"line":89,"column":76}},{"start":{"line":90,"column":4},"end":{"line":90,"column":17}}],"line":89},"2":{"loc":{"start":{"line":93,"column":9},"end":{"line":103,"column":3}},"type":"if","locations":[{"start":{"line":93,"column":9},"end":{"line":103,"column":3}},{"start":{"line":93,"column":9},"end":{"line":103,"column":3}}],"line":93},"3":{"loc":{"start":{"line":94,"column":4},"end":{"line":96,"column":19}},"type":"binary-expr","locations":[{"start":{"line":94,"column":4},"end":{"line":94,"column":40}},{"start":{"line":95,"column":4},"end":{"line":95,"column":35}},{"start":{"line":96,"column":4},"end":{"line":96,"column":19}}],"line":94}},"s":{"0":9,"1":10,"2":9,"3":2,"4":9,"5":1,"6":14,"7":14,"8":4,"9":6,"10":1,"11":5,"12":2,"13":3,"14":0},"f":{"0":10,"1":2,"2":1,"3":14,"4":6,"5":0},"b":{"0":[1,5],"1":[6,3,6],"2":[2,3],"3":[5,2,2]},"_coverageSchema":"43e27e138ebf9cfc5966b082cf9a028302ed4184","hash":"db299ddd25c0689bac270844e0e88d7de9356b11"}
,"/Users/sarahschneider/Documents/_Sarah/projects/code/_seiu503/member-app-2019/client/src/containers/TextInputForm.jsx": {"path":"/Users/sarahschneider/Documents/_Sarah/projects/code/_seiu503/member-app-2019/client/src/containers/TextInputForm.jsx","statementMap":{"0":{"start":{"line":22,"column":15},"end":{"line":59,"column":2}},"1":{"start":{"line":22,"column":25},"end":{"line":59,"column":1}},"2":{"start":{"line":63,"column":4},"end":{"line":63,"column":17}},"3":{"start":{"line":64,"column":4},"end":{"line":67,"column":6}},"4":{"start":{"line":71,"column":4},"end":{"line":90,"column":5}},"5":{"start":{"line":72,"column":6},"end":{"line":89,"column":50}},"6":{"start":{"line":76,"column":10},"end":{"line":87,"column":11}},"7":{"start":{"line":80,"column":12},"end":{"line":84,"column":14}},"8":{"start":{"line":89,"column":22},"end":{"line":89,"column":48}},"9":{"start":{"line":93,"column":16},"end":{"line":100,"column":3}},"10":{"start":{"line":94,"column":21},"end":{"line":94,"column":38}},"11":{"start":{"line":95,"column":4},"end":{"line":95,"column":26}},"12":{"start":{"line":96,"column":4},"end":{"line":99,"column":7}},"13":{"start":{"line":97,"column":6},"end":{"line":97,"column":40}},"14":{"start":{"line":98,"column":6},"end":{"line":98,"column":42}},"15":{"start":{"line":102,"column":15},"end":{"line":110,"column":3}},"16":{"start":{"line":104,"column":21},"end":{"line":104,"column":38}},"17":{"start":{"line":105,"column":4},"end":{"line":105,"column":26}},"18":{"start":{"line":106,"column":4},"end":{"line":106,"column":27}},"19":{"start":{"line":107,"column":4},"end":{"line":109,"column":7}},"20":{"start":{"line":108,"column":6},"end":{"line":108,"column":45}},"21":{"start":{"line":112,"column":15},"end":{"line":116,"column":3}},"22":{"start":{"line":113,"column":21},"end":{"line":113,"column":38}},"23":{"start":{"line":114,"column":4},"end":{"line":114,"column":25}},"24":{"start":{"line":115,"column":4},"end":{"line":115,"column":35}},"25":{"start":{"line":118,"column":19},"end":{"line":137,"column":3}},"26":{"start":{"line":119,"column":17},"end":{"line":119,"column":19}},"27":{"start":{"line":120,"column":4},"end":{"line":122,"column":5}},"28":{"start":{"line":121,"column":6},"end":{"line":121,"column":58}},"29":{"start":{"line":123,"column":4},"end":{"line":132,"column":5}},"30":{"start":{"line":129,"column":6},"end":{"line":131,"column":8}},"31":{"start":{"line":134,"column":4},"end":{"line":136,"column":5}},"32":{"start":{"line":135,"column":6},"end":{"line":135,"column":46}},"33":{"start":{"line":139,"column":17},"end":{"line":164,"column":3}},"34":{"start":{"line":140,"column":26},"end":{"line":140,"column":45}},"35":{"start":{"line":141,"column":21},"end":{"line":141,"column":56}},"36":{"start":{"line":142,"column":17},"end":{"line":142,"column":32}},"37":{"start":{"line":143,"column":15},"end":{"line":143,"column":71}},"38":{"start":{"line":144,"column":4},"end":{"line":163,"column":48}},"39":{"start":{"line":147,"column":8},"end":{"line":161,"column":9}},"40":{"start":{"line":151,"column":10},"end":{"line":155,"column":12}},"41":{"start":{"line":157,"column":10},"end":{"line":157,"column":56}},"42":{"start":{"line":158,"column":10},"end":{"line":158,"column":44}},"43":{"start":{"line":159,"column":10},"end":{"line":159,"column":57}},"44":{"start":{"line":160,"column":10},"end":{"line":160,"column":46}},"45":{"start":{"line":163,"column":20},"end":{"line":163,"column":46}},"46":{"start":{"line":166,"column":11},"end":{"line":228,"column":3}},"47":{"start":{"line":168,"column":38},"end":{"line":168,"column":61}},"48":{"start":{"line":169,"column":26},"end":{"line":169,"column":45}},"49":{"start":{"line":170,"column":17},"end":{"line":173,"column":5}},"50":{"start":{"line":175,"column":4},"end":{"line":177,"column":5}},"51":{"start":{"line":176,"column":6},"end":{"line":176,"column":38}},"52":{"start":{"line":178,"column":4},"end":{"line":227,"column":5}},"53":{"start":{"line":179,"column":6},"end":{"line":197,"column":50}},"54":{"start":{"line":182,"column":10},"end":{"line":195,"column":11}},"55":{"start":{"line":186,"column":12},"end":{"line":190,"column":14}},"56":{"start":{"line":192,"column":12},"end":{"line":192,"column":79}},"57":{"start":{"line":193,"column":12},"end":{"line":193,"column":46}},"58":{"start":{"line":194,"column":12},"end":{"line":194,"column":48}},"59":{"start":{"line":197,"column":22},"end":{"line":197,"column":48}},"60":{"start":{"line":198,"column":11},"end":{"line":227,"column":5}},"61":{"start":{"line":199,"column":6},"end":{"line":220,"column":50}},"62":{"start":{"line":202,"column":10},"end":{"line":218,"column":11}},"63":{"start":{"line":206,"column":12},"end":{"line":210,"column":14}},"64":{"start":{"line":212,"column":12},"end":{"line":215,"column":14}},"65":{"start":{"line":216,"column":12},"end":{"line":216,"column":46}},"66":{"start":{"line":217,"column":12},"end":{"line":217,"column":48}},"67":{"start":{"line":220,"column":22},"end":{"line":220,"column":48}},"68":{"start":{"line":222,"column":6},"end":{"line":226,"column":8}},"69":{"start":{"line":231,"column":24},"end":{"line":231,"column":34}},"70":{"start":{"line":232,"column":4},"end":{"line":349,"column":6}},"71":{"start":{"line":245,"column":29},"end":{"line":245,"column":48}},"72":{"start":{"line":353,"column":0},"end":{"line":372,"column":2}},"73":{"start":{"line":374,"column":24},"end":{"line":377,"column":2}},"74":{"start":{"line":374,"column":34},"end":{"line":377,"column":1}},"75":{"start":{"line":379,"column":27},"end":{"line":381,"column":2}},"76":{"start":{"line":379,"column":40},"end":{"line":381,"column":1}}},"fnMap":{"0":{"name":"(anonymous_0)","decl":{"start":{"line":22,"column":15},"end":{"line":22,"column":16}},"loc":{"start":{"line":22,"column":25},"end":{"line":59,"column":1}},"line":22},"1":{"name":"(anonymous_1)","decl":{"start":{"line":62,"column":2},"end":{"line":62,"column":3}},"loc":{"start":{"line":62,"column":21},"end":{"line":68,"column":3}},"line":62},"2":{"name":"(anonymous_2)","decl":{"start":{"line":70,"column":2},"end":{"line":70,"column":3}},"loc":{"start":{"line":70,"column":22},"end":{"line":91,"column":3}},"line":70},"3":{"name":"(anonymous_3)","decl":{"start":{"line":74,"column":14},"end":{"line":74,"column":15}},"loc":{"start":{"line":74,"column":24},"end":{"line":88,"column":9}},"line":74},"4":{"name":"(anonymous_4)","decl":{"start":{"line":89,"column":15},"end":{"line":89,"column":16}},"loc":{"start":{"line":89,"column":22},"end":{"line":89,"column":48}},"line":89},"5":{"name":"(anonymous_5)","decl":{"start":{"line":93,"column":16},"end":{"line":93,"column":17}},"loc":{"start":{"line":93,"column":22},"end":{"line":100,"column":3}},"line":93},"6":{"name":"(anonymous_6)","decl":{"start":{"line":96,"column":35},"end":{"line":96,"column":36}},"loc":{"start":{"line":96,"column":41},"end":{"line":99,"column":5}},"line":96},"7":{"name":"(anonymous_7)","decl":{"start":{"line":102,"column":15},"end":{"line":102,"column":16}},"loc":{"start":{"line":102,"column":24},"end":{"line":110,"column":3}},"line":102},"8":{"name":"(anonymous_8)","decl":{"start":{"line":107,"column":35},"end":{"line":107,"column":36}},"loc":{"start":{"line":107,"column":41},"end":{"line":109,"column":5}},"line":107},"9":{"name":"(anonymous_9)","decl":{"start":{"line":112,"column":15},"end":{"line":112,"column":16}},"loc":{"start":{"line":112,"column":21},"end":{"line":116,"column":3}},"line":112},"10":{"name":"(anonymous_10)","decl":{"start":{"line":118,"column":19},"end":{"line":118,"column":20}},"loc":{"start":{"line":118,"column":31},"end":{"line":137,"column":3}},"line":118},"11":{"name":"(anonymous_11)","decl":{"start":{"line":139,"column":17},"end":{"line":139,"column":18}},"loc":{"start":{"line":139,"column":25},"end":{"line":164,"column":3}},"line":139},"12":{"name":"(anonymous_12)","decl":{"start":{"line":146,"column":12},"end":{"line":146,"column":13}},"loc":{"start":{"line":146,"column":22},"end":{"line":162,"column":7}},"line":146},"13":{"name":"(anonymous_13)","decl":{"start":{"line":163,"column":13},"end":{"line":163,"column":14}},"loc":{"start":{"line":163,"column":20},"end":{"line":163,"column":46}},"line":163},"14":{"name":"(anonymous_14)","decl":{"start":{"line":166,"column":11},"end":{"line":166,"column":12}},"loc":{"start":{"line":166,"column":16},"end":{"line":228,"column":3}},"line":166},"15":{"name":"(anonymous_15)","decl":{"start":{"line":181,"column":14},"end":{"line":181,"column":15}},"loc":{"start":{"line":181,"column":24},"end":{"line":196,"column":9}},"line":181},"16":{"name":"(anonymous_16)","decl":{"start":{"line":197,"column":15},"end":{"line":197,"column":16}},"loc":{"start":{"line":197,"column":22},"end":{"line":197,"column":48}},"line":197},"17":{"name":"(anonymous_17)","decl":{"start":{"line":201,"column":14},"end":{"line":201,"column":15}},"loc":{"start":{"line":201,"column":24},"end":{"line":219,"column":9}},"line":201},"18":{"name":"(anonymous_18)","decl":{"start":{"line":220,"column":15},"end":{"line":220,"column":16}},"loc":{"start":{"line":220,"column":22},"end":{"line":220,"column":48}},"line":220},"19":{"name":"(anonymous_19)","decl":{"start":{"line":230,"column":2},"end":{"line":230,"column":3}},"loc":{"start":{"line":230,"column":11},"end":{"line":350,"column":3}},"line":230},"20":{"name":"(anonymous_20)","decl":{"start":{"line":245,"column":19},"end":{"line":245,"column":20}},"loc":{"start":{"line":245,"column":29},"end":{"line":245,"column":48}},"line":245},"21":{"name":"(anonymous_21)","decl":{"start":{"line":374,"column":24},"end":{"line":374,"column":25}},"loc":{"start":{"line":374,"column":34},"end":{"line":377,"column":1}},"line":374},"22":{"name":"(anonymous_22)","decl":{"start":{"line":379,"column":27},"end":{"line":379,"column":28}},"loc":{"start":{"line":379,"column":40},"end":{"line":381,"column":1}},"line":379}},"branchMap":{"0":{"loc":{"start":{"line":71,"column":4},"end":{"line":90,"column":5}},"type":"if","locations":[{"start":{"line":71,"column":4},"end":{"line":90,"column":5}},{"start":{"line":71,"column":4},"end":{"line":90,"column":5}}],"line":71},"1":{"loc":{"start":{"line":71,"column":8},"end":{"line":71,"column":53}},"type":"binary-expr","locations":[{"start":{"line":71,"column":8},"end":{"line":71,"column":23}},{"start":{"line":71,"column":27},"end":{"line":71,"column":53}}],"line":71},"2":{"loc":{"start":{"line":76,"column":10},"end":{"line":87,"column":11}},"type":"if","locations":[{"start":{"line":76,"column":10},"end":{"line":87,"column":11}},{"start":{"line":76,"column":10},"end":{"line":87,"column":11}}],"line":76},"3":{"loc":{"start":{"line":77,"column":12},"end":{"line":78,"column":36}},"type":"binary-expr","locations":[{"start":{"line":77,"column":12},"end":{"line":77,"column":55}},{"start":{"line":78,"column":12},"end":{"line":78,"column":36}}],"line":77},"4":{"loc":{"start":{"line":82,"column":14},"end":{"line":83,"column":70}},"type":"binary-expr","locations":[{"start":{"line":82,"column":14},"end":{"line":82,"column":38}},{"start":{"line":83,"column":16},"end":{"line":83,"column":70}}],"line":82},"5":{"loc":{"start":{"line":120,"column":4},"end":{"line":122,"column":5}},"type":"if","locations":[{"start":{"line":120,"column":4},"end":{"line":122,"column":5}},{"start":{"line":120,"column":4},"end":{"line":122,"column":5}}],"line":120},"6":{"loc":{"start":{"line":123,"column":4},"end":{"line":132,"column":5}},"type":"if","locations":[{"start":{"line":123,"column":4},"end":{"line":132,"column":5}},{"start":{"line":123,"column":4},"end":{"line":132,"column":5}}],"line":123},"7":{"loc":{"start":{"line":124,"column":6},"end":{"line":127,"column":38}},"type":"binary-expr","locations":[{"start":{"line":124,"column":6},"end":{"line":124,"column":39}},{"start":{"line":125,"column":6},"end":{"line":125,"column":38}},{"start":{"line":126,"column":6},"end":{"line":126,"column":38}},{"start":{"line":127,"column":6},"end":{"line":127,"column":38}}],"line":124},"8":{"loc":{"start":{"line":134,"column":4},"end":{"line":136,"column":5}},"type":"if","locations":[{"start":{"line":134,"column":4},"end":{"line":136,"column":5}},{"start":{"line":134,"column":4},"end":{"line":136,"column":5}}],"line":134},"9":{"loc":{"start":{"line":141,"column":21},"end":{"line":141,"column":56}},"type":"cond-expr","locations":[{"start":{"line":141,"column":28},"end":{"line":141,"column":51}},{"start":{"line":141,"column":54},"end":{"line":141,"column":56}}],"line":141},"10":{"loc":{"start":{"line":143,"column":15},"end":{"line":143,"column":71}},"type":"cond-expr","locations":[{"start":{"line":143,"column":33},"end":{"line":143,"column":59}},{"start":{"line":143,"column":62},"end":{"line":143,"column":71}}],"line":143},"11":{"loc":{"start":{"line":147,"column":8},"end":{"line":161,"column":9}},"type":"if","locations":[{"start":{"line":147,"column":8},"end":{"line":161,"column":9}},{"start":{"line":147,"column":8},"end":{"line":161,"column":9}}],"line":147},"12":{"loc":{"start":{"line":148,"column":10},"end":{"line":149,"column":34}},"type":"binary-expr","locations":[{"start":{"line":148,"column":10},"end":{"line":148,"column":48}},{"start":{"line":149,"column":10},"end":{"line":149,"column":34}}],"line":148},"13":{"loc":{"start":{"line":153,"column":12},"end":{"line":154,"column":67}},"type":"binary-expr","locations":[{"start":{"line":153,"column":12},"end":{"line":153,"column":36}},{"start":{"line":154,"column":14},"end":{"line":154,"column":67}}],"line":153},"14":{"loc":{"start":{"line":175,"column":4},"end":{"line":177,"column":5}},"type":"if","locations":[{"start":{"line":175,"column":4},"end":{"line":177,"column":5}},{"start":{"line":175,"column":4},"end":{"line":177,"column":5}}],"line":175},"15":{"loc":{"start":{"line":178,"column":4},"end":{"line":227,"column":5}},"type":"if","locations":[{"start":{"line":178,"column":4},"end":{"line":227,"column":5}},{"start":{"line":178,"column":4},"end":{"line":227,"column":5}}],"line":178},"16":{"loc":{"start":{"line":182,"column":10},"end":{"line":195,"column":11}},"type":"if","locations":[{"start":{"line":182,"column":10},"end":{"line":195,"column":11}},{"start":{"line":182,"column":10},"end":{"line":195,"column":11}}],"line":182},"17":{"loc":{"start":{"line":183,"column":12},"end":{"line":184,"column":36}},"type":"binary-expr","locations":[{"start":{"line":183,"column":12},"end":{"line":183,"column":49}},{"start":{"line":184,"column":12},"end":{"line":184,"column":36}}],"line":183},"18":{"loc":{"start":{"line":188,"column":14},"end":{"line":189,"column":69}},"type":"binary-expr","locations":[{"start":{"line":188,"column":14},"end":{"line":188,"column":38}},{"start":{"line":189,"column":16},"end":{"line":189,"column":69}}],"line":188},"19":{"loc":{"start":{"line":198,"column":11},"end":{"line":227,"column":5}},"type":"if","locations":[{"start":{"line":198,"column":11},"end":{"line":227,"column":5}},{"start":{"line":198,"column":11},"end":{"line":227,"column":5}}],"line":198},"20":{"loc":{"start":{"line":202,"column":10},"end":{"line":218,"column":11}},"type":"if","locations":[{"start":{"line":202,"column":10},"end":{"line":218,"column":11}},{"start":{"line":202,"column":10},"end":{"line":218,"column":11}}],"line":202},"21":{"loc":{"start":{"line":203,"column":12},"end":{"line":204,"column":36}},"type":"binary-expr","locations":[{"start":{"line":203,"column":12},"end":{"line":203,"column":52}},{"start":{"line":204,"column":12},"end":{"line":204,"column":36}}],"line":203},"22":{"loc":{"start":{"line":208,"column":14},"end":{"line":209,"column":71}},"type":"binary-expr","locations":[{"start":{"line":208,"column":14},"end":{"line":208,"column":38}},{"start":{"line":209,"column":16},"end":{"line":209,"column":71}}],"line":208},"23":{"loc":{"start":{"line":224,"column":8},"end":{"line":225,"column":63}},"type":"binary-expr","locations":[{"start":{"line":224,"column":8},"end":{"line":224,"column":32}},{"start":{"line":225,"column":10},"end":{"line":225,"column":63}}],"line":224},"24":{"loc":{"start":{"line":281,"column":11},"end":{"line":346,"column":11}},"type":"cond-expr","locations":[{"start":{"line":283,"column":12},"end":{"line":314,"column":29}},{"start":{"line":315,"column":14},"end":{"line":346,"column":11}}],"line":281},"25":{"loc":{"start":{"line":281,"column":11},"end":{"line":282,"column":58}},"type":"binary-expr","locations":[{"start":{"line":281,"column":11},"end":{"line":281,"column":47}},{"start":{"line":282,"column":10},"end":{"line":282,"column":58}}],"line":281},"26":{"loc":{"start":{"line":289,"column":18},"end":{"line":292,"column":28}},"type":"cond-expr","locations":[{"start":{"line":291,"column":22},"end":{"line":291,"column":27}},{"start":{"line":292,"column":22},"end":{"line":292,"column":28}}],"line":289},"27":{"loc":{"start":{"line":289,"column":18},"end":{"line":290,"column":70}},"type":"binary-expr","locations":[{"start":{"line":289,"column":18},"end":{"line":289,"column":54}},{"start":{"line":290,"column":18},"end":{"line":290,"column":70}}],"line":289},"28":{"loc":{"start":{"line":296,"column":18},"end":{"line":296,"column":77}},"type":"cond-expr","locations":[{"start":{"line":296,"column":72},"end":{"line":296,"column":73}},{"start":{"line":296,"column":76},"end":{"line":296,"column":77}}],"line":296},"29":{"loc":{"start":{"line":315,"column":14},"end":{"line":346,"column":11}},"type":"cond-expr","locations":[{"start":{"line":317,"column":12},"end":{"line":343,"column":29}},{"start":{"line":345,"column":12},"end":{"line":345,"column":14}}],"line":315},"30":{"loc":{"start":{"line":315,"column":14},"end":{"line":316,"column":60}},"type":"binary-expr","locations":[{"start":{"line":315,"column":14},"end":{"line":315,"column":50}},{"start":{"line":316,"column":12},"end":{"line":316,"column":60}}],"line":315}},"s":{"0":1,"1":0,"2":0,"3":0,"4":0,"5":0,"6":0,"7":0,"8":0,"9":0,"10":0,"11":0,"12":0,"13":0,"14":0,"15":0,"16":0,"17":0,"18":0,"19":0,"20":0,"21":0,"22":0,"23":0,"24":0,"25":0,"26":0,"27":0,"28":0,"29":0,"30":0,"31":0,"32":0,"33":0,"34":0,"35":0,"36":0,"37":0,"38":0,"39":0,"40":0,"41":0,"42":0,"43":0,"44":0,"45":0,"46":0,"47":0,"48":0,"49":0,"50":0,"51":0,"52":0,"53":0,"54":0,"55":0,"56":0,"57":0,"58":0,"59":0,"60":0,"61":0,"62":0,"63":0,"64":0,"65":0,"66":0,"67":0,"68":0,"69":0,"70":0,"71":0,"72":1,"73":1,"74":0,"75":1,"76":0},"f":{"0":0,"1":0,"2":0,"3":0,"4":0,"5":0,"6":0,"7":0,"8":0,"9":0,"10":0,"11":0,"12":0,"13":0,"14":0,"15":0,"16":0,"17":0,"18":0,"19":0,"20":0,"21":0,"22":0},"b":{"0":[0,0],"1":[0,0],"2":[0,0],"3":[0,0],"4":[0,0],"5":[0,0],"6":[0,0],"7":[0,0,0,0],"8":[0,0],"9":[0,0],"10":[0,0],"11":[0,0],"12":[0,0],"13":[0,0],"14":[0,0],"15":[0,0],"16":[0,0],"17":[0,0],"18":[0,0],"19":[0,0],"20":[0,0],"21":[0,0],"22":[0,0],"23":[0,0],"24":[0,0],"25":[0,0],"26":[0,0],"27":[0,0],"28":[0,0],"29":[0,0],"30":[0,0]},"_coverageSchema":"43e27e138ebf9cfc5966b082cf9a028302ed4184","hash":"4e7fdaf2a2f574b44b008425850708d22611ab66"}
,"/Users/sarahschneider/Documents/_Sarah/projects/code/_seiu503/member-app-2019/client/src/store/store.js": {"path":"/Users/sarahschneider/Documents/_Sarah/projects/code/_seiu503/member-app-2019/client/src/store/store.js","statementMap":{"0":{"start":{"line":5,"column":19},"end":{"line":5,"column":49}},"1":{"start":{"line":8,"column":27},"end":{"line":8,"column":42}},"2":{"start":{"line":9,"column":41},"end":{"line":11,"column":1}},"3":{"start":{"line":13,"column":14},"end":{"line":21,"column":1}},"4":{"start":{"line":19,"column":13},"end":{"line":19,"column":14}}},"fnMap":{"0":{"name":"(anonymous_0)","decl":{"start":{"line":19,"column":8},"end":{"line":19,"column":9}},"loc":{"start":{"line":19,"column":13},"end":{"line":19,"column":14}},"line":19}},"branchMap":{"0":{"loc":{"start":{"line":17,"column":4},"end":{"line":19,"column":14}},"type":"cond-expr","locations":[{"start":{"line":18,"column":8},"end":{"line":18,"column":45}},{"start":{"line":19,"column":8},"end":{"line":19,"column":14}}],"line":17}},"s":{"0":12,"1":12,"2":12,"3":12,"4":12},"f":{"0":12},"b":{"0":[0,12]},"_coverageSchema":"43e27e138ebf9cfc5966b082cf9a028302ed4184","hash":"3a551096a8db83f447a7a9d3fd78e422c69ff8f3"}
[...]
"column":35}},"25":{"start":{"line":93,"column":2},"end":{"line":126,"column":4}},"26":{"start":{"line":103,"column":12},"end":{"line":116,"column":15}},"27":{"start":{"line":104,"column":28},"end":{"line":104,"column":60}},"28":{"start":{"line":105,"column":14},"end":{"line":115,"column":15}},"29":{"start":{"line":106,"column":16},"end":{"line":108,"column":17}},"30":{"start":{"line":107,"column":18},"end":{"line":107,"column":41}},"31":{"start":{"line":109,"column":16},"end":{"line":111,"column":17}},"32":{"start":{"line":110,"column":18},"end":{"line":110,"column":39}},"33":{"start":{"line":112,"column":16},"end":{"line":112,"column":35}},"34":{"start":{"line":114,"column":16},"end":{"line":114,"column":35}}},"fnMap":{"0":{"name":"validateToken","decl":{"start":{"line":29,"column":16},"end":{"line":29,"column":29}},"loc":{"start":{"line":29,"column":45},"end":{"line":60,"column":1}},"line":29},"1":{"name":"(anonymous_1)","decl":{"start":{"line":42,"column":19},"end":{"line":42,"column":20}},"loc":{"start":{"line":42,"column":43},"end":{"line":54,"column":11}},"line":42},"2":{"name":"(anonymous_2)","decl":{"start":{"line":43,"column":35},"end":{"line":43,"column":36}},"loc":{"start":{"line":43,"column":43},"end":{"line":53,"column":13}},"line":43},"3":{"name":"getProfile","decl":{"start":{"line":62,"column":16},"end":{"line":62,"column":26}},"loc":{"start":{"line":62,"column":42},"end":{"line":90,"column":1}},"line":62},"4":{"name":"(anonymous_4)","decl":{"start":{"line":72,"column":19},"end":{"line":72,"column":20}},"loc":{"start":{"line":72,"column":43},"end":{"line":84,"column":11}},"line":72},"5":{"name":"(anonymous_5)","decl":{"start":{"line":73,"column":35},"end":{"line":73,"column":36}},"loc":{"start":{"line":73,"column":43},"end":{"line":83,"column":13}},"line":73},"6":{"name":"modifyProfile","decl":{"start":{"line":92,"column":16},"end":{"line":92,"column":29}},"loc":{"start":{"line":92,"column":51},"end":{"line":127,"column":1}},"line":92},"7":{"name":"(anonymous_7)","decl":{"start":{"line":102,"column":19},"end":{"line":102,"column":20}},"loc":{"start":{"line":102,"column":43},"end":{"line":117,"column":11}},"line":102},"8":{"name":"(anonymous_8)","decl":{"start":{"line":103,"column":35},"end":{"line":103,"column":36}},"loc":{"start":{"line":103,"column":43},"end":{"line":116,"column":13}},"line":103}},"branchMap":{"0":{"loc":{"start":{"line":45,"column":14},"end":{"line":52,"column":15}},"type":"if","locations":[{"start":{"line":45,"column":14},"end":{"line":52,"column":15}},{"start":{"line":45,"column":14},"end":{"line":52,"column":15}}],"line":45},"1":{"loc":{"start":{"line":46,"column":16},"end":{"line":48,"column":17}},"type":"if","locations":[{"start":{"line":46,"column":16},"end":{"line":48,"column":17}},{"start":{"line":46,"column":16},"end":{"line":48,"column":17}}],"line":46},"2":{"loc":{"start":{"line":75,"column":14},"end":{"line":82,"column":15}},"type":"if","locations":[{"start":{"line":75,"column":14},"end":{"line":82,"column":15}},{"start":{"line":75,"column":14},"end":{"line":82,"column":15}}],"line":75},"3":{"loc":{"start":{"line":76,"column":16},"end":{"line":78,"column":17}},"type":"if","locations":[{"start":{"line":76,"column":16},"end":{"line":78,"column":17}},{"start":{"line":76,"column":16},"end":{"line":78,"column":17}}],"line":76},"4":{"loc":{"start":{"line":105,"column":14},"end":{"line":115,"column":15}},"type":"if","locations":[{"start":{"line":105,"column":14},"end":{"line":115,"column":15}},{"start":{"line":105,"column":14},"end":{"line":115,"column":15}}],"line":105},"5":{"loc":{"start":{"line":106,"column":16},"end":{"line":108,"column":17}},"type":"if","locations":[{"start":{"line":106,"column":16},"end":{"line":108,"column":17}},{"start":{"line":106,"column":16},"end":{"line":108,"column":17}}],"line":106},"6":{"loc":{"start":{"line":109,"column":16},"end":{"line":111,"column":17}},"type":"if","locations":[{"start":{"line":109,"column":16},"end":{"line":111,"column":17}},{"start":{"line":109,"column":16},"end":{"line":111,"column":17}}],"line":109}},"s":{"0":13,"1":13,"2":13,"3":13,"4":13,"5":13,"6":13,"7":13,"8":13,"9":0,"10":0,"11":0,"12":0,"13":0,"14":0,"15":0,"16":0,"17":5,"18":0,"19":0,"20":0,"21":0,"22":0,"23":0,"24":0,"25":0,"26":0,"27":0,"28":0,"29":0,"30":0,"31":0,"32":0,"33":0,"34":0},"f":{"0":0,"1":0,"2":0,"3":5,"4":0,"5":0,"6":0,"7":0,"8":0},"b":{"0":[0,0],"1":[0,0],"2":[0,0],"3":[0,0],"4":[0,0],"5":[0,0],"6":[0,0]},"_coverageSchema":"43e27e138ebf9cfc5966b082cf9a028302ed4184","hash":"df9e9d91816537680e24b2686d22d67a90d499ce"}
,"/Users/sarahschneider/Documents/_Sarah/projects/code/_seiu503/member-app-2019/client/src/store/actions/index.js": {"path":"/Users/sarahschneider/Documents/_Sarah/projects/code/_seiu503/member-app-2019/client/src/store/actions/index.js","statementMap":{"0":{"start":{"line":1,"column":22},"end":{"line":1,"column":30}},"1":{"start":{"line":2,"column":28},"end":{"line":2,"column":42}},"2":{"start":{"line":3,"column":32},"end":{"line":3,"column":50}},"3":{"start":{"line":4,"column":27},"end":{"line":4,"column":40}},"4":{"start":{"line":7,"column":2},"end":{"line":9,"column":4}},"5":{"start":{"line":13,"column":2},"end":{"line":15,"column":4}},"6":{"start":{"line":19,"column":2},"end":{"line":22,"column":4}},"7":{"start":{"line":26,"column":2},"end":{"line":29,"column":4}}},"fnMap":{"0":{"name":"logout","decl":{"start":{"line":6,"column":16},"end":{"line":6,"column":22}},"loc":{"start":{"line":6,"column":25},"end":{"line":10,"column":1}},"line":6},"1":{"name":"setLoggedIn","decl":{"start":{"line":12,"column":16},"end":{"line":12,"column":27}},"loc":{"start":{"line":12,"column":30},"end":{"line":16,"column":1}},"line":12},"2":{"name":"setRedirectUrl","decl":{"start":{"line":18,"column":16},"end":{"line":18,"column":30}},"loc":{"start":{"line":18,"column":36},"end":{"line":23,"column":1}},"line":18},"3":{"name":"setSpinner","decl":{"start":{"line":25,"column":16},"end":{"line":25,"column":26}},"loc":{"start":{"line":25,"column":41},"end":{"line":30,"column":1}},"line":25}},"branchMap":{},"s":{"0":13,"1":13,"2":13,"3":13,"4":0,"5":3,"6":0,"7":3},"f":{"0":0,"1":3,"2":0,"3":3},"b":{},"_coverageSchema":"43e27e138ebf9cfc5966b082cf9a028302ed4184","hash":"6e69cf27eb676e1964e49354fa04f8841fc68521"}
,"/Users/sarahschneider/Documents/_Sarah/projects/code/_seiu503/member-app-2019/client/src/store/reducers/appState.js": {"path":"/Users/sarahschneider/Documents/_Sarah/projects/code/_seiu503/member-app-2019/client/src/store/reducers/appState.js","statementMap":{"0":{"start":{"line":15,"column":22},"end":{"line":21,"column":1}},"1":{"start":{"line":25,"column":2},"end":{"line":56,"column":3}},"2":{"start":{"line":27,"column":6},"end":{"line":27,"column":27}},"3":{"start":{"line":30,"column":6},"end":{"line":32,"column":9}},"4":{"start":{"line":35,"column":6},"end":{"line":38,"column":9}},"5":{"start":{"line":41,"column":6},"end":{"line":43,"column":9}},"6":{"start":{"line":46,"column":6},"end":{"line":46,"column":58}},"7":{"start":{"line":49,"column":6},"end":{"line":49,"column":67}},"8":{"start":{"line":52,"column":6},"end":{"line":52,"column":57}},"9":{"start":{"line":55,"column":6},"end":{"line":55,"column":19}}},"fnMap":{"0":{"name":"appState","decl":{"start":{"line":23,"column":9},"end":{"line":23,"column":17}},"loc":{"start":{"line":23,"column":49},"end":{"line":57,"column":1}},"line":23}},"branchMap":{"0":{"loc":{"start":{"line":23,"column":18},"end":{"line":23,"column":39}},"type":"default-arg","locations":[{"start":{"line":23,"column":26},"end":{"line":23,"column":39}}],"line":23},"1":{"loc":{"start":{"line":25,"column":2},"end":{"line":56,"column":3}},"type":"switch","locations":[{"start":{"line":26,"column":4},"end":{"line":27,"column":27}},{"start":{"line":29,"column":4},"end":{"line":32,"column":9}},{"start":{"line":34,"column":4},"end":{"line":38,"column":9}},{"start":{"line":40,"column":4},"end":{"line":43,"column":9}},{"start":{"line":45,"column":4},"end":{"line":46,"column":58}},{"start":{"line":48,"column":4},"end":{"line":49,"column":67}},{"start":{"line":51,"column":4},"end":{"line":52,"column":57}},{"start":{"line":54,"column":4},"end":{"line":55,"column":19}}],"line":25}},"s":{"0":12,"1":48,"2":0,"3":3,"4":0,"5":0,"6":0,"7":0,"8":3,"9":42},"f":{"0":48},"b":{"0":[36],"1":[0,3,0,0,0,0,3,42]},"_coverageSchema":"43e27e138ebf9cfc5966b082cf9a028302ed4184","hash":"a33a603f642de3802df3b0347703a23803f92157"}
,"/Users/sarahschneider/Documents/_Sarah/projects/code/_seiu503/member-app-2019/client/src/store/reducers/content.js": {"path":"/Users/sarahschneider/Documents/_Sarah/projects/code/_seiu503/member-app-2019/client/src/store/reducers/content.js","statementMap":{"0":{"start":{"line":34,"column":22},"end":{"line":51,"column":1}},"1":{"start":{"line":56,"column":2},"end":{"line":178,"column":3}},"2":{"start":{"line":58,"column":6},"end":{"line":58,"column":27}},"3":{"start":{"line":62,"column":6},"end":{"line":74,"column":7}},"4":{"start":{"line":63,"column":8},"end":{"line":67,"column":11}},"5":{"start":{"line":69,"column":8},"end":{"line":73,"column":11}},"6":{"start":{"line":77,"column":6},"end":{"line":80,"column":9}},"7":{"start":{"line":84,"column":6},"end":{"line":95,"column":9}},"8":{"start":{"line":98,"column":6},"end":{"line":104,"column":9}},"9":{"start":{"line":107,"column":6},"end":{"line":115,"column":9}},"10":{"start":{"line":124,"column":6},"end":{"line":127,"column":9}},"11":{"start":{"line":133,"column":6},"end":{"line":143,"column":9}},"12":{"start":{"line":146,"column":6},"end":{"line":149,"column":9}},"13":{"start":{"line":152,"column":6},"end":{"line":156,"column":9}},"14":{"start":{"line":165,"column":6},"end":{"line":169,"column":7}},"15":{"start":{"line":166,"column":8},"end":{"line":166,"column":39}},"16":{"start":{"line":168,"column":8},"end":{"line":168,"column":68}},"17":{"start":{"line":170,"column":6},"end":{"line":170,"column":25}},"18":{"start":{"line":171,"column":6},"end":{"line":174,"column":9}},"19":{"start":{"line":177,"column":6},"end":{"line":177,"column":19}}},"fnMap":{"0":{"name":"Content","decl":{"start":{"line":53,"column":9},"end":{"line":53,"column":16}},"loc":{"start":{"line":53,"column":48},"end":{"line":179,"column":1}},"line":53}},"branchMap":{"0":{"loc":{"start":{"line":53,"column":17},"end":{"line":53,"column":38}},"type":"default-arg","locations":[{"start":{"line":53,"column":25},"end":{"line":53,"column":38}}],"line":53},"1":{"loc":{"start":{"line":56,"column":2},"end":{"line":178,"column":3}},"type":"switch","locations":[{"start":{"line":57,"column":4},"end":{"line":58,"column":27}},{"start":{"line":60,"column":4},"end":{"line":60,"column":22}},{"start":{"line":61,"column":4},"end":{"line":74,"column":7}},{"start":{"line":76,"column":4},"end":{"line":80,"column":9}},{"start":{"line":82,"column":4},"end":{"line":82,"column":29}},{"start":{"line":83,"column":4},"end":{"line":95,"column":9}},{"start":{"line":97,"column":4},"end":{"line":104,"column":9}},{"start":{"line":106,"column":4},"end":{"line":115,"column":9}},{"start":{"line":117,"column":4},"end":{"line":117,"column":35}},{"start":{"line":118,"column":4},"end":{"line":118,"column":29}},{"start":{"line":119,"column":4},"end":{"line":119,"column":32}},{"start":{"line":120,"column":4},"end":{"line":120,"column":32}},{"start":{"line":121,"column":4},"end":{"line":121,"column":30}},{"start":{"line":122,"column":4},"end":{"line":122,"column":33}},{"start":{"line":123,"column":4},"end":{"line":127,"column":9}},{"start":{"line":129,"column":4},"end":{"line":129,"column":35}},{"start":{"line":130,"column":4},"end":{"line":130,"column":29}},{"start":{"line":131,"column":4},"end":{"line":131,"column":32}},{"start":{"line":132,"column":4},"end":{"line":143,"column":9}},{"start":{"line":145,"column":4},"end":{"line":149,"column":9}},{"start":{"line":151,"column":4},"end":{"line":156,"column":9}},{"start":{"line":158,"column":4},"end":{"line":158,"column":35}},{"start":{"line":159,"column":4},"end":{"line":159,"column":29}},{"start":{"line":160,"column":4},"end":{"line":160,"column":32}},{"start":{"line":161,"column":4},"end":{"line":161,"column":32}},{"start":{"line":162,"column":4},"end":{"line":162,"column":30}},{"start":{"line":163,"column":4},"end":{"line":163,"column":33}},{"start":{"line":164,"column":4},"end":{"line":174,"column":9}},{"start":{"line":176,"column":4},"end":{"line":177,"column":19}}],"line":56},"2":{"loc":{"start":{"line":62,"column":6},"end":{"line":74,"column":7}},"type":"if","locations":[{"start":{"line":62,"column":6},"end":{"line":74,"column":7}},{"start":{"line":62,"column":6},"end":{"line":74,"column":7}}],"line":62},"3":{"loc":{"start":{"line":165,"column":6},"end":{"line":169,"column":7}},"type":"if","locations":[{"start":{"line":165,"column":6},"end":{"line":169,"column":7}},{"start":{"line":165,"column":6},"end":{"line":169,"column":7}}],"line":165}},"s":{"0":12,"1":48,"2":0,"3":0,"4":0,"5":0,"6":0,"7":0,"8":0,"9":0,"10":0,"11":0,"12":0,"13":0,"14":0,"15":0,"16":0,"17":0,"18":0,"19":48},"f":{"0":48},"b":{"0":[38],"1":[0,0,0,0,0,0,0,0,0,0,0,0,0,0,0,0,0,0,0,0,0,0,0,0,0,0,0,0,48],"2":[0,0],"3":[0,0]},"_coverageSchema":"43e27e138ebf9cfc5966b082cf9a028302ed4184","hash":"535d3162727e2fcf38214caa68bab48571947acf"}
,"/Users/sarahschneider/Documents/_Sarah/projects/code/_seiu503/member-app-2019/client/src/store/reducers/index.js": {"path":"/Users/sarahschneider/Documents/_Sarah/projects/code/_seiu503/member-app-2019/client/src/store/reducers/index.js","statementMap":{"0":{"start":{"line":6,"column":20},"end":{"line":10,"column":2}}},"fnMap":{},"branchMap":{},"s":{"0":12},"f":{},"b":{},"_coverageSchema":"43e27e138ebf9cfc5966b082cf9a028302ed4184","hash":"740efcc03d42a3ea656919a3a2ada0b8d5996cdd"}
,"/Users/sarahschneider/Documents/_Sarah/projects/code/_seiu503/member-app-2019/client/src/store/reducers/profile.js": {"path":"/Users/sarahschneider/Documents/_Sarah/projects/code/_seiu503/member-app-2019/client/src/store/reducers/profile.js","statementMap":{"0":{"start":{"line":13,"column":22},"end":{"line":22,"column":1}},"1":{"start":{"line":27,"column":2},"end":{"line":68,"column":3}},"2":{"start":{"line":29,"column":6},"end":{"line":29,"column":27}},"3":{"start":{"line":33,"column":6},"end":{"line":36,"column":9}},"4":{"start":{"line":40,"column":6},"end":{"line":49,"column":9}},"5":{"start":{"line":53,"column":6},"end":{"line":53,"column":31}},"6":{"start":{"line":54,"column":6},"end":{"line":54,"column":34}},"7":{"start":{"line":55,"column":6},"end":{"line":59,"column":7}},"8":{"start":{"line":56,"column":8},"end":{"line":56,"column":39}},"9":{"start":{"line":58,"column":8},"end":{"line":58,"column":68}},"10":{"start":{"line":60,"column":6},"end":{"line":60,"column":25}},"11":{"start":{"line":61,"column":6},"end":{"line":64,"column":9}},"12":{"start":{"line":67,"column":6},"end":{"line":67,"column":19}}},"fnMap":{"0":{"name":"profile","decl":{"start":{"line":24,"column":9},"end":{"line":24,"column":16}},"loc":{"start":{"line":24,"column":48},"end":{"line":69,"column":1}},"line":24}},"branchMap":{"0":{"loc":{"start":{"line":24,"column":17},"end":{"line":24,"column":38}},"type":"default-arg","locations":[{"start":{"line":24,"column":25},"end":{"line":24,"column":38}}],"line":24},"1":{"loc":{"start":{"line":27,"column":2},"end":{"line":68,"column":3}},"type":"switch","locations":[{"start":{"line":28,"column":4},"end":{"line":29,"column":27}},{"start":{"line":31,"column":4},"end":{"line":31,"column":32}},{"start":{"line":32,"column":4},"end":{"line":36,"column":9}},{"start":{"line":38,"column":4},"end":{"line":38,"column":32}},{"start":{"line":39,"column":4},"end":{"line":49,"column":9}},{"start":{"line":51,"column":4},"end":{"line":51,"column":32}},{"start":{"line":52,"column":4},"end":{"line":64,"column":9}},{"start":{"line":66,"column":4},"end":{"line":67,"column":19}}],"line":27},"2":{"loc":{"start":{"line":55,"column":6},"end":{"line":59,"column":7}},"type":"if","locations":[{"start":{"line":55,"column":6},"end":{"line":59,"column":7}},{"start":{"line":55,"column":6},"end":{"line":59,"column":7}}],"line":55}},"s":{"0":12,"1":48,"2":0,"3":4,"4":0,"5":0,"6":0,"7":0,"8":0,"9":0,"10":0,"11":0,"12":44},"f":{"0":48},"b":{"0":[36],"1":[0,0,4,0,0,0,0,44],"2":[0,0]},"_coverageSchema":"43e27e138ebf9cfc5966b082cf9a028302ed4184","hash":"58e92646f456a58b58f13147977e4bbeb2ec1ae7"}
,"/Users/sarahschneider/Documents/_Sarah/projects/code/_seiu503/member-app-2019/client/src/styles/theme.js": {"path":"/Users/sarahschneider/Documents/_Sarah/projects/code/_seiu503/member-app-2019/client/src/styles/theme.js","statementMap":{},"fnMap":{},"branchMap":{},"s":{},"f":{},"b":{},"hash":"9c6008ec0073272c32f68d8f82e95db5bf66ab0d"}
,"/Users/sarahschneider/Documents/_Sarah/projects/code/_seiu503/member-app-2019/client/src/utils/index.js": {"path":"/Users/sarahschneider/Documents/_Sarah/projects/code/_seiu503/member-app-2019/client/src/utils/index.js","statementMap":{"0":{"start":{"line":1,"column":16},"end":{"line":1,"column":67}},"1":{"start":{"line":3,"column":26},"end":{"line":4,"column":53}},"2":{"start":{"line":4,"column":2},"end":{"line":4,"column":53}},"3":{"start":{"line":8,"column":20},"end":{"line":21,"column":1}},"4":{"start":{"line":9,"column":25},"end":{"line":11,"column":3}},"5":{"start":{"line":10,"column":4},"end":{"line":10,"column":41}},"6":{"start":{"line":12,"column":17},"end":{"line":12,"column":50}},"7":{"start":{"line":15,"column":2},"end":{"line":15,"column":23}},"8":{"start":{"line":16,"column":2},"end":{"line":16,"column":17}},"9":{"start":{"line":20,"column":2},"end":{"line":20,"column":50}},"10":{"start":{"line":23,"column":25},"end":{"line":28,"column":1}}},"fnMap":{"0":{"name":"(anonymous_0)","decl":{"start":{"line":3,"column":26},"end":{"line":3,"column":27}},"loc":{"start":{"line":4,"column":2},"end":{"line":4,"column":53}},"line":4},"1":{"name":"(anonymous_1)","decl":{"start":{"line":8,"column":20},"end":{"line":8,"column":21}},"loc":{"start":{"line":8,"column":32},"end":{"line":21,"column":1}},"line":8},"2":{"name":"(anonymous_2)","decl":{"start":{"line":9,"column":25},"end":{"line":9,"column":26}},"loc":{"start":{"line":9,"column":30},"end":{"line":11,"column":3}},"line":9}},"branchMap":{},"s":{"0":3,"1":3,"2":0,"3":3,"4":0,"5":0,"6":0,"7":0,"8":0,"9":0,"10":3},"f":{"0":0,"1":0,"2":0},"b":{},"_coverageSchema":"43e27e138ebf9cfc5966b082cf9a028302ed4184","hash":"f7eb4c259f6b1378e11210c2ee8a7bafbaba89de"}
,"/Users/sarahschneider/Documents/_Sarah/projects/code/_seiu503/member-app-2019/client/src/utils/testUtils.js": {"path":"/Users/sarahschneider/Documents/_Sarah/projects/code/_seiu503/member-app-2019/client/src/utils/testUtils.js","statementMap":{"0":{"start":{"line":14,"column":28},"end":{"line":19,"column":1}},"1":{"start":{"line":15,"column":36},"end":{"line":17,"column":3}},"2":{"start":{"line":18,"column":2},"end":{"line":18,"column":62}},"3":{"start":{"line":27,"column":30},"end":{"line":29,"column":1}},"4":{"start":{"line":28,"column":2},"end":{"line":28,"column":46}},"5":{"start":{"line":31,"column":26},"end":{"line":39,"column":1}},"6":{"start":{"line":32,"column":20},"end":{"line":37,"column":3}},"7":{"start":{"line":38,"column":2},"end":{"line":38,"column":36}}},"fnMap":{"0":{"name":"(anonymous_0)","decl":{"start":{"line":14,"column":28},"end":{"line":14,"column":29}},"loc":{"start":{"line":14,"column":44},"end":{"line":19,"column":1}},"line":14},"1":{"name":"(anonymous_1)","decl":{"start":{"line":27,"column":30},"end":{"line":27,"column":31}},"loc":{"start":{"line":27,"column":48},"end":{"line":29,"column":1}},"line":27},"2":{"name":"(anonymous_2)","decl":{"start":{"line":31,"column":26},"end":{"line":31,"column":27}},"loc":{"start":{"line":31,"column":58},"end":{"line":39,"column":1}},"line":31}},"branchMap":{},"s":{"0":12,"1":2,"2":2,"3":12,"4":55,"5":12,"6":0,"7":0},"f":{"0":2,"1":55,"2":0},"b":{},"_coverageSchema":"43e27e138ebf9cfc5966b082cf9a028302ed4184","hash":"96beb0c04b8d1122f65a1f761680d1097f176c8a"}
}
