TN:
SF:/Users/sarahschneider/Documents/_Sarah/projects/code/_seiu503/member-app-2019/client/src/App.js
FN:24,(anonymous_0)
FN:103,(anonymous_1)
FN:113,(anonymous_2)
FN:125,(anonymous_3)
FN:145,(anonymous_4)
FN:157,(anonymous_5)
FN:166,(anonymous_6)
FN:170,(anonymous_7)
FN:179,(anonymous_8)
FN:185,(anonymous_9)
FN:195,(anonymous_10)
FN:201,(anonymous_11)
FN:249,(anonymous_12)
FN:255,(anonymous_13)
FNF:14
FNH:2
FNDA:0,(anonymous_0)
FNDA:4,(anonymous_1)
FNDA:0,(anonymous_2)
FNDA:0,(anonymous_3)
FNDA:4,(anonymous_4)
FNDA:0,(anonymous_5)
FNDA:0,(anonymous_6)
FNDA:0,(anonymous_7)
FNDA:0,(anonymous_8)
FNDA:0,(anonymous_9)
FNDA:0,(anonymous_10)
FNDA:0,(anonymous_11)
FNDA:0,(anonymous_12)
FNDA:0,(anonymous_13)
DA:24,1
DA:104,4
DA:105,4
DA:106,4
DA:116,0
DA:117,0
DA:118,0
DA:119,0
DA:120,0
DA:121,0
DA:122,0
DA:123,0
DA:124,0
DA:125,0
DA:126,0
DA:127,0
DA:128,0
DA:129,0
DA:130,0
DA:131,0
DA:135,0
DA:138,0
DA:141,0
DA:146,4
DA:147,4
DA:158,0
DA:166,0
DA:171,0
DA:180,0
DA:186,0
DA:196,0
DA:202,0
DA:213,1
DA:249,1
DA:255,1
LF:35
LH:9
BRDA:116,0,0,0
BRDA:116,0,1,0
BRDA:119,1,0,0
BRDA:119,1,1,0
BRDA:119,2,0,0
BRDA:119,2,1,0
BRDA:123,3,0,0
BRDA:123,3,1,0
BRDA:123,4,0,0
BRDA:123,4,1,0
BRDA:126,5,0,0
BRDA:126,5,1,0
BRDA:129,6,0,0
BRDA:129,6,1,0
BRF:14
BRH:0
end_of_record
TN:
SF:/Users/sarahschneider/Documents/_Sarah/projects/code/_seiu503/member-app-2019/client/src/index.js
FNF:0
FNH:0
DA:13,0
DA:25,0
LF:2
LH:0
BRF:0
BRH:0
end_of_record
TN:
SF:/Users/sarahschneider/Documents/_Sarah/projects/code/_seiu503/member-app-2019/client/src/serviceWorker.js
FN:23,register
FN:34,(anonymous_1)
FN:43,(anonymous_2)
FN:57,registerValidSW
FN:60,(anonymous_4)
FN:61,(anonymous_5)
FN:66,(anonymous_6)
FN:96,(anonymous_7)
FN:101,checkValidServiceWorker
FN:104,(anonymous_9)
FN:112,(anonymous_10)
FN:113,(anonymous_11)
FN:122,(anonymous_12)
FN:129,unregister
FN:131,(anonymous_14)
FNF:15
FNH:0
FNDA:0,register
FNDA:0,(anonymous_1)
FNDA:0,(anonymous_2)
FNDA:0,registerValidSW
FNDA:0,(anonymous_4)
FNDA:0,(anonymous_5)
FNDA:0,(anonymous_6)
FNDA:0,(anonymous_7)
FNDA:0,checkValidServiceWorker
FNDA:0,(anonymous_9)
FNDA:0,(anonymous_10)
FNDA:0,(anonymous_11)
FNDA:0,(anonymous_12)
FNDA:0,unregister
FNDA:0,(anonymous_14)
DA:13,0
DA:24,0
DA:26,0
DA:27,0
DA:31,0
DA:34,0
DA:35,0
DA:37,0
DA:39,0
DA:43,0
DA:44,0
DA:51,0
DA:58,0
DA:61,0
DA:62,0
DA:63,0
DA:64,0
DA:66,0
DA:67,0
DA:68,0
DA:72,0
DA:78,0
DA:79,0
DA:85,0
DA:88,0
DA:89,0
DA:97,0
DA:103,0
DA:106,0
DA:107,0
DA:112,0
DA:113,0
DA:114,0
DA:119,0
DA:123,0
DA:130,0
DA:131,0
DA:132,0
LF:38
LH:0
BRDA:14,0,0,0
BRDA:14,0,1,0
BRDA:14,0,2,0
BRDA:24,1,0,0
BRDA:24,1,1,0
BRDA:24,2,0,0
BRDA:24,2,1,0
BRDA:27,3,0,0
BRDA:27,3,1,0
BRDA:37,4,0,0
BRDA:37,4,1,0
BRDA:63,5,0,0
BRDA:63,5,1,0
BRDA:67,6,0,0
BRDA:67,6,1,0
BRDA:68,7,0,0
BRDA:68,7,1,0
BRDA:78,8,0,0
BRDA:78,8,1,0
BRDA:78,9,0,0
BRDA:78,9,1,0
BRDA:88,10,0,0
BRDA:88,10,1,0
BRDA:88,11,0,0
BRDA:88,11,1,0
BRDA:107,12,0,0
BRDA:107,12,1,0
BRDA:108,13,0,0
BRDA:108,13,1,0
BRDA:108,13,2,0
BRDA:130,14,0,0
BRDA:130,14,1,0
BRF:32
BRH:0
end_of_record
TN:
SF:/Users/sarahschneider/Documents/_Sarah/projects/code/_seiu503/member-app-2019/client/src/components/AlertDialog.jsx
FN:11,(anonymous_0)
FN:28,(anonymous_1)
FNF:2
FNH:2
FNDA:1,(anonymous_0)
FNDA:11,(anonymous_1)
DA:11,3
DA:28,3
DA:29,11
DA:78,3
LF:4
LH:4
BRDA:35,0,0,8
BRDA:35,0,1,3
BRDA:40,1,0,11
BRDA:40,1,1,8
BRDA:65,2,0,1
BRDA:65,2,1,10
BRF:6
BRH:6
end_of_record
TN:
SF:/Users/sarahschneider/Documents/_Sarah/projects/code/_seiu503/member-app-2019/client/src/components/ButtonWithSpinner.jsx
FN:12,(anonymous_0)
FNF:1
FNH:1
FNDA:5,(anonymous_0)
DA:12,5
DA:13,5
DA:14,5
DA:22,5
LF:4
LH:4
BRDA:17,0,0,5
BRDA:17,0,1,1
BRF:2
BRH:2
end_of_record
TN:
SF:/Users/sarahschneider/Documents/_Sarah/projects/code/_seiu503/member-app-2019/client/src/components/ContentTile.jsx
FN:7,(anonymous_0)
FN:95,(anonymous_1)
FNF:2
FNH:2
FNDA:1,(anonymous_0)
FNDA:6,(anonymous_1)
DA:7,3
DA:95,3
DA:96,6
DA:97,6
DA:98,6
DA:100,6
DA:123,3
LF:7
LH:7
BRDA:102,0,0,6
BRDA:102,0,1,2
BRDA:113,1,0,6
BRDA:113,1,1,4
BRF:4
BRH:4
end_of_record
TN:
SF:/Users/sarahschneider/Documents/_Sarah/projects/code/_seiu503/member-app-2019/client/src/components/CustomSnackbarContent.jsx
FN:23,(anonymous_0)
FN:52,(anonymous_1)
FNF:2
FNH:2
FNDA:1,(anonymous_0)
FNDA:19,(anonymous_1)
DA:16,8
DA:23,8
DA:52,8
DA:61,19
DA:62,19
DA:67,19
DA:103,8
DA:110,8
LF:8
LH:8
BRF:0
BRH:0
end_of_record
TN:
SF:/Users/sarahschneider/Documents/_Sarah/projects/code/_seiu503/member-app-2019/client/src/components/Footer.jsx
FN:4,(anonymous_0)
FNF:1
FNH:1
FNDA:1,(anonymous_0)
DA:4,2
DA:5,1
DA:10,2
LF:3
LH:3
BRF:0
BRH:0
end_of_record
TN:
SF:/Users/sarahschneider/Documents/_Sarah/projects/code/_seiu503/member-app-2019/client/src/components/NotFound.jsx
FN:4,(anonymous_0)
FNF:1
FNH:1
FNDA:1,(anonymous_0)
DA:4,2
DA:5,1
DA:12,2
LF:3
LH:3
BRF:0
BRH:0
end_of_record
TN:
SF:/Users/sarahschneider/Documents/_Sarah/projects/code/_seiu503/member-app-2019/client/src/components/ScrollToTop.jsx
FN:5,(anonymous_0)
FN:14,(anonymous_1)
FNF:2
FNH:2
FNDA:2,(anonymous_0)
FNDA:5,(anonymous_1)
DA:6,2
DA:10,1
DA:15,5
LF:3
LH:3
BRDA:6,0,0,1
BRDA:6,0,1,1
BRDA:7,1,0,2
BRDA:7,1,1,2
BRF:4
BRH:4
end_of_record
TN:
SF:/Users/sarahschneider/Documents/_Sarah/projects/code/_seiu503/member-app-2019/client/src/components/Spinner.jsx
FN:20,(anonymous_0)
FNF:1
FNH:1
FNDA:2,(anonymous_0)
DA:4,3
DA:15,3
DA:20,3
DA:21,2
LF:4
LH:4
BRF:0
BRH:0
end_of_record
TN:
SF:/Users/sarahschneider/Documents/_Sarah/projects/code/_seiu503/member-app-2019/client/src/components/SpinnerAdornment.jsx
FN:7,(anonymous_0)
FN:7,(anonymous_1)
FN:7,(anonymous_2)
FN:12,(anonymous_3)
FN:12,(anonymous_4)
FN:26,(anonymous_5)
FN:34,(anonymous_6)
FNF:7
FNH:6
FNDA:6,(anonymous_0)
FNDA:6,(anonymous_1)
FNDA:1,(anonymous_2)
FNDA:3,(anonymous_3)
FNDA:2,(anonymous_4)
FNDA:1,(anonymous_5)
FNDA:0,(anonymous_6)
DA:7,6
DA:8,1
DA:9,1
DA:12,6
DA:14,2
DA:17,2
DA:18,2
DA:26,6
DA:27,1
DA:34,6
LF:10
LH:10
BRDA:14,0,0,1
BRDA:14,0,1,1
BRDA:14,1,0,2
BRDA:14,1,1,1
BRF:4
BRH:4
end_of_record
TN:
SF:/Users/sarahschneider/Documents/_Sarah/projects/code/_seiu503/member-app-2019/client/src/components/SubmissionFormComponent.jsx
FN:26,(anonymous_0)
FN:36,(anonymous_1)
FN:87,(anonymous_2)
FN:102,(anonymous_3)
FN:104,(anonymous_4)
FNF:5
FNH:4
FNDA:8,(anonymous_0)
FNDA:2,(anonymous_1)
FNDA:2,(anonymous_2)
FNDA:0,(anonymous_3)
FNDA:9,(anonymous_4)
DA:18,3
DA:19,3
DA:20,3
DA:21,3
DA:22,3
DA:25,8
DA:27,8
DA:28,8
DA:32,8
DA:33,8
DA:34,8
DA:36,8
DA:54,2
DA:55,2
DA:57,2
DA:85,2
DA:88,2
DA:92,1
DA:98,1
DA:99,1
DA:102,0
DA:105,9
DA:341,3
LF:23
LH:22
BRDA:88,0,0,1
BRDA:88,0,1,1
BRDA:89,1,0,2
BRDA:89,1,1,1
BRDA:94,2,0,1
BRDA:94,2,1,1
BRF:6
BRH:6
end_of_record
TN:
SF:/Users/sarahschneider/Documents/_Sarah/projects/code/_seiu503/member-app-2019/client/src/components/SubmissionFormElements.jsx
FN:84,(anonymous_0)
FN:98,(anonymous_1)
FN:113,(anonymous_2)
FN:127,(anonymous_3)
FN:192,(anonymous_4)
FN:212,(anonymous_5)
FN:235,(anonymous_6)
FN:245,(anonymous_7)
FNF:8
FNH:7
FNDA:9,(anonymous_0)
FNDA:9,(anonymous_1)
FNDA:9,(anonymous_2)
FNDA:0,(anonymous_3)
FNDA:9,(anonymous_4)
FNDA:7,(anonymous_5)
FNDA:263,(anonymous_6)
FNDA:2,(anonymous_7)
DA:14,3
DA:66,3
DA:81,3
DA:84,3
DA:85,9
DA:87,0
DA:92,0
DA:94,9
DA:98,3
DA:99,9
DA:100,9
DA:101,9
DA:102,9
DA:103,279
DA:104,81
DA:106,198
DA:109,9
DA:110,9
DA:113,3
DA:114,9
DA:115,9
DA:116,9
DA:120,999
DA:122,9
DA:123,9
DA:127,3
DA:192,3
DA:200,9
DA:212,3
DA:222,7
DA:236,263
DA:245,3
DA:253,2
LF:33
LH:31
BRDA:85,0,0,0
BRDA:85,0,1,0
BRDA:85,0,2,0
BRDA:85,0,3,0
BRDA:85,0,4,0
BRDA:85,0,5,9
BRDA:103,1,0,81
BRDA:103,1,1,198
BRDA:202,2,0,9
BRDA:202,2,1,0
BRDA:205,3,0,9
BRDA:205,3,1,0
BRDA:224,4,0,7
BRDA:224,4,1,7
BRDA:225,5,0,7
BRDA:225,5,1,5
BRDA:253,6,0,2
BRDA:253,6,1,0
BRDA:259,7,0,0
BRDA:259,7,1,2
BRDA:266,8,0,2
BRDA:266,8,1,0
BRDA:266,8,2,0
BRF:23
BRH:12
end_of_record
TN:
SF:/Users/sarahschneider/Documents/_Sarah/projects/code/_seiu503/member-app-2019/client/src/components/WelcomeInfo.jsx
FN:11,(anonymous_0)
FN:33,(anonymous_1)
FN:38,(anonymous_2)
FNF:3
FNH:3
FNDA:1,(anonymous_0)
FNDA:1,(anonymous_1)
FNDA:2,(anonymous_2)
DA:11,3
DA:32,1
DA:34,1
DA:35,1
DA:39,2
DA:87,3
LF:6
LH:6
BRF:0
BRH:0
end_of_record
TN:
SF:/Users/sarahschneider/Documents/_Sarah/projects/code/_seiu503/member-app-2019/client/src/containers/ContentLibrary.jsx
FN:20,(anonymous_0)
FN:99,(anonymous_1)
FN:102,(anonymous_2)
FN:107,(anonymous_3)
FN:115,(anonymous_4)
FN:121,(anonymous_5)
FN:127,(anonymous_6)
FN:158,(anonymous_7)
FN:172,(anonymous_8)
FN:192,(anonymous_9)
FN:198,(anonymous_10)
FN:207,(anonymous_11)
FN:267,(anonymous_12)
FN:273,(anonymous_13)
FNF:14
FNH:10
FNDA:0,(anonymous_0)
FNDA:1,(anonymous_1)
FNDA:1,(anonymous_2)
FNDA:2,(anonymous_3)
FNDA:2,(anonymous_4)
FNDA:1,(anonymous_5)
FNDA:4,(anonymous_6)
FNDA:27,(anonymous_7)
FNDA:0,(anonymous_8)
FNDA:54,(anonymous_9)
FNDA:1,(anonymous_10)
FNDA:1,(anonymous_11)
FNDA:0,(anonymous_12)
FNDA:0,(anonymous_13)
DA:20,2
DA:100,1
DA:102,1
DA:108,2
DA:113,2
DA:121,14
DA:122,1
DA:123,1
DA:128,4
DA:129,4
DA:133,4
DA:137,1
DA:138,3
DA:142,2
DA:143,2
DA:144,2
DA:148,2
DA:149,1
DA:150,1
DA:152,1
DA:153,1
DA:154,1
DA:159,27
DA:161,27
DA:162,27
DA:173,0
DA:174,0
DA:193,54
DA:198,1
DA:208,1
DA:228,2
DA:267,2
DA:273,2
LF:33
LH:31
BRDA:108,0,0,2
BRDA:108,0,1,0
BRDA:109,1,0,2
BRDA:109,1,1,1
BRDA:109,1,2,1
BRDA:122,2,0,1
BRDA:122,2,1,0
BRDA:122,3,0,1
BRDA:122,3,1,1
BRDA:133,4,0,1
BRDA:133,4,1,3
BRDA:134,5,0,4
BRDA:134,5,1,4
BRDA:138,6,0,2
BRDA:138,6,1,1
BRDA:139,7,0,3
BRDA:139,7,1,3
BRDA:148,8,0,1
BRDA:148,8,1,1
BRDA:152,9,0,1
BRDA:152,9,1,0
BRDA:164,10,0,27
BRDA:164,10,1,0
BRDA:165,11,0,27
BRDA:165,11,1,1
BRF:25
BRH:21
end_of_record
TN:
SF:/Users/sarahschneider/Documents/_Sarah/projects/code/_seiu503/member-app-2019/client/src/containers/Dashboard.jsx
FN:21,(anonymous_0)
FN:59,(anonymous_1)
FN:92,(anonymous_2)
FN:108,(anonymous_3)
FN:113,(anonymous_4)
FN:177,(anonymous_5)
FN:182,(anonymous_6)
FNF:7
FNH:5
FNDA:0,(anonymous_0)
FNDA:10,(anonymous_1)
FNDA:6,(anonymous_2)
FNDA:0,(anonymous_3)
FNDA:13,(anonymous_4)
FNDA:9,(anonymous_5)
FNDA:4,(anonymous_6)
DA:21,2
DA:62,10
DA:63,9
DA:64,9
DA:67,9
DA:68,9
DA:69,9
DA:70,9
DA:72,9
DA:80,1
DA:83,1
DA:84,1
DA:86,0
DA:90,10
DA:93,6
DA:94,6
DA:96,6
DA:97,6
DA:100,0
DA:101,0
DA:104,0
DA:105,0
DA:109,0
DA:114,13
DA:115,13
DA:116,13
DA:117,13
DA:118,13
DA:145,2
DA:177,9
DA:182,4
DA:187,2
LF:32
LH:26
BRDA:62,0,0,9
BRDA:62,0,1,1
BRDA:62,1,0,10
BRDA:62,1,1,10
BRDA:81,2,0,1
BRDA:81,2,1,1
BRDA:83,3,0,1
BRDA:83,3,1,0
BRDA:93,4,0,6
BRDA:93,4,1,0
BRDA:97,5,0,0
BRDA:97,5,1,6
BRDA:120,6,0,13
BRDA:120,6,1,9
BRDA:120,6,2,8
BRF:15
BRH:12
end_of_record
TN:
SF:/Users/sarahschneider/Documents/_Sarah/projects/code/_seiu503/member-app-2019/client/src/containers/Logout.jsx
FN:10,(anonymous_0)
FN:13,(anonymous_1)
FN:18,(anonymous_2)
FN:43,(anonymous_3)
FNF:4
FNH:4
FNDA:3,(anonymous_0)
FNDA:2,(anonymous_1)
FNDA:9,(anonymous_2)
FNDA:1,(anonymous_3)
DA:11,3
DA:12,3
DA:13,3
DA:14,2
DA:19,9
DA:36,2
DA:43,2
LF:7
LH:7
BRF:0
BRH:0
end_of_record
TN:
SF:/Users/sarahschneider/Documents/_Sarah/projects/code/_seiu503/member-app-2019/client/src/containers/NavBar.jsx
FN:21,(anonymous_0)
FN:132,(anonymous_1)
FN:143,(anonymous_2)
FN:148,(anonymous_3)
FN:153,(anonymous_4)
FN:159,(anonymous_5)
FN:166,(anonymous_6)
FN:184,(anonymous_7)
FN:200,(anonymous_8)
FN:211,(anonymous_9)
FN:216,(anonymous_10)
FN:235,(anonymous_11)
FN:264,(anonymous_12)
FN:320,(anonymous_13)
FNF:14
FNH:12
FNDA:0,(anonymous_0)
FNDA:18,(anonymous_1)
FNDA:1,(anonymous_2)
FNDA:2,(anonymous_3)
FNDA:25,(anonymous_4)
FNDA:4,(anonymous_5)
FNDA:2,(anonymous_6)
FNDA:25,(anonymous_7)
FNDA:75,(anonymous_8)
FNDA:25,(anonymous_9)
FNDA:1,(anonymous_10)
FNDA:1,(anonymous_11)
FNDA:1,(anonymous_12)
FNDA:0,(anonymous_13)
DA:21,2
DA:133,18
DA:135,18
DA:139,18
DA:140,18
DA:144,1
DA:145,1
DA:149,2
DA:150,2
DA:154,25
DA:155,25
DA:156,25
DA:157,25
DA:158,25
DA:159,25
DA:160,4
DA:161,4
DA:167,2
DA:168,2
DA:183,25
DA:185,25
DA:199,25
DA:201,75
DA:210,25
DA:212,25
DA:217,1
DA:227,25
DA:235,1
DA:264,1
DA:301,2
DA:320,2
LF:31
LH:31
BRDA:262,0,0,2
BRDA:262,0,1,23
BRDA:286,1,0,1
BRDA:286,1,1,24
BRF:4
BRH:4
end_of_record
TN:
SF:/Users/sarahschneider/Documents/_Sarah/projects/code/_seiu503/member-app-2019/client/src/containers/Notifier.jsx
FN:17,(anonymous_0)
FN:21,(anonymous_1)
FN:30,(anonymous_2)
FN:39,(anonymous_3)
FN:80,(anonymous_4)
FN:102,(anonymous_5)
FNF:6
FNH:5
FNDA:10,(anonymous_0)
FNDA:2,(anonymous_1)
FNDA:1,(anonymous_2)
FNDA:14,(anonymous_3)
FNDA:7,(anonymous_4)
FNDA:0,(anonymous_5)
DA:10,9
DA:18,10
DA:21,9
DA:22,2
DA:30,9
DA:31,1
DA:41,14
DA:48,14
DA:80,7
DA:88,7
DA:92,1
DA:93,6
DA:99,2
DA:102,4
LF:14
LH:14
BRDA:88,0,0,1
BRDA:88,0,1,6
BRDA:89,1,0,7
BRDA:89,1,1,3
BRDA:89,1,2,7
BRDA:93,2,0,2
BRDA:93,2,1,4
BRDA:94,3,0,6
BRDA:94,3,1,2
BRDA:94,3,2,2
BRF:10
BRH:10
end_of_record
TN:
SF:/Users/sarahschneider/Documents/_Sarah/projects/code/_seiu503/member-app-2019/client/src/containers/SubmissionForm.jsx
FN:18,(anonymous_0)
FN:30,(anonymous_1)
FNF:2
FNH:2
FNDA:3,(anonymous_0)
FNDA:1,(anonymous_1)
DA:12,2
DA:18,3
DA:30,2
LF:3
LH:3
BRDA:27,0,0,3
BRDA:27,0,1,1
BRF:2
BRH:2
end_of_record
TN:
SF:/Users/sarahschneider/Documents/_Sarah/projects/code/_seiu503/member-app-2019/client/src/containers/TextInputForm.jsx
FN:22,(anonymous_0)
FN:62,(anonymous_1)
FN:71,(anonymous_2)
FN:75,(anonymous_3)
FN:89,(anonymous_4)
FN:93,(anonymous_5)
FN:96,(anonymous_6)
FN:102,(anonymous_7)
FN:107,(anonymous_8)
FN:112,(anonymous_9)
FN:118,(anonymous_10)
FN:139,(anonymous_11)
FN:146,(anonymous_12)
FN:163,(anonymous_13)
FN:166,(anonymous_14)
FN:180,(anonymous_15)
FN:196,(anonymous_16)
FN:200,(anonymous_17)
FN:219,(anonymous_18)
FN:229,(anonymous_19)
FN:244,(anonymous_20)
FN:373,(anonymous_21)
FN:378,(anonymous_22)
FNF:23
FNH:7
FNDA:0,(anonymous_0)
FNDA:8,(anonymous_1)
FNDA:4,(anonymous_2)
FNDA:1,(anonymous_3)
FNDA:0,(anonymous_4)
FNDA:0,(anonymous_5)
FNDA:0,(anonymous_6)
FNDA:0,(anonymous_7)
FNDA:0,(anonymous_8)
FNDA:0,(anonymous_9)
FNDA:0,(anonymous_10)
FNDA:0,(anonymous_11)
FNDA:0,(anonymous_12)
FNDA:0,(anonymous_13)
FNDA:2,(anonymous_14)
FNDA:0,(anonymous_15)
FNDA:0,(anonymous_16)
FNDA:0,(anonymous_17)
FNDA:0,(anonymous_18)
FNDA:10,(anonymous_19)
FNDA:0,(anonymous_20)
FNDA:7,(anonymous_21)
FNDA:5,(anonymous_22)
DA:22,2
DA:63,8
DA:64,8
DA:68,8
DA:72,4
DA:73,3
DA:76,1
DA:80,1
DA:89,0
DA:93,8
DA:94,0
DA:95,0
DA:96,0
DA:97,0
DA:98,0
DA:102,8
DA:104,0
DA:105,0
DA:106,0
DA:107,0
DA:108,0
DA:112,8
DA:113,0
DA:114,0
DA:115,0
DA:118,8
DA:119,0
DA:120,0
DA:121,0
DA:123,0
DA:129,0
DA:134,0
DA:135,0
DA:139,8
DA:140,0
DA:141,0
DA:142,0
DA:143,0
DA:144,0
DA:147,0
DA:151,0
DA:157,0
DA:158,0
DA:159,0
DA:160,0
DA:163,0
DA:167,2
DA:168,2
DA:169,2
DA:174,2
DA:175,2
DA:177,2
DA:178,1
DA:181,0
DA:185,0
DA:191,0
DA:192,0
DA:193,0
DA:196,0
DA:197,1
DA:198,1
DA:201,0
DA:205,0
DA:211,0
DA:215,0
DA:216,0
DA:219,0
DA:221,0
DA:230,10
DA:231,10
DA:244,0
DA:352,2
DA:373,7
DA:378,5
DA:382,2
LF:75
LH:28
BRDA:72,0,0,3
BRDA:72,0,1,1
BRDA:72,1,0,4
BRDA:72,1,1,4
BRDA:76,2,0,1
BRDA:76,2,1,0
BRDA:77,3,0,1
BRDA:77,3,1,0
BRDA:82,4,0,1
BRDA:82,4,1,1
BRDA:120,5,0,0
BRDA:120,5,1,0
BRDA:123,6,0,0
BRDA:123,6,1,0
BRDA:124,7,0,0
BRDA:124,7,1,0
BRDA:124,7,2,0
BRDA:124,7,3,0
BRDA:134,8,0,0
BRDA:134,8,1,0
BRDA:141,9,0,0
BRDA:141,9,1,0
BRDA:143,10,0,0
BRDA:143,10,1,0
BRDA:147,11,0,0
BRDA:147,11,1,0
BRDA:148,12,0,0
BRDA:148,12,1,0
BRDA:153,13,0,0
BRDA:153,13,1,0
BRDA:174,14,0,2
BRDA:174,14,1,0
BRDA:177,15,0,1
BRDA:177,15,1,1
BRDA:181,16,0,0
BRDA:181,16,1,0
BRDA:182,17,0,0
BRDA:182,17,1,0
BRDA:187,18,0,0
BRDA:187,18,1,0
BRDA:197,19,0,1
BRDA:197,19,1,0
BRDA:201,20,0,0
BRDA:201,20,1,0
BRDA:202,21,0,0
BRDA:202,21,1,0
BRDA:207,22,0,0
BRDA:207,22,1,0
BRDA:223,23,0,0
BRDA:223,23,1,0
BRDA:280,24,0,0
BRDA:280,24,1,10
BRDA:280,25,0,10
BRDA:280,25,1,0
BRDA:288,26,0,0
BRDA:288,26,1,0
BRDA:288,27,0,0
BRDA:288,27,1,0
BRDA:295,28,0,0
BRDA:295,28,1,0
BRDA:314,29,0,0
BRDA:314,29,1,10
BRDA:314,30,0,10
BRDA:314,30,1,0
BRF:64
BRH:16
end_of_record
TN:
SF:/Users/sarahschneider/Documents/_Sarah/projects/code/_seiu503/member-app-2019/client/src/store/store.js
FN:19,(anonymous_0)
FNF:1
FNH:1
FNDA:14,(anonymous_0)
DA:5,14
DA:8,14
DA:9,14
DA:13,14
DA:19,14
LF:5
LH:5
BRDA:17,0,0,0
BRDA:17,0,1,14
BRF:2
BRH:1
end_of_record
TN:
SF:/Users/sarahschneider/Documents/_Sarah/projects/code/_seiu503/member-app-2019/client/src/store/actions/apiConfig.js
FNF:0
FNH:0
DA:7,16
DA:8,16
DA:9,16
DA:16,16
DA:19,16
LF:5
LH:5
BRDA:16,0,0,0
BRDA:16,0,1,16
BRDA:19,1,0,0
BRDA:19,1,1,16
BRF:4
BRH:2
end_of_record
TN:
SF:/Users/sarahschneider/Documents/_Sarah/projects/code/_seiu503/member-app-2019/client/src/store/actions/apiContentActions.js
FN:32,handleInput
FN:39,handleSwitch
FN:46,handleDeleteOpen
FN:53,handleDeleteClose
FN:59,clearForm
FN:65,setEditContent
FN:83,getContentById
FN:93,(anonymous_7)
FN:94,(anonymous_8)
FN:123,getAllContent
FN:133,(anonymous_10)
FN:134,(anonymous_11)
FN:169,addContent
FN:179,(anonymous_13)
FN:180,(anonymous_14)
FN:215,uploadImage
FN:230,(anonymous_16)
FN:231,(anonymous_17)
FN:266,updateContent
FN:276,(anonymous_19)
FN:277,(anonymous_20)
FN:311,deleteContent
FN:321,(anonymous_22)
FN:322,(anonymous_23)
FN:352,deleteImage
FN:362,(anonymous_25)
FN:363,(anonymous_26)
FNF:27
FNH:3
FNDA:0,handleInput
FNDA:0,handleSwitch
FNDA:0,handleDeleteOpen
FNDA:0,handleDeleteClose
FNDA:0,clearForm
FNDA:0,setEditContent
FNDA:3,getContentById
FNDA:0,(anonymous_7)
FNDA:0,(anonymous_8)
FNDA:0,getAllContent
FNDA:0,(anonymous_10)
FNDA:0,(anonymous_11)
FNDA:2,addContent
FNDA:0,(anonymous_13)
FNDA:0,(anonymous_14)
FNDA:0,uploadImage
FNDA:0,(anonymous_16)
FNDA:0,(anonymous_17)
FNDA:2,updateContent
FNDA:0,(anonymous_19)
FNDA:0,(anonymous_20)
FNDA:0,deleteContent
FNDA:0,(anonymous_22)
FNDA:0,(anonymous_23)
FNDA:0,deleteImage
FNDA:0,(anonymous_25)
FNDA:0,(anonymous_26)
DA:4,15
DA:5,15
DA:6,15
DA:7,15
DA:8,15
DA:9,15
DA:10,15
DA:11,15
DA:12,15
DA:13,15
DA:14,15
DA:15,15
DA:16,15
DA:17,15
DA:18,15
DA:19,15
DA:20,15
DA:21,15
DA:22,15
DA:23,15
DA:24,15
DA:25,15
DA:26,15
DA:27,15
DA:28,15
DA:29,15
DA:30,15
DA:33,0
DA:40,0
DA:47,0
DA:54,0
DA:60,0
DA:66,0
DA:84,3
DA:94,0
DA:95,0
DA:96,0
DA:97,0
DA:98,0
DA:100,0
DA:102,0
DA:124,0
DA:134,0
DA:135,0
DA:136,0
DA:137,0
DA:138,0
DA:140,0
DA:142,0
DA:170,2
DA:180,0
DA:181,0
DA:182,0
DA:183,0
DA:184,0
DA:186,0
DA:188,0
DA:216,0
DA:217,0
DA:218,0
DA:219,0
DA:221,0
DA:231,0
DA:232,0
DA:233,0
DA:234,0
DA:235,0
DA:237,0
DA:239,0
DA:267,2
DA:277,0
DA:278,0
DA:279,0
DA:280,0
DA:281,0
DA:283,0
DA:285,0
DA:312,0
DA:322,0
DA:323,0
DA:324,0
DA:325,0
DA:326,0
DA:328,0
DA:330,0
DA:353,0
DA:363,0
DA:364,0
DA:365,0
DA:366,0
DA:367,0
DA:369,0
DA:371,0
LF:93
LH:30
BRDA:96,0,0,0
BRDA:96,0,1,0
BRDA:97,1,0,0
BRDA:97,1,1,0
BRDA:136,2,0,0
BRDA:136,2,1,0
BRDA:137,3,0,0
BRDA:137,3,1,0
BRDA:182,4,0,0
BRDA:182,4,1,0
BRDA:183,5,0,0
BRDA:183,5,1,0
BRDA:218,6,0,0
BRDA:218,6,1,0
BRDA:233,7,0,0
BRDA:233,7,1,0
BRDA:234,8,0,0
BRDA:234,8,1,0
BRDA:279,9,0,0
BRDA:279,9,1,0
BRDA:280,10,0,0
BRDA:280,10,1,0
BRDA:324,11,0,0
BRDA:324,11,1,0
BRDA:325,12,0,0
BRDA:325,12,1,0
BRDA:365,13,0,0
BRDA:365,13,1,0
BRDA:366,14,0,0
BRDA:366,14,1,0
BRF:30
BRH:0
end_of_record
TN:
SF:/Users/sarahschneider/Documents/_Sarah/projects/code/_seiu503/member-app-2019/client/src/store/actions/apiProfileActions.js
FN:29,validateToken
FN:42,(anonymous_1)
FN:43,(anonymous_2)
FN:62,getProfile
FN:72,(anonymous_4)
FN:73,(anonymous_5)
FN:92,modifyProfile
FN:102,(anonymous_7)
FN:103,(anonymous_8)
FNF:9
FNH:1
FNDA:0,validateToken
FNDA:0,(anonymous_1)
FNDA:0,(anonymous_2)
FNDA:5,getProfile
FNDA:0,(anonymous_4)
FNDA:0,(anonymous_5)
FNDA:0,modifyProfile
FNDA:0,(anonymous_7)
FNDA:0,(anonymous_8)
DA:4,15
DA:5,15
DA:6,15
DA:7,15
DA:8,15
DA:9,15
DA:10,15
DA:11,15
DA:12,15
DA:30,0
DA:43,0
DA:44,0
DA:45,0
DA:46,0
DA:47,0
DA:49,0
DA:51,0
DA:63,5
DA:73,0
DA:74,0
DA:75,0
DA:76,0
DA:77,0
DA:79,0
DA:81,0
DA:93,0
DA:103,0
DA:104,0
DA:105,0
DA:106,0
DA:107,0
DA:109,0
DA:110,0
DA:112,0
DA:114,0
LF:35
LH:10
BRDA:45,0,0,0
BRDA:45,0,1,0
BRDA:46,1,0,0
BRDA:46,1,1,0
BRDA:75,2,0,0
BRDA:75,2,1,0
BRDA:76,3,0,0
BRDA:76,3,1,0
BRDA:105,4,0,0
BRDA:105,4,1,0
BRDA:106,5,0,0
BRDA:106,5,1,0
BRDA:109,6,0,0
BRDA:109,6,1,0
BRF:14
BRH:0
end_of_record
TN:
SF:/Users/sarahschneider/Documents/_Sarah/projects/code/_seiu503/member-app-2019/client/src/store/actions/apiSubmissionActions.js
FN:9,addSubmission
FN:19,(anonymous_1)
FN:20,(anonymous_2)
FN:42,clearForm
FNF:4
FNH:0
FNDA:0,addSubmission
FNDA:0,(anonymous_1)
FNDA:0,(anonymous_2)
FNDA:0,clearForm
DA:4,16
DA:5,16
DA:6,16
DA:7,16
DA:10,0
DA:20,0
DA:21,0
DA:22,0
DA:23,0
DA:24,0
DA:26,0
DA:28,0
DA:43,0
LF:13
LH:4
BRDA:22,0,0,0
BRDA:22,0,1,0
BRDA:23,1,0,0
BRDA:23,1,1,0
BRF:4
BRH:0
end_of_record
TN:
SF:/Users/sarahschneider/Documents/_Sarah/projects/code/_seiu503/member-app-2019/client/src/store/actions/index.js
FN:6,logout
FN:12,setLoggedIn
FN:18,setRedirectUrl
FN:25,setSpinner
FNF:4
FNH:2
FNDA:0,logout
FNDA:3,setLoggedIn
FNDA:0,setRedirectUrl
FNDA:3,setSpinner
DA:1,15
DA:2,15
DA:3,15
DA:4,15
DA:7,0
DA:13,3
DA:19,0
DA:26,3
LF:8
LH:6
BRF:0
BRH:0
end_of_record
TN:
SF:/Users/sarahschneider/Documents/_Sarah/projects/code/_seiu503/member-app-2019/client/src/store/reducers/appState.js
FN:23,appState
FNF:1
FNH:1
FNDA:64,appState
DA:15,14
DA:25,64
DA:27,0
DA:30,3
DA:35,0
DA:41,0
DA:46,0
DA:49,0
DA:52,3
DA:55,58
LF:10
LH:5
BRDA:23,0,0,42
BRDA:25,1,0,0
BRDA:25,1,1,3
BRDA:25,1,2,0
BRDA:25,1,3,0
BRDA:25,1,4,0
BRDA:25,1,5,0
BRDA:25,1,6,3
BRDA:25,1,7,58
BRF:9
BRH:4
end_of_record
TN:
SF:/Users/sarahschneider/Documents/_Sarah/projects/code/_seiu503/member-app-2019/client/src/store/reducers/content.js
FN:53,Content
FNF:1
FNH:1
FNDA:64,Content
DA:34,14
DA:56,64
DA:58,0
DA:62,0
DA:63,0
DA:69,0
DA:77,0
DA:84,0
DA:98,0
DA:107,0
DA:124,4
DA:133,0
DA:146,0
DA:152,0
DA:165,0
DA:166,0
DA:168,0
DA:170,0
DA:171,0
DA:177,60
LF:20
LH:4
BRDA:53,0,0,44
BRDA:56,1,0,0
BRDA:56,1,1,0
BRDA:56,1,2,0
BRDA:56,1,3,0
BRDA:56,1,4,0
BRDA:56,1,5,0
BRDA:56,1,6,0
BRDA:56,1,7,0
BRDA:56,1,8,2
BRDA:56,1,9,3
BRDA:56,1,10,4
BRDA:56,1,11,4
BRDA:56,1,12,4
BRDA:56,1,13,4
BRDA:56,1,14,4
BRDA:56,1,15,0
BRDA:56,1,16,0
BRDA:56,1,17,0
BRDA:56,1,18,0
BRDA:56,1,19,0
BRDA:56,1,20,0
BRDA:56,1,21,0
BRDA:56,1,22,0
BRDA:56,1,23,0
BRDA:56,1,24,0
BRDA:56,1,25,0
BRDA:56,1,26,0
BRDA:56,1,27,0
BRDA:56,1,28,60
BRDA:62,2,0,0
BRDA:62,2,1,0
BRDA:165,3,0,0
BRDA:165,3,1,0
BRF:34
BRH:9
end_of_record
TN:
SF:/Users/sarahschneider/Documents/_Sarah/projects/code/_seiu503/member-app-2019/client/src/store/reducers/index.js
FNF:0
FNH:0
DA:8,14
LF:1
LH:1
BRF:0
BRH:0
end_of_record
TN:
SF:/Users/sarahschneider/Documents/_Sarah/projects/code/_seiu503/member-app-2019/client/src/store/reducers/profile.js
FN:24,profile
FNF:1
FNH:1
FNDA:64,profile
DA:13,14
DA:27,64
DA:29,0
DA:33,4
DA:40,0
DA:53,0
DA:54,0
DA:55,0
DA:56,0
DA:58,0
DA:60,0
DA:61,0
DA:67,60
LF:13
LH:4
BRDA:24,0,0,48
BRDA:27,1,0,0
BRDA:27,1,1,0
BRDA:27,1,2,4
BRDA:27,1,3,0
BRDA:27,1,4,0
BRDA:27,1,5,0
BRDA:27,1,6,0
BRDA:27,1,7,60
BRDA:55,2,0,0
BRDA:55,2,1,0
BRF:11
BRH:3
end_of_record
TN:
SF:/Users/sarahschneider/Documents/_Sarah/projects/code/_seiu503/member-app-2019/client/src/store/reducers/submission.js
FN:19,Submission
FNF:1
FNH:1
FNDA:87,Submission
DA:14,15
DA:22,87
DA:38,0
DA:44,0
DA:69,0
DA:70,0
DA:72,0
DA:74,0
DA:75,0
DA:81,0
DA:106,87
LF:11
LH:3
BRDA:19,0,0,53
BRDA:22,1,0,0
BRDA:22,1,1,0
BRDA:22,1,2,0
BRDA:22,1,3,0
BRDA:22,1,4,87
BRDA:69,2,0,0
BRDA:69,2,1,0
BRF:8
BRH:2
end_of_record
TN:
SF:/Users/sarahschneider/Documents/_Sarah/projects/code/_seiu503/member-app-2019/client/src/styles/theme.js
FNF:0
FNH:0
LF:0
LH:0
BRF:0
BRH:0
end_of_record
TN:
SF:/Users/sarahschneider/Documents/_Sarah/projects/code/_seiu503/member-app-2019/client/src/utils/index.js
FN:3,(anonymous_0)
FN:8,(anonymous_1)
FN:9,(anonymous_2)
FN:30,(anonymous_3)
FNF:4
FNH:1
FNDA:0,(anonymous_0)
FNDA:0,(anonymous_1)
FNDA:0,(anonymous_2)
FNDA:2,(anonymous_3)
DA:1,6
DA:3,6
DA:4,0
DA:8,6
DA:9,0
DA:10,0
DA:12,0
DA:15,0
DA:16,0
DA:20,0
DA:23,6
DA:30,6
DA:31,2
DA:32,2
DA:33,2
LF:15
LH:8
BRF:0
BRH:0
end_of_record
TN:
SF:/Users/sarahschneider/Documents/_Sarah/projects/code/_seiu503/member-app-2019/client/src/utils/testUtils.js
FN:14,(anonymous_0)
FN:27,(anonymous_1)
FN:31,(anonymous_2)
FNF:3
FNH:2
FNDA:8,(anonymous_0)
FNDA:58,(anonymous_1)
FNDA:0,(anonymous_2)
DA:14,14
DA:15,8
DA:18,8
DA:27,14
DA:28,58
DA:31,14
DA:32,0
DA:38,0
LF:8
LH:6
BRF:0
BRH:0
end_of_record
TN:
SF:/Users/sarahschneider/Documents/_Sarah/projects/code/_seiu503/member-app-2019/client/src/utils/validators.js
FN:1,(anonymous_0)
FN:21,(anonymous_1)
FNF:2
FNH:2
FNDA:8,(anonymous_0)
FNDA:128,(anonymous_1)
DA:1,3
DA:2,8
DA:3,8
DA:21,8
DA:22,128
DA:23,52
DA:26,8
DA:30,1
DA:32,8
DA:38,1
DA:40,8
DA:41,1
DA:43,8
LF:13
LH:13
BRDA:22,0,0,52
BRDA:22,0,1,76
BRDA:26,1,0,1
BRDA:26,1,1,7
BRDA:27,2,0,8
BRDA:27,2,1,5
BRDA:32,3,0,1
BRDA:32,3,1,7
BRDA:33,4,0,8
BRDA:33,4,1,5
BRDA:40,5,0,1
BRDA:40,5,1,7
BRDA:40,6,0,8
BRDA:40,6,1,5
BRF:14
BRH:14
end_of_record
