TN:
SF:/Users/sarahschneider/Documents/_Sarah/projects/code/_seiu503/member-app-2019/client/src/App.js
FN:24,(anonymous_0)
FN:103,(anonymous_1)
FN:113,(anonymous_2)
FN:128,(anonymous_3)
FN:133,(anonymous_4)
FN:138,(anonymous_5)
FN:150,(anonymous_6)
FN:159,(anonymous_7)
FN:163,(anonymous_8)
FN:172,(anonymous_9)
FN:178,(anonymous_10)
FN:188,(anonymous_11)
FN:194,(anonymous_12)
FN:242,(anonymous_13)
FN:248,(anonymous_14)
FNF:15
FNH:12
FNDA:0,(anonymous_0)
FNDA:10,(anonymous_1)
FNDA:7,(anonymous_2)
FNDA:1,(anonymous_3)
FNDA:1,(anonymous_4)
FNDA:13,(anonymous_5)
FNDA:3,(anonymous_6)
FNDA:2,(anonymous_7)
FNDA:0,(anonymous_8)
FNDA:1,(anonymous_9)
FNDA:2,(anonymous_10)
FNDA:0,(anonymous_11)
FNDA:1,(anonymous_12)
FNDA:13,(anonymous_13)
FNDA:7,(anonymous_14)
DA:24,1
DA:104,10
DA:105,10
DA:106,10
DA:116,7
DA:117,7
DA:118,7
DA:119,7
DA:125,2
DA:126,2
DA:129,1
DA:130,1
DA:133,1
DA:139,13
DA:140,13
DA:151,3
DA:159,2
DA:164,0
DA:173,1
DA:179,2
DA:189,0
DA:195,1
DA:206,1
DA:242,13
DA:248,7
DA:254,1
LF:26
LH:24
BRDA:116,0,0,7
BRDA:116,0,1,0
BRDA:119,1,0,2
BRDA:119,1,1,5
BRDA:120,2,0,7
BRDA:120,2,1,2
BRDA:120,2,2,2
BRDA:120,2,3,2
BRDA:129,3,0,1
BRDA:129,3,1,0
BRF:10
BRH:8
end_of_record
TN:
SF:/Users/sarahschneider/Documents/_Sarah/projects/code/_seiu503/member-app-2019/client/src/components/AlertDialog.jsx
FN:11,(anonymous_0)
FN:28,(anonymous_1)
FNF:2
FNH:2
FNDA:1,(anonymous_0)
FNDA:11,(anonymous_1)
DA:11,3
DA:28,3
DA:29,11
DA:78,3
LF:4
LH:4
BRDA:35,0,0,8
BRDA:35,0,1,3
BRDA:40,1,0,11
BRDA:40,1,1,8
BRDA:65,2,0,1
BRDA:65,2,1,10
BRF:6
BRH:6
end_of_record
TN:
SF:/Users/sarahschneider/Documents/_Sarah/projects/code/_seiu503/member-app-2019/client/src/components/ButtonWithSpinner.jsx
FN:12,(anonymous_0)
FNF:1
FNH:1
FNDA:9,(anonymous_0)
DA:12,5
DA:13,9
DA:14,9
DA:22,5
LF:4
LH:4
BRDA:17,0,0,9
BRDA:17,0,1,1
BRF:2
BRH:2
end_of_record
TN:
SF:/Users/sarahschneider/Documents/_Sarah/projects/code/_seiu503/member-app-2019/client/src/components/ContentTile.jsx
FN:7,(anonymous_0)
FN:95,(anonymous_1)
FNF:2
FNH:2
FNDA:1,(anonymous_0)
FNDA:6,(anonymous_1)
DA:7,3
DA:95,3
DA:96,6
DA:97,6
DA:98,6
DA:100,6
DA:123,3
LF:7
LH:7
BRDA:102,0,0,6
BRDA:102,0,1,2
BRDA:113,1,0,6
BRDA:113,1,1,4
BRF:4
BRH:4
end_of_record
TN:
SF:/Users/sarahschneider/Documents/_Sarah/projects/code/_seiu503/member-app-2019/client/src/components/CustomSnackbarContent.jsx
FN:23,(anonymous_0)
FN:52,(anonymous_1)
FNF:2
FNH:2
FNDA:2,(anonymous_0)
FNDA:23,(anonymous_1)
DA:16,8
DA:23,8
DA:52,8
DA:61,23
DA:62,23
DA:67,23
DA:103,8
DA:110,8
LF:8
LH:8
BRF:0
BRH:0
end_of_record
TN:
SF:/Users/sarahschneider/Documents/_Sarah/projects/code/_seiu503/member-app-2019/client/src/components/ErrorBoundary.jsx
FN:4,(anonymous_0)
FN:9,(anonymous_1)
FN:14,(anonymous_2)
FN:19,(anonymous_3)
FNF:4
FNH:0
FNDA:0,(anonymous_0)
FNDA:0,(anonymous_1)
FNDA:0,(anonymous_2)
FNDA:0,(anonymous_3)
DA:5,0
DA:6,0
DA:11,0
DA:16,0
DA:20,0
DA:22,0
DA:25,0
LF:7
LH:0
BRDA:20,0,0,0
BRDA:20,0,1,0
BRF:2
BRH:0
end_of_record
TN:
SF:/Users/sarahschneider/Documents/_Sarah/projects/code/_seiu503/member-app-2019/client/src/components/Footer.jsx
FN:4,(anonymous_0)
FNF:1
FNH:1
FNDA:10,(anonymous_0)
DA:4,2
DA:5,10
DA:10,2
LF:3
LH:3
BRF:0
BRH:0
end_of_record
TN:
SF:/Users/sarahschneider/Documents/_Sarah/projects/code/_seiu503/member-app-2019/client/src/components/NotFound.jsx
FN:4,(anonymous_0)
FNF:1
FNH:1
FNDA:2,(anonymous_0)
DA:4,2
DA:5,2
DA:12,2
LF:3
LH:3
BRF:0
BRH:0
end_of_record
TN:
SF:/Users/sarahschneider/Documents/_Sarah/projects/code/_seiu503/member-app-2019/client/src/components/ScrollToTop.jsx
FN:5,(anonymous_0)
FN:14,(anonymous_1)
FNF:2
FNH:2
FNDA:2,(anonymous_0)
FNDA:5,(anonymous_1)
DA:6,2
DA:10,1
DA:15,5
LF:3
LH:3
BRDA:6,0,0,1
BRDA:6,0,1,1
BRDA:7,1,0,2
BRDA:7,1,1,2
BRF:4
BRH:4
end_of_record
TN:
SF:/Users/sarahschneider/Documents/_Sarah/projects/code/_seiu503/member-app-2019/client/src/components/Spinner.jsx
FN:20,(anonymous_0)
FNF:1
FNH:1
FNDA:2,(anonymous_0)
DA:4,3
DA:15,3
DA:20,3
DA:21,2
LF:4
LH:4
BRF:0
BRH:0
end_of_record
TN:
SF:/Users/sarahschneider/Documents/_Sarah/projects/code/_seiu503/member-app-2019/client/src/components/SpinnerAdornment.jsx
FN:7,(anonymous_0)
FN:7,(anonymous_1)
FN:7,(anonymous_2)
FN:12,(anonymous_3)
FN:12,(anonymous_4)
FN:26,(anonymous_5)
FN:34,(anonymous_6)
FNF:7
FNH:6
FNDA:6,(anonymous_0)
FNDA:6,(anonymous_1)
FNDA:1,(anonymous_2)
FNDA:3,(anonymous_3)
FNDA:2,(anonymous_4)
FNDA:1,(anonymous_5)
FNDA:0,(anonymous_6)
DA:7,6
DA:8,1
DA:9,1
DA:12,6
DA:14,2
DA:17,2
DA:18,2
DA:26,6
DA:27,1
DA:34,6
LF:10
LH:10
BRDA:14,0,0,1
BRDA:14,0,1,1
BRDA:14,1,0,2
BRDA:14,1,1,1
BRF:4
BRH:4
end_of_record
TN:
SF:/Users/sarahschneider/Documents/_Sarah/projects/code/_seiu503/member-app-2019/client/src/components/SubmissionFormComponent.jsx
FN:26,(anonymous_0)
FN:31,(anonymous_1)
FN:38,(anonymous_2)
FN:89,(anonymous_3)
FN:105,(anonymous_4)
FN:107,(anonymous_5)
FNF:6
FNH:6
FNDA:10,(anonymous_0)
FNDA:3,(anonymous_1)
FNDA:2,(anonymous_2)
FNDA:2,(anonymous_3)
FNDA:1,(anonymous_4)
FNDA:13,(anonymous_5)
DA:18,3
DA:19,3
DA:20,3
DA:21,3
DA:22,3
DA:25,10
DA:27,10
DA:28,10
DA:34,10
DA:35,10
DA:36,10
DA:38,10
DA:56,2
DA:57,2
DA:59,2
DA:87,2
DA:90,2
DA:94,1
DA:100,1
DA:101,1
DA:102,1
DA:105,1
DA:108,13
DA:343,3
LF:24
LH:24
BRDA:90,0,0,1
BRDA:90,0,1,1
BRDA:91,1,0,2
BRDA:91,1,1,1
BRDA:96,2,0,1
BRDA:96,2,1,1
BRF:6
BRH:6
end_of_record
TN:
SF:/Users/sarahschneider/Documents/_Sarah/projects/code/_seiu503/member-app-2019/client/src/components/SubmissionFormElements.jsx
FN:84,(anonymous_0)
FN:98,(anonymous_1)
FN:113,(anonymous_2)
FN:127,(anonymous_3)
FN:193,(anonymous_4)
FN:213,(anonymous_5)
FN:238,(anonymous_6)
FN:248,(anonymous_7)
FNF:8
FNH:8
FNDA:13,(anonymous_0)
FNDA:13,(anonymous_1)
FNDA:13,(anonymous_2)
FNDA:1,(anonymous_3)
FNDA:27,(anonymous_4)
FNDA:21,(anonymous_5)
FNDA:789,(anonymous_6)
FNDA:6,(anonymous_7)
DA:14,3
DA:66,3
DA:81,3
DA:84,3
DA:85,13
DA:87,0
DA:92,0
DA:94,13
DA:98,3
DA:99,13
DA:100,13
DA:101,13
DA:102,13
DA:103,403
DA:104,117
DA:106,286
DA:109,13
DA:110,13
DA:113,3
DA:114,13
DA:115,13
DA:116,13
DA:120,1443
DA:122,13
DA:123,13
DA:127,3
DA:193,3
DA:201,27
DA:213,3
DA:224,21
DA:239,789
DA:248,3
DA:256,6
LF:33
LH:31
BRDA:85,0,0,0
BRDA:85,0,1,0
BRDA:85,0,2,0
BRDA:85,0,3,0
BRDA:85,0,4,0
BRDA:85,0,5,13
BRDA:103,1,0,117
BRDA:103,1,1,286
BRDA:203,2,0,27
BRDA:203,2,1,0
BRDA:206,3,0,27
BRDA:206,3,1,0
BRDA:226,4,0,21
BRDA:226,4,1,15
BRDA:227,5,0,21
BRDA:227,5,1,15
BRDA:256,6,0,6
BRDA:256,6,1,0
BRDA:262,7,0,0
BRDA:262,7,1,6
BRDA:269,8,0,6
BRDA:269,8,1,0
BRDA:269,8,2,0
BRF:23
BRH:12
end_of_record
TN:
SF:/Users/sarahschneider/Documents/_Sarah/projects/code/_seiu503/member-app-2019/client/src/components/WelcomeInfo.jsx
FN:11,(anonymous_0)
FN:33,(anonymous_1)
FN:38,(anonymous_2)
FNF:3
FNH:3
FNDA:2,(anonymous_0)
FNDA:3,(anonymous_1)
FNDA:6,(anonymous_2)
DA:11,3
DA:32,3
DA:34,3
DA:35,3
DA:39,6
DA:87,3
LF:6
LH:6
BRF:0
BRH:0
end_of_record
TN:
SF:/Users/sarahschneider/Documents/_Sarah/projects/code/_seiu503/member-app-2019/client/src/containers/ContentLibrary.jsx
FN:20,(anonymous_0)
FN:99,(anonymous_1)
FN:102,(anonymous_2)
FN:107,(anonymous_3)
FN:115,(anonymous_4)
FN:121,(anonymous_5)
FN:127,(anonymous_6)
FN:158,(anonymous_7)
FN:172,(anonymous_8)
FN:192,(anonymous_9)
FN:198,(anonymous_10)
FN:207,(anonymous_11)
FN:267,(anonymous_12)
FN:273,(anonymous_13)
FNF:14
FNH:10
FNDA:0,(anonymous_0)
FNDA:1,(anonymous_1)
FNDA:1,(anonymous_2)
FNDA:2,(anonymous_3)
FNDA:2,(anonymous_4)
FNDA:1,(anonymous_5)
FNDA:4,(anonymous_6)
FNDA:27,(anonymous_7)
FNDA:0,(anonymous_8)
FNDA:54,(anonymous_9)
FNDA:1,(anonymous_10)
FNDA:1,(anonymous_11)
FNDA:0,(anonymous_12)
FNDA:0,(anonymous_13)
DA:20,2
DA:100,1
DA:102,1
DA:108,2
DA:113,2
DA:121,14
DA:122,1
DA:123,1
DA:128,4
DA:129,4
DA:133,4
DA:137,1
DA:138,3
DA:142,2
DA:143,2
DA:144,2
DA:148,2
DA:149,1
DA:150,1
DA:152,1
DA:153,1
DA:154,1
DA:159,27
DA:161,27
DA:162,27
DA:173,0
DA:174,0
DA:193,54
DA:198,1
DA:208,1
DA:228,2
DA:267,2
DA:273,2
LF:33
LH:31
BRDA:108,0,0,2
BRDA:108,0,1,0
BRDA:109,1,0,2
BRDA:109,1,1,1
BRDA:109,1,2,1
BRDA:122,2,0,1
BRDA:122,2,1,0
BRDA:122,3,0,1
BRDA:122,3,1,1
BRDA:133,4,0,1
BRDA:133,4,1,3
BRDA:134,5,0,4
BRDA:134,5,1,4
BRDA:138,6,0,2
BRDA:138,6,1,1
BRDA:139,7,0,3
BRDA:139,7,1,3
BRDA:148,8,0,1
BRDA:148,8,1,1
BRDA:152,9,0,1
BRDA:152,9,1,0
BRDA:164,10,0,27
BRDA:164,10,1,0
BRDA:165,11,0,27
BRDA:165,11,1,1
BRF:25
BRH:21
end_of_record
TN:
SF:/Users/sarahschneider/Documents/_Sarah/projects/code/_seiu503/member-app-2019/client/src/containers/Dashboard.jsx
FN:21,(anonymous_0)
FN:59,(anonymous_1)
FN:92,(anonymous_2)
FN:108,(anonymous_3)
FN:113,(anonymous_4)
FN:177,(anonymous_5)
FN:182,(anonymous_6)
FNF:7
FNH:7
FNDA:1,(anonymous_0)
FNDA:11,(anonymous_1)
FNDA:6,(anonymous_2)
FNDA:5,(anonymous_3)
FNDA:15,(anonymous_4)
FNDA:11,(anonymous_5)
FNDA:5,(anonymous_6)
DA:21,2
DA:62,11
DA:63,9
DA:64,9
DA:67,9
DA:68,9
DA:69,9
DA:70,9
DA:72,9
DA:80,2
DA:83,2
DA:84,1
DA:86,1
DA:90,11
DA:93,6
DA:94,6
DA:96,6
DA:97,6
DA:100,0
DA:101,0
DA:104,0
DA:105,0
DA:109,5
DA:114,15
DA:115,15
DA:116,15
DA:117,15
DA:118,15
DA:145,2
DA:177,11
DA:182,5
DA:187,2
LF:32
LH:28
BRDA:62,0,0,9
BRDA:62,0,1,2
BRDA:62,1,0,11
BRDA:62,1,1,11
BRDA:81,2,0,2
BRDA:81,2,1,2
BRDA:83,3,0,1
BRDA:83,3,1,1
BRDA:93,4,0,6
BRDA:93,4,1,0
BRDA:97,5,0,0
BRDA:97,5,1,6
BRDA:120,6,0,15
BRDA:120,6,1,9
BRDA:120,6,2,8
BRF:15
BRH:13
end_of_record
TN:
SF:/Users/sarahschneider/Documents/_Sarah/projects/code/_seiu503/member-app-2019/client/src/containers/Logout.jsx
FN:10,(anonymous_0)
FN:13,(anonymous_1)
FN:18,(anonymous_2)
FN:43,(anonymous_3)
FNF:4
FNH:4
FNDA:3,(anonymous_0)
FNDA:2,(anonymous_1)
FNDA:9,(anonymous_2)
FNDA:1,(anonymous_3)
DA:11,3
DA:12,3
DA:13,3
DA:14,2
DA:19,9
DA:36,2
DA:43,2
LF:7
LH:7
BRF:0
BRH:0
end_of_record
TN:
SF:/Users/sarahschneider/Documents/_Sarah/projects/code/_seiu503/member-app-2019/client/src/containers/NavBar.jsx
FN:21,(anonymous_0)
FN:132,(anonymous_1)
FN:143,(anonymous_2)
FN:148,(anonymous_3)
FN:153,(anonymous_4)
FN:159,(anonymous_5)
FN:166,(anonymous_6)
FN:184,(anonymous_7)
FN:200,(anonymous_8)
FN:211,(anonymous_9)
FN:216,(anonymous_10)
FN:235,(anonymous_11)
FN:264,(anonymous_12)
FN:320,(anonymous_13)
FNF:14
FNH:14
FNDA:1,(anonymous_0)
FNDA:24,(anonymous_1)
FNDA:1,(anonymous_2)
FNDA:2,(anonymous_3)
FNDA:33,(anonymous_4)
FNDA:4,(anonymous_5)
FNDA:2,(anonymous_6)
FNDA:33,(anonymous_7)
FNDA:99,(anonymous_8)
FNDA:33,(anonymous_9)
FNDA:1,(anonymous_10)
FNDA:1,(anonymous_11)
FNDA:1,(anonymous_12)
FNDA:13,(anonymous_13)
DA:21,2
DA:133,24
DA:135,24
DA:139,24
DA:140,24
DA:144,1
DA:145,1
DA:149,2
DA:150,2
DA:154,33
DA:155,33
DA:156,33
DA:157,33
DA:158,33
DA:159,33
DA:160,4
DA:161,4
DA:167,2
DA:168,2
DA:183,33
DA:185,33
DA:199,33
DA:201,99
DA:210,33
DA:212,33
DA:217,1
DA:227,33
DA:235,1
DA:264,1
DA:301,2
DA:320,13
LF:31
LH:31
BRDA:262,0,0,2
BRDA:262,0,1,31
BRDA:286,1,0,1
BRDA:286,1,1,32
BRF:4
BRH:4
end_of_record
TN:
SF:/Users/sarahschneider/Documents/_Sarah/projects/code/_seiu503/member-app-2019/client/src/containers/Notifier.jsx
FN:17,(anonymous_0)
FN:21,(anonymous_1)
FN:30,(anonymous_2)
FN:39,(anonymous_3)
FN:80,(anonymous_4)
FN:102,(anonymous_5)
FNF:6
FNH:5
FNDA:16,(anonymous_0)
FNDA:4,(anonymous_1)
FNDA:1,(anonymous_2)
FNDA:25,(anonymous_3)
FNDA:16,(anonymous_4)
FNDA:0,(anonymous_5)
DA:10,15
DA:18,16
DA:21,15
DA:22,4
DA:30,15
DA:31,1
DA:41,25
DA:48,25
DA:80,7
DA:88,16
DA:92,1
DA:93,15
DA:99,4
DA:102,11
LF:14
LH:14
BRDA:88,0,0,1
BRDA:88,0,1,15
BRDA:89,1,0,16
BRDA:89,1,1,5
BRDA:89,1,2,16
BRDA:93,2,0,4
BRDA:93,2,1,11
BRDA:94,3,0,15
BRDA:94,3,1,4
BRDA:94,3,2,4
BRF:10
BRH:10
end_of_record
TN:
SF:/Users/sarahschneider/Documents/_Sarah/projects/code/_seiu503/member-app-2019/client/src/containers/SubmissionForm.jsx
FN:18,(anonymous_0)
FN:30,(anonymous_1)
FNF:2
FNH:2
FNDA:10,(anonymous_0)
FNDA:3,(anonymous_1)
DA:12,2
DA:18,10
DA:30,3
LF:3
LH:3
BRDA:27,0,0,10
BRDA:27,0,1,3
BRF:2
BRH:2
end_of_record
TN:
SF:/Users/sarahschneider/Documents/_Sarah/projects/code/_seiu503/member-app-2019/client/src/containers/TextInputForm.jsx
FN:22,(anonymous_0)
FN:62,(anonymous_1)
FN:71,(anonymous_2)
FN:75,(anonymous_3)
FN:89,(anonymous_4)
FN:93,(anonymous_5)
FN:96,(anonymous_6)
FN:102,(anonymous_7)
FN:107,(anonymous_8)
FN:112,(anonymous_9)
FN:118,(anonymous_10)
FN:139,(anonymous_11)
FN:146,(anonymous_12)
FN:163,(anonymous_13)
FN:166,(anonymous_14)
FN:180,(anonymous_15)
FN:196,(anonymous_16)
FN:200,(anonymous_17)
FN:219,(anonymous_18)
FN:229,(anonymous_19)
FN:244,(anonymous_20)
FN:373,(anonymous_21)
FN:378,(anonymous_22)
FNF:23
FNH:21
FNDA:1,(anonymous_0)
FNDA:21,(anonymous_1)
FNDA:6,(anonymous_2)
FNDA:1,(anonymous_3)
FNDA:3,(anonymous_4)
FNDA:1,(anonymous_5)
FNDA:1,(anonymous_6)
FNDA:1,(anonymous_7)
FNDA:1,(anonymous_8)
FNDA:1,(anonymous_9)
FNDA:1,(anonymous_10)
FNDA:2,(anonymous_11)
FNDA:2,(anonymous_12)
FNDA:0,(anonymous_13)
FNDA:7,(anonymous_14)
FNDA:2,(anonymous_15)
FNDA:2,(anonymous_16)
FNDA:2,(anonymous_17)
FNDA:2,(anonymous_18)
FNDA:28,(anonymous_19)
FNDA:0,(anonymous_20)
FNDA:10,(anonymous_21)
FNDA:7,(anonymous_22)
DA:22,2
DA:63,21
DA:64,21
DA:68,21
DA:72,6
DA:73,4
DA:76,1
DA:80,1
DA:89,3
DA:93,21
DA:94,1
DA:95,1
DA:96,1
DA:97,1
DA:98,1
DA:102,21
DA:104,1
DA:105,1
DA:106,1
DA:107,1
DA:108,1
DA:112,21
DA:113,1
DA:114,1
DA:115,1
DA:118,21
DA:119,1
DA:120,1
DA:121,1
DA:123,1
DA:129,1
DA:134,1
DA:135,1
DA:139,21
DA:140,2
DA:141,2
DA:142,2
DA:143,2
DA:144,2
DA:147,2
DA:151,1
DA:157,1
DA:158,1
DA:159,1
DA:160,1
DA:163,0
DA:167,7
DA:168,7
DA:169,7
DA:174,7
DA:175,6
DA:177,7
DA:178,3
DA:181,2
DA:185,1
DA:191,1
DA:192,1
DA:193,0
DA:196,2
DA:197,4
DA:198,3
DA:201,2
DA:205,1
DA:211,1
DA:215,1
DA:216,0
DA:219,2
DA:221,1
DA:230,28
DA:231,28
DA:244,0
DA:352,2
DA:373,10
DA:378,7
DA:382,2
LF:75
LH:71
BRDA:72,0,0,4
BRDA:72,0,1,2
BRDA:72,1,0,6
BRDA:72,1,1,5
BRDA:76,2,0,1
BRDA:76,2,1,0
BRDA:77,3,0,1
BRDA:77,3,1,0
BRDA:82,4,0,1
BRDA:82,4,1,1
BRDA:120,5,0,1
BRDA:120,5,1,0
BRDA:123,6,0,1
BRDA:123,6,1,0
BRDA:124,7,0,1
BRDA:124,7,1,1
BRDA:124,7,2,1
BRDA:124,7,3,1
BRDA:134,8,0,1
BRDA:134,8,1,0
BRDA:141,9,0,2
BRDA:141,9,1,0
BRDA:143,10,0,2
BRDA:143,10,1,0
BRDA:147,11,0,1
BRDA:147,11,1,1
BRDA:148,12,0,2
BRDA:148,12,1,1
BRDA:153,13,0,1
BRDA:153,13,1,1
BRDA:174,14,0,6
BRDA:174,14,1,1
BRDA:177,15,0,3
BRDA:177,15,1,4
BRDA:181,16,0,1
BRDA:181,16,1,1
BRDA:182,17,0,2
BRDA:182,17,1,1
BRDA:187,18,0,1
BRDA:187,18,1,1
BRDA:197,19,0,3
BRDA:197,19,1,1
BRDA:201,20,0,1
BRDA:201,20,1,1
BRDA:202,21,0,2
BRDA:202,21,1,1
BRDA:207,22,0,1
BRDA:207,22,1,1
BRDA:223,23,0,1
BRDA:223,23,1,1
BRDA:280,24,0,5
BRDA:280,24,1,23
BRDA:280,25,0,28
BRDA:280,25,1,5
BRDA:288,26,0,0
BRDA:288,26,1,5
BRDA:288,27,0,5
BRDA:288,27,1,5
BRDA:295,28,0,0
BRDA:295,28,1,5
BRDA:314,29,0,0
BRDA:314,29,1,23
BRDA:314,30,0,23
BRDA:314,30,1,0
BRF:64
BRH:53
end_of_record
TN:
SF:/Users/sarahschneider/Documents/_Sarah/projects/code/_seiu503/member-app-2019/client/src/store/store.js
FN:19,(anonymous_0)
FNF:1
FNH:1
FNDA:15,(anonymous_0)
DA:5,15
DA:8,15
DA:9,15
DA:13,15
DA:19,15
LF:5
LH:5
BRDA:17,0,0,0
BRDA:17,0,1,15
BRF:2
BRH:1
end_of_record
TN:
SF:/Users/sarahschneider/Documents/_Sarah/projects/code/_seiu503/member-app-2019/client/src/store/actions/apiConfig.js
FNF:0
FNH:0
DA:7,17
DA:8,17
DA:9,17
DA:16,17
DA:19,17
LF:5
LH:5
BRDA:16,0,0,0
BRDA:16,0,1,17
BRDA:19,1,0,0
BRDA:19,1,1,17
BRF:4
BRH:2
end_of_record
TN:
SF:/Users/sarahschneider/Documents/_Sarah/projects/code/_seiu503/member-app-2019/client/src/store/actions/apiContentActions.js
FN:31,handleInput
FN:38,handleDeleteOpen
FN:45,handleDeleteClose
FN:51,clearForm
FN:68,getContentById
FN:78,(anonymous_5)
FN:79,(anonymous_6)
FN:108,getAllContent
FN:118,(anonymous_8)
FN:119,(anonymous_9)
FN:154,addContent
FN:164,(anonymous_11)
FN:165,(anonymous_12)
FN:200,uploadImage
FN:215,(anonymous_14)
FN:216,(anonymous_15)
FN:251,updateContent
FN:261,(anonymous_17)
FN:262,(anonymous_18)
FN:296,deleteContent
FN:306,(anonymous_20)
FN:307,(anonymous_21)
FN:337,deleteImage
FN:347,(anonymous_23)
FN:348,(anonymous_24)
FNF:25
FNH:25
FNDA:1,handleInput
FNDA:1,handleDeleteOpen
FNDA:1,handleDeleteClose
FNDA:1,clearForm
FNDA:6,getContentById
FNDA:1,(anonymous_5)
FNDA:1,(anonymous_6)
FNDA:2,getAllContent
FNDA:1,(anonymous_8)
FNDA:1,(anonymous_9)
FNDA:4,addContent
FNDA:1,(anonymous_11)
FNDA:1,(anonymous_12)
FNDA:2,uploadImage
FNDA:1,(anonymous_14)
FNDA:1,(anonymous_15)
FNDA:4,updateContent
FNDA:1,(anonymous_17)
FNDA:1,(anonymous_18)
FNDA:2,deleteContent
FNDA:1,(anonymous_20)
FNDA:1,(anonymous_21)
FNDA:2,deleteImage
FNDA:1,(anonymous_23)
FNDA:1,(anonymous_24)
DA:5,16
DA:6,16
DA:7,16
DA:8,16
DA:9,16
DA:10,16
DA:11,16
DA:12,16
DA:13,16
DA:14,16
DA:15,16
DA:16,16
DA:17,16
DA:18,16
DA:19,16
DA:20,16
DA:21,16
DA:22,16
DA:23,16
DA:24,16
DA:25,16
DA:26,16
DA:27,16
DA:28,16
DA:29,16
DA:32,1
DA:39,1
DA:46,1
DA:52,1
DA:69,6
DA:79,1
DA:80,1
DA:81,1
DA:82,1
DA:83,1
DA:85,1
DA:87,0
DA:109,2
DA:119,1
DA:120,1
DA:121,1
DA:122,1
DA:123,1
DA:125,1
DA:127,0
DA:155,4
DA:165,1
DA:166,1
DA:167,1
DA:168,1
DA:169,0
DA:171,1
DA:173,0
DA:201,2
DA:202,2
DA:203,2
DA:204,0
DA:206,2
DA:216,1
DA:217,1
DA:218,1
DA:219,1
DA:220,0
DA:222,1
DA:224,0
DA:252,4
DA:262,1
DA:263,1
DA:264,1
DA:265,1
DA:266,0
DA:268,1
DA:270,0
DA:297,2
DA:307,1
DA:308,1
DA:309,1
DA:310,1
DA:311,0
DA:313,1
DA:315,0
DA:338,2
DA:348,1
DA:349,1
DA:350,1
DA:351,1
DA:352,0
DA:354,1
DA:356,0
LF:89
LH:76
BRDA:81,0,0,1
BRDA:81,0,1,0
BRDA:82,1,0,1
BRDA:82,1,1,0
BRDA:121,2,0,1
BRDA:121,2,1,0
BRDA:122,3,0,1
BRDA:122,3,1,0
BRDA:167,4,0,1
BRDA:167,4,1,0
BRDA:168,5,0,0
BRDA:168,5,1,1
BRDA:203,6,0,0
BRDA:203,6,1,2
BRDA:218,7,0,1
BRDA:218,7,1,0
BRDA:219,8,0,0
BRDA:219,8,1,1
BRDA:264,9,0,1
BRDA:264,9,1,0
BRDA:265,10,0,0
BRDA:265,10,1,1
BRDA:309,11,0,1
BRDA:309,11,1,0
BRDA:310,12,0,0
BRDA:310,12,1,1
BRDA:350,13,0,1
BRDA:350,13,1,0
BRDA:351,14,0,0
BRDA:351,14,1,1
BRF:30
BRH:15
end_of_record
TN:
SF:/Users/sarahschneider/Documents/_Sarah/projects/code/_seiu503/member-app-2019/client/src/store/actions/apiProfileActions.js
FN:29,validateToken
FN:42,(anonymous_1)
FN:43,(anonymous_2)
FN:62,getProfile
FN:72,(anonymous_4)
FN:73,(anonymous_5)
FN:92,modifyProfile
FN:102,(anonymous_7)
FN:103,(anonymous_8)
FNF:9
FNH:2
FNDA:2,validateToken
FNDA:0,(anonymous_1)
FNDA:0,(anonymous_2)
FNDA:6,getProfile
FNDA:0,(anonymous_4)
FNDA:0,(anonymous_5)
FNDA:0,modifyProfile
FNDA:0,(anonymous_7)
FNDA:0,(anonymous_8)
DA:4,15
DA:5,15
DA:6,15
DA:7,15
DA:8,15
DA:9,15
DA:10,15
DA:11,15
DA:12,15
DA:30,2
DA:43,0
DA:44,0
DA:45,0
DA:46,0
DA:47,0
DA:49,0
DA:51,0
DA:63,6
DA:73,0
DA:74,0
DA:75,0
DA:76,0
DA:77,0
DA:79,0
DA:81,0
DA:93,0
DA:103,0
DA:104,0
DA:105,0
DA:106,0
DA:107,0
DA:109,0
DA:110,0
DA:112,0
DA:114,0
LF:35
LH:11
BRDA:45,0,0,0
BRDA:45,0,1,0
BRDA:46,1,0,0
BRDA:46,1,1,0
BRDA:75,2,0,0
BRDA:75,2,1,0
BRDA:76,3,0,0
BRDA:76,3,1,0
BRDA:105,4,0,0
BRDA:105,4,1,0
BRDA:106,5,0,0
BRDA:106,5,1,0
BRDA:109,6,0,0
BRDA:109,6,1,0
BRF:14
BRH:0
end_of_record
TN:
SF:/Users/sarahschneider/Documents/_Sarah/projects/code/_seiu503/member-app-2019/client/src/store/actions/apiSubmissionActions.js
FN:9,addSubmission
FN:19,(anonymous_1)
FN:20,(anonymous_2)
FN:42,clearForm
FNF:4
FNH:0
FNDA:0,addSubmission
FNDA:0,(anonymous_1)
FNDA:0,(anonymous_2)
FNDA:0,clearForm
DA:4,16
DA:5,16
DA:6,16
DA:7,16
DA:10,0
DA:20,0
DA:21,0
DA:22,0
DA:23,0
DA:24,0
DA:26,0
DA:28,0
DA:43,0
LF:13
LH:4
BRDA:22,0,0,0
BRDA:22,0,1,0
BRDA:23,1,0,0
BRDA:23,1,1,0
BRF:4
BRH:0
end_of_record
TN:
SF:/Users/sarahschneider/Documents/_Sarah/projects/code/_seiu503/member-app-2019/client/src/store/actions/index.js
FN:6,logout
FN:12,setLoggedIn
FN:18,setRedirectUrl
FN:25,setSpinner
FNF:4
FNH:2
FNDA:0,logout
FNDA:3,setLoggedIn
FNDA:0,setRedirectUrl
FNDA:3,setSpinner
DA:1,16
DA:2,16
DA:3,16
DA:4,16
DA:7,0
DA:13,3
DA:19,0
DA:26,3
LF:8
LH:6
BRF:0
BRH:0
end_of_record
TN:
SF:/Users/sarahschneider/Documents/_Sarah/projects/code/_seiu503/member-app-2019/client/src/store/reducers/appState.js
FN:23,appState
FNF:1
FNH:1
FNDA:127,appState
DA:15,15
DA:25,127
DA:27,0
DA:30,3
DA:35,1
DA:41,5
DA:46,0
DA:49,0
DA:52,3
DA:55,115
LF:10
LH:7
BRDA:23,0,0,45
BRDA:25,1,0,0
BRDA:25,1,1,3
BRDA:25,1,2,1
BRDA:25,1,3,5
BRDA:25,1,4,0
BRDA:25,1,5,0
BRDA:25,1,6,3
BRDA:25,1,7,115
BRF:9
BRH:6
end_of_record
TN:
SF:/Users/sarahschneider/Documents/_Sarah/projects/code/_seiu503/member-app-2019/client/src/store/reducers/content.js
FN:51,Content
FNF:1
FNH:1
FNDA:121,Content
DA:32,16
DA:54,121
DA:56,0
DA:59,0
DA:60,0
DA:66,0
DA:74,0
DA:81,0
DA:95,0
DA:112,5
DA:121,5
DA:134,0
DA:140,0
DA:153,0
DA:154,0
DA:156,0
DA:158,0
DA:159,0
DA:165,111
LF:19
LH:5
BRDA:51,0,0,47
BRDA:54,1,0,0
BRDA:54,1,1,0
BRDA:54,1,2,0
BRDA:54,1,3,0
BRDA:54,1,4,0
BRDA:54,1,5,0
BRDA:54,1,6,3
BRDA:54,1,7,4
BRDA:54,1,8,5
BRDA:54,1,9,5
BRDA:54,1,10,5
BRDA:54,1,11,5
BRDA:54,1,12,5
BRDA:54,1,13,3
BRDA:54,1,14,4
BRDA:54,1,15,5
BRDA:54,1,16,5
BRDA:54,1,17,0
BRDA:54,1,18,0
BRDA:54,1,19,0
BRDA:54,1,20,0
BRDA:54,1,21,0
BRDA:54,1,22,0
BRDA:54,1,23,0
BRDA:54,1,24,0
BRDA:54,1,25,0
BRDA:54,1,26,111
BRDA:59,2,0,0
BRDA:59,2,1,0
BRDA:153,3,0,0
BRDA:153,3,1,0
BRF:32
BRH:13
end_of_record
TN:
SF:/Users/sarahschneider/Documents/_Sarah/projects/code/_seiu503/member-app-2019/client/src/store/reducers/index.js
FNF:0
FNH:0
DA:8,15
LF:1
LH:1
BRF:0
BRH:0
end_of_record
TN:
SF:/Users/sarahschneider/Documents/_Sarah/projects/code/_seiu503/member-app-2019/client/src/store/reducers/profile.js
FN:24,profile
FNF:1
FNH:1
FNDA:122,profile
DA:13,15
DA:27,122
DA:29,0
DA:33,6
DA:40,1
DA:53,0
DA:54,0
DA:55,0
DA:56,0
DA:58,0
DA:60,0
DA:61,0
DA:67,115
LF:13
LH:5
BRDA:24,0,0,57
BRDA:27,1,0,0
BRDA:27,1,1,1
BRDA:27,1,2,6
BRDA:27,1,3,1
BRDA:27,1,4,1
BRDA:27,1,5,0
BRDA:27,1,6,0
BRDA:27,1,7,115
BRDA:55,2,0,0
BRDA:55,2,1,0
BRF:11
BRH:6
end_of_record
TN:
SF:/Users/sarahschneider/Documents/_Sarah/projects/code/_seiu503/member-app-2019/client/src/store/reducers/submission.js
FN:18,Submission
FNF:1
FNH:1
FNDA:139,Submission
DA:11,16
DA:21,139
DA:23,0
DA:29,0
DA:52,0
DA:53,0
DA:55,0
DA:57,0
DA:58,0
DA:64,0
DA:87,139
LF:11
LH:3
BRDA:18,0,0,62
BRDA:21,1,0,0
BRDA:21,1,1,0
BRDA:21,1,2,0
BRDA:21,1,3,0
BRDA:21,1,4,139
BRDA:52,2,0,0
BRDA:52,2,1,0
BRF:8
BRH:2
end_of_record
TN:
SF:/Users/sarahschneider/Documents/_Sarah/projects/code/_seiu503/member-app-2019/client/src/styles/theme.js
FNF:0
FNH:0
DA:4,1
LF:1
LH:1
BRF:0
BRH:0
end_of_record
TN:
SF:/Users/sarahschneider/Documents/_Sarah/projects/code/_seiu503/member-app-2019/client/src/utils/index.js
FN:3,(anonymous_0)
FN:8,(anonymous_1)
FN:9,(anonymous_2)
FN:30,(anonymous_3)
FNF:4
FNH:1
FNDA:0,(anonymous_0)
FNDA:0,(anonymous_1)
FNDA:0,(anonymous_2)
FNDA:2,(anonymous_3)
DA:1,6
DA:3,6
DA:4,0
DA:8,6
DA:9,0
DA:10,0
DA:12,0
DA:15,0
DA:16,0
DA:20,0
DA:23,6
DA:30,6
DA:31,2
DA:32,2
DA:33,2
LF:15
LH:8
BRF:0
BRH:0
end_of_record
TN:
SF:/Users/sarahschneider/Documents/_Sarah/projects/code/_seiu503/member-app-2019/client/src/utils/testUtils.js
FN:14,(anonymous_0)
FN:27,(anonymous_1)
FN:31,(anonymous_2)
FNF:3
FNH:2
FNDA:14,(anonymous_0)
FNDA:60,(anonymous_1)
FNDA:0,(anonymous_2)
DA:14,15
DA:15,14
DA:18,14
DA:27,15
DA:28,60
DA:31,15
DA:32,0
DA:38,0
LF:8
LH:6
BRF:0
BRH:0
end_of_record
TN:
SF:/Users/sarahschneider/Documents/_Sarah/projects/code/_seiu503/member-app-2019/client/src/utils/validators.js
FN:1,(anonymous_0)
FN:20,(anonymous_1)
FNF:2
FNH:2
FNDA:14,(anonymous_0)
FNDA:210,(anonymous_1)
DA:1,3
DA:2,14
DA:3,14
DA:20,14
DA:21,210
DA:22,130
DA:25,14
DA:29,1
DA:31,14
DA:37,1
DA:39,14
DA:40,1
DA:42,14
LF:13
LH:13
BRDA:21,0,0,130
BRDA:21,0,1,80
BRDA:25,1,0,1
BRDA:25,1,1,13
BRDA:26,2,0,14
BRDA:26,2,1,5
BRDA:31,3,0,1
BRDA:31,3,1,13
BRDA:32,4,0,14
BRDA:32,4,1,5
BRDA:39,5,0,1
BRDA:39,5,1,13
BRDA:39,6,0,14
BRDA:39,6,1,5
BRF:14
BRH:14
end_of_record
