{"/Users/JordanHeffernan/projects/work/member-app-2019/app/config/knex.js":{"path":"/Users/JordanHeffernan/projects/work/member-app-2019/app/config/knex.js","statementMap":{"0":{"start":{"line":5,"column":13},"end":{"line":5,"column":28}},"1":{"start":{"line":6,"column":20},"end":{"line":6,"column":57}},"2":{"start":{"line":7,"column":15},"end":{"line":7,"column":40}},"3":{"start":{"line":9,"column":0},"end":{"line":9,"column":39}},"4":{"start":{"line":18,"column":0},"end":{"line":24,"column":2}}},"fnMap":{},"branchMap":{"0":{"loc":{"start":{"line":6,"column":20},"end":{"line":6,"column":57}},"type":"binary-expr","locations":[{"start":{"line":6,"column":20},"end":{"line":6,"column":40}},{"start":{"line":6,"column":44},"end":{"line":6,"column":57}}],"line":6}},"s":{"0":1,"1":1,"2":1,"3":1,"4":1},"f":{},"b":{"0":[1,0]},"_coverageSchema":"43e27e138ebf9cfc5966b082cf9a028302ed4184","hash":"afdc00fd594621ecc3c64fa3a78f6bacc1a1ec66","contentHash":"70ca09ca3da81948e73233dbd60337f8664ebd172ed9026f90dd1bee33fec729"},"/Users/JordanHeffernan/projects/work/member-app-2019/knexfile.js":{"path":"/Users/JordanHeffernan/projects/work/member-app-2019/knexfile.js","statementMap":{"0":{"start":{"line":1,"column":0},"end":{"line":1,"column":27}},"1":{"start":{"line":3,"column":0},"end":{"line":44,"column":2}}},"fnMap":{},"branchMap":{},"s":{"0":1,"1":1},"f":{},"b":{},"_coverageSchema":"43e27e138ebf9cfc5966b082cf9a028302ed4184","hash":"5b82681ed76fef049d350c37710314e9debf5dee","contentHash":"7d8ea57ef911742fb621e57266ac06c348677952806628f4cbe58d2c1061c97b"},"/Users/JordanHeffernan/projects/work/member-app-2019/db/models/contacts.js":{"path":"/Users/JordanHeffernan/projects/work/member-app-2019/db/models/contacts.js","statementMap":{"0":{"start":{"line":5,"column":13},"end":{"line":5,"column":28}},"1":{"start":{"line":6,"column":23},"end":{"line":6,"column":55}},"2":{"start":{"line":55,"column":22},"end":{"line":139,"column":1}},"3":{"start":{"line":95,"column":2},"end":{"line":138,"column":20}},"4":{"start":{"line":146,"column":22},"end":{"line":153,"column":1}},"5":{"start":{"line":147,"column":2},"end":{"line":152,"column":20}},"6":{"start":{"line":159,"column":20},"end":{"line":161,"column":1}},"7":{"start":{"line":160,"column":2},"end":{"line":160,"column":44}},"8":{"start":{"line":168,"column":23},"end":{"line":173,"column":1}},"9":{"start":{"line":169,"column":2},"end":{"line":172,"column":20}},"10":{"start":{"line":180,"column":22},"end":{"line":188,"column":1}},"11":{"start":{"line":181,"column":2},"end":{"line":187,"column":7}},"12":{"start":{"line":186,"column":6},"end":{"line":186,"column":57}},"13":{"start":{"line":196,"column":32},"end":{"line":201,"column":1}},"14":{"start":{"line":197,"column":2},"end":{"line":200,"column":20}},"15":{"start":{"line":208,"column":34},"end":{"line":235,"column":1}},"16":{"start":{"line":209,"column":2},"end":{"line":234,"column":7}},"17":{"start":{"line":224,"column":6},"end":{"line":233,"column":13}},"18":{"start":{"line":225,"column":8},"end":{"line":227,"column":9}},"19":{"start":{"line":226,"column":10},"end":{"line":226,"column":50}},"20":{"start":{"line":228,"column":8},"end":{"line":230,"column":9}},"21":{"start":{"line":229,"column":10},"end":{"line":229,"column":32}},"22":{"start":{"line":231,"column":8},"end":{"line":231,"column":56}},"23":{"start":{"line":232,"column":8},"end":{"line":232,"column":20}},"24":{"start":{"line":239,"column":0},"end":{"line":247,"column":2}}},"fnMap":{"0":{"name":"(anonymous_0)","decl":{"start":{"line":55,"column":22},"end":{"line":55,"column":23}},"loc":{"start":{"line":94,"column":5},"end":{"line":139,"column":1}},"line":94},"1":{"name":"(anonymous_1)","decl":{"start":{"line":146,"column":22},"end":{"line":146,"column":23}},"loc":{"start":{"line":146,"column":47},"end":{"line":153,"column":1}},"line":146},"2":{"name":"(anonymous_2)","decl":{"start":{"line":159,"column":20},"end":{"line":159,"column":21}},"loc":{"start":{"line":159,"column":26},"end":{"line":161,"column":1}},"line":159},"3":{"name":"(anonymous_3)","decl":{"start":{"line":168,"column":23},"end":{"line":168,"column":24}},"loc":{"start":{"line":168,"column":37},"end":{"line":173,"column":1}},"line":168},"4":{"name":"(anonymous_4)","decl":{"start":{"line":180,"column":22},"end":{"line":180,"column":23}},"loc":{"start":{"line":180,"column":36},"end":{"line":188,"column":1}},"line":180},"5":{"name":"(anonymous_5)","decl":{"start":{"line":184,"column":10},"end":{"line":184,"column":11}},"loc":{"start":{"line":184,"column":16},"end":{"line":187,"column":5}},"line":184},"6":{"name":"(anonymous_6)","decl":{"start":{"line":196,"column":32},"end":{"line":196,"column":33}},"loc":{"start":{"line":196,"column":63},"end":{"line":201,"column":1}},"line":196},"7":{"name":"(anonymous_7)","decl":{"start":{"line":208,"column":34},"end":{"line":208,"column":35}},"loc":{"start":{"line":208,"column":40},"end":{"line":235,"column":1}},"line":208},"8":{"name":"(anonymous_8)","decl":{"start":{"line":223,"column":10},"end":{"line":223,"column":11}},"loc":{"start":{"line":223,"column":21},"end":{"line":234,"column":5}},"line":223},"9":{"name":"(anonymous_9)","decl":{"start":{"line":224,"column":28},"end":{"line":224,"column":29}},"loc":{"start":{"line":224,"column":50},"end":{"line":233,"column":7}},"line":224}},"branchMap":{"0":{"loc":{"start":{"line":225,"column":8},"end":{"line":227,"column":9}},"type":"if","locations":[{"start":{"line":225,"column":8},"end":{"line":227,"column":9}},{"start":{"line":225,"column":8},"end":{"line":227,"column":9}}],"line":225},"1":{"loc":{"start":{"line":228,"column":8},"end":{"line":230,"column":9}},"type":"if","locations":[{"start":{"line":228,"column":8},"end":{"line":230,"column":9}},{"start":{"line":228,"column":8},"end":{"line":230,"column":9}}],"line":228}},"s":{"0":1,"1":1,"2":1,"3":4,"4":1,"5":3,"6":1,"7":2,"8":1,"9":4,"10":1,"11":3,"12":2,"13":1,"14":2,"15":1,"16":2,"17":2,"18":2,"19":2,"20":2,"21":2,"22":2,"23":2,"24":1},"f":{"0":4,"1":3,"2":2,"3":4,"4":3,"5":2,"6":2,"7":2,"8":2,"9":2},"b":{"0":[2,0],"1":[2,0]},"_coverageSchema":"43e27e138ebf9cfc5966b082cf9a028302ed4184","hash":"44dcf4bc8906205ac100502bb923cd9d815a108c","contentHash":"09d8cf6bd00d1e93bc383834b3fd6815fc281cfd779fbbe926b342abd6bd56f6"},"/Users/JordanHeffernan/projects/work/member-app-2019/db/models/users.js":{"path":"/Users/JordanHeffernan/projects/work/member-app-2019/db/models/users.js","statementMap":{"0":{"start":{"line":5,"column":13},"end":{"line":5,"column":28}},"1":{"start":{"line":6,"column":23},"end":{"line":6,"column":55}},"2":{"start":{"line":18,"column":19},"end":{"line":23,"column":1}},"3":{"start":{"line":19,"column":2},"end":{"line":22,"column":20}},"4":{"start":{"line":33,"column":19},"end":{"line":40,"column":1}},"5":{"start":{"line":34,"column":2},"end":{"line":39,"column":20}},"6":{"start":{"line":46,"column":17},"end":{"line":48,"column":1}},"7":{"start":{"line":47,"column":2},"end":{"line":47,"column":41}},"8":{"start":{"line":55,"column":20},"end":{"line":60,"column":1}},"9":{"start":{"line":56,"column":2},"end":{"line":59,"column":20}},"10":{"start":{"line":67,"column":26},"end":{"line":72,"column":1}},"11":{"start":{"line":68,"column":2},"end":{"line":71,"column":20}},"12":{"start":{"line":79,"column":19},"end":{"line":87,"column":1}},"13":{"start":{"line":80,"column":2},"end":{"line":86,"column":7}},"14":{"start":{"line":85,"column":6},"end":{"line":85,"column":54}},"15":{"start":{"line":91,"column":0},"end":{"line":98,"column":2}}},"fnMap":{"0":{"name":"(anonymous_0)","decl":{"start":{"line":18,"column":19},"end":{"line":18,"column":20}},"loc":{"start":{"line":18,"column":73},"end":{"line":23,"column":1}},"line":18},"1":{"name":"(anonymous_1)","decl":{"start":{"line":33,"column":19},"end":{"line":33,"column":20}},"loc":{"start":{"line":33,"column":36},"end":{"line":40,"column":1}},"line":33},"2":{"name":"(anonymous_2)","decl":{"start":{"line":46,"column":17},"end":{"line":46,"column":18}},"loc":{"start":{"line":46,"column":23},"end":{"line":48,"column":1}},"line":46},"3":{"name":"(anonymous_3)","decl":{"start":{"line":55,"column":20},"end":{"line":55,"column":21}},"loc":{"start":{"line":55,"column":26},"end":{"line":60,"column":1}},"line":55},"4":{"name":"(anonymous_4)","decl":{"start":{"line":67,"column":26},"end":{"line":67,"column":27}},"loc":{"start":{"line":67,"column":39},"end":{"line":72,"column":1}},"line":67},"5":{"name":"(anonymous_5)","decl":{"start":{"line":79,"column":19},"end":{"line":79,"column":20}},"loc":{"start":{"line":79,"column":25},"end":{"line":87,"column":1}},"line":79},"6":{"name":"(anonymous_6)","decl":{"start":{"line":83,"column":10},"end":{"line":83,"column":11}},"loc":{"start":{"line":83,"column":16},"end":{"line":86,"column":5}},"line":83}},"branchMap":{},"s":{"0":1,"1":1,"2":1,"3":16,"4":1,"5":3,"6":1,"7":1,"8":1,"9":3,"10":1,"11":0,"12":1,"13":3,"14":2,"15":1},"f":{"0":16,"1":3,"2":1,"3":3,"4":0,"5":3,"6":2},"b":{},"_coverageSchema":"43e27e138ebf9cfc5966b082cf9a028302ed4184","hash":"44b74576a3d64eccd3226e7834f087f4093139d5","contentHash":"ef9f7bf8be19fbf586c1c2a70d7c55191fb83cd14c7949d072f092e97f2cf9db"},"/Users/JordanHeffernan/projects/work/member-app-2019/app/utils/index.js":{"path":"/Users/JordanHeffernan/projects/work/member-app-2019/app/utils/index.js","statementMap":{"0":{"start":{"line":3,"column":12},"end":{"line":3,"column":35}},"1":{"start":{"line":6,"column":19},"end":{"line":8,"column":1}},"2":{"start":{"line":7,"column":2},"end":{"line":7,"column":39}},"3":{"start":{"line":11,"column":19},"end":{"line":20,"column":1}},"4":{"start":{"line":12,"column":13},"end":{"line":12,"column":15}},"5":{"start":{"line":14,"column":4},"end":{"line":14,"column":68}},"6":{"start":{"line":16,"column":2},"end":{"line":17,"column":73}},"7":{"start":{"line":16,"column":15},"end":{"line":16,"column":16}},"8":{"start":{"line":17,"column":4},"end":{"line":17,"column":73}},"9":{"start":{"line":19,"column":2},"end":{"line":19,"column":14}},"10":{"start":{"line":23,"column":20},"end":{"line":25,"column":1}},"11":{"start":{"line":24,"column":2},"end":{"line":24,"column":48}},"12":{"start":{"line":28,"column":20},"end":{"line":34,"column":1}},"13":{"start":{"line":29,"column":22},"end":{"line":31,"column":3}},"14":{"start":{"line":33,"column":2},"end":{"line":33,"column":21}},"15":{"start":{"line":37,"column":0},"end":{"line":41,"column":2}},"16":{"start":{"line":38,"column":2},"end":{"line":40,"column":5}},"17":{"start":{"line":43,"column":0},"end":{"line":49,"column":2}}},"fnMap":{"0":{"name":"(anonymous_0)","decl":{"start":{"line":6,"column":19},"end":{"line":6,"column":20}},"loc":{"start":{"line":6,"column":43},"end":{"line":8,"column":1}},"line":6},"1":{"name":"(anonymous_1)","decl":{"start":{"line":11,"column":19},"end":{"line":11,"column":20}},"loc":{"start":{"line":11,"column":25},"end":{"line":20,"column":1}},"line":11},"2":{"name":"(anonymous_2)","decl":{"start":{"line":23,"column":20},"end":{"line":23,"column":21}},"loc":{"start":{"line":23,"column":34},"end":{"line":25,"column":1}},"line":23},"3":{"name":"(anonymous_3)","decl":{"start":{"line":28,"column":20},"end":{"line":28,"column":21}},"loc":{"start":{"line":28,"column":27},"end":{"line":34,"column":1}},"line":28},"4":{"name":"(anonymous_4)","decl":{"start":{"line":37,"column":16},"end":{"line":37,"column":17}},"loc":{"start":{"line":37,"column":24},"end":{"line":41,"column":1}},"line":37}},"branchMap":{},"s":{"0":1,"1":1,"2":0,"3":1,"4":18,"5":18,"6":18,"7":18,"8":90,"9":18,"10":1,"11":0,"12":1,"13":0,"14":0,"15":1,"16":0,"17":1},"f":{"0":0,"1":18,"2":0,"3":0,"4":0},"b":{},"_coverageSchema":"43e27e138ebf9cfc5966b082cf9a028302ed4184","hash":"cedf93f5b52bc2afd14c1e6ef1944e727686255c","contentHash":"f5b53231a3785eac6fcf9baac0fa55bb1b54ffb82600866cfd083cf8c6b51ce2"},"/Users/JordanHeffernan/projects/work/member-app-2019/db/models/content.js":{"path":"/Users/JordanHeffernan/projects/work/member-app-2019/db/models/content.js","statementMap":{"0":{"start":{"line":5,"column":13},"end":{"line":5,"column":28}},"1":{"start":{"line":6,"column":23},"end":{"line":6,"column":55}},"2":{"start":{"line":16,"column":19},"end":{"line":21,"column":1}},"3":{"start":{"line":17,"column":2},"end":{"line":20,"column":20}},"4":{"start":{"line":28,"column":22},"end":{"line":35,"column":1}},"5":{"start":{"line":29,"column":2},"end":{"line":34,"column":20}},"6":{"start":{"line":41,"column":19},"end":{"line":45,"column":1}},"7":{"start":{"line":42,"column":2},"end":{"line":44,"column":20}},"8":{"start":{"line":51,"column":25},"end":{"line":56,"column":1}},"9":{"start":{"line":52,"column":2},"end":{"line":55,"column":20}},"10":{"start":{"line":63,"column":23},"end":{"line":68,"column":1}},"11":{"start":{"line":64,"column":2},"end":{"line":67,"column":20}},"12":{"start":{"line":75,"column":22},"end":{"line":83,"column":1}},"13":{"start":{"line":76,"column":2},"end":{"line":82,"column":7}},"14":{"start":{"line":81,"column":6},"end":{"line":81,"column":57}},"15":{"start":{"line":87,"column":0},"end":{"line":94,"column":2}}},"fnMap":{"0":{"name":"(anonymous_0)","decl":{"start":{"line":16,"column":19},"end":{"line":16,"column":20}},"loc":{"start":{"line":16,"column":46},"end":{"line":21,"column":1}},"line":16},"1":{"name":"(anonymous_1)","decl":{"start":{"line":28,"column":22},"end":{"line":28,"column":23}},"loc":{"start":{"line":28,"column":39},"end":{"line":35,"column":1}},"line":28},"2":{"name":"(anonymous_2)","decl":{"start":{"line":41,"column":19},"end":{"line":41,"column":20}},"loc":{"start":{"line":41,"column":25},"end":{"line":45,"column":1}},"line":41},"3":{"name":"(anonymous_3)","decl":{"start":{"line":51,"column":25},"end":{"line":51,"column":26}},"loc":{"start":{"line":51,"column":41},"end":{"line":56,"column":1}},"line":51},"4":{"name":"(anonymous_4)","decl":{"start":{"line":63,"column":23},"end":{"line":63,"column":24}},"loc":{"start":{"line":63,"column":29},"end":{"line":68,"column":1}},"line":63},"5":{"name":"(anonymous_5)","decl":{"start":{"line":75,"column":22},"end":{"line":75,"column":23}},"loc":{"start":{"line":75,"column":28},"end":{"line":83,"column":1}},"line":75},"6":{"name":"(anonymous_6)","decl":{"start":{"line":79,"column":10},"end":{"line":79,"column":11}},"loc":{"start":{"line":79,"column":16},"end":{"line":82,"column":5}},"line":79}},"branchMap":{},"s":{"0":1,"1":1,"2":1,"3":13,"4":1,"5":3,"6":1,"7":1,"8":1,"9":1,"10":1,"11":3,"12":1,"13":3,"14":2,"15":1},"f":{"0":13,"1":3,"2":1,"3":1,"4":3,"5":3,"6":2},"b":{},"_coverageSchema":"43e27e138ebf9cfc5966b082cf9a028302ed4184","hash":"852e6fdfd13ae68ffab9abde4e2b2aef0c1ebdc5","contentHash":"4da4cbae72724de7790d80a02203d34f6689bceed88ba8cfbb36c26081389fc4"},"/Users/JordanHeffernan/projects/work/member-app-2019/db/models/submissions.js":{"path":"/Users/JordanHeffernan/projects/work/member-app-2019/db/models/submissions.js","statementMap":{"0":{"start":{"line":5,"column":13},"end":{"line":5,"column":28}},"1":{"start":{"line":6,"column":23},"end":{"line":6,"column":55}},"2":{"start":{"line":39,"column":25},"end":{"line":97,"column":1}},"3":{"start":{"line":66,"column":2},"end":{"line":96,"column":20}},"4":{"start":{"line":104,"column":25},"end":{"line":111,"column":1}},"5":{"start":{"line":105,"column":2},"end":{"line":110,"column":20}},"6":{"start":{"line":117,"column":23},"end":{"line":119,"column":1}},"7":{"start":{"line":118,"column":2},"end":{"line":118,"column":47}},"8":{"start":{"line":126,"column":26},"end":{"line":131,"column":1}},"9":{"start":{"line":127,"column":2},"end":{"line":130,"column":20}},"10":{"start":{"line":138,"column":34},"end":{"line":143,"column":1}},"11":{"start":{"line":139,"column":2},"end":{"line":142,"column":20}},"12":{"start":{"line":150,"column":25},"end":{"line":158,"column":1}},"13":{"start":{"line":151,"column":2},"end":{"line":157,"column":7}},"14":{"start":{"line":156,"column":6},"end":{"line":156,"column":60}},"15":{"start":{"line":162,"column":0},"end":{"line":169,"column":2}}},"fnMap":{"0":{"name":"(anonymous_0)","decl":{"start":{"line":39,"column":25},"end":{"line":39,"column":26}},"loc":{"start":{"line":65,"column":5},"end":{"line":97,"column":1}},"line":65},"1":{"name":"(anonymous_1)","decl":{"start":{"line":104,"column":25},"end":{"line":104,"column":26}},"loc":{"start":{"line":104,"column":53},"end":{"line":111,"column":1}},"line":104},"2":{"name":"(anonymous_2)","decl":{"start":{"line":117,"column":23},"end":{"line":117,"column":24}},"loc":{"start":{"line":117,"column":29},"end":{"line":119,"column":1}},"line":117},"3":{"name":"(anonymous_3)","decl":{"start":{"line":126,"column":26},"end":{"line":126,"column":27}},"loc":{"start":{"line":126,"column":43},"end":{"line":131,"column":1}},"line":126},"4":{"name":"(anonymous_4)","decl":{"start":{"line":138,"column":34},"end":{"line":138,"column":35}},"loc":{"start":{"line":138,"column":48},"end":{"line":143,"column":1}},"line":138},"5":{"name":"(anonymous_5)","decl":{"start":{"line":150,"column":25},"end":{"line":150,"column":26}},"loc":{"start":{"line":150,"column":42},"end":{"line":158,"column":1}},"line":150},"6":{"name":"(anonymous_6)","decl":{"start":{"line":154,"column":10},"end":{"line":154,"column":11}},"loc":{"start":{"line":154,"column":16},"end":{"line":157,"column":5}},"line":154}},"branchMap":{},"s":{"0":1,"1":1,"2":1,"3":2,"4":1,"5":3,"6":1,"7":2,"8":1,"9":4,"10":1,"11":0,"12":1,"13":3,"14":2,"15":1},"f":{"0":2,"1":3,"2":2,"3":4,"4":0,"5":3,"6":2},"b":{},"_coverageSchema":"43e27e138ebf9cfc5966b082cf9a028302ed4184","hash":"e742602ade0231bdba5e42a179d11091a40263b5","contentHash":"3e2bbaf68e177e492e2fdbc9c95ceb21aebd0f92b37256f126a1021d8cc7bca6"},"/Users/JordanHeffernan/projects/work/member-app-2019/server.js":{"path":"/Users/JordanHeffernan/projects/work/member-app-2019/server.js","statementMap":{"0":{"start":{"line":4,"column":16},"end":{"line":4,"column":34}},"1":{"start":{"line":5,"column":12},"end":{"line":5,"column":21}},"2":{"start":{"line":6,"column":19},"end":{"line":6,"column":42}},"3":{"start":{"line":7,"column":0},"end":{"line":7,"column":20}},"4":{"start":{"line":8,"column":16},"end":{"line":8,"column":40}},"5":{"start":{"line":9,"column":15},"end":{"line":9,"column":41}},"6":{"start":{"line":10,"column":13},"end":{"line":10,"column":28}},"7":{"start":{"line":14,"column":16},"end":{"line":14,"column":42}},"8":{"start":{"line":15,"column":17},"end":{"line":15,"column":36}},"9":{"start":{"line":16,"column":0},"end":{"line":16,"column":43}},"10":{"start":{"line":17,"column":13},"end":{"line":17,"column":41}},"11":{"start":{"line":19,"column":0},"end":{"line":19,"column":31}},"12":{"start":{"line":20,"column":0},"end":{"line":20,"column":28}},"13":{"start":{"line":22,"column":0},"end":{"line":22,"column":44}},"14":{"start":{"line":23,"column":0},"end":{"line":23,"column":48}},"15":{"start":{"line":27,"column":11},"end":{"line":27,"column":24}},"16":{"start":{"line":28,"column":17},"end":{"line":28,"column":43}},"17":{"start":{"line":29,"column":15},"end":{"line":29,"column":42}},"18":{"start":{"line":30,"column":0},"end":{"line":42,"column":3}},"19":{"start":{"line":31,"column":2},"end":{"line":33,"column":3}},"20":{"start":{"line":32,"column":4},"end":{"line":32,"column":63}},"21":{"start":{"line":34,"column":2},"end":{"line":41,"column":5}},"22":{"start":{"line":35,"column":4},"end":{"line":37,"column":5}},"23":{"start":{"line":36,"column":6},"end":{"line":36,"column":55}},"24":{"start":{"line":38,"column":4},"end":{"line":38,"column":40}},"25":{"start":{"line":40,"column":4},"end":{"line":40,"column":17}},"26":{"start":{"line":50,"column":18},"end":{"line":50,"column":51}},"27":{"start":{"line":51,"column":21},"end":{"line":51,"column":57}},"28":{"start":{"line":54,"column":0},"end":{"line":56,"column":1}},"29":{"start":{"line":55,"column":2},"end":{"line":55,"column":66}},"30":{"start":{"line":60,"column":0},"end":{"line":60,"column":27}},"31":{"start":{"line":61,"column":0},"end":{"line":61,"column":27}},"32":{"start":{"line":63,"column":0},"end":{"line":66,"column":3}},"33":{"start":{"line":64,"column":2},"end":{"line":64,"column":44}},"34":{"start":{"line":65,"column":2},"end":{"line":65,"column":77}},"35":{"start":{"line":69,"column":11},"end":{"line":69,"column":35}},"36":{"start":{"line":70,"column":0},"end":{"line":74,"column":1}},"37":{"start":{"line":71,"column":2},"end":{"line":73,"column":5}},"38":{"start":{"line":72,"column":4},"end":{"line":72,"column":61}},"39":{"start":{"line":76,"column":0},"end":{"line":76,"column":21}}},"fnMap":{"0":{"name":"(anonymous_0)","decl":{"start":{"line":30,"column":15},"end":{"line":30,"column":16}},"loc":{"start":{"line":30,"column":22},"end":{"line":42,"column":1}},"line":30},"1":{"name":"(anonymous_1)","decl":{"start":{"line":34,"column":44},"end":{"line":34,"column":45}},"loc":{"start":{"line":34,"column":66},"end":{"line":41,"column":3}},"line":34},"2":{"name":"(anonymous_2)","decl":{"start":{"line":63,"column":13},"end":{"line":63,"column":14}},"loc":{"start":{"line":63,"column":27},"end":{"line":66,"column":1}},"line":63},"3":{"name":"(anonymous_3)","decl":{"start":{"line":71,"column":19},"end":{"line":71,"column":20}},"loc":{"start":{"line":71,"column":30},"end":{"line":73,"column":3}},"line":71}},"branchMap":{"0":{"loc":{"start":{"line":31,"column":2},"end":{"line":33,"column":3}},"type":"if","locations":[{"start":{"line":31,"column":2},"end":{"line":33,"column":3}},{"start":{"line":31,"column":2},"end":{"line":33,"column":3}}],"line":31},"1":{"loc":{"start":{"line":35,"column":4},"end":{"line":37,"column":5}},"type":"if","locations":[{"start":{"line":35,"column":4},"end":{"line":37,"column":5}},{"start":{"line":35,"column":4},"end":{"line":37,"column":5}}],"line":35},"2":{"loc":{"start":{"line":54,"column":0},"end":{"line":56,"column":1}},"type":"if","locations":[{"start":{"line":54,"column":0},"end":{"line":56,"column":1}},{"start":{"line":54,"column":0},"end":{"line":56,"column":1}}],"line":54},"3":{"loc":{"start":{"line":69,"column":11},"end":{"line":69,"column":35}},"type":"binary-expr","locations":[{"start":{"line":69,"column":11},"end":{"line":69,"column":27}},{"start":{"line":69,"column":31},"end":{"line":69,"column":35}}],"line":69},"4":{"loc":{"start":{"line":70,"column":0},"end":{"line":74,"column":1}},"type":"if","locations":[{"start":{"line":70,"column":0},"end":{"line":74,"column":1}},{"start":{"line":70,"column":0},"end":{"line":74,"column":1}}],"line":70}},"s":{"0":1,"1":1,"2":1,"3":1,"4":1,"5":1,"6":1,"7":1,"8":1,"9":1,"10":1,"11":1,"12":1,"13":1,"14":1,"15":1,"16":1,"17":1,"18":1,"19":1,"20":0,"21":1,"22":1,"23":0,"24":1,"25":1,"26":1,"27":1,"28":1,"29":0,"30":1,"31":1,"32":1,"33":0,"34":0,"35":1,"36":1,"37":0,"38":0,"39":1},"f":{"0":1,"1":1,"2":0,"3":0},"b":{"0":[0,1],"1":[0,1],"2":[0,1],"3":[1,1],"4":[0,1]},"_coverageSchema":"43e27e138ebf9cfc5966b082cf9a028302ed4184","hash":"64c9d55272652c4b80414910b84072e6f4300cf4","contentHash":"de35e94f4da2c42a3de723782ac9293e34ebda17d90ff876bb4af00c8c0f52f5"},"/Users/JordanHeffernan/projects/work/member-app-2019/middleware.js":{"path":"/Users/JordanHeffernan/projects/work/member-app-2019/middleware.js","statementMap":{"0":{"start":{"line":1,"column":15},"end":{"line":1,"column":32}},"1":{"start":{"line":2,"column":13},"end":{"line":2,"column":28}},"2":{"start":{"line":3,"column":16},"end":{"line":3,"column":34}},"3":{"start":{"line":4,"column":19},"end":{"line":4,"column":41}},"4":{"start":{"line":6,"column":19},"end":{"line":11,"column":1}},"5":{"start":{"line":13,"column":0},"end":{"line":13,"column":28}}},"fnMap":{},"branchMap":{},"s":{"0":1,"1":1,"2":1,"3":1,"4":1,"5":1},"f":{},"b":{},"_coverageSchema":"43e27e138ebf9cfc5966b082cf9a028302ed4184","hash":"9c999bb769ed22b0cae7417916e58d5bd6c6c3ba","contentHash":"c60a2961d7a4327573d76bda441872befbc23211513a269302707f6f9aa634fc"},"/Users/JordanHeffernan/projects/work/member-app-2019/app/config/passport.js":{"path":"/Users/JordanHeffernan/projects/work/member-app-2019/app/config/passport.js","statementMap":{"0":{"start":{"line":2,"column":17},"end":{"line":2,"column":36}},"1":{"start":{"line":3,"column":9},"end":{"line":3,"column":41}},"2":{"start":{"line":4,"column":9},"end":{"line":4,"column":34}},"3":{"start":{"line":5,"column":16},"end":{"line":5,"column":48}},"4":{"start":{"line":6,"column":15},"end":{"line":6,"column":49}},"5":{"start":{"line":7,"column":19},"end":{"line":7,"column":61}},"6":{"start":{"line":9,"column":0},"end":{"line":102,"column":2}},"7":{"start":{"line":11,"column":21},"end":{"line":17,"column":3}},"8":{"start":{"line":20,"column":2},"end":{"line":32,"column":4}},"9":{"start":{"line":23,"column":17},"end":{"line":23,"column":27}},"10":{"start":{"line":24,"column":6},"end":{"line":30,"column":11}},"11":{"start":{"line":26,"column":10},"end":{"line":26,"column":27}},"12":{"start":{"line":29,"column":10},"end":{"line":29,"column":26}},"13":{"start":{"line":40,"column":27},"end":{"line":53,"column":3}},"14":{"start":{"line":41,"column":22},"end":{"line":41,"column":32}},"15":{"start":{"line":42,"column":4},"end":{"line":52,"column":9}},"16":{"start":{"line":44,"column":8},"end":{"line":48,"column":9}},"17":{"start":{"line":45,"column":10},"end":{"line":45,"column":51}},"18":{"start":{"line":47,"column":10},"end":{"line":47,"column":34}},"19":{"start":{"line":51,"column":8},"end":{"line":51,"column":24}},"20":{"start":{"line":56,"column":22},"end":{"line":72,"column":3}},"21":{"start":{"line":57,"column":22},"end":{"line":57,"column":32}},"22":{"start":{"line":58,"column":25},"end":{"line":58,"column":30}},"23":{"start":{"line":59,"column":18},"end":{"line":59,"column":63}},"24":{"start":{"line":60,"column":17},"end":{"line":60,"column":71}},"25":{"start":{"line":61,"column":23},"end":{"line":61,"column":38}},"26":{"start":{"line":64,"column":4},"end":{"line":71,"column":9}},"27":{"start":{"line":66,"column":8},"end":{"line":66,"column":32}},"28":{"start":{"line":69,"column":8},"end":{"line":69,"column":25}},"29":{"start":{"line":70,"column":8},"end":{"line":70,"column":31}},"30":{"start":{"line":75,"column":24},"end":{"line":81,"column":3}},"31":{"start":{"line":84,"column":2},"end":{"line":101,"column":4}},"32":{"start":{"line":89,"column":8},"end":{"line":89,"column":74}},"33":{"start":{"line":90,"column":8},"end":{"line":98,"column":11}},"34":{"start":{"line":92,"column":10},"end":{"line":97,"column":11}},"35":{"start":{"line":93,"column":12},"end":{"line":93,"column":51}},"36":{"start":{"line":96,"column":12},"end":{"line":96,"column":40}}},"fnMap":{"0":{"name":"(anonymous_0)","decl":{"start":{"line":9,"column":17},"end":{"line":9,"column":18}},"loc":{"start":{"line":9,"column":29},"end":{"line":102,"column":1}},"line":9},"1":{"name":"(anonymous_1)","decl":{"start":{"line":22,"column":32},"end":{"line":22,"column":33}},"loc":{"start":{"line":22,"column":56},"end":{"line":31,"column":5}},"line":22},"2":{"name":"(anonymous_2)","decl":{"start":{"line":25,"column":14},"end":{"line":25,"column":15}},"loc":{"start":{"line":25,"column":22},"end":{"line":27,"column":9}},"line":25},"3":{"name":"(anonymous_3)","decl":{"start":{"line":28,"column":15},"end":{"line":28,"column":16}},"loc":{"start":{"line":28,"column":22},"end":{"line":30,"column":9}},"line":28},"4":{"name":"(anonymous_4)","decl":{"start":{"line":40,"column":27},"end":{"line":40,"column":28}},"loc":{"start":{"line":40,"column":53},"end":{"line":53,"column":3}},"line":40},"5":{"name":"(anonymous_5)","decl":{"start":{"line":43,"column":12},"end":{"line":43,"column":13}},"loc":{"start":{"line":43,"column":20},"end":{"line":49,"column":7}},"line":43},"6":{"name":"(anonymous_6)","decl":{"start":{"line":50,"column":13},"end":{"line":50,"column":14}},"loc":{"start":{"line":50,"column":20},"end":{"line":52,"column":7}},"line":50},"7":{"name":"(anonymous_7)","decl":{"start":{"line":56,"column":22},"end":{"line":56,"column":23}},"loc":{"start":{"line":56,"column":48},"end":{"line":72,"column":3}},"line":56},"8":{"name":"(anonymous_8)","decl":{"start":{"line":65,"column":12},"end":{"line":65,"column":13}},"loc":{"start":{"line":65,"column":20},"end":{"line":67,"column":7}},"line":65},"9":{"name":"(anonymous_9)","decl":{"start":{"line":68,"column":13},"end":{"line":68,"column":14}},"loc":{"start":{"line":68,"column":20},"end":{"line":71,"column":7}},"line":68},"10":{"name":"(anonymous_10)","decl":{"start":{"line":88,"column":6},"end":{"line":88,"column":7}},"loc":{"start":{"line":88,"column":51},"end":{"line":99,"column":7}},"line":88},"11":{"name":"(anonymous_11)","decl":{"start":{"line":90,"column":25},"end":{"line":90,"column":26}},"loc":{"start":{"line":90,"column":31},"end":{"line":98,"column":9}},"line":90}},"branchMap":{"0":{"loc":{"start":{"line":44,"column":8},"end":{"line":48,"column":9}},"type":"if","locations":[{"start":{"line":44,"column":8},"end":{"line":48,"column":9}},{"start":{"line":44,"column":8},"end":{"line":48,"column":9}}],"line":44},"1":{"loc":{"start":{"line":59,"column":18},"end":{"line":59,"column":63}},"type":"cond-expr","locations":[{"start":{"line":59,"column":35},"end":{"line":59,"column":58}},{"start":{"line":59,"column":61},"end":{"line":59,"column":63}}],"line":59},"2":{"loc":{"start":{"line":92,"column":10},"end":{"line":97,"column":11}},"type":"if","locations":[{"start":{"line":92,"column":10},"end":{"line":97,"column":11}},{"start":{"line":92,"column":10},"end":{"line":97,"column":11}}],"line":92}},"s":{"0":1,"1":1,"2":1,"3":1,"4":1,"5":1,"6":1,"7":6,"8":6,"9":0,"10":0,"11":0,"12":0,"13":6,"14":0,"15":0,"16":0,"17":0,"18":0,"19":0,"20":6,"21":0,"22":0,"23":0,"24":0,"25":0,"26":0,"27":0,"28":0,"29":0,"30":6,"31":6,"32":0,"33":0,"34":0,"35":0,"36":0},"f":{"0":6,"1":0,"2":0,"3":0,"4":0,"5":0,"6":0,"7":0,"8":0,"9":0,"10":0,"11":0},"b":{"0":[0,0],"1":[0,0],"2":[0,0]},"_coverageSchema":"43e27e138ebf9cfc5966b082cf9a028302ed4184","hash":"b3154ce2e5ab2cd044ce91cfdfa57a03d831529b","contentHash":"4d06f6b5cb721899623a1db2a037c256cd0a8a7cf226ac8deda8fb8c47588114"},"/Users/JordanHeffernan/projects/work/member-app-2019/app/config/auth.js":{"path":"/Users/JordanHeffernan/projects/work/member-app-2019/app/config/auth.js","statementMap":{"0":{"start":{"line":1,"column":17},"end":{"line":1,"column":36}},"1":{"start":{"line":2,"column":13},"end":{"line":2,"column":45}},"2":{"start":{"line":4,"column":13},"end":{"line":19,"column":1}},"3":{"start":{"line":7,"column":4},"end":{"line":7,"column":24}},"4":{"start":{"line":11,"column":4},"end":{"line":17,"column":9}},"5":{"start":{"line":13,"column":8},"end":{"line":13,"column":25}},"6":{"start":{"line":16,"column":8},"end":{"line":16,"column":24}},"7":{"start":{"line":21,"column":19},"end":{"line":25,"column":1}},"8":{"start":{"line":27,"column":0},"end":{"line":27,"column":38}}},"fnMap":{"0":{"name":"(anonymous_0)","decl":{"start":{"line":5,"column":13},"end":{"line":5,"column":14}},"loc":{"start":{"line":5,"column":29},"end":{"line":8,"column":3}},"line":5},"1":{"name":"(anonymous_1)","decl":{"start":{"line":10,"column":15},"end":{"line":10,"column":16}},"loc":{"start":{"line":10,"column":29},"end":{"line":18,"column":3}},"line":10},"2":{"name":"(anonymous_2)","decl":{"start":{"line":12,"column":12},"end":{"line":12,"column":13}},"loc":{"start":{"line":12,"column":20},"end":{"line":14,"column":7}},"line":12},"3":{"name":"(anonymous_3)","decl":{"start":{"line":15,"column":13},"end":{"line":15,"column":14}},"loc":{"start":{"line":15,"column":20},"end":{"line":17,"column":7}},"line":15}},"branchMap":{},"s":{"0":1,"1":1,"2":1,"3":34,"4":0,"5":0,"6":0,"7":1,"8":1},"f":{"0":34,"1":0,"2":0,"3":0},"b":{},"_coverageSchema":"43e27e138ebf9cfc5966b082cf9a028302ed4184","hash":"32e085b7a8d930d05cd6b1d1c21b4b8a4a3dc80d","contentHash":"4de14f695fe764f4b0f5aea1cb081be92e5d742d71a9bf40c71bdcfd14a410b5"},"/Users/JordanHeffernan/projects/work/member-app-2019/app/config/db.js":{"path":"/Users/JordanHeffernan/projects/work/member-app-2019/app/config/db.js","statementMap":{"0":{"start":{"line":3,"column":0},"end":{"line":12,"column":2}},"1":{"start":{"line":14,"column":11},"end":{"line":18,"column":2}}},"fnMap":{},"branchMap":{},"s":{"0":1,"1":1},"f":{},"b":{},"_coverageSchema":"43e27e138ebf9cfc5966b082cf9a028302ed4184","hash":"5b01d377750606d8324c3e5cd773cb730f7e70e8","contentHash":"8b7cd6a4d0805bd241680316fc515062f01b62b16e6b6b80afc0778c70d45f8c"},"/Users/JordanHeffernan/projects/work/member-app-2019/app/routes/apiRoutes.js":{"path":"/Users/JordanHeffernan/projects/work/member-app-2019/app/routes/apiRoutes.js","statementMap":{"0":{"start":{"line":7,"column":15},"end":{"line":7,"column":42}},"1":{"start":{"line":8,"column":17},"end":{"line":8,"column":36}},"2":{"start":{"line":12,"column":17},"end":{"line":12,"column":53}},"3":{"start":{"line":13,"column":17},"end":{"line":13,"column":52}},"4":{"start":{"line":14,"column":20},"end":{"line":14,"column":58}},"5":{"start":{"line":15,"column":23},"end":{"line":15,"column":65}},"6":{"start":{"line":16,"column":18},"end":{"line":16,"column":54}},"7":{"start":{"line":17,"column":20},"end":{"line":17,"column":59}},"8":{"start":{"line":21,"column":20},"end":{"line":44,"column":1}},"9":{"start":{"line":22,"column":2},"end":{"line":43,"column":21}},"10":{"start":{"line":23,"column":4},"end":{"line":26,"column":5}},"11":{"start":{"line":24,"column":6},"end":{"line":24,"column":47}},"12":{"start":{"line":25,"column":6},"end":{"line":25,"column":76}},"13":{"start":{"line":27,"column":4},"end":{"line":33,"column":5}},"14":{"start":{"line":28,"column":6},"end":{"line":28,"column":54}},"15":{"start":{"line":29,"column":6},"end":{"line":32,"column":9}},"16":{"start":{"line":34,"column":4},"end":{"line":42,"column":5}},"17":{"start":{"line":35,"column":6},"end":{"line":41,"column":9}},"18":{"start":{"line":36,"column":8},"end":{"line":40,"column":9}},"19":{"start":{"line":37,"column":10},"end":{"line":37,"column":32}},"20":{"start":{"line":39,"column":10},"end":{"line":39,"column":34}},"21":{"start":{"line":54,"column":0},"end":{"line":61,"column":2}},"22":{"start":{"line":69,"column":0},"end":{"line":73,"column":2}},"23":{"start":{"line":90,"column":0},"end":{"line":90,"column":42}},"24":{"start":{"line":109,"column":0},"end":{"line":109,"column":58}},"25":{"start":{"line":120,"column":0},"end":{"line":120,"column":46}},"26":{"start":{"line":128,"column":0},"end":{"line":128,"column":40}},"27":{"start":{"line":140,"column":0},"end":{"line":140,"column":61}},"28":{"start":{"line":154,"column":0},"end":{"line":154,"column":64}},"29":{"start":{"line":172,"column":0},"end":{"line":172,"column":67}},"30":{"start":{"line":183,"column":0},"end":{"line":183,"column":55}},"31":{"start":{"line":194,"column":0},"end":{"line":194,"column":67}},"32":{"start":{"line":202,"column":0},"end":{"line":202,"column":61}},"33":{"start":{"line":213,"column":0},"end":{"line":213,"column":70}},"34":{"start":{"line":228,"column":0},"end":{"line":228,"column":69}},"35":{"start":{"line":240,"column":0},"end":{"line":240,"column":65}},"36":{"start":{"line":279,"column":0},"end":{"line":279,"column":60}},"37":{"start":{"line":299,"column":0},"end":{"line":299,"column":76}},"38":{"start":{"line":311,"column":0},"end":{"line":311,"column":77}},"39":{"start":{"line":319,"column":0},"end":{"line":319,"column":71}},"40":{"start":{"line":331,"column":0},"end":{"line":331,"column":79}},"41":{"start":{"line":383,"column":0},"end":{"line":383,"column":51}},"42":{"start":{"line":404,"column":0},"end":{"line":404,"column":67}},"43":{"start":{"line":416,"column":0},"end":{"line":416,"column":68}},"44":{"start":{"line":436,"column":0},"end":{"line":436,"column":62}},"45":{"start":{"line":448,"column":0},"end":{"line":448,"column":70}},"46":{"start":{"line":452,"column":0},"end":{"line":452,"column":24}}},"fnMap":{"0":{"name":"(anonymous_0)","decl":{"start":{"line":21,"column":20},"end":{"line":21,"column":21}},"loc":{"start":{"line":21,"column":40},"end":{"line":44,"column":1}},"line":21},"1":{"name":"(anonymous_1)","decl":{"start":{"line":22,"column":51},"end":{"line":22,"column":52}},"loc":{"start":{"line":22,"column":72},"end":{"line":43,"column":3}},"line":22},"2":{"name":"(anonymous_2)","decl":{"start":{"line":35,"column":22},"end":{"line":35,"column":23}},"loc":{"start":{"line":35,"column":34},"end":{"line":41,"column":7}},"line":35}},"branchMap":{"0":{"loc":{"start":{"line":23,"column":4},"end":{"line":26,"column":5}},"type":"if","locations":[{"start":{"line":23,"column":4},"end":{"line":26,"column":5}},{"start":{"line":23,"column":4},"end":{"line":26,"column":5}}],"line":23},"1":{"loc":{"start":{"line":27,"column":4},"end":{"line":33,"column":5}},"type":"if","locations":[{"start":{"line":27,"column":4},"end":{"line":33,"column":5}},{"start":{"line":27,"column":4},"end":{"line":33,"column":5}}],"line":27},"2":{"loc":{"start":{"line":34,"column":4},"end":{"line":42,"column":5}},"type":"if","locations":[{"start":{"line":34,"column":4},"end":{"line":42,"column":5}},{"start":{"line":34,"column":4},"end":{"line":42,"column":5}}],"line":34},"3":{"loc":{"start":{"line":36,"column":8},"end":{"line":40,"column":9}},"type":"if","locations":[{"start":{"line":36,"column":8},"end":{"line":40,"column":9}},{"start":{"line":36,"column":8},"end":{"line":40,"column":9}}],"line":36}},"s":{"0":1,"1":1,"2":1,"3":1,"4":1,"5":1,"6":1,"7":1,"8":1,"9":34,"10":34,"11":0,"12":0,"13":34,"14":0,"15":0,"16":34,"17":34,"18":34,"19":0,"20":34,"21":1,"22":1,"23":1,"24":1,"25":1,"26":1,"27":1,"28":1,"29":1,"30":1,"31":1,"32":1,"33":1,"34":1,"35":1,"36":1,"37":1,"38":1,"39":1,"40":1,"41":1,"42":1,"43":1,"44":1,"45":1,"46":1},"f":{"0":34,"1":34,"2":34},"b":{"0":[0,34],"1":[0,34],"2":[34,0],"3":[0,34]},"_coverageSchema":"43e27e138ebf9cfc5966b082cf9a028302ed4184","hash":"befa06e3671c6951df8a57e00f80cf261c5db319","contentHash":"b5819062224e04ce05fe648cd9e51a64d458d83013e6b69d7918bd2d7fee713b"},"/Users/JordanHeffernan/projects/work/member-app-2019/app/controllers/users.ctrl.js":{"path":"/Users/JordanHeffernan/projects/work/member-app-2019/app/controllers/users.ctrl.js","statementMap":{"0":{"start":{"line":8,"column":14},"end":{"line":8,"column":46}},"1":{"start":{"line":20,"column":19},"end":{"line":38,"column":1}},"2":{"start":{"line":21,"column":63},"end":{"line":21,"column":71}},"3":{"start":{"line":22,"column":2},"end":{"line":37,"column":3}},"4":{"start":{"line":23,"column":4},"end":{"line":32,"column":9}},"5":{"start":{"line":26,"column":21},"end":{"line":26,"column":29}},"6":{"start":{"line":27,"column":8},"end":{"line":27,"column":35}},"7":{"start":{"line":30,"column":8},"end":{"line":30,"column":50}},"8":{"start":{"line":31,"column":8},"end":{"line":31,"column":55}},"9":{"start":{"line":34,"column":4},"end":{"line":36,"column":73}},"10":{"start":{"line":48,"column":19},"end":{"line":68,"column":1}},"11":{"start":{"line":49,"column":22},"end":{"line":49,"column":30}},"12":{"start":{"line":50,"column":17},"end":{"line":50,"column":27}},"13":{"start":{"line":51,"column":2},"end":{"line":53,"column":3}},"14":{"start":{"line":52,"column":4},"end":{"line":52,"column":69}},"15":{"start":{"line":55,"column":2},"end":{"line":67,"column":66}},"16":{"start":{"line":58,"column":6},"end":{"line":65,"column":7}},"17":{"start":{"line":59,"column":8},"end":{"line":62,"column":11}},"18":{"start":{"line":64,"column":8},"end":{"line":64,"column":42}},"19":{"start":{"line":67,"column":18},"end":{"line":67,"column":64}},"20":{"start":{"line":74,"column":19},"end":{"line":87,"column":1}},"21":{"start":{"line":75,"column":2},"end":{"line":86,"column":66}},"22":{"start":{"line":78,"column":6},"end":{"line":84,"column":7}},"23":{"start":{"line":79,"column":8},"end":{"line":79,"column":65}},"24":{"start":{"line":81,"column":8},"end":{"line":83,"column":11}},"25":{"start":{"line":86,"column":18},"end":{"line":86,"column":64}},"26":{"start":{"line":92,"column":17},"end":{"line":97,"column":1}},"27":{"start":{"line":93,"column":2},"end":{"line":96,"column":66}},"28":{"start":{"line":95,"column":19},"end":{"line":95,"column":46}},"29":{"start":{"line":96,"column":18},"end":{"line":96,"column":64}},"30":{"start":{"line":103,"column":20},"end":{"line":117,"column":1}},"31":{"start":{"line":104,"column":2},"end":{"line":116,"column":66}},"32":{"start":{"line":107,"column":6},"end":{"line":114,"column":7}},"33":{"start":{"line":108,"column":8},"end":{"line":108,"column":34}},"34":{"start":{"line":109,"column":8},"end":{"line":111,"column":63}},"35":{"start":{"line":113,"column":8},"end":{"line":113,"column":35}},"36":{"start":{"line":116,"column":18},"end":{"line":116,"column":64}},"37":{"start":{"line":121,"column":0},"end":{"line":127,"column":2}}},"fnMap":{"0":{"name":"(anonymous_0)","decl":{"start":{"line":20,"column":19},"end":{"line":20,"column":20}},"loc":{"start":{"line":20,"column":39},"end":{"line":38,"column":1}},"line":20},"1":{"name":"(anonymous_1)","decl":{"start":{"line":25,"column":12},"end":{"line":25,"column":13}},"loc":{"start":{"line":25,"column":21},"end":{"line":28,"column":7}},"line":25},"2":{"name":"(anonymous_2)","decl":{"start":{"line":29,"column":13},"end":{"line":29,"column":14}},"loc":{"start":{"line":29,"column":20},"end":{"line":32,"column":7}},"line":29},"3":{"name":"(anonymous_3)","decl":{"start":{"line":48,"column":19},"end":{"line":48,"column":20}},"loc":{"start":{"line":48,"column":39},"end":{"line":68,"column":1}},"line":48},"4":{"name":"(anonymous_4)","decl":{"start":{"line":57,"column":10},"end":{"line":57,"column":11}},"loc":{"start":{"line":57,"column":18},"end":{"line":66,"column":5}},"line":57},"5":{"name":"(anonymous_5)","decl":{"start":{"line":67,"column":11},"end":{"line":67,"column":12}},"loc":{"start":{"line":67,"column":18},"end":{"line":67,"column":64}},"line":67},"6":{"name":"(anonymous_6)","decl":{"start":{"line":74,"column":19},"end":{"line":74,"column":20}},"loc":{"start":{"line":74,"column":39},"end":{"line":87,"column":1}},"line":74},"7":{"name":"(anonymous_7)","decl":{"start":{"line":77,"column":10},"end":{"line":77,"column":11}},"loc":{"start":{"line":77,"column":20},"end":{"line":85,"column":5}},"line":77},"8":{"name":"(anonymous_8)","decl":{"start":{"line":86,"column":11},"end":{"line":86,"column":12}},"loc":{"start":{"line":86,"column":18},"end":{"line":86,"column":64}},"line":86},"9":{"name":"(anonymous_9)","decl":{"start":{"line":92,"column":17},"end":{"line":92,"column":18}},"loc":{"start":{"line":92,"column":23},"end":{"line":97,"column":1}},"line":92},"10":{"name":"(anonymous_10)","decl":{"start":{"line":95,"column":10},"end":{"line":95,"column":11}},"loc":{"start":{"line":95,"column":19},"end":{"line":95,"column":46}},"line":95},"11":{"name":"(anonymous_11)","decl":{"start":{"line":96,"column":11},"end":{"line":96,"column":12}},"loc":{"start":{"line":96,"column":18},"end":{"line":96,"column":64}},"line":96},"12":{"name":"(anonymous_12)","decl":{"start":{"line":103,"column":20},"end":{"line":103,"column":21}},"loc":{"start":{"line":103,"column":40},"end":{"line":117,"column":1}},"line":103},"13":{"name":"(anonymous_13)","decl":{"start":{"line":106,"column":10},"end":{"line":106,"column":11}},"loc":{"start":{"line":106,"column":18},"end":{"line":115,"column":5}},"line":106},"14":{"name":"(anonymous_14)","decl":{"start":{"line":116,"column":11},"end":{"line":116,"column":12}},"loc":{"start":{"line":116,"column":18},"end":{"line":116,"column":64}},"line":116}},"branchMap":{"0":{"loc":{"start":{"line":22,"column":2},"end":{"line":37,"column":3}},"type":"if","locations":[{"start":{"line":22,"column":2},"end":{"line":37,"column":3}},{"start":{"line":22,"column":2},"end":{"line":37,"column":3}}],"line":22},"1":{"loc":{"start":{"line":22,"column":6},"end":{"line":22,"column":19}},"type":"binary-expr","locations":[{"start":{"line":22,"column":6},"end":{"line":22,"column":10}},{"start":{"line":22,"column":14},"end":{"line":22,"column":19}}],"line":22},"2":{"loc":{"start":{"line":51,"column":2},"end":{"line":53,"column":3}},"type":"if","locations":[{"start":{"line":51,"column":2},"end":{"line":53,"column":3}},{"start":{"line":51,"column":2},"end":{"line":53,"column":3}}],"line":51},"3":{"loc":{"start":{"line":51,"column":6},"end":{"line":51,"column":46}},"type":"binary-expr","locations":[{"start":{"line":51,"column":6},"end":{"line":51,"column":14}},{"start":{"line":51,"column":18},"end":{"line":51,"column":46}}],"line":51},"4":{"loc":{"start":{"line":58,"column":6},"end":{"line":65,"column":7}},"type":"if","locations":[{"start":{"line":58,"column":6},"end":{"line":65,"column":7}},{"start":{"line":58,"column":6},"end":{"line":65,"column":7}}],"line":58},"5":{"loc":{"start":{"line":58,"column":10},"end":{"line":58,"column":31}},"type":"binary-expr","locations":[{"start":{"line":58,"column":10},"end":{"line":58,"column":22}},{"start":{"line":58,"column":26},"end":{"line":58,"column":31}}],"line":58},"6":{"loc":{"start":{"line":61,"column":12},"end":{"line":61,"column":79}},"type":"binary-expr","locations":[{"start":{"line":61,"column":12},"end":{"line":61,"column":24}},{"start":{"line":61,"column":28},"end":{"line":61,"column":79}}],"line":61},"7":{"loc":{"start":{"line":78,"column":6},"end":{"line":84,"column":7}},"type":"if","locations":[{"start":{"line":78,"column":6},"end":{"line":84,"column":7}},{"start":{"line":78,"column":6},"end":{"line":84,"column":7}}],"line":78},"8":{"loc":{"start":{"line":107,"column":6},"end":{"line":114,"column":7}},"type":"if","locations":[{"start":{"line":107,"column":6},"end":{"line":114,"column":7}},{"start":{"line":107,"column":6},"end":{"line":114,"column":7}}],"line":107},"9":{"loc":{"start":{"line":107,"column":10},"end":{"line":107,"column":31}},"type":"binary-expr","locations":[{"start":{"line":107,"column":10},"end":{"line":107,"column":15}},{"start":{"line":107,"column":19},"end":{"line":107,"column":31}}],"line":107},"10":{"loc":{"start":{"line":111,"column":27},"end":{"line":111,"column":59}},"type":"binary-expr","locations":[{"start":{"line":111,"column":27},"end":{"line":111,"column":39}},{"start":{"line":111,"column":43},"end":{"line":111,"column":59}}],"line":111}},"s":{"0":1,"1":1,"2":2,"3":2,"4":1,"5":1,"6":1,"7":0,"8":0,"9":1,"10":1,"11":3,"12":3,"13":3,"14":1,"15":2,"16":1,"17":0,"18":1,"19":1,"20":1,"21":2,"22":1,"23":1,"24":0,"25":1,"26":1,"27":0,"28":0,"29":0,"30":1,"31":2,"32":1,"33":0,"34":0,"35":1,"36":1,"37":1},"f":{"0":2,"1":1,"2":0,"3":3,"4":1,"5":1,"6":2,"7":1,"8":1,"9":0,"10":0,"11":0,"12":2,"13":1,"14":1},"b":{"0":[1,1],"1":[2,1],"2":[1,2],"3":[3,2],"4":[0,1],"5":[1,1],"6":[0,0],"7":[1,0],"8":[0,1],"9":[1,1],"10":[0,0]},"_coverageSchema":"43e27e138ebf9cfc5966b082cf9a028302ed4184","hash":"3c3e5c84c8c363942652c66bf689ee9c6ce42faa","contentHash":"a9f3461fef91093f19240776e24d7c7ca0d656bfa90450a2540ace735f515180"},"/Users/JordanHeffernan/projects/work/member-app-2019/app/controllers/auth.ctrl.js":{"path":"/Users/JordanHeffernan/projects/work/member-app-2019/app/controllers/auth.ctrl.js","statementMap":{"0":{"start":{"line":8,"column":14},"end":{"line":8,"column":46}},"1":{"start":{"line":10,"column":17},"end":{"line":10,"column":36}},"2":{"start":{"line":11,"column":14},"end":{"line":11,"column":33}},"3":{"start":{"line":12,"column":23},"end":{"line":12,"column":46}},"4":{"start":{"line":14,"column":17},"end":{"line":14,"column":37}},"5":{"start":{"line":16,"column":2},"end":{"line":16,"column":76}},"6":{"start":{"line":18,"column":2},"end":{"line":18,"column":71}},"7":{"start":{"line":22,"column":0},"end":{"line":48,"column":2}},"8":{"start":{"line":23,"column":2},"end":{"line":23,"column":51}},"9":{"start":{"line":24,"column":2},"end":{"line":47,"column":3}},"10":{"start":{"line":25,"column":4},"end":{"line":29,"column":7}},"11":{"start":{"line":31,"column":20},"end":{"line":35,"column":17}},"12":{"start":{"line":36,"column":4},"end":{"line":46,"column":5}},"13":{"start":{"line":38,"column":6},"end":{"line":38,"column":44}},"14":{"start":{"line":41,"column":23},"end":{"line":41,"column":49}},"15":{"start":{"line":42,"column":20},"end":{"line":42,"column":49}},"16":{"start":{"line":43,"column":6},"end":{"line":43,"column":72}},"17":{"start":{"line":45,"column":6},"end":{"line":45,"column":36}}},"fnMap":{"0":{"name":"(anonymous_0)","decl":{"start":{"line":22,"column":25},"end":{"line":22,"column":26}},"loc":{"start":{"line":22,"column":39},"end":{"line":48,"column":1}},"line":22}},"branchMap":{"0":{"loc":{"start":{"line":16,"column":2},"end":{"line":16,"column":76}},"type":"cond-expr","locations":[{"start":{"line":16,"column":42},"end":{"line":16,"column":50}},{"start":{"line":16,"column":53},"end":{"line":16,"column":76}}],"line":16},"1":{"loc":{"start":{"line":18,"column":2},"end":{"line":18,"column":71}},"type":"cond-expr","locations":[{"start":{"line":18,"column":42},"end":{"line":18,"column":50}},{"start":{"line":18,"column":53},"end":{"line":18,"column":71}}],"line":18},"2":{"loc":{"start":{"line":24,"column":2},"end":{"line":47,"column":3}},"type":"if","locations":[{"start":{"line":24,"column":2},"end":{"line":47,"column":3}},{"start":{"line":24,"column":2},"end":{"line":47,"column":3}}],"line":24},"3":{"loc":{"start":{"line":24,"column":6},"end":{"line":24,"column":30}},"type":"binary-expr","locations":[{"start":{"line":24,"column":6},"end":{"line":24,"column":14}},{"start":{"line":24,"column":18},"end":{"line":24,"column":30}}],"line":24},"4":{"loc":{"start":{"line":31,"column":20},"end":{"line":35,"column":17}},"type":"cond-expr","locations":[{"start":{"line":32,"column":8},"end":{"line":32,"column":23}},{"start":{"line":33,"column":8},"end":{"line":35,"column":17}}],"line":31},"5":{"loc":{"start":{"line":33,"column":8},"end":{"line":35,"column":17}},"type":"cond-expr","locations":[{"start":{"line":34,"column":8},"end":{"line":34,"column":31}},{"start":{"line":35,"column":8},"end":{"line":35,"column":17}}],"line":33},"6":{"loc":{"start":{"line":33,"column":8},"end":{"line":33,"column":39}},"type":"binary-expr","locations":[{"start":{"line":33,"column":8},"end":{"line":33,"column":19}},{"start":{"line":33,"column":23},"end":{"line":33,"column":39}}],"line":33},"7":{"loc":{"start":{"line":36,"column":4},"end":{"line":46,"column":5}},"type":"if","locations":[{"start":{"line":36,"column":4},"end":{"line":46,"column":5}},{"start":{"line":36,"column":4},"end":{"line":46,"column":5}}],"line":36}},"s":{"0":1,"1":1,"2":1,"3":1,"4":1,"5":1,"6":1,"7":1,"8":0,"9":0,"10":0,"11":0,"12":0,"13":0,"14":0,"15":0,"16":0,"17":0},"f":{"0":0},"b":{"0":[0,1],"1":[0,1],"2":[0,0],"3":[0,0],"4":[0,0],"5":[0,0],"6":[0,0],"7":[0,0]},"_coverageSchema":"43e27e138ebf9cfc5966b082cf9a028302ed4184","hash":"01d5e2de5aac9eaf587f9e0d85b1874d1f3eb1a5","contentHash":"4d2a9bfa572197df8053d939c359dd09a60bb30b7921c76df44c0b7454e9ba73"},"/Users/JordanHeffernan/projects/work/member-app-2019/app/controllers/content.ctrl.js":{"path":"/Users/JordanHeffernan/projects/work/member-app-2019/app/controllers/content.ctrl.js","statementMap":{"0":{"start":{"line":8,"column":21},"end":{"line":8,"column":55}},"1":{"start":{"line":18,"column":22},"end":{"line":36,"column":1}},"2":{"start":{"line":19,"column":36},"end":{"line":19,"column":44}},"3":{"start":{"line":20,"column":2},"end":{"line":35,"column":3}},"4":{"start":{"line":21,"column":4},"end":{"line":30,"column":9}},"5":{"start":{"line":24,"column":23},"end":{"line":24,"column":33}},"6":{"start":{"line":25,"column":8},"end":{"line":25,"column":37}},"7":{"start":{"line":28,"column":8},"end":{"line":28,"column":52}},"8":{"start":{"line":29,"column":8},"end":{"line":29,"column":55}},"9":{"start":{"line":32,"column":4},"end":{"line":34,"column":68}},"10":{"start":{"line":43,"column":22},"end":{"line":68,"column":1}},"11":{"start":{"line":44,"column":18},"end":{"line":44,"column":26}},"12":{"start":{"line":45,"column":17},"end":{"line":45,"column":27}},"13":{"start":{"line":46,"column":2},"end":{"line":48,"column":3}},"14":{"start":{"line":47,"column":4},"end":{"line":47,"column":69}},"15":{"start":{"line":50,"column":2},"end":{"line":67,"column":7}},"16":{"start":{"line":53,"column":6},"end":{"line":61,"column":7}},"17":{"start":{"line":54,"column":8},"end":{"line":58,"column":11}},"18":{"start":{"line":60,"column":8},"end":{"line":60,"column":44}},"19":{"start":{"line":64,"column":6},"end":{"line":64,"column":42}},"20":{"start":{"line":65,"column":6},"end":{"line":65,"column":31}},"21":{"start":{"line":66,"column":6},"end":{"line":66,"column":53}},"22":{"start":{"line":74,"column":22},"end":{"line":87,"column":1}},"23":{"start":{"line":75,"column":2},"end":{"line":86,"column":66}},"24":{"start":{"line":78,"column":6},"end":{"line":84,"column":7}},"25":{"start":{"line":79,"column":8},"end":{"line":79,"column":65}},"26":{"start":{"line":81,"column":8},"end":{"line":83,"column":11}},"27":{"start":{"line":86,"column":18},"end":{"line":86,"column":64}},"28":{"start":{"line":92,"column":19},"end":{"line":97,"column":1}},"29":{"start":{"line":93,"column":2},"end":{"line":96,"column":66}},"30":{"start":{"line":95,"column":21},"end":{"line":95,"column":50}},"31":{"start":{"line":96,"column":18},"end":{"line":96,"column":64}},"32":{"start":{"line":103,"column":23},"end":{"line":116,"column":1}},"33":{"start":{"line":104,"column":2},"end":{"line":115,"column":66}},"34":{"start":{"line":107,"column":6},"end":{"line":113,"column":7}},"35":{"start":{"line":108,"column":8},"end":{"line":110,"column":68}},"36":{"start":{"line":112,"column":8},"end":{"line":112,"column":37}},"37":{"start":{"line":115,"column":18},"end":{"line":115,"column":64}},"38":{"start":{"line":122,"column":25},"end":{"line":135,"column":1}},"39":{"start":{"line":123,"column":2},"end":{"line":134,"column":66}},"40":{"start":{"line":126,"column":6},"end":{"line":132,"column":7}},"41":{"start":{"line":127,"column":8},"end":{"line":129,"column":69}},"42":{"start":{"line":131,"column":8},"end":{"line":131,"column":38}},"43":{"start":{"line":134,"column":18},"end":{"line":134,"column":64}},"44":{"start":{"line":139,"column":0},"end":{"line":146,"column":2}}},"fnMap":{"0":{"name":"(anonymous_0)","decl":{"start":{"line":18,"column":22},"end":{"line":18,"column":23}},"loc":{"start":{"line":18,"column":42},"end":{"line":36,"column":1}},"line":18},"1":{"name":"(anonymous_1)","decl":{"start":{"line":23,"column":12},"end":{"line":23,"column":13}},"loc":{"start":{"line":23,"column":23},"end":{"line":26,"column":7}},"line":23},"2":{"name":"(anonymous_2)","decl":{"start":{"line":27,"column":13},"end":{"line":27,"column":14}},"loc":{"start":{"line":27,"column":20},"end":{"line":30,"column":7}},"line":27},"3":{"name":"(anonymous_3)","decl":{"start":{"line":43,"column":22},"end":{"line":43,"column":23}},"loc":{"start":{"line":43,"column":42},"end":{"line":68,"column":1}},"line":43},"4":{"name":"(anonymous_4)","decl":{"start":{"line":52,"column":10},"end":{"line":52,"column":11}},"loc":{"start":{"line":52,"column":20},"end":{"line":62,"column":5}},"line":52},"5":{"name":"(anonymous_5)","decl":{"start":{"line":63,"column":11},"end":{"line":63,"column":12}},"loc":{"start":{"line":63,"column":18},"end":{"line":67,"column":5}},"line":63},"6":{"name":"(anonymous_6)","decl":{"start":{"line":74,"column":22},"end":{"line":74,"column":23}},"loc":{"start":{"line":74,"column":42},"end":{"line":87,"column":1}},"line":74},"7":{"name":"(anonymous_7)","decl":{"start":{"line":77,"column":10},"end":{"line":77,"column":11}},"loc":{"start":{"line":77,"column":20},"end":{"line":85,"column":5}},"line":77},"8":{"name":"(anonymous_8)","decl":{"start":{"line":86,"column":11},"end":{"line":86,"column":12}},"loc":{"start":{"line":86,"column":18},"end":{"line":86,"column":64}},"line":86},"9":{"name":"(anonymous_9)","decl":{"start":{"line":92,"column":19},"end":{"line":92,"column":20}},"loc":{"start":{"line":92,"column":39},"end":{"line":97,"column":1}},"line":92},"10":{"name":"(anonymous_10)","decl":{"start":{"line":95,"column":10},"end":{"line":95,"column":11}},"loc":{"start":{"line":95,"column":21},"end":{"line":95,"column":50}},"line":95},"11":{"name":"(anonymous_11)","decl":{"start":{"line":96,"column":11},"end":{"line":96,"column":12}},"loc":{"start":{"line":96,"column":18},"end":{"line":96,"column":64}},"line":96},"12":{"name":"(anonymous_12)","decl":{"start":{"line":103,"column":23},"end":{"line":103,"column":24}},"loc":{"start":{"line":103,"column":43},"end":{"line":116,"column":1}},"line":103},"13":{"name":"(anonymous_13)","decl":{"start":{"line":106,"column":10},"end":{"line":106,"column":11}},"loc":{"start":{"line":106,"column":20},"end":{"line":114,"column":5}},"line":106},"14":{"name":"(anonymous_14)","decl":{"start":{"line":115,"column":11},"end":{"line":115,"column":12}},"loc":{"start":{"line":115,"column":18},"end":{"line":115,"column":64}},"line":115},"15":{"name":"(anonymous_15)","decl":{"start":{"line":122,"column":25},"end":{"line":122,"column":26}},"loc":{"start":{"line":122,"column":45},"end":{"line":135,"column":1}},"line":122},"16":{"name":"(anonymous_16)","decl":{"start":{"line":125,"column":10},"end":{"line":125,"column":11}},"loc":{"start":{"line":125,"column":21},"end":{"line":133,"column":5}},"line":125},"17":{"name":"(anonymous_17)","decl":{"start":{"line":134,"column":11},"end":{"line":134,"column":12}},"loc":{"start":{"line":134,"column":18},"end":{"line":134,"column":64}},"line":134}},"branchMap":{"0":{"loc":{"start":{"line":20,"column":2},"end":{"line":35,"column":3}},"type":"if","locations":[{"start":{"line":20,"column":2},"end":{"line":35,"column":3}},{"start":{"line":20,"column":2},"end":{"line":35,"column":3}}],"line":20},"1":{"loc":{"start":{"line":20,"column":6},"end":{"line":20,"column":29}},"type":"binary-expr","locations":[{"start":{"line":20,"column":6},"end":{"line":20,"column":18}},{"start":{"line":20,"column":22},"end":{"line":20,"column":29}}],"line":20},"2":{"loc":{"start":{"line":46,"column":2},"end":{"line":48,"column":3}},"type":"if","locations":[{"start":{"line":46,"column":2},"end":{"line":48,"column":3}},{"start":{"line":46,"column":2},"end":{"line":48,"column":3}}],"line":46},"3":{"loc":{"start":{"line":46,"column":6},"end":{"line":46,"column":46}},"type":"binary-expr","locations":[{"start":{"line":46,"column":6},"end":{"line":46,"column":14}},{"start":{"line":46,"column":18},"end":{"line":46,"column":46}}],"line":46},"4":{"loc":{"start":{"line":53,"column":6},"end":{"line":61,"column":7}},"type":"if","locations":[{"start":{"line":53,"column":6},"end":{"line":61,"column":7}},{"start":{"line":53,"column":6},"end":{"line":61,"column":7}}],"line":53},"5":{"loc":{"start":{"line":53,"column":10},"end":{"line":53,"column":35}},"type":"binary-expr","locations":[{"start":{"line":53,"column":10},"end":{"line":53,"column":24}},{"start":{"line":53,"column":28},"end":{"line":53,"column":35}}],"line":53},"6":{"loc":{"start":{"line":56,"column":12},"end":{"line":57,"column":66}},"type":"binary-expr","locations":[{"start":{"line":56,"column":12},"end":{"line":56,"column":26}},{"start":{"line":57,"column":12},"end":{"line":57,"column":66}}],"line":56},"7":{"loc":{"start":{"line":78,"column":6},"end":{"line":84,"column":7}},"type":"if","locations":[{"start":{"line":78,"column":6},"end":{"line":84,"column":7}},{"start":{"line":78,"column":6},"end":{"line":84,"column":7}}],"line":78},"8":{"loc":{"start":{"line":107,"column":6},"end":{"line":113,"column":7}},"type":"if","locations":[{"start":{"line":107,"column":6},"end":{"line":113,"column":7}},{"start":{"line":107,"column":6},"end":{"line":113,"column":7}}],"line":107},"9":{"loc":{"start":{"line":107,"column":10},"end":{"line":107,"column":35}},"type":"binary-expr","locations":[{"start":{"line":107,"column":10},"end":{"line":107,"column":17}},{"start":{"line":107,"column":21},"end":{"line":107,"column":35}}],"line":107},"10":{"loc":{"start":{"line":110,"column":27},"end":{"line":110,"column":64}},"type":"binary-expr","locations":[{"start":{"line":110,"column":27},"end":{"line":110,"column":41}},{"start":{"line":110,"column":45},"end":{"line":110,"column":64}}],"line":110},"11":{"loc":{"start":{"line":126,"column":6},"end":{"line":132,"column":7}},"type":"if","locations":[{"start":{"line":126,"column":6},"end":{"line":132,"column":7}},{"start":{"line":126,"column":6},"end":{"line":132,"column":7}}],"line":126},"12":{"loc":{"start":{"line":126,"column":10},"end":{"line":126,"column":56}},"type":"binary-expr","locations":[{"start":{"line":126,"column":10},"end":{"line":126,"column":18}},{"start":{"line":126,"column":22},"end":{"line":126,"column":37}},{"start":{"line":126,"column":41},"end":{"line":126,"column":56}}],"line":126},"13":{"loc":{"start":{"line":129,"column":27},"end":{"line":129,"column":65}},"type":"binary-expr","locations":[{"start":{"line":129,"column":27},"end":{"line":129,"column":42}},{"start":{"line":129,"column":46},"end":{"line":129,"column":65}}],"line":129}},"s":{"0":1,"1":1,"2":2,"3":2,"4":1,"5":1,"6":1,"7":0,"8":0,"9":1,"10":1,"11":3,"12":3,"13":3,"14":1,"15":2,"16":1,"17":0,"18":1,"19":1,"20":1,"21":1,"22":1,"23":2,"24":1,"25":1,"26":0,"27":1,"28":1,"29":0,"30":0,"31":0,"32":1,"33":2,"34":1,"35":0,"36":1,"37":1,"38":1,"39":0,"40":0,"41":0,"42":0,"43":0,"44":1},"f":{"0":2,"1":1,"2":0,"3":3,"4":1,"5":1,"6":2,"7":1,"8":1,"9":0,"10":0,"11":0,"12":2,"13":1,"14":1,"15":0,"16":0,"17":0},"b":{"0":[1,1],"1":[2,1],"2":[1,2],"3":[3,3],"4":[0,1],"5":[1,1],"6":[0,0],"7":[1,0],"8":[0,1],"9":[1,1],"10":[0,0],"11":[0,0],"12":[0,0,0],"13":[0,0]},"_coverageSchema":"43e27e138ebf9cfc5966b082cf9a028302ed4184","hash":"21ed7505ad26d572276893107ed657fdbd028290","contentHash":"806a8fe52ec84e095ef943dbc0c8fa94e70452e32a028e59a290b77cb8e74da1"},"/Users/JordanHeffernan/projects/work/member-app-2019/app/controllers/submissions.ctrl.js":{"path":"/Users/JordanHeffernan/projects/work/member-app-2019/app/controllers/submissions.ctrl.js","statementMap":{"0":{"start":{"line":8,"column":20},"end":{"line":8,"column":58}},"1":{"start":{"line":9,"column":17},"end":{"line":9,"column":52}},"2":{"start":{"line":41,"column":25},"end":{"line":160,"column":1}},"3":{"start":{"line":68,"column":6},"end":{"line":68,"column":14}},"4":{"start":{"line":70,"column":25},"end":{"line":88,"column":3}},"5":{"start":{"line":90,"column":23},"end":{"line":90,"column":73}},"6":{"start":{"line":90,"column":52},"end":{"line":90,"column":72}},"7":{"start":{"line":91,"column":2},"end":{"line":159,"column":3}},"8":{"start":{"line":92,"column":4},"end":{"line":95,"column":7}},"9":{"start":{"line":96,"column":9},"end":{"line":159,"column":3}},"10":{"start":{"line":97,"column":4},"end":{"line":100,"column":7}},"11":{"start":{"line":102,"column":35},"end":{"line":128,"column":5}},"12":{"start":{"line":130,"column":4},"end":{"line":136,"column":5}},"13":{"start":{"line":131,"column":6},"end":{"line":135,"column":9}},"14":{"start":{"line":138,"column":28},"end":{"line":138,"column":67}},"15":{"start":{"line":139,"column":25},"end":{"line":139,"column":61}},"16":{"start":{"line":141,"column":25},"end":{"line":144,"column":5}},"17":{"start":{"line":146,"column":4},"end":{"line":158,"column":5}},"18":{"start":{"line":147,"column":6},"end":{"line":151,"column":9}},"19":{"start":{"line":153,"column":26},"end":{"line":156,"column":7}},"20":{"start":{"line":157,"column":6},"end":{"line":157,"column":47}},"21":{"start":{"line":168,"column":33},"end":{"line":185,"column":1}},"22":{"start":{"line":169,"column":2},"end":{"line":184,"column":7}},"23":{"start":{"line":172,"column":6},"end":{"line":180,"column":7}},"24":{"start":{"line":173,"column":8},"end":{"line":177,"column":10}},"25":{"start":{"line":179,"column":8},"end":{"line":179,"column":35}},"26":{"start":{"line":183,"column":6},"end":{"line":183,"column":38}},"27":{"start":{"line":192,"column":25},"end":{"line":213,"column":1}},"28":{"start":{"line":193,"column":22},"end":{"line":193,"column":30}},"29":{"start":{"line":194,"column":17},"end":{"line":194,"column":27}},"30":{"start":{"line":195,"column":2},"end":{"line":197,"column":3}},"31":{"start":{"line":196,"column":4},"end":{"line":196,"column":69}},"32":{"start":{"line":199,"column":2},"end":{"line":212,"column":66}},"33":{"start":{"line":202,"column":6},"end":{"line":210,"column":7}},"34":{"start":{"line":203,"column":8},"end":{"line":207,"column":11}},"35":{"start":{"line":209,"column":8},"end":{"line":209,"column":48}},"36":{"start":{"line":212,"column":18},"end":{"line":212,"column":64}},"37":{"start":{"line":219,"column":25},"end":{"line":232,"column":1}},"38":{"start":{"line":220,"column":2},"end":{"line":231,"column":66}},"39":{"start":{"line":223,"column":6},"end":{"line":229,"column":7}},"40":{"start":{"line":224,"column":8},"end":{"line":224,"column":65}},"41":{"start":{"line":226,"column":8},"end":{"line":228,"column":11}},"42":{"start":{"line":231,"column":18},"end":{"line":231,"column":64}},"43":{"start":{"line":237,"column":23},"end":{"line":242,"column":1}},"44":{"start":{"line":238,"column":2},"end":{"line":241,"column":66}},"45":{"start":{"line":240,"column":25},"end":{"line":240,"column":58}},"46":{"start":{"line":241,"column":18},"end":{"line":241,"column":64}},"47":{"start":{"line":248,"column":26},"end":{"line":261,"column":1}},"48":{"start":{"line":249,"column":2},"end":{"line":260,"column":66}},"49":{"start":{"line":252,"column":6},"end":{"line":258,"column":7}},"50":{"start":{"line":253,"column":8},"end":{"line":255,"column":75}},"51":{"start":{"line":257,"column":8},"end":{"line":257,"column":41}},"52":{"start":{"line":260,"column":18},"end":{"line":260,"column":64}},"53":{"start":{"line":265,"column":0},"end":{"line":271,"column":2}}},"fnMap":{"0":{"name":"(anonymous_0)","decl":{"start":{"line":41,"column":25},"end":{"line":41,"column":26}},"loc":{"start":{"line":41,"column":51},"end":{"line":160,"column":1}},"line":41},"1":{"name":"(anonymous_1)","decl":{"start":{"line":90,"column":43},"end":{"line":90,"column":44}},"loc":{"start":{"line":90,"column":52},"end":{"line":90,"column":72}},"line":90},"2":{"name":"(anonymous_2)","decl":{"start":{"line":168,"column":33},"end":{"line":168,"column":34}},"loc":{"start":{"line":168,"column":64},"end":{"line":185,"column":1}},"line":168},"3":{"name":"(anonymous_3)","decl":{"start":{"line":171,"column":10},"end":{"line":171,"column":11}},"loc":{"start":{"line":171,"column":33},"end":{"line":181,"column":5}},"line":171},"4":{"name":"(anonymous_4)","decl":{"start":{"line":182,"column":11},"end":{"line":182,"column":12}},"loc":{"start":{"line":182,"column":18},"end":{"line":184,"column":5}},"line":182},"5":{"name":"(anonymous_5)","decl":{"start":{"line":192,"column":25},"end":{"line":192,"column":26}},"loc":{"start":{"line":192,"column":45},"end":{"line":213,"column":1}},"line":192},"6":{"name":"(anonymous_6)","decl":{"start":{"line":201,"column":10},"end":{"line":201,"column":11}},"loc":{"start":{"line":201,"column":24},"end":{"line":211,"column":5}},"line":201},"7":{"name":"(anonymous_7)","decl":{"start":{"line":212,"column":11},"end":{"line":212,"column":12}},"loc":{"start":{"line":212,"column":18},"end":{"line":212,"column":64}},"line":212},"8":{"name":"(anonymous_8)","decl":{"start":{"line":219,"column":25},"end":{"line":219,"column":26}},"loc":{"start":{"line":219,"column":45},"end":{"line":232,"column":1}},"line":219},"9":{"name":"(anonymous_9)","decl":{"start":{"line":222,"column":10},"end":{"line":222,"column":11}},"loc":{"start":{"line":222,"column":20},"end":{"line":230,"column":5}},"line":222},"10":{"name":"(anonymous_10)","decl":{"start":{"line":231,"column":11},"end":{"line":231,"column":12}},"loc":{"start":{"line":231,"column":18},"end":{"line":231,"column":64}},"line":231},"11":{"name":"(anonymous_11)","decl":{"start":{"line":237,"column":23},"end":{"line":237,"column":24}},"loc":{"start":{"line":237,"column":43},"end":{"line":242,"column":1}},"line":237},"12":{"name":"(anonymous_12)","decl":{"start":{"line":240,"column":10},"end":{"line":240,"column":11}},"loc":{"start":{"line":240,"column":25},"end":{"line":240,"column":58}},"line":240},"13":{"name":"(anonymous_13)","decl":{"start":{"line":241,"column":11},"end":{"line":241,"column":12}},"loc":{"start":{"line":241,"column":18},"end":{"line":241,"column":64}},"line":241},"14":{"name":"(anonymous_14)","decl":{"start":{"line":248,"column":26},"end":{"line":248,"column":27}},"loc":{"start":{"line":248,"column":46},"end":{"line":261,"column":1}},"line":248},"15":{"name":"(anonymous_15)","decl":{"start":{"line":251,"column":10},"end":{"line":251,"column":11}},"loc":{"start":{"line":251,"column":24},"end":{"line":259,"column":5}},"line":251},"16":{"name":"(anonymous_16)","decl":{"start":{"line":260,"column":11},"end":{"line":260,"column":12}},"loc":{"start":{"line":260,"column":18},"end":{"line":260,"column":64}},"line":260}},"branchMap":{"0":{"loc":{"start":{"line":91,"column":2},"end":{"line":159,"column":3}},"type":"if","locations":[{"start":{"line":91,"column":2},"end":{"line":159,"column":3}},{"start":{"line":91,"column":2},"end":{"line":159,"column":3}}],"line":91},"1":{"loc":{"start":{"line":96,"column":9},"end":{"line":159,"column":3}},"type":"if","locations":[{"start":{"line":96,"column":9},"end":{"line":159,"column":3}},{"start":{"line":96,"column":9},"end":{"line":159,"column":3}}],"line":96},"2":{"loc":{"start":{"line":130,"column":4},"end":{"line":136,"column":5}},"type":"if","locations":[{"start":{"line":130,"column":4},"end":{"line":136,"column":5}},{"start":{"line":130,"column":4},"end":{"line":136,"column":5}}],"line":130},"3":{"loc":{"start":{"line":130,"column":8},"end":{"line":130,"column":65}},"type":"binary-expr","locations":[{"start":{"line":130,"column":8},"end":{"line":130,"column":31}},{"start":{"line":130,"column":35},"end":{"line":130,"column":65}}],"line":130},"4":{"loc":{"start":{"line":133,"column":10},"end":{"line":134,"column":50}},"type":"binary-expr","locations":[{"start":{"line":133,"column":10},"end":{"line":133,"column":40}},{"start":{"line":134,"column":10},"end":{"line":134,"column":50}}],"line":133},"5":{"loc":{"start":{"line":146,"column":4},"end":{"line":158,"column":5}},"type":"if","locations":[{"start":{"line":146,"column":4},"end":{"line":158,"column":5}},{"start":{"line":146,"column":4},"end":{"line":158,"column":5}}],"line":146},"6":{"loc":{"start":{"line":146,"column":8},"end":{"line":146,"column":45}},"type":"binary-expr","locations":[{"start":{"line":146,"column":8},"end":{"line":146,"column":21}},{"start":{"line":146,"column":25},"end":{"line":146,"column":45}}],"line":146},"7":{"loc":{"start":{"line":149,"column":10},"end":{"line":150,"column":65}},"type":"binary-expr","locations":[{"start":{"line":149,"column":10},"end":{"line":149,"column":30}},{"start":{"line":150,"column":10},"end":{"line":150,"column":65}}],"line":149},"8":{"loc":{"start":{"line":172,"column":6},"end":{"line":180,"column":7}},"type":"if","locations":[{"start":{"line":172,"column":6},"end":{"line":180,"column":7}},{"start":{"line":172,"column":6},"end":{"line":180,"column":7}}],"line":172},"9":{"loc":{"start":{"line":172,"column":10},"end":{"line":172,"column":61}},"type":"binary-expr","locations":[{"start":{"line":172,"column":10},"end":{"line":172,"column":30}},{"start":{"line":172,"column":34},"end":{"line":172,"column":61}}],"line":172},"10":{"loc":{"start":{"line":175,"column":12},"end":{"line":176,"column":67}},"type":"binary-expr","locations":[{"start":{"line":175,"column":12},"end":{"line":175,"column":39}},{"start":{"line":176,"column":12},"end":{"line":176,"column":67}}],"line":175},"11":{"loc":{"start":{"line":195,"column":2},"end":{"line":197,"column":3}},"type":"if","locations":[{"start":{"line":195,"column":2},"end":{"line":197,"column":3}},{"start":{"line":195,"column":2},"end":{"line":197,"column":3}}],"line":195},"12":{"loc":{"start":{"line":195,"column":6},"end":{"line":195,"column":46}},"type":"binary-expr","locations":[{"start":{"line":195,"column":6},"end":{"line":195,"column":14}},{"start":{"line":195,"column":18},"end":{"line":195,"column":46}}],"line":195},"13":{"loc":{"start":{"line":202,"column":6},"end":{"line":210,"column":7}},"type":"if","locations":[{"start":{"line":202,"column":6},"end":{"line":210,"column":7}},{"start":{"line":202,"column":6},"end":{"line":210,"column":7}}],"line":202},"14":{"loc":{"start":{"line":202,"column":10},"end":{"line":202,"column":43}},"type":"binary-expr","locations":[{"start":{"line":202,"column":10},"end":{"line":202,"column":28}},{"start":{"line":202,"column":32},"end":{"line":202,"column":43}}],"line":202},"15":{"loc":{"start":{"line":205,"column":12},"end":{"line":206,"column":69}},"type":"binary-expr","locations":[{"start":{"line":205,"column":12},"end":{"line":205,"column":30}},{"start":{"line":206,"column":12},"end":{"line":206,"column":69}}],"line":205},"16":{"loc":{"start":{"line":223,"column":6},"end":{"line":229,"column":7}},"type":"if","locations":[{"start":{"line":223,"column":6},"end":{"line":229,"column":7}},{"start":{"line":223,"column":6},"end":{"line":229,"column":7}}],"line":223},"17":{"loc":{"start":{"line":252,"column":6},"end":{"line":258,"column":7}},"type":"if","locations":[{"start":{"line":252,"column":6},"end":{"line":258,"column":7}},{"start":{"line":252,"column":6},"end":{"line":258,"column":7}}],"line":252},"18":{"loc":{"start":{"line":252,"column":10},"end":{"line":252,"column":43}},"type":"binary-expr","locations":[{"start":{"line":252,"column":10},"end":{"line":252,"column":21}},{"start":{"line":252,"column":25},"end":{"line":252,"column":43}}],"line":252},"19":{"loc":{"start":{"line":255,"column":27},"end":{"line":255,"column":71}},"type":"binary-expr","locations":[{"start":{"line":255,"column":27},"end":{"line":255,"column":45}},{"start":{"line":255,"column":49},"end":{"line":255,"column":71}}],"line":255}},"s":{"0":1,"1":1,"2":1,"3":2,"4":2,"5":2,"6":18,"7":2,"8":1,"9":1,"10":0,"11":1,"12":1,"13":0,"14":1,"15":1,"16":1,"17":1,"18":0,"19":1,"20":1,"21":1,"22":1,"23":1,"24":0,"25":1,"26":0,"27":1,"28":3,"29":3,"30":3,"31":1,"32":2,"33":1,"34":0,"35":1,"36":1,"37":1,"38":2,"39":1,"40":1,"41":0,"42":1,"43":1,"44":1,"45":1,"46":0,"47":1,"48":3,"49":1,"50":0,"51":1,"52":2,"53":1},"f":{"0":2,"1":18,"2":1,"3":1,"4":0,"5":3,"6":1,"7":1,"8":2,"9":1,"10":1,"11":1,"12":1,"13":0,"14":3,"15":1,"16":2},"b":{"0":[1,1],"1":[0,1],"2":[0,1],"3":[1,1],"4":[0,0],"5":[0,1],"6":[1,1],"7":[0,0],"8":[0,1],"9":[1,1],"10":[0,0],"11":[1,2],"12":[3,2],"13":[0,1],"14":[1,1],"15":[0,0],"16":[1,0],"17":[0,1],"18":[1,1],"19":[0,0]},"_coverageSchema":"43e27e138ebf9cfc5966b082cf9a028302ed4184","hash":"7a081366f6d580001f347b4c065ef9c61135d07c","contentHash":"70966422119830b5a20d5789fe626ccb9f7d1b16d1356b56e3e678ad6eaf6c9c"},"/Users/JordanHeffernan/projects/work/member-app-2019/app/controllers/image.ctrl.js":{"path":"/Users/JordanHeffernan/projects/work/member-app-2019/app/controllers/image.ctrl.js","statementMap":{"0":{"start":{"line":8,"column":16},"end":{"line":8,"column":50}},"1":{"start":{"line":10,"column":12},"end":{"line":10,"column":30}},"2":{"start":{"line":11,"column":17},"end":{"line":11,"column":37}},"3":{"start":{"line":12,"column":15},"end":{"line":12,"column":32}},"4":{"start":{"line":13,"column":22},"end":{"line":13,"column":51}},"5":{"start":{"line":14,"column":13},"end":{"line":14,"column":28}},"6":{"start":{"line":15,"column":12},"end":{"line":15,"column":26}},"7":{"start":{"line":17,"column":17},"end":{"line":17,"column":41}},"8":{"start":{"line":18,"column":11},"end":{"line":18,"column":31}},"9":{"start":{"line":23,"column":15},"end":{"line":44,"column":18}},"10":{"start":{"line":29,"column":6},"end":{"line":37,"column":8}},"11":{"start":{"line":42,"column":4},"end":{"line":42,"column":24}},"12":{"start":{"line":52,"column":18},"end":{"line":66,"column":1}},"13":{"start":{"line":54,"column":20},"end":{"line":54,"column":38}},"14":{"start":{"line":56,"column":18},"end":{"line":56,"column":79}},"15":{"start":{"line":58,"column":19},"end":{"line":58,"column":48}},"16":{"start":{"line":59,"column":2},"end":{"line":65,"column":3}},"17":{"start":{"line":60,"column":4},"end":{"line":60,"column":26}},"18":{"start":{"line":62,"column":4},"end":{"line":64,"column":7}},"19":{"start":{"line":72,"column":24},"end":{"line":127,"column":1}},"20":{"start":{"line":73,"column":2},"end":{"line":126,"column":5}},"21":{"start":{"line":75,"column":4},"end":{"line":79,"column":5}},"22":{"start":{"line":76,"column":6},"end":{"line":78,"column":9}},"23":{"start":{"line":80,"column":4},"end":{"line":84,"column":5}},"24":{"start":{"line":81,"column":6},"end":{"line":83,"column":9}},"25":{"start":{"line":85,"column":4},"end":{"line":125,"column":5}},"26":{"start":{"line":86,"column":6},"end":{"line":86,"column":35}},"27":{"start":{"line":87,"column":6},"end":{"line":89,"column":9}},"28":{"start":{"line":92,"column":23},"end":{"line":94,"column":47}},"29":{"start":{"line":96,"column":6},"end":{"line":124,"column":7}},"30":{"start":{"line":98,"column":24},"end":{"line":101,"column":9}},"31":{"start":{"line":102,"column":8},"end":{"line":111,"column":13}},"32":{"start":{"line":105,"column":27},"end":{"line":105,"column":37}},"33":{"start":{"line":106,"column":12},"end":{"line":106,"column":41}},"34":{"start":{"line":109,"column":12},"end":{"line":109,"column":60}},"35":{"start":{"line":110,"column":12},"end":{"line":110,"column":59}},"36":{"start":{"line":114,"column":8},"end":{"line":123,"column":13}},"37":{"start":{"line":117,"column":27},"end":{"line":117,"column":37}},"38":{"start":{"line":118,"column":12},"end":{"line":118,"column":41}},"39":{"start":{"line":121,"column":12},"end":{"line":121,"column":60}},"40":{"start":{"line":122,"column":12},"end":{"line":122,"column":59}},"41":{"start":{"line":132,"column":0},"end":{"line":144,"column":2}},"42":{"start":{"line":133,"column":17},"end":{"line":133,"column":65}},"43":{"start":{"line":134,"column":2},"end":{"line":143,"column":5}},"44":{"start":{"line":135,"column":4},"end":{"line":142,"column":5}},"45":{"start":{"line":136,"column":6},"end":{"line":136,"column":23}},"46":{"start":{"line":137,"column":6},"end":{"line":139,"column":9}},"47":{"start":{"line":141,"column":6},"end":{"line":141,"column":65}},"48":{"start":{"line":148,"column":0},"end":{"line":151,"column":2}}},"fnMap":{"0":{"name":"(anonymous_0)","decl":{"start":{"line":28,"column":9},"end":{"line":28,"column":10}},"loc":{"start":{"line":28,"column":33},"end":{"line":38,"column":5}},"line":28},"1":{"name":"(anonymous_1)","decl":{"start":{"line":41,"column":14},"end":{"line":41,"column":15}},"loc":{"start":{"line":41,"column":38},"end":{"line":43,"column":3}},"line":41},"2":{"name":"(anonymous_2)","decl":{"start":{"line":52,"column":18},"end":{"line":52,"column":19}},"loc":{"start":{"line":52,"column":32},"end":{"line":66,"column":1}},"line":52},"3":{"name":"(anonymous_3)","decl":{"start":{"line":72,"column":24},"end":{"line":72,"column":25}},"loc":{"start":{"line":72,"column":44},"end":{"line":127,"column":1}},"line":72},"4":{"name":"(anonymous_4)","decl":{"start":{"line":73,"column":19},"end":{"line":73,"column":20}},"loc":{"start":{"line":73,"column":26},"end":{"line":126,"column":3}},"line":73},"5":{"name":"(anonymous_5)","decl":{"start":{"line":104,"column":16},"end":{"line":104,"column":17}},"loc":{"start":{"line":104,"column":27},"end":{"line":107,"column":11}},"line":104},"6":{"name":"(anonymous_6)","decl":{"start":{"line":108,"column":17},"end":{"line":108,"column":18}},"loc":{"start":{"line":108,"column":24},"end":{"line":111,"column":11}},"line":108},"7":{"name":"(anonymous_7)","decl":{"start":{"line":116,"column":16},"end":{"line":116,"column":17}},"loc":{"start":{"line":116,"column":27},"end":{"line":119,"column":11}},"line":116},"8":{"name":"(anonymous_8)","decl":{"start":{"line":120,"column":17},"end":{"line":120,"column":18}},"loc":{"start":{"line":120,"column":24},"end":{"line":123,"column":11}},"line":120},"9":{"name":"(anonymous_9)","decl":{"start":{"line":132,"column":14},"end":{"line":132,"column":15}},"loc":{"start":{"line":132,"column":34},"end":{"line":144,"column":1}},"line":132},"10":{"name":"(anonymous_10)","decl":{"start":{"line":134,"column":26},"end":{"line":
[...]
h":"684b2ea61d0ce6e2249740b6f3bcd3a8dba6cc2e162388e98c4b4b12f7781dfc"},"/Users/JordanHeffernan/projects/work/member-app-2019/app/controllers/static.ctrl.js":{"path":"/Users/JordanHeffernan/projects/work/member-app-2019/app/controllers/static.ctrl.js","statementMap":{"0":{"start":{"line":7,"column":13},"end":{"line":7,"column":28}},"1":{"start":{"line":11,"column":20},"end":{"line":13,"column":1}},"2":{"start":{"line":12,"column":2},"end":{"line":12,"column":79}},"3":{"start":{"line":17,"column":0},"end":{"line":17,"column":33}}},"fnMap":{"0":{"name":"(anonymous_0)","decl":{"start":{"line":11,"column":20},"end":{"line":11,"column":21}},"loc":{"start":{"line":11,"column":34},"end":{"line":13,"column":1}},"line":11}},"branchMap":{},"s":{"0":1,"1":1,"2":0,"3":1},"f":{"0":0},"b":{},"_coverageSchema":"43e27e138ebf9cfc5966b082cf9a028302ed4184","hash":"c43401c76f723f7c478630b92120886544c64011","contentHash":"ee4c388df9a28a847f5878a2bd1b87ce31cc3b21f116f705b22424c46f353c9b"},"/Users/JordanHeffernan/projects/work/member-app-2019/db/migrations/testing/20190523141208_setup.js":{"path":"/Users/JordanHeffernan/projects/work/member-app-2019/db/migrations/testing/20190523141208_setup.js","statementMap":{"0":{"start":{"line":1,"column":0},"end":{"line":14,"column":2}},"1":{"start":{"line":2,"column":2},"end":{"line":13,"column":5}},"2":{"start":{"line":4,"column":6},"end":{"line":4,"column":33}},"3":{"start":{"line":5,"column":6},"end":{"line":5,"column":41}},"4":{"start":{"line":6,"column":6},"end":{"line":6,"column":42}},"5":{"start":{"line":7,"column":6},"end":{"line":7,"column":33}},"6":{"start":{"line":8,"column":6},"end":{"line":8,"column":46}},"7":{"start":{"line":9,"column":6},"end":{"line":9,"column":49}},"8":{"start":{"line":10,"column":6},"end":{"line":10,"column":61}},"9":{"start":{"line":11,"column":6},"end":{"line":11,"column":61}},"10":{"start":{"line":16,"column":0},"end":{"line":18,"column":2}},"11":{"start":{"line":17,"column":2},"end":{"line":17,"column":55}}},"fnMap":{"0":{"name":"(anonymous_0)","decl":{"start":{"line":1,"column":13},"end":{"line":1,"column":14}},"loc":{"start":{"line":1,"column":37},"end":{"line":14,"column":1}},"line":1},"1":{"name":"(anonymous_1)","decl":{"start":{"line":3,"column":37},"end":{"line":3,"column":38}},"loc":{"start":{"line":3,"column":53},"end":{"line":12,"column":5}},"line":3},"2":{"name":"(anonymous_2)","decl":{"start":{"line":16,"column":15},"end":{"line":16,"column":16}},"loc":{"start":{"line":16,"column":39},"end":{"line":18,"column":1}},"line":16}},"branchMap":{},"s":{"0":1,"1":10,"2":10,"3":10,"4":10,"5":10,"6":10,"7":10,"8":10,"9":10,"10":1,"11":10},"f":{"0":10,"1":10,"2":10},"b":{},"_coverageSchema":"43e27e138ebf9cfc5966b082cf9a028302ed4184","hash":"d26050a6ea951a2a216b164cdd1a01410f1c8c49","contentHash":"3c322d0a9ca30478fdf3e97a43d97744f1c2ced76290a929b7d045ebae35a509"},"/Users/JordanHeffernan/projects/work/member-app-2019/db/migrations/testing/20190530140637_create_form_meta_table.js":{"path":"/Users/JordanHeffernan/projects/work/member-app-2019/db/migrations/testing/20190530140637_create_form_meta_table.js","statementMap":{"0":{"start":{"line":1,"column":0},"end":{"line":11,"column":2}},"1":{"start":{"line":2,"column":2},"end":{"line":10,"column":5}},"2":{"start":{"line":4,"column":6},"end":{"line":4,"column":33}},"3":{"start":{"line":5,"column":6},"end":{"line":5,"column":51}},"4":{"start":{"line":6,"column":6},"end":{"line":6,"column":44}},"5":{"start":{"line":7,"column":6},"end":{"line":7,"column":61}},"6":{"start":{"line":8,"column":6},"end":{"line":8,"column":61}},"7":{"start":{"line":13,"column":0},"end":{"line":15,"column":2}},"8":{"start":{"line":14,"column":2},"end":{"line":14,"column":59}}},"fnMap":{"0":{"name":"(anonymous_0)","decl":{"start":{"line":1,"column":13},"end":{"line":1,"column":14}},"loc":{"start":{"line":1,"column":37},"end":{"line":11,"column":1}},"line":1},"1":{"name":"(anonymous_1)","decl":{"start":{"line":3,"column":41},"end":{"line":3,"column":42}},"loc":{"start":{"line":3,"column":57},"end":{"line":9,"column":5}},"line":3},"2":{"name":"(anonymous_2)","decl":{"start":{"line":13,"column":15},"end":{"line":13,"column":16}},"loc":{"start":{"line":13,"column":39},"end":{"line":15,"column":1}},"line":13}},"branchMap":{},"s":{"0":1,"1":10,"2":10,"3":10,"4":10,"5":10,"6":10,"7":1,"8":10},"f":{"0":10,"1":10,"2":10},"b":{},"_coverageSchema":"43e27e138ebf9cfc5966b082cf9a028302ed4184","hash":"f50ef81ff21ad8a536fb7a688e661a27427df9ac","contentHash":"89937ecaae513bf59a531b2997d82e2ccf29641c8d1cefd800d23b3de5725c88"},"/Users/JordanHeffernan/projects/work/member-app-2019/db/migrations/testing/20190603101823_create_submissions_test_table.js":{"path":"/Users/JordanHeffernan/projects/work/member-app-2019/db/migrations/testing/20190603101823_create_submissions_test_table.js","statementMap":{"0":{"start":{"line":1,"column":0},"end":{"line":34,"column":2}},"1":{"start":{"line":2,"column":2},"end":{"line":33,"column":5}},"2":{"start":{"line":4,"column":6},"end":{"line":4,"column":44}},"3":{"start":{"line":5,"column":6},"end":{"line":5,"column":47}},"4":{"start":{"line":6,"column":6},"end":{"line":6,"column":50}},"5":{"start":{"line":7,"column":6},"end":{"line":7,"column":36}},"6":{"start":{"line":8,"column":6},"end":{"line":8,"column":44}},"7":{"start":{"line":9,"column":6},"end":{"line":9,"column":47}},"8":{"start":{"line":10,"column":6},"end":{"line":10,"column":50}},"9":{"start":{"line":11,"column":6},"end":{"line":11,"column":47}},"10":{"start":{"line":12,"column":6},"end":{"line":12,"column":46}},"11":{"start":{"line":13,"column":6},"end":{"line":13,"column":48}},"12":{"start":{"line":14,"column":6},"end":{"line":14,"column":46}},"13":{"start":{"line":15,"column":6},"end":{"line":15,"column":47}},"14":{"start":{"line":16,"column":6},"end":{"line":16,"column":45}},"15":{"start":{"line":17,"column":6},"end":{"line":17,"column":47}},"16":{"start":{"line":18,"column":6},"end":{"line":18,"column":55}},"17":{"start":{"line":19,"column":6},"end":{"line":19,"column":48}},"18":{"start":{"line":20,"column":6},"end":{"line":20,"column":46}},"19":{"start":{"line":21,"column":6},"end":{"line":21,"column":40}},"20":{"start":{"line":22,"column":6},"end":{"line":22,"column":45}},"21":{"start":{"line":23,"column":6},"end":{"line":23,"column":33}},"22":{"start":{"line":24,"column":6},"end":{"line":24,"column":51}},"23":{"start":{"line":25,"column":6},"end":{"line":25,"column":56}},"24":{"start":{"line":26,"column":6},"end":{"line":26,"column":55}},"25":{"start":{"line":27,"column":6},"end":{"line":27,"column":36}},"26":{"start":{"line":28,"column":6},"end":{"line":28,"column":40}},"27":{"start":{"line":29,"column":6},"end":{"line":29,"column":51}},"28":{"start":{"line":30,"column":6},"end":{"line":30,"column":61}},"29":{"start":{"line":31,"column":6},"end":{"line":31,"column":61}},"30":{"start":{"line":36,"column":0},"end":{"line":38,"column":2}},"31":{"start":{"line":37,"column":2},"end":{"line":37,"column":61}}},"fnMap":{"0":{"name":"(anonymous_0)","decl":{"start":{"line":1,"column":13},"end":{"line":1,"column":14}},"loc":{"start":{"line":1,"column":37},"end":{"line":34,"column":1}},"line":1},"1":{"name":"(anonymous_1)","decl":{"start":{"line":3,"column":43},"end":{"line":3,"column":44}},"loc":{"start":{"line":3,"column":59},"end":{"line":32,"column":5}},"line":3},"2":{"name":"(anonymous_2)","decl":{"start":{"line":36,"column":15},"end":{"line":36,"column":16}},"loc":{"start":{"line":36,"column":39},"end":{"line":38,"column":1}},"line":36}},"branchMap":{},"s":{"0":1,"1":10,"2":10,"3":10,"4":10,"5":10,"6":10,"7":10,"8":10,"9":10,"10":10,"11":10,"12":10,"13":10,"14":10,"15":10,"16":10,"17":10,"18":10,"19":10,"20":10,"21":10,"22":10,"23":10,"24":10,"25":10,"26":10,"27":10,"28":10,"29":10,"30":1,"31":10},"f":{"0":10,"1":10,"2":10},"b":{},"_coverageSchema":"43e27e138ebf9cfc5966b082cf9a028302ed4184","hash":"47e20e777227a95aaa15dd540f1fb16ab5e6ef45","contentHash":"072758ec5338c170e19ba3c97bd965f570c46412e25667322d9d4e4f635cd5f9"},"/Users/JordanHeffernan/projects/work/member-app-2019/db/migrations/testing/20190603102059_create_contacts_test_table.js":{"path":"/Users/JordanHeffernan/projects/work/member-app-2019/db/migrations/testing/20190603102059_create_contacts_test_table.js","statementMap":{"0":{"start":{"line":1,"column":0},"end":{"line":47,"column":2}},"1":{"start":{"line":2,"column":2},"end":{"line":46,"column":5}},"2":{"start":{"line":4,"column":6},"end":{"line":4,"column":41}},"3":{"start":{"line":5,"column":6},"end":{"line":5,"column":35}},"4":{"start":{"line":6,"column":6},"end":{"line":6,"column":49}},"5":{"start":{"line":7,"column":6},"end":{"line":7,"column":50}},"6":{"start":{"line":8,"column":6},"end":{"line":8,"column":35}},"7":{"start":{"line":9,"column":6},"end":{"line":9,"column":36}},"8":{"start":{"line":10,"column":6},"end":{"line":10,"column":37}},"9":{"start":{"line":11,"column":6},"end":{"line":11,"column":45}},"10":{"start":{"line":12,"column":6},"end":{"line":12,"column":47}},"11":{"start":{"line":13,"column":6},"end":{"line":13,"column":46}},"12":{"start":{"line":14,"column":6},"end":{"line":14,"column":28}},"13":{"start":{"line":15,"column":6},"end":{"line":15,"column":28}},"14":{"start":{"line":16,"column":6},"end":{"line":16,"column":30}},"15":{"start":{"line":17,"column":6},"end":{"line":17,"column":38}},"16":{"start":{"line":18,"column":6},"end":{"line":18,"column":55}},"17":{"start":{"line":19,"column":6},"end":{"line":19,"column":48}},"18":{"start":{"line":20,"column":6},"end":{"line":20,"column":56}},"19":{"start":{"line":21,"column":6},"end":{"line":21,"column":47}},"20":{"start":{"line":22,"column":6},"end":{"line":22,"column":46}},"21":{"start":{"line":23,"column":6},"end":{"line":23,"column":47}},"22":{"start":{"line":24,"column":6},"end":{"line":24,"column":49}},"23":{"start":{"line":25,"column":6},"end":{"line":25,"column":55}},"24":{"start":{"line":26,"column":6},"end":{"line":26,"column":49}},"25":{"start":{"line":27,"column":6},"end":{"line":27,"column":46}},"26":{"start":{"line":28,"column":6},"end":{"line":28,"column":45}},"27":{"start":{"line":29,"column":6},"end":{"line":29,"column":42}},"28":{"start":{"line":30,"column":6},"end":{"line":30,"column":32}},"29":{"start":{"line":31,"column":6},"end":{"line":31,"column":32}},"30":{"start":{"line":32,"column":6},"end":{"line":32,"column":32}},"31":{"start":{"line":33,"column":6},"end":{"line":33,"column":37}},"32":{"start":{"line":34,"column":6},"end":{"line":34,"column":47}},"33":{"start":{"line":35,"column":6},"end":{"line":35,"column":50}},"34":{"start":{"line":36,"column":6},"end":{"line":36,"column":29}},"35":{"start":{"line":37,"column":6},"end":{"line":37,"column":47}},"36":{"start":{"line":38,"column":6},"end":{"line":38,"column":37}},"37":{"start":{"line":39,"column":6},"end":{"line":39,"column":32}},"38":{"start":{"line":40,"column":6},"end":{"line":40,"column":30}},"39":{"start":{"line":41,"column":6},"end":{"line":41,"column":31}},"40":{"start":{"line":42,"column":6},"end":{"line":42,"column":33}},"41":{"start":{"line":43,"column":6},"end":{"line":43,"column":61}},"42":{"start":{"line":44,"column":6},"end":{"line":44,"column":61}},"43":{"start":{"line":49,"column":0},"end":{"line":51,"column":2}},"44":{"start":{"line":50,"column":2},"end":{"line":50,"column":58}}},"fnMap":{"0":{"name":"(anonymous_0)","decl":{"start":{"line":1,"column":13},"end":{"line":1,"column":14}},"loc":{"start":{"line":1,"column":37},"end":{"line":47,"column":1}},"line":1},"1":{"name":"(anonymous_1)","decl":{"start":{"line":3,"column":40},"end":{"line":3,"column":41}},"loc":{"start":{"line":3,"column":56},"end":{"line":45,"column":5}},"line":3},"2":{"name":"(anonymous_2)","decl":{"start":{"line":49,"column":15},"end":{"line":49,"column":16}},"loc":{"start":{"line":49,"column":39},"end":{"line":51,"column":1}},"line":49}},"branchMap":{},"s":{"0":1,"1":10,"2":10,"3":10,"4":10,"5":10,"6":10,"7":10,"8":10,"9":10,"10":10,"11":10,"12":10,"13":10,"14":10,"15":10,"16":10,"17":10,"18":10,"19":10,"20":10,"21":10,"22":10,"23":10,"24":10,"25":10,"26":10,"27":10,"28":10,"29":10,"30":10,"31":10,"32":10,"33":10,"34":10,"35":10,"36":10,"37":10,"38":10,"39":10,"40":10,"41":10,"42":10,"43":1,"44":10},"f":{"0":10,"1":10,"2":10},"b":{},"_coverageSchema":"43e27e138ebf9cfc5966b082cf9a028302ed4184","hash":"97759b2109252af2d3122b44677962a44fbab33f","contentHash":"faca30053829b0453e13e2d4d65ee707e88cd87bd52117904fad370a0b460333"},"/Users/JordanHeffernan/projects/work/member-app-2019/db/migrations/testing/20190603102216_submissions_test_table_datatypes_fix.js":{"path":"/Users/JordanHeffernan/projects/work/member-app-2019/db/migrations/testing/20190603102216_submissions_test_table_datatypes_fix.js","statementMap":{"0":{"start":{"line":1,"column":0},"end":{"line":11,"column":2}},"1":{"start":{"line":2,"column":2},"end":{"line":10,"column":5}},"2":{"start":{"line":4,"column":6},"end":{"line":7,"column":17}},"3":{"start":{"line":8,"column":6},"end":{"line":8,"column":49}},"4":{"start":{"line":13,"column":0},"end":{"line":23,"column":2}},"5":{"start":{"line":14,"column":2},"end":{"line":22,"column":5}},"6":{"start":{"line":16,"column":6},"end":{"line":19,"column":17}},"7":{"start":{"line":20,"column":6},"end":{"line":20,"column":48}}},"fnMap":{"0":{"name":"(anonymous_0)","decl":{"start":{"line":1,"column":13},"end":{"line":1,"column":14}},"loc":{"start":{"line":1,"column":37},"end":{"line":11,"column":1}},"line":1},"1":{"name":"(anonymous_1)","decl":{"start":{"line":3,"column":37},"end":{"line":3,"column":38}},"loc":{"start":{"line":3,"column":53},"end":{"line":9,"column":5}},"line":3},"2":{"name":"(anonymous_2)","decl":{"start":{"line":13,"column":15},"end":{"line":13,"column":16}},"loc":{"start":{"line":13,"column":39},"end":{"line":23,"column":1}},"line":13},"3":{"name":"(anonymous_3)","decl":{"start":{"line":15,"column":37},"end":{"line":15,"column":38}},"loc":{"start":{"line":15,"column":53},"end":{"line":21,"column":5}},"line":15}},"branchMap":{},"s":{"0":1,"1":10,"2":10,"3":10,"4":1,"5":10,"6":10,"7":10},"f":{"0":10,"1":10,"2":10,"3":10},"b":{},"_coverageSchema":"43e27e138ebf9cfc5966b082cf9a028302ed4184","hash":"6454f5f0dbb7c2896558af3d2728c612836f6c1c","contentHash":"2f18b5c6b5eea91982f338068d97825c77c8ecab7f1d02f00310097c1c894321"},"/Users/JordanHeffernan/projects/work/member-app-2019/db/migrations/testing/20190603102252_create_join_test_table.js":{"path":"/Users/JordanHeffernan/projects/work/member-app-2019/db/migrations/testing/20190603102252_create_join_test_table.js","statementMap":{"0":{"start":{"line":1,"column":0},"end":{"line":9,"column":2}},"1":{"start":{"line":2,"column":2},"end":{"line":8,"column":5}},"2":{"start":{"line":4,"column":6},"end":{"line":4,"column":33}},"3":{"start":{"line":5,"column":6},"end":{"line":5,"column":65}},"4":{"start":{"line":6,"column":6},"end":{"line":6,"column":74}},"5":{"start":{"line":11,"column":0},"end":{"line":13,"column":2}},"6":{"start":{"line":12,"column":2},"end":{"line":12,"column":70}}},"fnMap":{"0":{"name":"(anonymous_0)","decl":{"start":{"line":1,"column":13},"end":{"line":1,"column":14}},"loc":{"start":{"line":1,"column":37},"end":{"line":9,"column":1}},"line":1},"1":{"name":"(anonymous_1)","decl":{"start":{"line":3,"column":52},"end":{"line":3,"column":53}},"loc":{"start":{"line":3,"column":68},"end":{"line":7,"column":5}},"line":3},"2":{"name":"(anonymous_2)","decl":{"start":{"line":11,"column":15},"end":{"line":11,"column":16}},"loc":{"start":{"line":11,"column":39},"end":{"line":13,"column":1}},"line":11}},"branchMap":{},"s":{"0":1,"1":10,"2":10,"3":10,"4":10,"5":1,"6":10},"f":{"0":10,"1":10,"2":10},"b":{},"_coverageSchema":"43e27e138ebf9cfc5966b082cf9a028302ed4184","hash":"4d421fa88eb0718ea9228e4e77c36d3a4cf0e859","contentHash":"cd9fa1da5bbb31a32b6dda9a8c03877e0c000b9369f6470bcbf7a4ee01403344"},"/Users/JordanHeffernan/projects/work/member-app-2019/db/migrations/testing/20190604202022_adjust_foreign_key_constraint.js":{"path":"/Users/JordanHeffernan/projects/work/member-app-2019/db/migrations/testing/20190604202022_adjust_foreign_key_constraint.js","statementMap":{"0":{"start":{"line":1,"column":0},"end":{"line":18,"column":2}},"1":{"start":{"line":2,"column":2},"end":{"line":17,"column":5}},"2":{"start":{"line":4,"column":6},"end":{"line":4,"column":38}},"3":{"start":{"line":5,"column":6},"end":{"line":5,"column":41}},"4":{"start":{"line":8,"column":6},"end":{"line":11,"column":29}},"5":{"start":{"line":12,"column":6},"end":{"line":15,"column":29}},"6":{"start":{"line":20,"column":0},"end":{"line":31,"column":2}},"7":{"start":{"line":21,"column":2},"end":{"line":30,"column":5}},"8":{"start":{"line":23,"column":6},"end":{"line":23,"column":38}},"9":{"start":{"line":24,"column":6},"end":{"line":24,"column":41}},"10":{"start":{"line":27,"column":6},"end":{"line":27,"column":68}},"11":{"start":{"line":28,"column":6},"end":{"line":28,"column":77}}},"fnMap":{"0":{"name":"(anonymous_0)","decl":{"start":{"line":1,"column":13},"end":{"line":1,"column":14}},"loc":{"start":{"line":1,"column":37},"end":{"line":18,"column":1}},"line":1},"1":{"name":"(anonymous_1)","decl":{"start":{"line":3,"column":46},"end":{"line":3,"column":47}},"loc":{"start":{"line":3,"column":62},"end":{"line":6,"column":5}},"line":3},"2":{"name":"(anonymous_2)","decl":{"start":{"line":7,"column":46},"end":{"line":7,"column":47}},"loc":{"start":{"line":7,"column":62},"end":{"line":16,"column":5}},"line":7},"3":{"name":"(anonymous_3)","decl":{"start":{"line":20,"column":15},"end":{"line":20,"column":16}},"loc":{"start":{"line":20,"column":39},"end":{"line":31,"column":1}},"line":20},"4":{"name":"(anonymous_4)","decl":{"start":{"line":22,"column":46},"end":{"line":22,"column":47}},"loc":{"start":{"line":22,"column":62},"end":{"line":25,"column":5}},"line":22},"5":{"name":"(anonymous_5)","decl":{"start":{"line":26,"column":46},"end":{"line":26,"column":47}},"loc":{"start":{"line":26,"column":62},"end":{"line":29,"column":5}},"line":26}},"branchMap":{},"s":{"0":1,"1":10,"2":10,"3":10,"4":10,"5":10,"6":1,"7":10,"8":10,"9":10,"10":10,"11":10},"f":{"0":10,"1":10,"2":10,"3":10,"4":10,"5":10},"b":{},"_coverageSchema":"43e27e138ebf9cfc5966b082cf9a028302ed4184","hash":"866b09ea6a7cc558b8ca0f0de9d14d921114e11c","contentHash":"55b6d586961d2ed2c1ba2973e67294f4a6b0043d039c7de7d04370b169d7586b"},"/Users/JordanHeffernan/projects/work/member-app-2019/db/migrations/testing/20190605114820_rename_content_table.js":{"path":"/Users/JordanHeffernan/projects/work/member-app-2019/db/migrations/testing/20190605114820_rename_content_table.js","statementMap":{"0":{"start":{"line":1,"column":0},"end":{"line":8,"column":2}},"1":{"start":{"line":2,"column":2},"end":{"line":7,"column":5}},"2":{"start":{"line":5,"column":6},"end":{"line":5,"column":55}},"3":{"start":{"line":10,"column":0},"end":{"line":17,"column":2}},"4":{"start":{"line":11,"column":2},"end":{"line":16,"column":5}},"5":{"start":{"line":13,"column":6},"end":{"line":13,"column":55}}},"fnMap":{"0":{"name":"(anonymous_0)","decl":{"start":{"line":1,"column":13},"end":{"line":1,"column":14}},"loc":{"start":{"line":1,"column":37},"end":{"line":8,"column":1}},"line":1},"1":{"name":"(anonymous_1)","decl":{"start":{"line":4,"column":38},"end":{"line":4,"column":39}},"loc":{"start":{"line":4,"column":50},"end":{"line":6,"column":5}},"line":4},"2":{"name":"(anonymous_2)","decl":{"start":{"line":10,"column":15},"end":{"line":10,"column":16}},"loc":{"start":{"line":10,"column":39},"end":{"line":17,"column":1}},"line":10},"3":{"name":"(anonymous_3)","decl":{"start":{"line":12,"column":38},"end":{"line":12,"column":39}},"loc":{"start":{"line":12,"column":50},"end":{"line":14,"column":5}},"line":12}},"branchMap":{},"s":{"0":1,"1":10,"2":10,"3":1,"4":10,"5":10},"f":{"0":10,"1":10,"2":10,"3":10},"b":{},"_coverageSchema":"43e27e138ebf9cfc5966b082cf9a028302ed4184","hash":"e981b7955ee3a28f2eb16d323edff1bf9218442c","contentHash":"02926ea7bb67cef41abe9e0d669f3b8378a7878456de1ca2deccaebc7208d40b"}}